[2025-05-30T05:09:18.268+0000] {local_task_job_runner.py:123} INFO - ::group::Pre task execution logs
[2025-05-30T05:09:18.302+0000] {taskinstance.py:2603} INFO - Dependencies all met for dep_context=non-requeueable deps ti=<TaskInstance: simple_print_dag.print_date scheduled__2025-05-29T00:00:00+00:00 [queued]>
[2025-05-30T05:09:18.323+0000] {taskinstance.py:2603} INFO - Dependencies all met for dep_context=requeueable deps ti=<TaskInstance: simple_print_dag.print_date scheduled__2025-05-29T00:00:00+00:00 [queued]>
[2025-05-30T05:09:18.323+0000] {taskinstance.py:2856} INFO - Starting attempt 1 of 1
[2025-05-30T05:09:18.357+0000] {taskinstance.py:2879} INFO - Executing <Task(PythonOperator): print_date> on 2025-05-29 00:00:00+00:00
[2025-05-30T05:09:18.381+0000] {standard_task_runner.py:72} INFO - Started process 215 to run task
[2025-05-30T05:09:18.396+0000] {standard_task_runner.py:104} INFO - Running: ['***', 'tasks', 'run', 'simple_print_dag', 'print_date', 'scheduled__2025-05-29T00:00:00+00:00', '--job-id', '13', '--raw', '--subdir', 'DAGS_FOLDER/custom_message.py', '--cfg-path', '/tmp/tmpbkuig_vk']
[2025-05-30T05:09:18.409+0000] {standard_task_runner.py:105} INFO - Job 13: Subtask print_date
[2025-05-30T05:09:18.518+0000] {logging_mixin.py:190} WARNING - /home/***/.local/lib/python3.10/site-packages/***/settings.py:209 DeprecationWarning: The sql_alchemy_conn option in [core] has been moved to the sql_alchemy_conn option in [database] - the old setting has been used, but please update your config.
[2025-05-30T05:09:18.772+0000] {task_command.py:467} INFO - Running <TaskInstance: simple_print_dag.print_date scheduled__2025-05-29T00:00:00+00:00 [running]> on host 1232a4f48263
[2025-05-30T05:09:18.775+0000] {logging_mixin.py:190} WARNING - /home/***/.local/lib/python3.10/site-packages/***/settings.py:449 DeprecationWarning: The sql_alchemy_conn option in [core] has been moved to the sql_alchemy_conn option in [database] - the old setting has been used, but please update your config.
[2025-05-30T05:09:19.016+0000] {taskinstance.py:3122} INFO - Exporting env vars: AIRFLOW_CTX_DAG_OWNER='***' AIRFLOW_CTX_DAG_ID='simple_print_dag' AIRFLOW_CTX_TASK_ID='print_date' AIRFLOW_CTX_EXECUTION_DATE='2025-05-29T00:00:00+00:00' AIRFLOW_CTX_TRY_NUMBER='1' AIRFLOW_CTX_DAG_RUN_ID='scheduled__2025-05-29T00:00:00+00:00'
[2025-05-30T05:09:19.028+0000] {taskinstance.py:731} INFO - ::endgroup::
[2025-05-30T05:09:19.145+0000] {logging_mixin.py:190} INFO - Today's date is 2025-05-30 05:09:19.144901
[2025-05-30T05:09:19.145+0000] {python.py:240} INFO - Done. Returned value was: None
[2025-05-30T05:09:19.173+0000] {taskinstance.py:340} INFO - ::group::Post task execution logs
[2025-05-30T05:09:19.174+0000] {taskinstance.py:352} INFO - Marking task as SUCCESS. dag_id=simple_print_dag, task_id=print_date, run_id=scheduled__2025-05-29T00:00:00+00:00, execution_date=20250529T000000, start_date=20250530T050918, end_date=20250530T050919
[2025-05-30T05:09:19.196+0000] {local_task_job_runner.py:261} INFO - Task exited with return code 0
[2025-05-30T05:09:19.236+0000] {taskinstance.py:3891} INFO - 1 downstream tasks scheduled from follow-on schedule check
[2025-05-30T05:09:19.239+0000] {local_task_job_runner.py:240} INFO - ::endgroup::
