[2025-05-28T03:54:23.078+0000] {local_task_job_runner.py:123} INFO - ::group::Pre task execution logs
[2025-05-28T03:54:23.110+0000] {taskinstance.py:2603} INFO - Dependencies all met for dep_context=non-requeueable deps ti=<TaskInstance: simple_hello_world.say_hello scheduled__2025-05-27T00:00:00+00:00 [queued]>
[2025-05-28T03:54:23.124+0000] {taskinstance.py:2603} INFO - Dependencies all met for dep_context=requeueable deps ti=<TaskInstance: simple_hello_world.say_hello scheduled__2025-05-27T00:00:00+00:00 [queued]>
[2025-05-28T03:54:23.125+0000] {taskinstance.py:2856} INFO - Starting attempt 1 of 1
[2025-05-28T03:54:23.147+0000] {taskinstance.py:2879} INFO - Executing <Task(PythonOperator): say_hello> on 2025-05-27 00:00:00+00:00
[2025-05-28T03:54:23.157+0000] {standard_task_runner.py:72} INFO - Started process 176 to run task
[2025-05-28T03:54:23.172+0000] {standard_task_runner.py:104} INFO - Running: ['airflow', 'tasks', 'run', 'simple_hello_world', 'say_hello', 'scheduled__2025-05-27T00:00:00+00:00', '--job-id', '2', '--raw', '--subdir', 'DAGS_FOLDER/simple_hello_world.py', '--cfg-path', '/tmp/tmpt7b72cqn']
[2025-05-28T03:54:23.218+0000] {standard_task_runner.py:105} INFO - Job 2: Subtask say_hello
[2025-05-28T03:54:23.700+0000] {task_command.py:467} INFO - Running <TaskInstance: simple_hello_world.say_hello scheduled__2025-05-27T00:00:00+00:00 [running]> on host 96c1916b9317
[2025-05-28T03:54:24.744+0000] {taskinstance.py:3122} INFO - Exporting env vars: AIRFLOW_CTX_DAG_OWNER='airflow' AIRFLOW_CTX_DAG_ID='simple_hello_world' AIRFLOW_CTX_TASK_ID='say_hello' AIRFLOW_CTX_EXECUTION_DATE='2025-05-27T00:00:00+00:00' AIRFLOW_CTX_TRY_NUMBER='1' AIRFLOW_CTX_DAG_RUN_ID='scheduled__2025-05-27T00:00:00+00:00'
[2025-05-28T03:54:24.747+0000] {taskinstance.py:731} INFO - ::endgroup::
[2025-05-28T03:54:24.834+0000] {logging_mixin.py:190} INFO - Hello World from Airflow!
[2025-05-28T03:54:24.834+0000] {python.py:240} INFO - Done. Returned value was: None
[2025-05-28T03:54:24.846+0000] {taskinstance.py:340} INFO - ::group::Post task execution logs
[2025-05-28T03:54:24.847+0000] {taskinstance.py:352} INFO - Marking task as SUCCESS. dag_id=simple_hello_world, task_id=say_hello, run_id=scheduled__2025-05-27T00:00:00+00:00, execution_date=20250527T000000, start_date=20250528T035423, end_date=20250528T035424
[2025-05-28T03:54:24.903+0000] {local_task_job_runner.py:261} INFO - Task exited with return code 0
[2025-05-28T03:54:24.937+0000] {taskinstance.py:3891} INFO - 0 downstream tasks scheduled from follow-on schedule check
[2025-05-28T03:54:24.940+0000] {local_task_job_runner.py:240} INFO - ::endgroup::
[2025-05-28T13:47:02.383+0000] {local_task_job_runner.py:123} INFO - ::group::Pre task execution logs
[2025-05-28T13:47:02.430+0000] {taskinstance.py:2603} INFO - Dependencies all met for dep_context=non-requeueable deps ti=<TaskInstance: simple_hello_world.say_hello scheduled__2025-05-27T00:00:00+00:00 [queued]>
[2025-05-28T13:47:02.461+0000] {taskinstance.py:2603} INFO - Dependencies all met for dep_context=requeueable deps ti=<TaskInstance: simple_hello_world.say_hello scheduled__2025-05-27T00:00:00+00:00 [queued]>
[2025-05-28T13:47:02.461+0000] {taskinstance.py:2856} INFO - Starting attempt 1 of 1
[2025-05-28T13:47:02.501+0000] {taskinstance.py:2879} INFO - Executing <Task(PythonOperator): say_hello> on 2025-05-27 00:00:00+00:00
[2025-05-28T13:47:02.512+0000] {standard_task_runner.py:72} INFO - Started process 190 to run task
[2025-05-28T13:47:02.523+0000] {standard_task_runner.py:104} INFO - Running: ['airflow', 'tasks', 'run', 'simple_hello_world', 'say_hello', 'scheduled__2025-05-27T00:00:00+00:00', '--job-id', '2', '--raw', '--subdir', 'DAGS_FOLDER/simple_hello_world.py', '--cfg-path', '/tmp/tmpm4fs8x_o']
[2025-05-28T13:47:02.557+0000] {standard_task_runner.py:105} INFO - Job 2: Subtask say_hello
[2025-05-28T13:47:02.958+0000] {task_command.py:467} INFO - Running <TaskInstance: simple_hello_world.say_hello scheduled__2025-05-27T00:00:00+00:00 [running]> on host 1be2a669f763
[2025-05-28T13:47:03.116+0000] {taskinstance.py:3122} INFO - Exporting env vars: AIRFLOW_CTX_DAG_OWNER='airflow' AIRFLOW_CTX_DAG_ID='simple_hello_world' AIRFLOW_CTX_TASK_ID='say_hello' AIRFLOW_CTX_EXECUTION_DATE='2025-05-27T00:00:00+00:00' AIRFLOW_CTX_TRY_NUMBER='1' AIRFLOW_CTX_DAG_RUN_ID='scheduled__2025-05-27T00:00:00+00:00'
[2025-05-28T13:47:03.121+0000] {taskinstance.py:731} INFO - ::endgroup::
[2025-05-28T13:47:03.193+0000] {logging_mixin.py:190} INFO - Hello World from Airflow!
[2025-05-28T13:47:03.193+0000] {python.py:240} INFO - Done. Returned value was: None
[2025-05-28T13:47:03.215+0000] {taskinstance.py:340} INFO - ::group::Post task execution logs
[2025-05-28T13:47:03.215+0000] {taskinstance.py:352} INFO - Marking task as SUCCESS. dag_id=simple_hello_world, task_id=say_hello, run_id=scheduled__2025-05-27T00:00:00+00:00, execution_date=20250527T000000, start_date=20250528T134702, end_date=20250528T134703
[2025-05-28T13:47:03.261+0000] {local_task_job_runner.py:261} INFO - Task exited with return code 0
[2025-05-28T13:47:03.281+0000] {taskinstance.py:3891} INFO - 0 downstream tasks scheduled from follow-on schedule check
[2025-05-28T13:47:03.283+0000] {local_task_job_runner.py:240} INFO - ::endgroup::
