[2025-05-30T05:09:20.125+0000] {local_task_job_runner.py:123} INFO - ::group::Pre task execution logs
[2025-05-30T05:09:20.146+0000] {taskinstance.py:2603} INFO - Dependencies all met for dep_context=non-requeueable deps ti=<TaskInstance: simple_print_dag.print_message scheduled__2025-05-29T00:00:00+00:00 [queued]>
[2025-05-30T05:09:20.161+0000] {taskinstance.py:2603} INFO - Dependencies all met for dep_context=requeueable deps ti=<TaskInstance: simple_print_dag.print_message scheduled__2025-05-29T00:00:00+00:00 [queued]>
[2025-05-30T05:09:20.161+0000] {taskinstance.py:2856} INFO - Starting attempt 1 of 1
[2025-05-30T05:09:20.188+0000] {taskinstance.py:2879} INFO - Executing <Task(PythonOperator): print_message> on 2025-05-29 00:00:00+00:00
[2025-05-30T05:09:20.193+0000] {standard_task_runner.py:72} INFO - Started process 218 to run task
[2025-05-30T05:09:20.198+0000] {standard_task_runner.py:104} INFO - Running: ['***', 'tasks', 'run', 'simple_print_dag', 'print_message', 'scheduled__2025-05-29T00:00:00+00:00', '--job-id', '14', '--raw', '--subdir', 'DAGS_FOLDER/custom_message.py', '--cfg-path', '/tmp/tmpa9b5qf91']
[2025-05-30T05:09:20.200+0000] {standard_task_runner.py:105} INFO - Job 14: Subtask print_message
[2025-05-30T05:09:20.216+0000] {logging_mixin.py:190} WARNING - /home/***/.local/lib/python3.10/site-packages/***/settings.py:209 DeprecationWarning: The sql_alchemy_conn option in [core] has been moved to the sql_alchemy_conn option in [database] - the old setting has been used, but please update your config.
[2025-05-30T05:09:20.255+0000] {task_command.py:467} INFO - Running <TaskInstance: simple_print_dag.print_message scheduled__2025-05-29T00:00:00+00:00 [running]> on host 1232a4f48263
[2025-05-30T05:09:20.257+0000] {logging_mixin.py:190} WARNING - /home/***/.local/lib/python3.10/site-packages/***/settings.py:449 DeprecationWarning: The sql_alchemy_conn option in [core] has been moved to the sql_alchemy_conn option in [database] - the old setting has been used, but please update your config.
[2025-05-30T05:09:20.332+0000] {taskinstance.py:3122} INFO - Exporting env vars: AIRFLOW_CTX_DAG_OWNER='***' AIRFLOW_CTX_DAG_ID='simple_print_dag' AIRFLOW_CTX_TASK_ID='print_message' AIRFLOW_CTX_EXECUTION_DATE='2025-05-29T00:00:00+00:00' AIRFLOW_CTX_TRY_NUMBER='1' AIRFLOW_CTX_DAG_RUN_ID='scheduled__2025-05-29T00:00:00+00:00'
[2025-05-30T05:09:20.333+0000] {taskinstance.py:731} INFO - ::endgroup::
[2025-05-30T05:09:20.353+0000] {logging_mixin.py:190} INFO - Hello from Airflow!
[2025-05-30T05:09:20.354+0000] {python.py:240} INFO - Done. Returned value was: None
[2025-05-30T05:09:20.363+0000] {taskinstance.py:340} INFO - ::group::Post task execution logs
[2025-05-30T05:09:20.363+0000] {taskinstance.py:352} INFO - Marking task as SUCCESS. dag_id=simple_print_dag, task_id=print_message, run_id=scheduled__2025-05-29T00:00:00+00:00, execution_date=20250529T000000, start_date=20250530T050920, end_date=20250530T050920
[2025-05-30T05:09:20.412+0000] {local_task_job_runner.py:261} INFO - Task exited with return code 0
[2025-05-30T05:09:20.439+0000] {taskinstance.py:3891} INFO - 0 downstream tasks scheduled from follow-on schedule check
[2025-05-30T05:09:20.441+0000] {local_task_job_runner.py:240} INFO - ::endgroup::
