[2025-05-29T07:45:44.399+0000] {local_task_job_runner.py:123} INFO - ::group::Pre task execution logs
[2025-05-29T07:45:44.425+0000] {taskinstance.py:2603} INFO - Dependencies all met for dep_context=non-requeueable deps ti=<TaskInstance: global_street_food_analysis_dag.run_street_food_analysis manual__2025-05-29T07:45:42.558329+00:00 [queued]>
[2025-05-29T07:45:44.437+0000] {taskinstance.py:2603} INFO - Dependencies all met for dep_context=requeueable deps ti=<TaskInstance: global_street_food_analysis_dag.run_street_food_analysis manual__2025-05-29T07:45:42.558329+00:00 [queued]>
[2025-05-29T07:45:44.437+0000] {taskinstance.py:2856} INFO - Starting attempt 1 of 2
[2025-05-29T07:45:44.461+0000] {taskinstance.py:2879} INFO - Executing <Task(BashOperator): run_street_food_analysis> on 2025-05-29 07:45:42.558329+00:00
[2025-05-29T07:45:44.473+0000] {standard_task_runner.py:72} INFO - Started process 180 to run task
[2025-05-29T07:45:44.499+0000] {standard_task_runner.py:104} INFO - Running: ['***', 'tasks', 'run', 'global_street_food_analysis_dag', 'run_street_food_analysis', 'manual__2025-05-29T07:45:42.558329+00:00', '--job-id', '10', '--raw', '--subdir', 'DAGS_FOLDER/global_food.py', '--cfg-path', '/tmp/tmpt4fs2uxf']
[2025-05-29T07:45:44.517+0000] {standard_task_runner.py:105} INFO - Job 10: Subtask run_street_food_analysis
[2025-05-29T07:45:44.630+0000] {logging_mixin.py:190} WARNING - /home/***/.local/lib/python3.10/site-packages/***/settings.py:209 DeprecationWarning: The sql_alchemy_conn option in [core] has been moved to the sql_alchemy_conn option in [database] - the old setting has been used, but please update your config.
[2025-05-29T07:45:44.808+0000] {task_command.py:467} INFO - Running <TaskInstance: global_street_food_analysis_dag.run_street_food_analysis manual__2025-05-29T07:45:42.558329+00:00 [running]> on host 1232a4f48263
[2025-05-29T07:45:45.143+0000] {taskinstance.py:3122} INFO - Exporting env vars: AIRFLOW_CTX_DAG_OWNER='***' AIRFLOW_CTX_DAG_ID='global_street_food_analysis_dag' AIRFLOW_CTX_TASK_ID='run_street_food_analysis' AIRFLOW_CTX_EXECUTION_DATE='2025-05-29T07:45:42.558329+00:00' AIRFLOW_CTX_TRY_NUMBER='1' AIRFLOW_CTX_DAG_RUN_ID='manual__2025-05-29T07:45:42.558329+00:00'
[2025-05-29T07:45:45.145+0000] {taskinstance.py:731} INFO - ::endgroup::
[2025-05-29T07:45:45.202+0000] {subprocess.py:63} INFO - Tmp dir root location: /tmp
[2025-05-29T07:45:45.204+0000] {subprocess.py:75} INFO - Running command: ['/usr/bin/bash', '-c', 'spark-submit /opt/***/scripts/food.py']
[2025-05-29T07:45:45.237+0000] {subprocess.py:86} INFO - Output:
[2025-05-29T07:45:52.392+0000] {subprocess.py:93} INFO - 25/05/29 07:45:52 INFO SparkContext: Running Spark version 3.5.5
[2025-05-29T07:45:52.417+0000] {subprocess.py:93} INFO - 25/05/29 07:45:52 INFO SparkContext: OS info Linux, 5.15.167.4-microsoft-standard-WSL2, amd64
[2025-05-29T07:45:52.417+0000] {subprocess.py:93} INFO - 25/05/29 07:45:52 INFO SparkContext: Java version 17.0.15
[2025-05-29T07:45:52.675+0000] {subprocess.py:93} INFO - 25/05/29 07:45:52 WARN NativeCodeLoader: Unable to load native-hadoop library for your platform... using builtin-java classes where applicable
[2025-05-29T07:45:53.032+0000] {subprocess.py:93} INFO - 25/05/29 07:45:53 INFO ResourceUtils: ==============================================================
[2025-05-29T07:45:53.033+0000] {subprocess.py:93} INFO - 25/05/29 07:45:53 INFO ResourceUtils: No custom resources configured for spark.driver.
[2025-05-29T07:45:53.033+0000] {subprocess.py:93} INFO - 25/05/29 07:45:53 INFO ResourceUtils: ==============================================================
[2025-05-29T07:45:53.034+0000] {subprocess.py:93} INFO - 25/05/29 07:45:53 INFO SparkContext: Submitted application: GlobalStreetFoodAnalysis
[2025-05-29T07:45:53.098+0000] {subprocess.py:93} INFO - 25/05/29 07:45:53 INFO ResourceProfile: Default ResourceProfile created, executor resources: Map(cores -> name: cores, amount: 1, script: , vendor: , memory -> name: memory, amount: 1024, script: , vendor: , offHeap -> name: offHeap, amount: 0, script: , vendor: ), task resources: Map(cpus -> name: cpus, amount: 1.0)
[2025-05-29T07:45:53.112+0000] {subprocess.py:93} INFO - 25/05/29 07:45:53 INFO ResourceProfile: Limiting resource is cpu
[2025-05-29T07:45:53.122+0000] {subprocess.py:93} INFO - 25/05/29 07:45:53 INFO ResourceProfileManager: Added ResourceProfile id: 0
[2025-05-29T07:45:53.257+0000] {subprocess.py:93} INFO - 25/05/29 07:45:53 INFO SecurityManager: Changing view acls to: ***
[2025-05-29T07:45:53.258+0000] {subprocess.py:93} INFO - 25/05/29 07:45:53 INFO SecurityManager: Changing modify acls to: ***
[2025-05-29T07:45:53.259+0000] {subprocess.py:93} INFO - 25/05/29 07:45:53 INFO SecurityManager: Changing view acls groups to:
[2025-05-29T07:45:53.261+0000] {subprocess.py:93} INFO - 25/05/29 07:45:53 INFO SecurityManager: Changing modify acls groups to:
[2025-05-29T07:45:53.263+0000] {subprocess.py:93} INFO - 25/05/29 07:45:53 INFO SecurityManager: SecurityManager: authentication disabled; ui acls disabled; users with view permissions: ***; groups with view permissions: EMPTY; users with modify permissions: ***; groups with modify permissions: EMPTY
[2025-05-29T07:45:53.891+0000] {subprocess.py:93} INFO - 25/05/29 07:45:53 INFO Utils: Successfully started service 'sparkDriver' on port 35625.
[2025-05-29T07:45:53.955+0000] {subprocess.py:93} INFO - 25/05/29 07:45:53 INFO SparkEnv: Registering MapOutputTracker
[2025-05-29T07:45:54.037+0000] {subprocess.py:93} INFO - 25/05/29 07:45:54 INFO SparkEnv: Registering BlockManagerMaster
[2025-05-29T07:45:54.065+0000] {subprocess.py:93} INFO - 25/05/29 07:45:54 INFO BlockManagerMasterEndpoint: Using org.apache.spark.storage.DefaultTopologyMapper for getting topology information
[2025-05-29T07:45:54.066+0000] {subprocess.py:93} INFO - 25/05/29 07:45:54 INFO BlockManagerMasterEndpoint: BlockManagerMasterEndpoint up
[2025-05-29T07:45:54.073+0000] {subprocess.py:93} INFO - 25/05/29 07:45:54 INFO SparkEnv: Registering BlockManagerMasterHeartbeat
[2025-05-29T07:45:54.115+0000] {subprocess.py:93} INFO - 25/05/29 07:45:54 INFO DiskBlockManager: Created local directory at /tmp/blockmgr-aa5a80ee-8688-4ee0-875c-1fe6b72d1930
[2025-05-29T07:45:54.139+0000] {subprocess.py:93} INFO - 25/05/29 07:45:54 INFO MemoryStore: MemoryStore started with capacity 434.4 MiB
[2025-05-29T07:45:54.161+0000] {subprocess.py:93} INFO - 25/05/29 07:45:54 INFO SparkEnv: Registering OutputCommitCoordinator
[2025-05-29T07:45:54.513+0000] {subprocess.py:93} INFO - 25/05/29 07:45:54 INFO JettyUtils: Start Jetty 0.0.0.0:4040 for SparkUI
[2025-05-29T07:45:54.729+0000] {subprocess.py:93} INFO - 25/05/29 07:45:54 INFO Utils: Successfully started service 'SparkUI' on port 4040.
[2025-05-29T07:45:55.021+0000] {subprocess.py:93} INFO - 25/05/29 07:45:55 INFO Executor: Starting executor ID driver on host 1232a4f48263
[2025-05-29T07:45:55.022+0000] {subprocess.py:93} INFO - 25/05/29 07:45:55 INFO Executor: OS info Linux, 5.15.167.4-microsoft-standard-WSL2, amd64
[2025-05-29T07:45:55.023+0000] {subprocess.py:93} INFO - 25/05/29 07:45:55 INFO Executor: Java version 17.0.15
[2025-05-29T07:45:55.031+0000] {subprocess.py:93} INFO - 25/05/29 07:45:55 INFO Executor: Starting executor with user classpath (userClassPathFirst = false): ''
[2025-05-29T07:45:55.032+0000] {subprocess.py:93} INFO - 25/05/29 07:45:55 INFO Executor: Created or updated repl class loader org.apache.spark.util.MutableURLClassLoader@58da51f8 for default.
[2025-05-29T07:45:55.066+0000] {subprocess.py:93} INFO - 25/05/29 07:45:55 INFO Utils: Successfully started service 'org.apache.spark.network.netty.NettyBlockTransferService' on port 45309.
[2025-05-29T07:45:55.066+0000] {subprocess.py:93} INFO - 25/05/29 07:45:55 INFO NettyBlockTransferService: Server created on 1232a4f48263:45309
[2025-05-29T07:45:55.071+0000] {subprocess.py:93} INFO - 25/05/29 07:45:55 INFO BlockManager: Using org.apache.spark.storage.RandomBlockReplicationPolicy for block replication policy
[2025-05-29T07:45:55.080+0000] {subprocess.py:93} INFO - 25/05/29 07:45:55 INFO BlockManagerMaster: Registering BlockManager BlockManagerId(driver, 1232a4f48263, 45309, None)
[2025-05-29T07:45:55.087+0000] {subprocess.py:93} INFO - 25/05/29 07:45:55 INFO BlockManagerMasterEndpoint: Registering block manager 1232a4f48263:45309 with 434.4 MiB RAM, BlockManagerId(driver, 1232a4f48263, 45309, None)
[2025-05-29T07:45:55.092+0000] {subprocess.py:93} INFO - 25/05/29 07:45:55 INFO BlockManagerMaster: Registered BlockManager BlockManagerId(driver, 1232a4f48263, 45309, None)
[2025-05-29T07:45:55.095+0000] {subprocess.py:93} INFO - 25/05/29 07:45:55 INFO BlockManager: Initialized BlockManager: BlockManagerId(driver, 1232a4f48263, 45309, None)
[2025-05-29T07:45:55.882+0000] {subprocess.py:93} INFO - 25/05/29 07:45:55 INFO SharedState: Setting hive.metastore.warehouse.dir ('null') to the value of spark.sql.warehouse.dir.
[2025-05-29T07:45:55.898+0000] {subprocess.py:93} INFO - 25/05/29 07:45:55 INFO SharedState: Warehouse path is 'file:/tmp/***tmp2yms7k2h/spark-warehouse'.
[2025-05-29T07:45:57.278+0000] {subprocess.py:93} INFO - 25/05/29 07:45:57 INFO InMemoryFileIndex: It took 74 ms to list leaf files for 1 paths.
[2025-05-29T07:45:57.364+0000] {subprocess.py:93} INFO - 25/05/29 07:45:57 INFO InMemoryFileIndex: It took 1 ms to list leaf files for 1 paths.
[2025-05-29T07:46:00.347+0000] {subprocess.py:93} INFO - 25/05/29 07:46:00 INFO FileSourceStrategy: Pushed Filters:
[2025-05-29T07:46:00.349+0000] {subprocess.py:93} INFO - 25/05/29 07:46:00 INFO FileSourceStrategy: Post-Scan Filters: (length(trim(value#0, None)) > 0)
[2025-05-29T07:46:01.137+0000] {subprocess.py:93} INFO - 25/05/29 07:46:01 INFO CodeGenerator: Code generated in 323.379518 ms
[2025-05-29T07:46:01.205+0000] {subprocess.py:93} INFO - 25/05/29 07:46:01 INFO MemoryStore: Block broadcast_0 stored as values in memory (estimated size 199.6 KiB, free 434.2 MiB)
[2025-05-29T07:46:01.334+0000] {subprocess.py:93} INFO - 25/05/29 07:46:01 INFO MemoryStore: Block broadcast_0_piece0 stored as bytes in memory (estimated size 34.4 KiB, free 434.2 MiB)
[2025-05-29T07:46:01.338+0000] {subprocess.py:93} INFO - 25/05/29 07:46:01 INFO BlockManagerInfo: Added broadcast_0_piece0 in memory on 1232a4f48263:45309 (size: 34.4 KiB, free: 434.4 MiB)
[2025-05-29T07:46:01.342+0000] {subprocess.py:93} INFO - 25/05/29 07:46:01 INFO SparkContext: Created broadcast 0 from csv at NativeMethodAccessorImpl.java:0
[2025-05-29T07:46:01.359+0000] {subprocess.py:93} INFO - 25/05/29 07:46:01 INFO FileSourceScanExec: Planning scan with bin packing, max size: 4194304 bytes, open cost is considered as scanning 4194304 bytes.
[2025-05-29T07:46:01.601+0000] {subprocess.py:93} INFO - 25/05/29 07:46:01 INFO SparkContext: Starting job: csv at NativeMethodAccessorImpl.java:0
[2025-05-29T07:46:01.640+0000] {subprocess.py:93} INFO - 25/05/29 07:46:01 INFO DAGScheduler: Got job 0 (csv at NativeMethodAccessorImpl.java:0) with 1 output partitions
[2025-05-29T07:46:01.640+0000] {subprocess.py:93} INFO - 25/05/29 07:46:01 INFO DAGScheduler: Final stage: ResultStage 0 (csv at NativeMethodAccessorImpl.java:0)
[2025-05-29T07:46:01.641+0000] {subprocess.py:93} INFO - 25/05/29 07:46:01 INFO DAGScheduler: Parents of final stage: List()
[2025-05-29T07:46:01.641+0000] {subprocess.py:93} INFO - 25/05/29 07:46:01 INFO DAGScheduler: Missing parents: List()
[2025-05-29T07:46:01.645+0000] {subprocess.py:93} INFO - 25/05/29 07:46:01 INFO DAGScheduler: Submitting ResultStage 0 (MapPartitionsRDD[3] at csv at NativeMethodAccessorImpl.java:0), which has no missing parents
[2025-05-29T07:46:01.843+0000] {subprocess.py:93} INFO - 25/05/29 07:46:01 INFO MemoryStore: Block broadcast_1 stored as values in memory (estimated size 13.5 KiB, free 434.2 MiB)
[2025-05-29T07:46:01.854+0000] {subprocess.py:93} INFO - 25/05/29 07:46:01 INFO MemoryStore: Block broadcast_1_piece0 stored as bytes in memory (estimated size 6.4 KiB, free 434.2 MiB)
[2025-05-29T07:46:01.856+0000] {subprocess.py:93} INFO - 25/05/29 07:46:01 INFO BlockManagerInfo: Added broadcast_1_piece0 in memory on 1232a4f48263:45309 (size: 6.4 KiB, free: 434.4 MiB)
[2025-05-29T07:46:01.857+0000] {subprocess.py:93} INFO - 25/05/29 07:46:01 INFO SparkContext: Created broadcast 1 from broadcast at DAGScheduler.scala:1585
[2025-05-29T07:46:01.891+0000] {subprocess.py:93} INFO - 25/05/29 07:46:01 INFO DAGScheduler: Submitting 1 missing tasks from ResultStage 0 (MapPartitionsRDD[3] at csv at NativeMethodAccessorImpl.java:0) (first 15 tasks are for partitions Vector(0))
[2025-05-29T07:46:01.892+0000] {subprocess.py:93} INFO - 25/05/29 07:46:01 INFO TaskSchedulerImpl: Adding task set 0.0 with 1 tasks resource profile 0
[2025-05-29T07:46:01.960+0000] {subprocess.py:93} INFO - 25/05/29 07:46:01 INFO TaskSetManager: Starting task 0.0 in stage 0.0 (TID 0) (1232a4f48263, executor driver, partition 0, PROCESS_LOCAL, 9614 bytes)
[2025-05-29T07:46:01.988+0000] {subprocess.py:93} INFO - 25/05/29 07:46:01 INFO Executor: Running task 0.0 in stage 0.0 (TID 0)
[2025-05-29T07:46:02.125+0000] {subprocess.py:93} INFO - 25/05/29 07:46:02 INFO CodeGenerator: Code generated in 17.357481 ms
[2025-05-29T07:46:02.130+0000] {subprocess.py:93} INFO - 25/05/29 07:46:02 INFO FileScanRDD: Reading File path: file:///opt/***/csv_files/global_street_food.csv, range: 0-555390, partition values: [empty row]
[2025-05-29T07:46:02.152+0000] {subprocess.py:93} INFO - 25/05/29 07:46:02 INFO CodeGenerator: Code generated in 13.353021 ms
[2025-05-29T07:46:02.242+0000] {subprocess.py:93} INFO - 25/05/29 07:46:02 INFO Executor: Finished task 0.0 in stage 0.0 (TID 0). 1759 bytes result sent to driver
[2025-05-29T07:46:02.269+0000] {subprocess.py:93} INFO - 25/05/29 07:46:02 INFO TaskSetManager: Finished task 0.0 in stage 0.0 (TID 0) in 317 ms on 1232a4f48263 (executor driver) (1/1)
[2025-05-29T07:46:02.273+0000] {subprocess.py:93} INFO - 25/05/29 07:46:02 INFO TaskSchedulerImpl: Removed TaskSet 0.0, whose tasks have all completed, from pool
[2025-05-29T07:46:02.279+0000] {subprocess.py:93} INFO - 25/05/29 07:46:02 INFO DAGScheduler: ResultStage 0 (csv at NativeMethodAccessorImpl.java:0) finished in 0.587 s
[2025-05-29T07:46:02.284+0000] {subprocess.py:93} INFO - 25/05/29 07:46:02 INFO DAGScheduler: Job 0 is finished. Cancelling potential speculative or zombie tasks for this job
[2025-05-29T07:46:02.285+0000] {subprocess.py:93} INFO - 25/05/29 07:46:02 INFO TaskSchedulerImpl: Killing all running tasks in stage 0: Stage finished
[2025-05-29T07:46:02.287+0000] {subprocess.py:93} INFO - 25/05/29 07:46:02 INFO DAGScheduler: Job 0 finished: csv at NativeMethodAccessorImpl.java:0, took 0.685493 s
[2025-05-29T07:46:02.310+0000] {subprocess.py:93} INFO - 25/05/29 07:46:02 INFO CodeGenerator: Code generated in 12.367255 ms
[2025-05-29T07:46:02.378+0000] {subprocess.py:93} INFO - 25/05/29 07:46:02 INFO BlockManagerInfo: Removed broadcast_1_piece0 on 1232a4f48263:45309 in memory (size: 6.4 KiB, free: 434.4 MiB)
[2025-05-29T07:46:02.396+0000] {subprocess.py:93} INFO - 25/05/29 07:46:02 INFO FileSourceStrategy: Pushed Filters:
[2025-05-29T07:46:02.397+0000] {subprocess.py:93} INFO - 25/05/29 07:46:02 INFO FileSourceStrategy: Post-Scan Filters:
[2025-05-29T07:46:02.411+0000] {subprocess.py:93} INFO - 25/05/29 07:46:02 INFO MemoryStore: Block broadcast_2 stored as values in memory (estimated size 199.6 KiB, free 434.0 MiB)
[2025-05-29T07:46:02.425+0000] {subprocess.py:93} INFO - 25/05/29 07:46:02 INFO MemoryStore: Block broadcast_2_piece0 stored as bytes in memory (estimated size 34.4 KiB, free 433.9 MiB)
[2025-05-29T07:46:02.427+0000] {subprocess.py:93} INFO - 25/05/29 07:46:02 INFO BlockManagerInfo: Added broadcast_2_piece0 in memory on 1232a4f48263:45309 (size: 34.4 KiB, free: 434.3 MiB)
[2025-05-29T07:46:02.429+0000] {subprocess.py:93} INFO - 25/05/29 07:46:02 INFO SparkContext: Created broadcast 2 from csv at NativeMethodAccessorImpl.java:0
[2025-05-29T07:46:02.431+0000] {subprocess.py:93} INFO - 25/05/29 07:46:02 INFO FileSourceScanExec: Planning scan with bin packing, max size: 4194304 bytes, open cost is considered as scanning 4194304 bytes.
[2025-05-29T07:46:02.514+0000] {subprocess.py:93} INFO - 25/05/29 07:46:02 INFO SparkContext: Starting job: csv at NativeMethodAccessorImpl.java:0
[2025-05-29T07:46:02.518+0000] {subprocess.py:93} INFO - 25/05/29 07:46:02 INFO DAGScheduler: Got job 1 (csv at NativeMethodAccessorImpl.java:0) with 1 output partitions
[2025-05-29T07:46:02.518+0000] {subprocess.py:93} INFO - 25/05/29 07:46:02 INFO DAGScheduler: Final stage: ResultStage 1 (csv at NativeMethodAccessorImpl.java:0)
[2025-05-29T07:46:02.518+0000] {subprocess.py:93} INFO - 25/05/29 07:46:02 INFO DAGScheduler: Parents of final stage: List()
[2025-05-29T07:46:02.518+0000] {subprocess.py:93} INFO - 25/05/29 07:46:02 INFO DAGScheduler: Missing parents: List()
[2025-05-29T07:46:02.520+0000] {subprocess.py:93} INFO - 25/05/29 07:46:02 INFO DAGScheduler: Submitting ResultStage 1 (MapPartitionsRDD[9] at csv at NativeMethodAccessorImpl.java:0), which has no missing parents
[2025-05-29T07:46:02.559+0000] {subprocess.py:93} INFO - 25/05/29 07:46:02 INFO MemoryStore: Block broadcast_3 stored as values in memory (estimated size 27.7 KiB, free 433.9 MiB)
[2025-05-29T07:46:02.568+0000] {subprocess.py:93} INFO - 25/05/29 07:46:02 INFO MemoryStore: Block broadcast_3_piece0 stored as bytes in memory (estimated size 12.8 KiB, free 433.9 MiB)
[2025-05-29T07:46:02.569+0000] {subprocess.py:93} INFO - 25/05/29 07:46:02 INFO BlockManagerInfo: Added broadcast_3_piece0 in memory on 1232a4f48263:45309 (size: 12.8 KiB, free: 434.3 MiB)
[2025-05-29T07:46:02.570+0000] {subprocess.py:93} INFO - 25/05/29 07:46:02 INFO SparkContext: Created broadcast 3 from broadcast at DAGScheduler.scala:1585
[2025-05-29T07:46:02.571+0000] {subprocess.py:93} INFO - 25/05/29 07:46:02 INFO DAGScheduler: Submitting 1 missing tasks from ResultStage 1 (MapPartitionsRDD[9] at csv at NativeMethodAccessorImpl.java:0) (first 15 tasks are for partitions Vector(0))
[2025-05-29T07:46:02.572+0000] {subprocess.py:93} INFO - 25/05/29 07:46:02 INFO TaskSchedulerImpl: Adding task set 1.0 with 1 tasks resource profile 0
[2025-05-29T07:46:02.574+0000] {subprocess.py:93} INFO - 25/05/29 07:46:02 INFO TaskSetManager: Starting task 0.0 in stage 1.0 (TID 1) (1232a4f48263, executor driver, partition 0, PROCESS_LOCAL, 9614 bytes)
[2025-05-29T07:46:02.574+0000] {subprocess.py:93} INFO - 25/05/29 07:46:02 INFO Executor: Running task 0.0 in stage 1.0 (TID 1)
[2025-05-29T07:46:02.628+0000] {subprocess.py:93} INFO - 25/05/29 07:46:02 INFO CodeGenerator: Code generated in 14.439509 ms
[2025-05-29T07:46:02.642+0000] {subprocess.py:93} INFO - 25/05/29 07:46:02 INFO FileScanRDD: Reading File path: file:///opt/***/csv_files/global_street_food.csv, range: 0-555390, partition values: [empty row]
[2025-05-29T07:46:02.645+0000] {subprocess.py:93} INFO - 25/05/29 07:46:02 INFO BlockManagerInfo: Removed broadcast_0_piece0 on 1232a4f48263:45309 in memory (size: 34.4 KiB, free: 434.4 MiB)
[2025-05-29T07:46:02.912+0000] {subprocess.py:93} INFO - 25/05/29 07:46:02 INFO Executor: Finished task 0.0 in stage 1.0 (TID 1). 1683 bytes result sent to driver
[2025-05-29T07:46:02.925+0000] {subprocess.py:93} INFO - 25/05/29 07:46:02 INFO TaskSetManager: Finished task 0.0 in stage 1.0 (TID 1) in 352 ms on 1232a4f48263 (executor driver) (1/1)
[2025-05-29T07:46:02.927+0000] {subprocess.py:93} INFO - 25/05/29 07:46:02 INFO DAGScheduler: ResultStage 1 (csv at NativeMethodAccessorImpl.java:0) finished in 0.405 s
[2025-05-29T07:46:02.928+0000] {subprocess.py:93} INFO - 25/05/29 07:46:02 INFO DAGScheduler: Job 1 is finished. Cancelling potential speculative or zombie tasks for this job
[2025-05-29T07:46:02.930+0000] {subprocess.py:93} INFO - 25/05/29 07:46:02 INFO TaskSchedulerImpl: Removed TaskSet 1.0, whose tasks have all completed, from pool
[2025-05-29T07:46:02.930+0000] {subprocess.py:93} INFO - 25/05/29 07:46:02 INFO TaskSchedulerImpl: Killing all running tasks in stage 1: Stage finished
[2025-05-29T07:46:02.936+0000] {subprocess.py:93} INFO - 25/05/29 07:46:02 INFO DAGScheduler: Job 1 finished: csv at NativeMethodAccessorImpl.java:0, took 0.421583 s
[2025-05-29T07:46:03.388+0000] {subprocess.py:93} INFO - 25/05/29 07:46:03 INFO FileSourceStrategy: Pushed Filters:
[2025-05-29T07:46:03.389+0000] {subprocess.py:93} INFO - 25/05/29 07:46:03 INFO FileSourceStrategy: Post-Scan Filters:
[2025-05-29T07:46:03.711+0000] {subprocess.py:93} INFO - 25/05/29 07:46:03 INFO CodeGenerator: Code generated in 108.649516 ms
[2025-05-29T07:46:03.719+0000] {subprocess.py:93} INFO - 25/05/29 07:46:03 INFO MemoryStore: Block broadcast_4 stored as values in memory (estimated size 199.5 KiB, free 433.9 MiB)
[2025-05-29T07:46:03.744+0000] {subprocess.py:93} INFO - 25/05/29 07:46:03 INFO MemoryStore: Block broadcast_4_piece0 stored as bytes in memory (estimated size 34.3 KiB, free 433.9 MiB)
[2025-05-29T07:46:03.752+0000] {subprocess.py:93} INFO - 25/05/29 07:46:03 INFO BlockManagerInfo: Added broadcast_4_piece0 in memory on 1232a4f48263:45309 (size: 34.3 KiB, free: 434.3 MiB)
[2025-05-29T07:46:03.753+0000] {subprocess.py:93} INFO - 25/05/29 07:46:03 INFO SparkContext: Created broadcast 4 from showString at NativeMethodAccessorImpl.java:0
[2025-05-29T07:46:03.758+0000] {subprocess.py:93} INFO - 25/05/29 07:46:03 INFO BlockManagerInfo: Removed broadcast_3_piece0 on 1232a4f48263:45309 in memory (size: 12.8 KiB, free: 434.3 MiB)
[2025-05-29T07:46:03.759+0000] {subprocess.py:93} INFO - 25/05/29 07:46:03 INFO FileSourceScanExec: Planning scan with bin packing, max size: 4194304 bytes, open cost is considered as scanning 4194304 bytes.
[2025-05-29T07:46:03.870+0000] {subprocess.py:93} INFO - 25/05/29 07:46:03 INFO DAGScheduler: Registering RDD 13 (showString at NativeMethodAccessorImpl.java:0) as input to shuffle 0
[2025-05-29T07:46:03.870+0000] {subprocess.py:93} INFO - 25/05/29 07:46:03 INFO DAGScheduler: Got map stage job 2 (showString at NativeMethodAccessorImpl.java:0) with 1 output partitions
[2025-05-29T07:46:03.870+0000] {subprocess.py:93} INFO - 25/05/29 07:46:03 INFO DAGScheduler: Final stage: ShuffleMapStage 2 (showString at NativeMethodAccessorImpl.java:0)
[2025-05-29T07:46:03.871+0000] {subprocess.py:93} INFO - 25/05/29 07:46:03 INFO DAGScheduler: Parents of final stage: List()
[2025-05-29T07:46:03.871+0000] {subprocess.py:93} INFO - 25/05/29 07:46:03 INFO DAGScheduler: Missing parents: List()
[2025-05-29T07:46:03.874+0000] {subprocess.py:93} INFO - 25/05/29 07:46:03 INFO DAGScheduler: Submitting ShuffleMapStage 2 (MapPartitionsRDD[13] at showString at NativeMethodAccessorImpl.java:0), which has no missing parents
[2025-05-29T07:46:03.895+0000] {subprocess.py:93} INFO - 25/05/29 07:46:03 INFO MemoryStore: Block broadcast_5 stored as values in memory (estimated size 38.9 KiB, free 433.9 MiB)
[2025-05-29T07:46:03.918+0000] {subprocess.py:93} INFO - 25/05/29 07:46:03 INFO MemoryStore: Block broadcast_5_piece0 stored as bytes in memory (estimated size 18.5 KiB, free 433.9 MiB)
[2025-05-29T07:46:03.921+0000] {subprocess.py:93} INFO - 25/05/29 07:46:03 INFO BlockManagerInfo: Added broadcast_5_piece0 in memory on 1232a4f48263:45309 (size: 18.5 KiB, free: 434.3 MiB)
[2025-05-29T07:46:03.923+0000] {subprocess.py:93} INFO - 25/05/29 07:46:03 INFO SparkContext: Created broadcast 5 from broadcast at DAGScheduler.scala:1585
[2025-05-29T07:46:03.936+0000] {subprocess.py:93} INFO - 25/05/29 07:46:03 INFO DAGScheduler: Submitting 1 missing tasks from ShuffleMapStage 2 (MapPartitionsRDD[13] at showString at NativeMethodAccessorImpl.java:0) (first 15 tasks are for partitions Vector(0))
[2025-05-29T07:46:03.937+0000] {subprocess.py:93} INFO - 25/05/29 07:46:03 INFO TaskSchedulerImpl: Adding task set 2.0 with 1 tasks resource profile 0
[2025-05-29T07:46:03.950+0000] {subprocess.py:93} INFO - 25/05/29 07:46:03 INFO TaskSetManager: Starting task 0.0 in stage 2.0 (TID 2) (1232a4f48263, executor driver, partition 0, PROCESS_LOCAL, 9603 bytes)
[2025-05-29T07:46:03.951+0000] {subprocess.py:93} INFO - 25/05/29 07:46:03 INFO Executor: Running task 0.0 in stage 2.0 (TID 2)
[2025-05-29T07:46:04.078+0000] {subprocess.py:93} INFO - 25/05/29 07:46:04 INFO CodeGenerator: Code generated in 95.479875 ms
[2025-05-29T07:46:04.103+0000] {subprocess.py:93} INFO - 25/05/29 07:46:04 INFO CodeGenerator: Code generated in 14.797399 ms
[2025-05-29T07:46:04.125+0000] {subprocess.py:93} INFO - 25/05/29 07:46:04 INFO CodeGenerator: Code generated in 8.012083 ms
[2025-05-29T07:46:04.151+0000] {subprocess.py:93} INFO - 25/05/29 07:46:04 INFO CodeGenerator: Code generated in 10.253913 ms
[2025-05-29T07:46:04.167+0000] {subprocess.py:93} INFO - 25/05/29 07:46:04 INFO FileScanRDD: Reading File path: file:///opt/***/csv_files/global_street_food.csv, range: 0-555390, partition values: [empty row]
[2025-05-29T07:46:04.239+0000] {subprocess.py:93} INFO - 25/05/29 07:46:04 INFO BlockManagerInfo: Removed broadcast_2_piece0 on 1232a4f48263:45309 in memory (size: 34.4 KiB, free: 434.3 MiB)
[2025-05-29T07:46:04.480+0000] {subprocess.py:93} INFO - 25/05/29 07:46:04 INFO Executor: Finished task 0.0 in stage 2.0 (TID 2). 2808 bytes result sent to driver
[2025-05-29T07:46:04.487+0000] {subprocess.py:93} INFO - 25/05/29 07:46:04 INFO TaskSetManager: Finished task 0.0 in stage 2.0 (TID 2) in 540 ms on 1232a4f48263 (executor driver) (1/1)
[2025-05-29T07:46:04.487+0000] {subprocess.py:93} INFO - 25/05/29 07:46:04 INFO TaskSchedulerImpl: Removed TaskSet 2.0, whose tasks have all completed, from pool
[2025-05-29T07:46:04.490+0000] {subprocess.py:93} INFO - 25/05/29 07:46:04 INFO DAGScheduler: ShuffleMapStage 2 (showString at NativeMethodAccessorImpl.java:0) finished in 0.612 s
[2025-05-29T07:46:04.490+0000] {subprocess.py:93} INFO - 25/05/29 07:46:04 INFO DAGScheduler: looking for newly runnable stages
[2025-05-29T07:46:04.491+0000] {subprocess.py:93} INFO - 25/05/29 07:46:04 INFO DAGScheduler: running: Set()
[2025-05-29T07:46:04.491+0000] {subprocess.py:93} INFO - 25/05/29 07:46:04 INFO DAGScheduler: waiting: Set()
[2025-05-29T07:46:04.492+0000] {subprocess.py:93} INFO - 25/05/29 07:46:04 INFO DAGScheduler: failed: Set()
[2025-05-29T07:46:04.542+0000] {subprocess.py:93} INFO - 25/05/29 07:46:04 INFO ShufflePartitionsUtil: For shuffle(0), advisory target size: 67108864, actual target size 1048576, minimum partition size: 1048576
[2025-05-29T07:46:04.585+0000] {subprocess.py:93} INFO - 25/05/29 07:46:04 INFO HashAggregateExec: spark.sql.codegen.aggregate.map.twolevel.enabled is set to true, but current version of codegened fast hashmap does not support this aggregate.
[2025-05-29T07:46:04.617+0000] {subprocess.py:93} INFO - 25/05/29 07:46:04 INFO CodeGenerator: Code generated in 21.572264 ms
[2025-05-29T07:46:04.689+0000] {subprocess.py:93} INFO - 25/05/29 07:46:04 INFO SparkContext: Starting job: showString at NativeMethodAccessorImpl.java:0
[2025-05-29T07:46:04.691+0000] {subprocess.py:93} INFO - 25/05/29 07:46:04 INFO DAGScheduler: Got job 3 (showString at NativeMethodAccessorImpl.java:0) with 1 output partitions
[2025-05-29T07:46:04.692+0000] {subprocess.py:93} INFO - 25/05/29 07:46:04 INFO DAGScheduler: Final stage: ResultStage 4 (showString at NativeMethodAccessorImpl.java:0)
[2025-05-29T07:46:04.694+0000] {subprocess.py:93} INFO - 25/05/29 07:46:04 INFO DAGScheduler: Parents of final stage: List(ShuffleMapStage 3)
[2025-05-29T07:46:04.695+0000] {subprocess.py:93} INFO - 25/05/29 07:46:04 INFO DAGScheduler: Missing parents: List()
[2025-05-29T07:46:04.695+0000] {subprocess.py:93} INFO - 25/05/29 07:46:04 INFO DAGScheduler: Submitting ResultStage 4 (MapPartitionsRDD[16] at showString at NativeMethodAccessorImpl.java:0), which has no missing parents
[2025-05-29T07:46:04.740+0000] {subprocess.py:93} INFO - 25/05/29 07:46:04 INFO MemoryStore: Block broadcast_6 stored as values in memory (estimated size 41.3 KiB, free 434.1 MiB)
[2025-05-29T07:46:04.747+0000] {subprocess.py:93} INFO - 25/05/29 07:46:04 INFO MemoryStore: Block broadcast_6_piece0 stored as bytes in memory (estimated size 19.6 KiB, free 434.1 MiB)
[2025-05-29T07:46:04.757+0000] {subprocess.py:93} INFO - 25/05/29 07:46:04 INFO BlockManagerInfo: Added broadcast_6_piece0 in memory on 1232a4f48263:45309 (size: 19.6 KiB, free: 434.3 MiB)
[2025-05-29T07:46:04.757+0000] {subprocess.py:93} INFO - 25/05/29 07:46:04 INFO BlockManagerInfo: Removed broadcast_5_piece0 on 1232a4f48263:45309 in memory (size: 18.5 KiB, free: 434.3 MiB)
[2025-05-29T07:46:04.760+0000] {subprocess.py:93} INFO - 25/05/29 07:46:04 INFO SparkContext: Created broadcast 6 from broadcast at DAGScheduler.scala:1585
[2025-05-29T07:46:04.762+0000] {subprocess.py:93} INFO - 25/05/29 07:46:04 INFO DAGScheduler: Submitting 1 missing tasks from ResultStage 4 (MapPartitionsRDD[16] at showString at NativeMethodAccessorImpl.java:0) (first 15 tasks are for partitions Vector(0))
[2025-05-29T07:46:04.776+0000] {subprocess.py:93} INFO - 25/05/29 07:46:04 INFO TaskSchedulerImpl: Adding task set 4.0 with 1 tasks resource profile 0
[2025-05-29T07:46:04.800+0000] {subprocess.py:93} INFO - 25/05/29 07:46:04 INFO TaskSetManager: Starting task 0.0 in stage 4.0 (TID 3) (1232a4f48263, executor driver, partition 0, NODE_LOCAL, 8999 bytes)
[2025-05-29T07:46:04.811+0000] {subprocess.py:93} INFO - 25/05/29 07:46:04 INFO Executor: Running task 0.0 in stage 4.0 (TID 3)
[2025-05-29T07:46:04.905+0000] {subprocess.py:93} INFO - 25/05/29 07:46:04 INFO ShuffleBlockFetcherIterator: Getting 1 (144.0 B) non-empty blocks including 1 (144.0 B) local and 0 (0.0 B) host-local and 0 (0.0 B) push-merged-local and 0 (0.0 B) remote blocks
[2025-05-29T07:46:04.907+0000] {subprocess.py:93} INFO - 25/05/29 07:46:04 INFO ShuffleBlockFetcherIterator: Started 0 remote fetches in 13 ms
[2025-05-29T07:46:04.943+0000] {subprocess.py:93} INFO - 25/05/29 07:46:04 INFO CodeGenerator: Code generated in 27.343576 ms
[2025-05-29T07:46:04.984+0000] {subprocess.py:93} INFO - 25/05/29 07:46:04 INFO Executor: Finished task 0.0 in stage 4.0 (TID 3). 5200 bytes result sent to driver
[2025-05-29T07:46:05.001+0000] {subprocess.py:93} INFO - 25/05/29 07:46:05 INFO TaskSetManager: Finished task 0.0 in stage 4.0 (TID 3) in 212 ms on 1232a4f48263 (executor driver) (1/1)
[2025-05-29T07:46:05.009+0000] {subprocess.py:93} INFO - 25/05/29 07:46:05 INFO TaskSchedulerImpl: Removed TaskSet 4.0, whose tasks have all completed, from pool
[2025-05-29T07:46:05.010+0000] {subprocess.py:93} INFO - 25/05/29 07:46:05 INFO DAGScheduler: ResultStage 4 (showString at NativeMethodAccessorImpl.java:0) finished in 0.282 s
[2025-05-29T07:46:05.010+0000] {subprocess.py:93} INFO - 25/05/29 07:46:05 INFO DAGScheduler: Job 3 is finished. Cancelling potential speculative or zombie tasks for this job
[2025-05-29T07:46:05.011+0000] {subprocess.py:93} INFO - 25/05/29 07:46:05 INFO TaskSchedulerImpl: Killing all running tasks in stage 4: Stage finished
[2025-05-29T07:46:05.011+0000] {subprocess.py:93} INFO - 25/05/29 07:46:05 INFO DAGScheduler: Job 3 finished: showString at NativeMethodAccessorImpl.java:0, took 0.320137 s
[2025-05-29T07:46:05.045+0000] {subprocess.py:93} INFO - 25/05/29 07:46:05 INFO CodeGenerator: Code generated in 17.587784 ms
[2025-05-29T07:46:05.046+0000] {subprocess.py:93} INFO - +----------+-----+
[2025-05-29T07:46:05.046+0000] {subprocess.py:93} INFO - |Vegetarian|count|
[2025-05-29T07:46:05.046+0000] {subprocess.py:93} INFO - +----------+-----+
[2025-05-29T07:46:05.046+0000] {subprocess.py:93} INFO - |        No| 1949|
[2025-05-29T07:46:05.047+0000] {subprocess.py:93} INFO - |       Yes| 2551|
[2025-05-29T07:46:05.047+0000] {subprocess.py:93} INFO - +----------+-----+
[2025-05-29T07:46:05.047+0000] {subprocess.py:93} INFO - 
[2025-05-29T07:46:05.095+0000] {subprocess.py:93} INFO - 25/05/29 07:46:05 INFO FileSourceStrategy: Pushed Filters:
[2025-05-29T07:46:05.097+0000] {subprocess.py:93} INFO - 25/05/29 07:46:05 INFO FileSourceStrategy: Post-Scan Filters:
[2025-05-29T07:46:05.238+0000] {subprocess.py:93} INFO - 25/05/29 07:46:05 INFO CodeGenerator: Code generated in 65.430203 ms
[2025-05-29T07:46:05.243+0000] {subprocess.py:93} INFO - 25/05/29 07:46:05 INFO MemoryStore: Block broadcast_7 stored as values in memory (estimated size 199.5 KiB, free 433.9 MiB)
[2025-05-29T07:46:05.262+0000] {subprocess.py:93} INFO - 25/05/29 07:46:05 INFO BlockManagerInfo: Removed broadcast_6_piece0 on 1232a4f48263:45309 in memory (size: 19.6 KiB, free: 434.4 MiB)
[2025-05-29T07:46:05.269+0000] {subprocess.py:93} INFO - 25/05/29 07:46:05 INFO MemoryStore: Block broadcast_7_piece0 stored as bytes in memory (estimated size 34.3 KiB, free 433.9 MiB)
[2025-05-29T07:46:05.271+0000] {subprocess.py:93} INFO - 25/05/29 07:46:05 INFO BlockManagerInfo: Added broadcast_7_piece0 in memory on 1232a4f48263:45309 (size: 34.3 KiB, free: 434.3 MiB)
[2025-05-29T07:46:05.274+0000] {subprocess.py:93} INFO - 25/05/29 07:46:05 INFO SparkContext: Created broadcast 7 from showString at NativeMethodAccessorImpl.java:0
[2025-05-29T07:46:05.276+0000] {subprocess.py:93} INFO - 25/05/29 07:46:05 INFO FileSourceScanExec: Planning scan with bin packing, max size: 4194304 bytes, open cost is considered as scanning 4194304 bytes.
[2025-05-29T07:46:05.299+0000] {subprocess.py:93} INFO - 25/05/29 07:46:05 INFO DAGScheduler: Registering RDD 20 (showString at NativeMethodAccessorImpl.java:0) as input to shuffle 1
[2025-05-29T07:46:05.300+0000] {subprocess.py:93} INFO - 25/05/29 07:46:05 INFO DAGScheduler: Got map stage job 4 (showString at NativeMethodAccessorImpl.java:0) with 1 output partitions
[2025-05-29T07:46:05.300+0000] {subprocess.py:93} INFO - 25/05/29 07:46:05 INFO DAGScheduler: Final stage: ShuffleMapStage 5 (showString at NativeMethodAccessorImpl.java:0)
[2025-05-29T07:46:05.301+0000] {subprocess.py:93} INFO - 25/05/29 07:46:05 INFO DAGScheduler: Parents of final stage: List()
[2025-05-29T07:46:05.301+0000] {subprocess.py:93} INFO - 25/05/29 07:46:05 INFO DAGScheduler: Missing parents: List()
[2025-05-29T07:46:05.303+0000] {subprocess.py:93} INFO - 25/05/29 07:46:05 INFO DAGScheduler: Submitting ShuffleMapStage 5 (MapPartitionsRDD[20] at showString at NativeMethodAccessorImpl.java:0), which has no missing parents
[2025-05-29T07:46:05.307+0000] {subprocess.py:93} INFO - 25/05/29 07:46:05 INFO MemoryStore: Block broadcast_8 stored as values in memory (estimated size 43.6 KiB, free 433.9 MiB)
[2025-05-29T07:46:05.309+0000] {subprocess.py:93} INFO - 25/05/29 07:46:05 INFO MemoryStore: Block broadcast_8_piece0 stored as bytes in memory (estimated size 20.2 KiB, free 433.9 MiB)
[2025-05-29T07:46:05.309+0000] {subprocess.py:93} INFO - 25/05/29 07:46:05 INFO BlockManagerInfo: Added broadcast_8_piece0 in memory on 1232a4f48263:45309 (size: 20.2 KiB, free: 434.3 MiB)
[2025-05-29T07:46:05.310+0000] {subprocess.py:93} INFO - 25/05/29 07:46:05 INFO SparkContext: Created broadcast 8 from broadcast at DAGScheduler.scala:1585
[2025-05-29T07:46:05.311+0000] {subprocess.py:93} INFO - 25/05/29 07:46:05 INFO DAGScheduler: Submitting 1 missing tasks from ShuffleMapStage 5 (MapPartitionsRDD[20] at showString at NativeMethodAccessorImpl.java:0) (first 15 tasks are for partitions Vector(0))
[2025-05-29T07:46:05.311+0000] {subprocess.py:93} INFO - 25/05/29 07:46:05 INFO TaskSchedulerImpl: Adding task set 5.0 with 1 tasks resource profile 0
[2025-05-29T07:46:05.313+0000] {subprocess.py:93} INFO - 25/05/29 07:46:05 INFO TaskSetManager: Starting task 0.0 in stage 5.0 (TID 4) (1232a4f48263, executor driver, partition 0, PROCESS_LOCAL, 9603 bytes)
[2025-05-29T07:46:05.316+0000] {subprocess.py:93} INFO - 25/05/29 07:46:05 INFO Executor: Running task 0.0 in stage 5.0 (TID 4)
[2025-05-29T07:46:05.383+0000] {subprocess.py:93} INFO - 25/05/29 07:46:05 INFO CodeGenerator: Code generated in 55.881411 ms
[2025-05-29T07:46:05.397+0000] {subprocess.py:93} INFO - 25/05/29 07:46:05 INFO CodeGenerator: Code generated in 4.424057 ms
[2025-05-29T07:46:05.423+0000] {subprocess.py:93} INFO - 25/05/29 07:46:05 INFO CodeGenerator: Code generated in 10.208299 ms
[2025-05-29T07:46:05.442+0000] {subprocess.py:93} INFO - 25/05/29 07:46:05 INFO FileScanRDD: Reading File path: file:///opt/***/csv_files/global_street_food.csv, range: 0-555390, partition values: [empty row]
[2025-05-29T07:46:05.454+0000] {subprocess.py:93} INFO - 25/05/29 07:46:05 INFO CodeGenerator: Code generated in 8.524986 ms
[2025-05-29T07:46:05.570+0000] {subprocess.py:93} INFO - 25/05/29 07:46:05 INFO Executor: Finished task 0.0 in stage 5.0 (TID 4). 2765 bytes result sent to driver
[2025-05-29T07:46:05.574+0000] {subprocess.py:93} INFO - 25/05/29 07:46:05 INFO TaskSetManager: Finished task 0.0 in stage 5.0 (TID 4) in 261 ms on 1232a4f48263 (executor driver) (1/1)
[2025-05-29T07:46:05.575+0000] {subprocess.py:93} INFO - 25/05/29 07:46:05 INFO TaskSchedulerImpl: Removed TaskSet 5.0, whose tasks have all completed, from pool
[2025-05-29T07:46:05.578+0000] {subprocess.py:93} INFO - 25/05/29 07:46:05 INFO DAGScheduler: ShuffleMapStage 5 (showString at NativeMethodAccessorImpl.java:0) finished in 0.272 s
[2025-05-29T07:46:05.578+0000] {subprocess.py:93} INFO - 25/05/29 07:46:05 INFO DAGScheduler: looking for newly runnable stages
[2025-05-29T07:46:05.579+0000] {subprocess.py:93} INFO - 25/05/29 07:46:05 INFO DAGScheduler: running: Set()
[2025-05-29T07:46:05.579+0000] {subprocess.py:93} INFO - 25/05/29 07:46:05 INFO DAGScheduler: waiting: Set()
[2025-05-29T07:46:05.579+0000] {subprocess.py:93} INFO - 25/05/29 07:46:05 INFO DAGScheduler: failed: Set()
[2025-05-29T07:46:05.588+0000] {subprocess.py:93} INFO - 25/05/29 07:46:05 INFO ShufflePartitionsUtil: For shuffle(1), advisory target size: 67108864, actual target size 1048576, minimum partition size: 1048576
[2025-05-29T07:46:05.600+0000] {subprocess.py:93} INFO - 25/05/29 07:46:05 INFO HashAggregateExec: spark.sql.codegen.aggregate.map.twolevel.enabled is set to true, but current version of codegened fast hashmap does not support this aggregate.
[2025-05-29T07:46:05.636+0000] {subprocess.py:93} INFO - 25/05/29 07:46:05 INFO CodeGenerator: Code generated in 24.550664 ms
[2025-05-29T07:46:05.723+0000] {subprocess.py:93} INFO - 25/05/29 07:46:05 INFO SparkContext: Starting job: showString at NativeMethodAccessorImpl.java:0
[2025-05-29T07:46:05.725+0000] {subprocess.py:93} INFO - 25/05/29 07:46:05 INFO DAGScheduler: Got job 5 (showString at NativeMethodAccessorImpl.java:0) with 1 output partitions
[2025-05-29T07:46:05.725+0000] {subprocess.py:93} INFO - 25/05/29 07:46:05 INFO DAGScheduler: Final stage: ResultStage 7 (showString at NativeMethodAccessorImpl.java:0)
[2025-05-29T07:46:05.726+0000] {subprocess.py:93} INFO - 25/05/29 07:46:05 INFO DAGScheduler: Parents of final stage: List(ShuffleMapStage 6)
[2025-05-29T07:46:05.726+0000] {subprocess.py:93} INFO - 25/05/29 07:46:05 INFO DAGScheduler: Missing parents: List()
[2025-05-29T07:46:05.726+0000] {subprocess.py:93} INFO - 25/05/29 07:46:05 INFO DAGScheduler: Submitting ResultStage 7 (MapPartitionsRDD[23] at showString at NativeMethodAccessorImpl.java:0), which has no missing parents
[2025-05-29T07:46:05.735+0000] {subprocess.py:93} INFO - 25/05/29 07:46:05 INFO MemoryStore: Block broadcast_9 stored as values in memory (estimated size 46.8 KiB, free 433.8 MiB)
[2025-05-29T07:46:05.742+0000] {subprocess.py:93} INFO - 25/05/29 07:46:05 INFO MemoryStore: Block broadcast_9_piece0 stored as bytes in memory (estimated size 21.7 KiB, free 433.8 MiB)
[2025-05-29T07:46:05.743+0000] {subprocess.py:93} INFO - 25/05/29 07:46:05 INFO BlockManagerInfo: Added broadcast_9_piece0 in memory on 1232a4f48263:45309 (size: 21.7 KiB, free: 434.3 MiB)
[2025-05-29T07:46:05.744+0000] {subprocess.py:93} INFO - 25/05/29 07:46:05 INFO BlockManagerInfo: Removed broadcast_8_piece0 on 1232a4f48263:45309 in memory (size: 20.2 KiB, free: 434.3 MiB)
[2025-05-29T07:46:05.744+0000] {subprocess.py:93} INFO - 25/05/29 07:46:05 INFO SparkContext: Created broadcast 9 from broadcast at DAGScheduler.scala:1585
[2025-05-29T07:46:05.745+0000] {subprocess.py:93} INFO - 25/05/29 07:46:05 INFO DAGScheduler: Submitting 1 missing tasks from ResultStage 7 (MapPartitionsRDD[23] at showString at NativeMethodAccessorImpl.java:0) (first 15 tasks are for partitions Vector(0))
[2025-05-29T07:46:05.745+0000] {subprocess.py:93} INFO - 25/05/29 07:46:05 INFO TaskSchedulerImpl: Adding task set 7.0 with 1 tasks resource profile 0
[2025-05-29T07:46:05.750+0000] {subprocess.py:93} INFO - 25/05/29 07:46:05 INFO TaskSetManager: Starting task 0.0 in stage 7.0 (TID 5) (1232a4f48263, executor driver, partition 0, NODE_LOCAL, 8999 bytes)
[2025-05-29T07:46:05.750+0000] {subprocess.py:93} INFO - 25/05/29 07:46:05 INFO Executor: Running task 0.0 in stage 7.0 (TID 5)
[2025-05-29T07:46:05.760+0000] {subprocess.py:93} INFO - 25/05/29 07:46:05 INFO ShuffleBlockFetcherIterator: Getting 1 (936.0 B) non-empty blocks including 1 (936.0 B) local and 0 (0.0 B) host-local and 0 (0.0 B) push-merged-local and 0 (0.0 B) remote blocks
[2025-05-29T07:46:05.761+0000] {subprocess.py:93} INFO - 25/05/29 07:46:05 INFO ShuffleBlockFetcherIterator: Started 0 remote fetches in 1 ms
[2025-05-29T07:46:05.783+0000] {subprocess.py:93} INFO - 25/05/29 07:46:05 INFO CodeGenerator: Code generated in 21.321445 ms
[2025-05-29T07:46:05.829+0000] {subprocess.py:93} INFO - 25/05/29 07:46:05 INFO Executor: Finished task 0.0 in stage 7.0 (TID 5). 5582 bytes result sent to driver
[2025-05-29T07:46:05.833+0000] {subprocess.py:93} INFO - 25/05/29 07:46:05 INFO TaskSetManager: Finished task 0.0 in stage 7.0 (TID 5) in 85 ms on 1232a4f48263 (executor driver) (1/1)
[2025-05-29T07:46:05.833+0000] {subprocess.py:93} INFO - 25/05/29 07:46:05 INFO TaskSchedulerImpl: Removed TaskSet 7.0, whose tasks have all completed, from pool
[2025-05-29T07:46:05.837+0000] {subprocess.py:93} INFO - 25/05/29 07:46:05 INFO DAGScheduler: ResultStage 7 (showString at NativeMethodAccessorImpl.java:0) finished in 0.104 s
[2025-05-29T07:46:05.837+0000] {subprocess.py:93} INFO - 25/05/29 07:46:05 INFO DAGScheduler: Job 5 is finished. Cancelling potential speculative or zombie tasks for this job
[2025-05-29T07:46:05.838+0000] {subprocess.py:93} INFO - 25/05/29 07:46:05 INFO TaskSchedulerImpl: Killing all running tasks in stage 7: Stage finished
[2025-05-29T07:46:05.841+0000] {subprocess.py:93} INFO - 25/05/29 07:46:05 INFO DAGScheduler: Job 5 finished: showString at NativeMethodAccessorImpl.java:0, took 0.116921 s
[2025-05-29T07:46:05.867+0000] {subprocess.py:93} INFO - +------------+------------------+
[2025-05-29T07:46:05.868+0000] {subprocess.py:93} INFO - |     Country| Average_Price_USD|
[2025-05-29T07:46:05.868+0000] {subprocess.py:93} INFO - +------------+------------------+
[2025-05-29T07:46:05.869+0000] {subprocess.py:93} INFO - |      Turkey|2.6218307692307716|
[2025-05-29T07:46:05.869+0000] {subprocess.py:93} INFO - |       India|  2.57108504398827|
[2025-05-29T07:46:05.870+0000] {subprocess.py:93} INFO - |     Nigeria|               2.5|
[2025-05-29T07:46:05.870+0000] {subprocess.py:93} INFO - |    Thailand|2.5553601108033224|
[2025-05-29T07:46:05.870+0000] {subprocess.py:93} INFO - |      Israel|               3.0|
[2025-05-29T07:46:05.870+0000] {subprocess.py:93} INFO - |         USA| 2.578727858293071|
[2025-05-29T07:46:05.871+0000] {subprocess.py:93} INFO - |      Mexico|2.5658939393939377|
[2025-05-29T07:46:05.871+0000] {subprocess.py:93} INFO - |     Lebanon|3.5508474576271185|
[2025-05-29T07:46:05.872+0000] {subprocess.py:93} INFO - |       Japan| 2.770204326923076|
[2025-05-29T07:46:05.872+0000] {subprocess.py:93} INFO - |       Egypt|2.8000000000000007|
[2025-05-29T07:46:05.872+0000] {subprocess.py:93} INFO - |South Africa|               3.5|
[2025-05-29T07:46:05.873+0000] {subprocess.py:93} INFO - +------------+------------------+
[2025-05-29T07:46:05.874+0000] {subprocess.py:93} INFO - 
[2025-05-29T07:46:05.942+0000] {subprocess.py:93} INFO - 25/05/29 07:46:05 INFO FileSourceStrategy: Pushed Filters:
[2025-05-29T07:46:05.943+0000] {subprocess.py:93} INFO - 25/05/29 07:46:05 INFO FileSourceStrategy: Post-Scan Filters:
[2025-05-29T07:46:06.038+0000] {subprocess.py:93} INFO - 25/05/29 07:46:06 INFO MemoryStore: Block broadcast_10 stored as values in memory (estimated size 199.5 KiB, free 433.7 MiB)
[2025-05-29T07:46:06.067+0000] {subprocess.py:93} INFO - 25/05/29 07:46:06 INFO MemoryStore: Block broadcast_10_piece0 stored as bytes in memory (estimated size 34.3 KiB, free 433.6 MiB)
[2025-05-29T07:46:06.068+0000] {subprocess.py:93} INFO - 25/05/29 07:46:06 INFO BlockManagerInfo: Added broadcast_10_piece0 in memory on 1232a4f48263:45309 (size: 34.3 KiB, free: 434.3 MiB)
[2025-05-29T07:46:06.072+0000] {subprocess.py:93} INFO - 25/05/29 07:46:06 INFO SparkContext: Created broadcast 10 from showString at NativeMethodAccessorImpl.java:0
[2025-05-29T07:46:06.075+0000] {subprocess.py:93} INFO - 25/05/29 07:46:06 INFO FileSourceScanExec: Planning scan with bin packing, max size: 4194304 bytes, open cost is considered as scanning 4194304 bytes.
[2025-05-29T07:46:06.093+0000] {subprocess.py:93} INFO - 25/05/29 07:46:06 INFO DAGScheduler: Registering RDD 27 (showString at NativeMethodAccessorImpl.java:0) as input to shuffle 2
[2025-05-29T07:46:06.094+0000] {subprocess.py:93} INFO - 25/05/29 07:46:06 INFO DAGScheduler: Got map stage job 6 (showString at NativeMethodAccessorImpl.java:0) with 1 output partitions
[2025-05-29T07:46:06.094+0000] {subprocess.py:93} INFO - 25/05/29 07:46:06 INFO DAGScheduler: Final stage: ShuffleMapStage 8 (showString at NativeMethodAccessorImpl.java:0)
[2025-05-29T07:46:06.094+0000] {subprocess.py:93} INFO - 25/05/29 07:46:06 INFO DAGScheduler: Parents of final stage: List()
[2025-05-29T07:46:06.095+0000] {subprocess.py:93} INFO - 25/05/29 07:46:06 INFO DAGScheduler: Missing parents: List()
[2025-05-29T07:46:06.101+0000] {subprocess.py:93} INFO - 25/05/29 07:46:06 INFO DAGScheduler: Submitting ShuffleMapStage 8 (MapPartitionsRDD[27] at showString at NativeMethodAccessorImpl.java:0), which has no missing parents
[2025-05-29T07:46:06.112+0000] {subprocess.py:93} INFO - 25/05/29 07:46:06 INFO MemoryStore: Block broadcast_11 stored as values in memory (estimated size 38.9 KiB, free 433.6 MiB)
[2025-05-29T07:46:06.121+0000] {subprocess.py:93} INFO - 25/05/29 07:46:06 INFO MemoryStore: Block broadcast_11_piece0 stored as bytes in memory (estimated size 18.5 KiB, free 433.6 MiB)
[2025-05-29T07:46:06.122+0000] {subprocess.py:93} INFO - 25/05/29 07:46:06 INFO BlockManagerInfo: Added broadcast_11_piece0 in memory on 1232a4f48263:45309 (size: 18.5 KiB, free: 434.3 MiB)
[2025-05-29T07:46:06.124+0000] {subprocess.py:93} INFO - 25/05/29 07:46:06 INFO SparkContext: Created broadcast 11 from broadcast at DAGScheduler.scala:1585
[2025-05-29T07:46:06.127+0000] {subprocess.py:93} INFO - 25/05/29 07:46:06 INFO DAGScheduler: Submitting 1 missing tasks from ShuffleMapStage 8 (MapPartitionsRDD[27] at showString at NativeMethodAccessorImpl.java:0) (first 15 tasks are for partitions Vector(0))
[2025-05-29T07:46:06.127+0000] {subprocess.py:93} INFO - 25/05/29 07:46:06 INFO TaskSchedulerImpl: Adding task set 8.0 with 1 tasks resource profile 0
[2025-05-29T07:46:06.131+0000] {subprocess.py:93} INFO - 25/05/29 07:46:06 INFO TaskSetManager: Starting task 0.0 in stage 8.0 (TID 6) (1232a4f48263, executor driver, partition 0, PROCESS_LOCAL, 9603 bytes)
[2025-05-29T07:46:06.133+0000] {subprocess.py:93} INFO - 25/05/29 07:46:06 INFO Executor: Running task 0.0 in stage 8.0 (TID 6)
[2025-05-29T07:46:06.186+0000] {subprocess.py:93} INFO - 25/05/29 07:46:06 INFO FileScanRDD: Reading File path: file:///opt/***/csv_files/global_street_food.csv, range: 0-555390, partition values: [empty row]
[2025-05-29T07:46:06.313+0000] {subprocess.py:93} INFO - 25/05/29 07:46:06 INFO Executor: Finished task 0.0 in stage 8.0 (TID 6). 2722 bytes result sent to driver
[2025-05-29T07:46:06.319+0000] {subprocess.py:93} INFO - 25/05/29 07:46:06 INFO TaskSetManager: Finished task 0.0 in stage 8.0 (TID 6) in 187 ms on 1232a4f48263 (executor driver) (1/1)
[2025-05-29T07:46:06.319+0000] {subprocess.py:93} INFO - 25/05/29 07:46:06 INFO TaskSchedulerImpl: Removed TaskSet 8.0, whose tasks have all completed, from pool
[2025-05-29T07:46:06.322+0000] {subprocess.py:93} INFO - 25/05/29 07:46:06 INFO DAGScheduler: ShuffleMapStage 8 (showString at NativeMethodAccessorImpl.java:0) finished in 0.218 s
[2025-05-29T07:46:06.322+0000] {subprocess.py:93} INFO - 25/05/29 07:46:06 INFO DAGScheduler: looking for newly runnable stages
[2025-05-29T07:46:06.322+0000] {subprocess.py:93} INFO - 25/05/29 07:46:06 INFO DAGScheduler: running: Set()
[2025-05-29T07:46:06.323+0000] {subprocess.py:93} INFO - 25/05/29 07:46:06 INFO DAGScheduler: waiting: Set()
[2025-05-29T07:46:06.323+0000] {subprocess.py:93} INFO - 25/05/29 07:46:06 INFO DAGScheduler: failed: Set()
[2025-05-29T07:46:06.329+0000] {subprocess.py:93} INFO - 25/05/29 07:46:06 INFO ShufflePartitionsUtil: For shuffle(2), advisory target size: 67108864, actual target size 1048576, minimum partition size: 1048576
[2025-05-29T07:46:06.402+0000] {subprocess.py:93} INFO - 25/05/29 07:46:06 INFO CodeGenerator: Code generated in 44.113448 ms
[2025-05-29T07:46:06.405+0000] {subprocess.py:93} INFO - 25/05/29 07:46:06 INFO HashAggregateExec: spark.sql.codegen.aggregate.map.twolevel.enabled is set to true, but current version of codegened fast hashmap does not support this aggregate.
[2025-05-29T07:46:06.452+0000] {subprocess.py:93} INFO - 25/05/29 07:46:06 INFO CodeGenerator: Code generated in 39.211516 ms
[2025-05-29T07:46:06.588+0000] {subprocess.py:93} INFO - 25/05/29 07:46:06 INFO SparkContext: Starting job: showString at NativeMethodAccessorImpl.java:0
[2025-05-29T07:46:06.590+0000] {subprocess.py:93} INFO - 25/05/29 07:46:06 INFO DAGScheduler: Got job 7 (showString at NativeMethodAccessorImpl.java:0) with 1 output partitions
[2025-05-29T07:46:06.590+0000] {subprocess.py:93} INFO - 25/05/29 07:46:06 INFO DAGScheduler: Final stage: ResultStage 10 (showString at NativeMethodAccessorImpl.java:0)
[2025-05-29T07:46:06.590+0000] {subprocess.py:93} INFO - 25/05/29 07:46:06 INFO DAGScheduler: Parents of final stage: List(ShuffleMapStage 9)
[2025-05-29T07:46:06.591+0000] {subprocess.py:93} INFO - 25/05/29 07:46:06 INFO DAGScheduler: Missing parents: List()
[2025-05-29T07:46:06.591+0000] {subprocess.py:93} INFO - 25/05/29 07:46:06 INFO DAGScheduler: Submitting ResultStage 10 (MapPartitionsRDD[31] at showString at NativeMethodAccessorImpl.java:0), which has no missing parents
[2025-05-29T07:46:06.604+0000] {subprocess.py:93} INFO - 25/05/29 07:46:06 INFO MemoryStore: Block broadcast_12 stored as values in memory (estimated size 42.2 KiB, free 433.6 MiB)
[2025-05-29T07:46:06.607+0000] {subprocess.py:93} INFO - 25/05/29 07:46:06 INFO MemoryStore: Block broadcast_12_piece0 stored as bytes in memory (estimated size 20.0 KiB, free 433.5 MiB)
[2025-05-29T07:46:06.608+0000] {subprocess.py:93} INFO - 25/05/29 07:46:06 INFO BlockManagerInfo: Added broadcast_12_piece0 in memory on 1232a4f48263:45309 (size: 20.0 KiB, free: 434.2 MiB)
[2025-05-29T07:46:06.609+0000] {subprocess.py:93} INFO - 25/05/29 07:46:06 INFO SparkContext: Created broadcast 12 from broadcast at DAGScheduler.scala:1585
[2025-05-29T07:46:06.609+0000] {subprocess.py:93} INFO - 25/05/29 07:46:06 INFO DAGScheduler: Submitting 1 missing tasks from ResultStage 10 (MapPartitionsRDD[31] at showString at NativeMethodAccessorImpl.java:0) (first 15 tasks are for partitions Vector(0))
[2025-05-29T07:46:06.609+0000] {subprocess.py:93} INFO - 25/05/29 07:46:06 INFO TaskSchedulerImpl: Adding task set 10.0 with 1 tasks resource profile 0
[2025-05-29T07:46:06.611+0000] {subprocess.py:93} INFO - 25/05/29 07:46:06 INFO TaskSetManager: Starting task 0.0 in stage 10.0 (TID 7) (1232a4f48263, executor driver, partition 0, NODE_LOCAL, 8999 bytes)
[2025-05-29T07:46:06.612+0000] {subprocess.py:93} INFO - 25/05/29 07:46:06 INFO Executor: Running task 0.0 in stage 10.0 (TID 7)
[2025-05-29T07:46:06.686+0000] {subprocess.py:93} INFO - 25/05/29 07:46:06 INFO CodeGenerator: Code generated in 30.725988 ms
[2025-05-29T07:46:06.701+0000] {subprocess.py:93} INFO - 25/05/29 07:46:06 INFO ShuffleBlockFetcherIterator: Getting 1 (704.0 B) non-empty blocks including 1 (704.0 B) local and 0 (0.0 B) host-local and 0 (0.0 B) push-merged-local and 0 (0.0 B) remote blocks
[2025-05-29T07:46:06.702+0000] {subprocess.py:93} INFO - 25/05/29 07:46:06 INFO ShuffleBlockFetcherIterator: Started 0 remote fetches in 1 ms
[2025-05-29T07:46:06.745+0000] {subprocess.py:93} INFO - 25/05/29 07:46:06 INFO CodeGenerator: Code generated in 41.809006 ms
[2025-05-29T07:46:06.789+0000] {subprocess.py:93} INFO - 25/05/29 07:46:06 INFO Executor: Finished task 0.0 in stage 10.0 (TID 7). 5373 bytes result sent to driver
[2025-05-29T07:46:06.794+0000] {subprocess.py:93} INFO - 25/05/29 07:46:06 INFO TaskSetManager: Finished task 0.0 in stage 10.0 (TID 7) in 183 ms on 1232a4f48263 (executor driver) (1/1)
[2025-05-29T07:46:06.795+0000] {subprocess.py:93} INFO - 25/05/29 07:46:06 INFO TaskSchedulerImpl: Removed TaskSet 10.0, whose tasks have all completed, from pool
[2025-05-29T07:46:06.800+0000] {subprocess.py:93} INFO - 25/05/29 07:46:06 INFO DAGScheduler: ResultStage 10 (showString at NativeMethodAccessorImpl.java:0) finished in 0.201 s
[2025-05-29T07:46:06.802+0000] {subprocess.py:93} INFO - 25/05/29 07:46:06 INFO DAGScheduler: Job 7 is finished. Cancelling potential speculative or zombie tasks for this job
[2025-05-29T07:46:06.802+0000] {subprocess.py:93} INFO - 25/05/29 07:46:06 INFO TaskSchedulerImpl: Killing all running tasks in stage 10: Stage finished
[2025-05-29T07:46:06.803+0000] {subprocess.py:93} INFO - 25/05/29 07:46:06 INFO DAGScheduler: Job 7 finished: showString at NativeMethodAccessorImpl.java:0, took 0.214471 s
[2025-05-29T07:46:06.830+0000] {subprocess.py:93} INFO - 25/05/29 07:46:06 INFO CodeGenerator: Code generated in 17.556929 ms
[2025-05-29T07:46:06.843+0000] {subprocess.py:93} INFO - +--------------+-----+
[2025-05-29T07:46:06.843+0000] {subprocess.py:93} INFO - |Cooking Method|count|
[2025-05-29T07:46:06.844+0000] {subprocess.py:93} INFO - +--------------+-----+
[2025-05-29T07:46:06.844+0000] {subprocess.py:93} INFO - |       Grilled| 1852|
[2025-05-29T07:46:06.844+0000] {subprocess.py:93} INFO - |         Fried|  718|
[2025-05-29T07:46:06.844+0000] {subprocess.py:93} INFO - |         Baked|  549|
[2025-05-29T07:46:06.845+0000] {subprocess.py:93} INFO - |    Stir-Fried|  513|
[2025-05-29T07:46:06.845+0000] {subprocess.py:93} INFO - |     Assembled|  480|
[2025-05-29T07:46:06.845+0000] {subprocess.py:93} INFO - +--------------+-----+
[2025-05-29T07:46:06.845+0000] {subprocess.py:93} INFO - 
[2025-05-29T07:46:06.907+0000] {subprocess.py:93} INFO - 25/05/29 07:46:06 INFO FileSourceStrategy: Pushed Filters:
[2025-05-29T07:46:06.907+0000] {subprocess.py:93} INFO - 25/05/29 07:46:06 INFO FileSourceStrategy: Post-Scan Filters:
[2025-05-29T07:46:06.950+0000] {subprocess.py:93} INFO - 25/05/29 07:46:06 INFO CodeGenerator: Code generated in 21.357936 ms
[2025-05-29T07:46:06.974+0000] {subprocess.py:93} INFO - 25/05/29 07:46:06 INFO CodeGenerator: Code generated in 16.772855 ms
[2025-05-29T07:46:06.986+0000] {subprocess.py:93} INFO - 25/05/29 07:46:06 INFO MemoryStore: Block broadcast_13 stored as values in memory (estimated size 199.5 KiB, free 433.3 MiB)
[2025-05-29T07:46:07.038+0000] {subprocess.py:93} INFO - 25/05/29 07:46:07 INFO MemoryStore: Block broadcast_13_piece0 stored as bytes in memory (estimated size 34.3 KiB, free 433.3 MiB)
[2025-05-29T07:46:07.039+0000] {subprocess.py:93} INFO - 25/05/29 07:46:07 INFO BlockManagerInfo: Added broadcast_13_piece0 in memory on 1232a4f48263:45309 (size: 34.3 KiB, free: 434.2 MiB)
[2025-05-29T07:46:07.041+0000] {subprocess.py:93} INFO - 25/05/29 07:46:07 INFO SparkContext: Created broadcast 13 from showString at NativeMethodAccessorImpl.java:0
[2025-05-29T07:46:07.043+0000] {subprocess.py:93} INFO - 25/05/29 07:46:07 INFO FileSourceScanExec: Planning scan with bin packing, max size: 4194304 bytes, open cost is considered as scanning 4194304 bytes.
[2025-05-29T07:46:07.185+0000] {subprocess.py:93} INFO - 25/05/29 07:46:07 INFO SparkContext: Starting job: showString at NativeMethodAccessorImpl.java:0
[2025-05-29T07:46:07.186+0000] {subprocess.py:93} INFO - 25/05/29 07:46:07 INFO DAGScheduler: Got job 8 (showString at NativeMethodAccessorImpl.java:0) with 1 output partitions
[2025-05-29T07:46:07.187+0000] {subprocess.py:93} INFO - 25/05/29 07:46:07 INFO DAGScheduler: Final stage: ResultStage 11 (showString at NativeMethodAccessorImpl.java:0)
[2025-05-29T07:46:07.187+0000] {subprocess.py:93} INFO - 25/05/29 07:46:07 INFO DAGScheduler: Parents of final stage: List()
[2025-05-29T07:46:07.187+0000] {subprocess.py:93} INFO - 25/05/29 07:46:07 INFO DAGScheduler: Missing parents: List()
[2025-05-29T07:46:07.187+0000] {subprocess.py:93} INFO - 25/05/29 07:46:07 INFO DAGScheduler: Submitting ResultStage 11 (MapPartitionsRDD[36] at showString at NativeMethodAccessorImpl.java:0), which has no missing parents
[2025-05-29T07:46:07.192+0000] {subprocess.py:93} INFO - 25/05/29 07:46:07 INFO MemoryStore: Block broadcast_14 stored as values in memory (estimated size 18.0 KiB, free 433.3 MiB)
[2025-05-29T07:46:07.194+0000] {subprocess.py:93} INFO - 25/05/29 07:46:07 INFO MemoryStore: Block broadcast_14_piece0 stored as bytes in memory (estimated size 8.5 KiB, free 433.3 MiB)
[2025-05-29T07:46:07.195+0000] {subprocess.py:93} INFO - 25/05/29 07:46:07 INFO BlockManagerInfo: Added broadcast_14_piece0 in memory on 1232a4f48263:45309 (size: 8.5 KiB, free: 434.2 MiB)
[2025-05-29T07:46:07.196+0000] {subprocess.py:93} INFO - 25/05/29 07:46:07 INFO SparkContext: Created broadcast 14 from broadcast at DAGScheduler.scala:1585
[2025-05-29T07:46:07.196+0000] {subprocess.py:93} INFO - 25/05/29 07:46:07 INFO DAGScheduler: Submitting 1 missing tasks from ResultStage 11 (MapPartitionsRDD[36] at showString at NativeMethodAccessorImpl.java:0) (first 15 tasks are for partitions Vector(0))
[2025-05-29T07:46:07.196+0000] {subprocess.py:93} INFO - 25/05/29 07:46:07 INFO TaskSchedulerImpl: Adding task set 11.0 with 1 tasks resource profile 0
[2025-05-29T07:46:07.199+0000] {subprocess.py:93} INFO - 25/05/29 07:46:07 INFO TaskSetManager: Starting task 0.0 in stage 11.0 (TID 8) (1232a4f48263, executor driver, partition 0, PROCESS_LOCAL, 9614 bytes)
[2025-05-29T07:46:07.202+0000] {subprocess.py:93} INFO - 25/05/29 07:46:07 INFO Executor: Running task 0.0 in stage 11.0 (TID 8)
[2025-05-29T07:46:07.262+0000] {subprocess.py:93} INFO - 25/05/29 07:46:07 INFO CodeGenerator: Code generated in 41.670513 ms
[2025-05-29T07:46:07.294+0000] {subprocess.py:93} INFO - 25/05/29 07:46:07 INFO CodeGenerator: Code generated in 23.187893 ms
[2025-05-29T07:46:07.307+0000] {subprocess.py:93} INFO - 25/05/29 07:46:07 INFO FileScanRDD: Reading File path: file:///opt/***/csv_files/global_street_food.csv, range: 0-555390, partition values: [empty row]
[2025-05-29T07:46:07.335+0000] {subprocess.py:93} INFO - 25/05/29 07:46:07 INFO CodeGenerator: Code generated in 26.191323 ms
[2025-05-29T07:46:07.585+0000] {subprocess.py:93} INFO - 25/05/29 07:46:07 INFO Executor: Finished task 0.0 in stage 11.0 (TID 8). 1835 bytes result sent to driver
[2025-05-29T07:46:07.587+0000] {subprocess.py:93} INFO - 25/05/29 07:46:07 INFO TaskSetManager: Finished task 0.0 in stage 11.0 (TID 8) in 390 ms on 1232a4f48263 (executor driver) (1/1)
[2025-05-29T07:46:07.588+0000] {subprocess.py:93} INFO - 25/05/29 07:46:07 INFO TaskSchedulerImpl: Removed TaskSet 11.0, whose tasks have all completed, from pool
[2025-05-29T07:46:07.589+0000] {subprocess.py:93} INFO - 25/05/29 07:46:07 INFO DAGScheduler: ResultStage 11 (showString at NativeMethodAccessorImpl.java:0) finished in 0.399 s
[2025-05-29T07:46:07.589+0000] {subprocess.py:93} INFO - 25/05/29 07:46:07 INFO DAGScheduler: Job 8 is finished. Cancelling potential speculative or zombie tasks for this job
[2025-05-29T07:46:07.589+0000] {subprocess.py:93} INFO - 25/05/29 07:46:07 INFO TaskSchedulerImpl: Killing all running tasks in stage 11: Stage finished
[2025-05-29T07:46:07.589+0000] {subprocess.py:93} INFO - 25/05/29 07:46:07 INFO DAGScheduler: Job 8 finished: showString at NativeMethodAccessorImpl.java:0, took 0.404257 s
[2025-05-29T07:46:07.687+0000] {subprocess.py:93} INFO - 25/05/29 07:46:07 INFO CodeGenerator: Code generated in 79.578277 ms
[2025-05-29T07:46:07.744+0000] {subprocess.py:93} INFO - 25/05/29 07:46:07 INFO CodeGenerator: Code generated in 40.53488 ms
[2025-05-29T07:46:07.757+0000] {subprocess.py:93} INFO - +-----------+-------+---------+
[2025-05-29T07:46:07.757+0000] {subprocess.py:93} INFO - |  Dish_Name|Country|Price_USD|
[2025-05-29T07:46:07.758+0000] {subprocess.py:93} INFO - +-----------+-------+---------+
[2025-05-29T07:46:07.758+0000] {subprocess.py:93} INFO - |   Vada Pav|  India|      5.0|
[2025-05-29T07:46:07.758+0000] {subprocess.py:93} INFO - |Okonomiyaki|  Japan|      5.0|
[2025-05-29T07:46:07.758+0000] {subprocess.py:93} INFO - |    Taiyaki|  Japan|      5.0|
[2025-05-29T07:46:07.758+0000] {subprocess.py:93} INFO - |      Elote| Mexico|      5.0|
[2025-05-29T07:46:07.759+0000] {subprocess.py:93} INFO - |      Elote| Mexico|      5.0|
[2025-05-29T07:46:07.761+0000] {subprocess.py:93} INFO - +-----------+-------+---------+
[2025-05-29T07:46:07.762+0000] {subprocess.py:93} INFO - 
[2025-05-29T07:46:07.904+0000] {subprocess.py:93} INFO - 25/05/29 07:46:07 INFO FileSourceStrategy: Pushed Filters:
[2025-05-29T07:46:07.905+0000] {subprocess.py:93} INFO - 25/05/29 07:46:07 INFO FileSourceStrategy: Post-Scan Filters:
[2025-05-29T07:46:08.392+0000] {subprocess.py:93} INFO - 25/05/29 07:46:08 INFO CodeGenerator: Code generated in 263.481506 ms
[2025-05-29T07:46:08.436+0000] {subprocess.py:93} INFO - 25/05/29 07:46:08 INFO MemoryStore: Block broadcast_15 stored as values in memory (estimated size 199.5 KiB, free 433.1 MiB)
[2025-05-29T07:46:08.537+0000] {subprocess.py:93} INFO - 25/05/29 07:46:08 INFO MemoryStore: Block broadcast_15_piece0 stored as bytes in memory (estimated size 34.3 KiB, free 433.0 MiB)
[2025-05-29T07:46:08.538+0000] {subprocess.py:93} INFO - 25/05/29 07:46:08 INFO BlockManagerInfo: Added broadcast_15_piece0 in memory on 1232a4f48263:45309 (size: 34.3 KiB, free: 434.2 MiB)
[2025-05-29T07:46:08.543+0000] {subprocess.py:93} INFO - 25/05/29 07:46:08 INFO SparkContext: Created broadcast 15 from showString at NativeMethodAccessorImpl.java:0
[2025-05-29T07:46:08.557+0000] {subprocess.py:93} INFO - 25/05/29 07:46:08 INFO FileSourceScanExec: Planning scan with bin packing, max size: 4194304 bytes, open cost is considered as scanning 4194304 bytes.
[2025-05-29T07:46:08.692+0000] {subprocess.py:93} INFO - 25/05/29 07:46:08 INFO DAGScheduler: Registering RDD 40 (showString at NativeMethodAccessorImpl.java:0) as input to shuffle 3
[2025-05-29T07:46:08.692+0000] {subprocess.py:93} INFO - 25/05/29 07:46:08 INFO DAGScheduler: Got map stage job 9 (showString at NativeMethodAccessorImpl.java:0) with 1 output partitions
[2025-05-29T07:46:08.693+0000] {subprocess.py:93} INFO - 25/05/29 07:46:08 INFO DAGScheduler: Final stage: ShuffleMapStage 12 (showString at NativeMethodAccessorImpl.java:0)
[2025-05-29T07:46:08.693+0000] {subprocess.py:93} INFO - 25/05/29 07:46:08 INFO DAGScheduler: Parents of final stage: List()
[2025-05-29T07:46:08.693+0000] {subprocess.py:93} INFO - 25/05/29 07:46:08 INFO DAGScheduler: Missing parents: List()
[2025-05-29T07:46:08.693+0000] {subprocess.py:93} INFO - 25/05/29 07:46:08 INFO DAGScheduler: Submitting ShuffleMapStage 12 (MapPartitionsRDD[40] at showString at NativeMethodAccessorImpl.java:0), which has no missing parents
[2025-05-29T07:46:08.738+0000] {subprocess.py:93} INFO - 25/05/29 07:46:08 INFO MemoryStore: Block broadcast_16 stored as values in memory (estimated size 39.7 KiB, free 433.0 MiB)
[2025-05-29T07:46:08.742+0000] {subprocess.py:93} INFO - 25/05/29 07:46:08 INFO MemoryStore: Block broadcast_16_piece0 stored as bytes in memory (estimated size 18.8 KiB, free 433.0 MiB)
[2025-05-29T07:46:08.745+0000] {subprocess.py:93} INFO - 25/05/29 07:46:08 INFO BlockManagerInfo: Added broadcast_16_piece0 in memory on 1232a4f48263:45309 (size: 18.8 KiB, free: 434.1 MiB)
[2025-05-29T07:46:08.747+0000] {subprocess.py:93} INFO - 25/05/29 07:46:08 INFO SparkContext: Created broadcast 16 from broadcast at DAGScheduler.scala:1585
[2025-05-29T07:46:08.751+0000] {subprocess.py:93} INFO - 25/05/29 07:46:08 INFO DAGScheduler: Submitting 1 missing tasks from ShuffleMapStage 12 (MapPartitionsRDD[40] at showString at NativeMethodAccessorImpl.java:0) (first 15 tasks are for partitions Vector(0))
[2025-05-29T07:46:08.751+0000] {subprocess.py:93} INFO - 25/05/29 07:46:08 INFO TaskSchedulerImpl: Adding task set 12.0 with 1 tasks resource profile 0
[2025-05-29T07:46:08.755+0000] {subprocess.py:93} INFO - 25/05/29 07:46:08 INFO TaskSetManager: Starting task 0.0 in stage 12.0 (TID 9) (1232a4f48263, executor driver, partition 0, PROCESS_LOCAL, 9603 bytes)
[2025-05-29T07:46:08.758+0000] {subprocess.py:93} INFO - 25/05/29 07:46:08 INFO Executor: Running task 0.0 in stage 12.0 (TID 9)
[2025-05-29T07:46:09.050+0000] {subprocess.py:93} INFO - 25/05/29 07:46:09 INFO CodeGenerator: Code generated in 149.11795 ms
[2025-05-29T07:46:09.089+0000] {subprocess.py:93} INFO - 25/05/29 07:46:09 INFO FileScanRDD: Reading File path: file:///opt/***/csv_files/global_street_food.csv, range: 0-555390, partition values: [empty row]
[2025-05-29T07:46:09.296+0000] {subprocess.py:93} INFO - 25/05/29 07:46:09 INFO Executor: Finished task 0.0 in stage 12.0 (TID 9). 2722 bytes result sent to driver
[2025-05-29T07:46:09.301+0000] {subprocess.py:93} INFO - 25/05/29 07:46:09 INFO TaskSetManager: Finished task 0.0 in stage 12.0 (TID 9) in 546 ms on 1232a4f48263 (executor driver) (1/1)
[2025-05-29T07:46:09.302+0000] {subprocess.py:93} INFO - 25/05/29 07:46:09 INFO TaskSchedulerImpl: Removed TaskSet 12.0, whose tasks have all completed, from pool
[2025-05-29T07:46:09.306+0000] {subprocess.py:93} INFO - 25/05/29 07:46:09 INFO DAGScheduler: ShuffleMapStage 12 (showString at NativeMethodAccessorImpl.java:0) finished in 0.583 s
[2025-05-29T07:46:09.307+0000] {subprocess.py:93} INFO - 25/05/29 07:46:09 INFO DAGScheduler: looking for newly runnable stages
[2025-05-29T07:46:09.307+0000] {subprocess.py:93} INFO - 25/05/29 07:46:09 INFO DAGScheduler: running: Set()
[2025-05-29T07:46:09.307+0000] {subprocess.py:93} INFO - 25/05/29 07:46:09 INFO DAGScheduler: waiting: Set()
[2025-05-29T07:46:09.308+0000] {subprocess.py:93} INFO - 25/05/29 07:46:09 INFO DAGScheduler: failed: Set()
[2025-05-29T07:46:09.308+0000] {subprocess.py:93} INFO - 25/05/29 07:46:09 INFO ShufflePartitionsUtil: For shuffle(3), advisory target size: 67108864, actual target size 1048576, minimum partition size: 1048576
[2025-05-29T07:46:09.316+0000] {subprocess.py:93} INFO - 25/05/29 07:46:09 INFO HashAggregateExec: spark.sql.codegen.aggregate.map.twolevel.enabled is set to true, but current version of codegened fast hashmap does not support this aggregate.
[2025-05-29T07:46:09.360+0000] {subprocess.py:93} INFO - 25/05/29 07:46:09 INFO SparkContext: Starting job: showString at NativeMethodAccessorImpl.java:0
[2025-05-29T07:46:09.361+0000] {subprocess.py:93} INFO - 25/05/29 07:46:09 INFO DAGScheduler: Got job 10 (showString at NativeMethodAccessorImpl.java:0) with 1 output partitions
[2025-05-29T07:46:09.362+0000] {subprocess.py:93} INFO - 25/05/29 07:46:09 INFO DAGScheduler: Final stage: ResultStage 14 (showString at NativeMethodAccessorImpl.java:0)
[2025-05-29T07:46:09.362+0000] {subprocess.py:93} INFO - 25/05/29 07:46:09 INFO DAGScheduler: Parents of final stage: List(ShuffleMapStage 13)
[2025-05-29T07:46:09.362+0000] {subprocess.py:93} INFO - 25/05/29 07:46:09 INFO DAGScheduler: Missing parents: List()
[2025-05-29T07:46:09.362+0000] {subprocess.py:93} INFO - 25/05/29 07:46:09 INFO DAGScheduler: Submitting ResultStage 14 (MapPartitionsRDD[43] at showString at NativeMethodAccessorImpl.java:0), which has no missing parents
[2025-05-29T07:46:09.375+0000] {subprocess.py:93} INFO - 25/05/29 07:46:09 INFO MemoryStore: Block broadcast_17 stored as values in memory (estimated size 41.7 KiB, free 433.0 MiB)
[2025-05-29T07:46:09.378+0000] {subprocess.py:93} INFO - 25/05/29 07:46:09 INFO MemoryStore: Block broadcast_17_piece0 stored as bytes in memory (estimated size 19.9 KiB, free 432.9 MiB)
[2025-05-29T07:46:09.378+0000] {subprocess.py:93} INFO - 25/05/29 07:46:09 INFO BlockManagerInfo: Added broadcast_17_piece0 in memory on 1232a4f48263:45309 (size: 19.9 KiB, free: 434.1 MiB)
[2025-05-29T07:46:09.379+0000] {subprocess.py:93} INFO - 25/05/29 07:46:09 INFO SparkContext: Created broadcast 17 from broadcast at DAGScheduler.scala:1585
[2025-05-29T07:46:09.382+0000] {subprocess.py:93} INFO - 25/05/29 07:46:09 INFO DAGScheduler: Submitting 1 missing tasks from ResultStage 14 (MapPartitionsRDD[43] at showString at NativeMethodAccessorImpl.java:0) (first 15 tasks are for partitions Vector(0))
[2025-05-29T07:46:09.382+0000] {subprocess.py:93} INFO - 25/05/29 07:46:09 INFO TaskSchedulerImpl: Adding task set 14.0 with 1 tasks resource profile 0
[2025-05-29T07:46:09.385+0000] {subprocess.py:93} INFO - 25/05/29 07:46:09 INFO TaskSetManager: Starting task 0.0 in stage 14.0 (TID 10) (1232a4f48263, executor driver, partition 0, NODE_LOCAL, 8999 bytes)
[2025-05-29T07:46:09.390+0000] {subprocess.py:93} INFO - 25/05/29 07:46:09 INFO Executor: Running task 0.0 in stage 14.0 (TID 10)
[2025-05-29T07:46:09.423+0000] {subprocess.py:93} INFO - 25/05/29 07:46:09 INFO ShuffleBlockFetcherIterator: Getting 1 (1802.0 B) non-empty blocks including 1 (1802.0 B) local and 0 (0.0 B) host-local and 0 (0.0 B) push-merged-local and 0 (0.0 B) remote blocks
[2025-05-29T07:46:09.423+0000] {subprocess.py:93} INFO - 25/05/29 07:46:09 INFO ShuffleBlockFetcherIterator: Started 0 remote fetches in 2 ms
[2025-05-29T07:46:09.443+0000] {subprocess.py:93} INFO - 25/05/29 07:46:09 INFO Executor: Finished task 0.0 in stage 14.0 (TID 10). 5567 bytes result sent to driver
[2025-05-29T07:46:09.445+0000] {subprocess.py:93} INFO - 25/05/29 07:46:09 INFO TaskSetManager: Finished task 0.0 in stage 14.0 (TID 10) in 61 ms on 1232a4f48263 (executor driver) (1/1)
[2025-05-29T07:46:09.446+0000] {subprocess.py:93} INFO - 25/05/29 07:46:09 INFO TaskSchedulerImpl: Removed TaskSet 14.0, whose tasks have all completed, from pool
[2025-05-29T07:46:09.449+0000] {subprocess.py:93} INFO - 25/05/29 07:46:09 INFO DAGScheduler: ResultStage 14 (showString at NativeMethodAccessorImpl.java:0) finished in 0.077 s
[2025-05-29T07:46:09.450+0000] {subprocess.py:93} INFO - 25/05/29 07:46:09 INFO DAGScheduler: Job 10 is finished. Cancelling potential speculative or zombie tasks for this job
[2025-05-29T07:46:09.450+0000] {subprocess.py:93} INFO - 25/05/29 07:46:09 INFO TaskSchedulerImpl: Killing all running tasks in stage 14: Stage finished
[2025-05-29T07:46:09.451+0000] {subprocess.py:93} INFO - 25/05/29 07:46:09 INFO DAGScheduler: Job 10 finished: showString at NativeMethodAccessorImpl.java:0, took 0.090574 s
[2025-05-29T07:46:09.457+0000] {subprocess.py:93} INFO - +------------+-----+
[2025-05-29T07:46:09.458+0000] {subprocess.py:93} INFO - | Region_City|count|
[2025-05-29T07:46:09.458+0000] {subprocess.py:93} INFO - +------------+-----+
[2025-05-29T07:46:09.458+0000] {subprocess.py:93} INFO - |       Cairo|   57|
[2025-05-29T07:46:09.458+0000] {subprocess.py:93} INFO - |       Kyoto|  217|
[2025-05-29T07:46:09.459+0000] {subprocess.py:93} INFO - |   Ayutthaya|  241|
[2025-05-29T07:46:09.459+0000] {subprocess.py:93} INFO - |  Chiang Mai|  246|
[2025-05-29T07:46:09.459+0000] {subprocess.py:93} INFO - |Philadelphia|  205|
[2025-05-29T07:46:09.459+0000] {subprocess.py:93} INFO - |       Texas|  206|
[2025-05-29T07:46:09.460+0000] {subprocess.py:93} INFO - |      Ankara|  234|
[2025-05-29T07:46:09.460+0000] {subprocess.py:93} INFO - |       Lagos|   51|
[2025-05-29T07:46:09.460+0000] {subprocess.py:93} INFO - |      Mumbai|  230|
[2025-05-29T07:46:09.460+0000] {subprocess.py:93} INFO - |       Tokyo|  278|
[2025-05-29T07:46:09.460+0000] {subprocess.py:93} INFO - |    Tel Aviv|   49|
[2025-05-29T07:46:09.461+0000] {subprocess.py:93} INFO - |      Durban|   58|
[2025-05-29T07:46:09.461+0000] {subprocess.py:93} INFO - | Mexico City|  212|
[2025-05-29T07:46:09.461+0000] {subprocess.py:93} INFO - |     Kolkata|  213|
[2025-05-29T07:46:09.461+0000] {subprocess.py:93} INFO - |    Istanbul|  222|
[2025-05-29T07:46:09.461+0000] {subprocess.py:93} INFO - | Guadalajara|  223|
[2025-05-29T07:46:09.462+0000] {subprocess.py:93} INFO - |      Beirut|   62|
[2025-05-29T07:46:09.462+0000] {subprocess.py:93} INFO - |     Tripoli|   56|
[2025-05-29T07:46:09.462+0000] {subprocess.py:93} INFO - |       Delhi|  239|
[2025-05-29T07:46:09.463+0000] {subprocess.py:93} INFO - |      Puebla|  225|
[2025-05-29T07:46:09.463+0000] {subprocess.py:93} INFO - +------------+-----+
[2025-05-29T07:46:09.463+0000] {subprocess.py:93} INFO - only showing top 20 rows
[2025-05-29T07:46:09.466+0000] {subprocess.py:93} INFO - 
[2025-05-29T07:46:09.466+0000] {subprocess.py:93} INFO - 25/05/29 07:46:09 INFO SparkContext: SparkContext is stopping with exitCode 0.
[2025-05-29T07:46:09.486+0000] {subprocess.py:93} INFO - 25/05/29 07:46:09 INFO SparkUI: Stopped Spark web UI at http://1232a4f48263:4040
[2025-05-29T07:46:09.506+0000] {subprocess.py:93} INFO - 25/05/29 07:46:09 INFO MapOutputTrackerMasterEndpoint: MapOutputTrackerMasterEndpoint stopped!
[2025-05-29T07:46:09.528+0000] {subprocess.py:93} INFO - 25/05/29 07:46:09 INFO MemoryStore: MemoryStore cleared
[2025-05-29T07:46:09.528+0000] {subprocess.py:93} INFO - 25/05/29 07:46:09 INFO BlockManager: BlockManager stopped
[2025-05-29T07:46:09.535+0000] {subprocess.py:93} INFO - 25/05/29 07:46:09 INFO BlockManagerMaster: BlockManagerMaster stopped
[2025-05-29T07:46:09.537+0000] {subprocess.py:93} INFO - 25/05/29 07:46:09 INFO OutputCommitCoordinator$OutputCommitCoordinatorEndpoint: OutputCommitCoordinator stopped!
[2025-05-29T07:46:09.549+0000] {subprocess.py:93} INFO - 25/05/29 07:46:09 INFO SparkContext: Successfully stopped SparkContext
[2025-05-29T07:46:10.050+0000] {subprocess.py:93} INFO - 25/05/29 07:46:10 INFO ShutdownHookManager: Shutdown hook called
[2025-05-29T07:46:10.050+0000] {subprocess.py:93} INFO - 25/05/29 07:46:10 INFO ShutdownHookManager: Deleting directory /tmp/spark-322db90b-03cd-4a47-9b3e-ec447533b787/pyspark-d8f12c9e-609d-4034-aa01-886423a67b95
[2025-05-29T07:46:10.056+0000] {subprocess.py:93} INFO - 25/05/29 07:46:10 INFO ShutdownHookManager: Deleting directory /tmp/spark-d108a3ed-2fd2-42ab-9d32-11ca229361ad
[2025-05-29T07:46:10.061+0000] {subprocess.py:93} INFO - 25/05/29 07:46:10 INFO ShutdownHookManager: Deleting directory /tmp/spark-322db90b-03cd-4a47-9b3e-ec447533b787
[2025-05-29T07:46:10.163+0000] {subprocess.py:97} INFO - Command exited with return code 0
[2025-05-29T07:46:10.192+0000] {taskinstance.py:340} INFO - ::group::Post task execution logs
[2025-05-29T07:46:10.193+0000] {taskinstance.py:352} INFO - Marking task as SUCCESS. dag_id=global_street_food_analysis_dag, task_id=run_street_food_analysis, run_id=manual__2025-05-29T07:45:42.558329+00:00, execution_date=20250529T074542, start_date=20250529T074544, end_date=20250529T074610
[2025-05-29T07:46:10.243+0000] {local_task_job_runner.py:261} INFO - Task exited with return code 0
[2025-05-29T07:46:10.265+0000] {taskinstance.py:3891} INFO - 0 downstream tasks scheduled from follow-on schedule check
[2025-05-29T07:46:10.267+0000] {local_task_job_runner.py:240} INFO - ::endgroup::
