[2025-05-29T07:23:42.500+0000] {local_task_job_runner.py:123} INFO - ::group::Pre task execution logs
[2025-05-29T07:23:42.532+0000] {taskinstance.py:2603} INFO - Dependencies all met for dep_context=non-requeueable deps ti=<TaskInstance: simple_hello_world.say_hello scheduled__2025-05-28T00:00:00+00:00 [queued]>
[2025-05-29T07:23:42.547+0000] {taskinstance.py:2603} INFO - Dependencies all met for dep_context=requeueable deps ti=<TaskInstance: simple_hello_world.say_hello scheduled__2025-05-28T00:00:00+00:00 [queued]>
[2025-05-29T07:23:42.547+0000] {taskinstance.py:2856} INFO - Starting attempt 1 of 1
[2025-05-29T07:23:42.565+0000] {taskinstance.py:2879} INFO - Executing <Task(PythonOperator): say_hello> on 2025-05-28 00:00:00+00:00
[2025-05-29T07:23:42.582+0000] {logging_mixin.py:190} WARNING - /home/***/.local/lib/python3.12/site-packages/***/task/task_runner/standard_task_runner.py:70 DeprecationWarning: This process (pid=191) is multi-threaded, use of fork() may lead to deadlocks in the child.
[2025-05-29T07:23:42.579+0000] {standard_task_runner.py:104} INFO - Running: ['***', 'tasks', 'run', 'simple_hello_world', 'say_hello', 'scheduled__2025-05-28T00:00:00+00:00', '--job-id', '3', '--raw', '--subdir', 'DAGS_FOLDER/simple_hello_world.py', '--cfg-path', '/tmp/tmpm23jckqc']
[2025-05-29T07:23:42.583+0000] {standard_task_runner.py:105} INFO - Job 3: Subtask say_hello
[2025-05-29T07:23:42.583+0000] {standard_task_runner.py:72} INFO - Started process 192 to run task
[2025-05-29T07:23:42.666+0000] {logging_mixin.py:190} WARNING - /home/***/.local/lib/python3.12/site-packages/***/settings.py:209 DeprecationWarning: The sql_alchemy_conn option in [core] has been moved to the sql_alchemy_conn option in [database] - the old setting has been used, but please update your config.
[2025-05-29T07:23:42.771+0000] {task_command.py:467} INFO - Running <TaskInstance: simple_hello_world.say_hello scheduled__2025-05-28T00:00:00+00:00 [running]> on host 28c4f4caa9ae
[2025-05-29T07:23:42.774+0000] {logging_mixin.py:190} WARNING - /home/***/.local/lib/python3.12/site-packages/***/settings.py:449 DeprecationWarning: The sql_alchemy_conn option in [core] has been moved to the sql_alchemy_conn option in [database] - the old setting has been used, but please update your config.
[2025-05-29T07:23:42.986+0000] {taskinstance.py:3122} INFO - Exporting env vars: AIRFLOW_CTX_DAG_OWNER='***' AIRFLOW_CTX_DAG_ID='simple_hello_world' AIRFLOW_CTX_TASK_ID='say_hello' AIRFLOW_CTX_EXECUTION_DATE='2025-05-28T00:00:00+00:00' AIRFLOW_CTX_TRY_NUMBER='1' AIRFLOW_CTX_DAG_RUN_ID='scheduled__2025-05-28T00:00:00+00:00'
[2025-05-29T07:23:42.990+0000] {taskinstance.py:731} INFO - ::endgroup::
[2025-05-29T07:23:43.107+0000] {logging_mixin.py:190} INFO - Hello World from Airflow!
[2025-05-29T07:23:43.108+0000] {python.py:240} INFO - Done. Returned value was: None
[2025-05-29T07:23:43.118+0000] {taskinstance.py:340} INFO - ::group::Post task execution logs
[2025-05-29T07:23:43.119+0000] {taskinstance.py:352} INFO - Marking task as SUCCESS. dag_id=simple_hello_world, task_id=say_hello, run_id=scheduled__2025-05-28T00:00:00+00:00, execution_date=20250528T000000, start_date=20250529T072342, end_date=20250529T072343
[2025-05-29T07:23:43.144+0000] {local_task_job_runner.py:261} INFO - Task exited with return code 0
[2025-05-29T07:23:43.162+0000] {taskinstance.py:3891} INFO - 0 downstream tasks scheduled from follow-on schedule check
[2025-05-29T07:23:43.164+0000] {local_task_job_runner.py:240} INFO - ::endgroup::
