[2025-05-30T15:38:02.021+0000] {local_task_job_runner.py:123} INFO - ::group::Pre task execution logs
[2025-05-30T15:38:02.043+0000] {taskinstance.py:2603} INFO - Dependencies all met for dep_context=non-requeueable deps ti=<TaskInstance: global_street_food_analysis_dag.run_street_food_analysis manual__2025-05-30T15:38:00.622986+00:00 [queued]>
[2025-05-30T15:38:02.056+0000] {taskinstance.py:2603} INFO - Dependencies all met for dep_context=requeueable deps ti=<TaskInstance: global_street_food_analysis_dag.run_street_food_analysis manual__2025-05-30T15:38:00.622986+00:00 [queued]>
[2025-05-30T15:38:02.057+0000] {taskinstance.py:2856} INFO - Starting attempt 1 of 2
[2025-05-30T15:38:02.073+0000] {taskinstance.py:2879} INFO - Executing <Task(BashOperator): run_street_food_analysis> on 2025-05-30 15:38:00.622986+00:00
[2025-05-30T15:38:02.077+0000] {standard_task_runner.py:72} INFO - Started process 299 to run task
[2025-05-30T15:38:02.082+0000] {standard_task_runner.py:104} INFO - Running: ['***', 'tasks', 'run', 'global_street_food_analysis_dag', 'run_street_food_analysis', 'manual__2025-05-30T15:38:00.622986+00:00', '--job-id', '29', '--raw', '--subdir', 'DAGS_FOLDER/global_food.py', '--cfg-path', '/tmp/tmp3eom52td']
[2025-05-30T15:38:02.087+0000] {standard_task_runner.py:105} INFO - Job 29: Subtask run_street_food_analysis
[2025-05-30T15:38:02.105+0000] {logging_mixin.py:190} WARNING - /home/***/.local/lib/python3.10/site-packages/***/settings.py:209 DeprecationWarning: The sql_alchemy_conn option in [core] has been moved to the sql_alchemy_conn option in [database] - the old setting has been used, but please update your config.
[2025-05-30T15:38:02.186+0000] {task_command.py:467} INFO - Running <TaskInstance: global_street_food_analysis_dag.run_street_food_analysis manual__2025-05-30T15:38:00.622986+00:00 [running]> on host 72d5b50e128d
[2025-05-30T15:38:02.303+0000] {taskinstance.py:3122} INFO - Exporting env vars: AIRFLOW_CTX_DAG_OWNER='***' AIRFLOW_CTX_DAG_ID='global_street_food_analysis_dag' AIRFLOW_CTX_TASK_ID='run_street_food_analysis' AIRFLOW_CTX_EXECUTION_DATE='2025-05-30T15:38:00.622986+00:00' AIRFLOW_CTX_TRY_NUMBER='1' AIRFLOW_CTX_DAG_RUN_ID='manual__2025-05-30T15:38:00.622986+00:00'
[2025-05-30T15:38:02.304+0000] {taskinstance.py:731} INFO - ::endgroup::
[2025-05-30T15:38:02.327+0000] {subprocess.py:63} INFO - Tmp dir root location: /tmp
[2025-05-30T15:38:02.329+0000] {subprocess.py:75} INFO - Running command: ['/usr/bin/bash', '-c', 'spark-submit /opt/***/scripts/food.py']
[2025-05-30T15:38:02.344+0000] {subprocess.py:86} INFO - Output:
[2025-05-30T15:38:12.816+0000] {subprocess.py:93} INFO - 25/05/30 15:38:12 INFO SparkContext: Running Spark version 3.5.5
[2025-05-30T15:38:12.855+0000] {subprocess.py:93} INFO - 25/05/30 15:38:12 INFO SparkContext: OS info Linux, 6.6.87.1-microsoft-standard-WSL2, amd64
[2025-05-30T15:38:12.855+0000] {subprocess.py:93} INFO - 25/05/30 15:38:12 INFO SparkContext: Java version 17.0.15
[2025-05-30T15:38:14.308+0000] {subprocess.py:93} INFO - 25/05/30 15:38:14 WARN NativeCodeLoader: Unable to load native-hadoop library for your platform... using builtin-java classes where applicable
[2025-05-30T15:38:16.639+0000] {subprocess.py:93} INFO - 25/05/30 15:38:16 INFO ResourceUtils: ==============================================================
[2025-05-30T15:38:16.647+0000] {subprocess.py:93} INFO - 25/05/30 15:38:16 INFO ResourceUtils: No custom resources configured for spark.driver.
[2025-05-30T15:38:16.647+0000] {subprocess.py:93} INFO - 25/05/30 15:38:16 INFO ResourceUtils: ==============================================================
[2025-05-30T15:38:16.648+0000] {subprocess.py:93} INFO - 25/05/30 15:38:16 INFO SparkContext: Submitted application: GlobalStreetFoodAnalysis
[2025-05-30T15:38:16.827+0000] {subprocess.py:93} INFO - 25/05/30 15:38:16 INFO ResourceProfile: Default ResourceProfile created, executor resources: Map(cores -> name: cores, amount: 1, script: , vendor: , memory -> name: memory, amount: 1024, script: , vendor: , offHeap -> name: offHeap, amount: 0, script: , vendor: ), task resources: Map(cpus -> name: cpus, amount: 1.0)
[2025-05-30T15:38:16.869+0000] {subprocess.py:93} INFO - 25/05/30 15:38:16 INFO ResourceProfile: Limiting resource is cpu
[2025-05-30T15:38:16.881+0000] {subprocess.py:93} INFO - 25/05/30 15:38:16 INFO ResourceProfileManager: Added ResourceProfile id: 0
[2025-05-30T15:38:17.247+0000] {subprocess.py:93} INFO - 25/05/30 15:38:17 INFO SecurityManager: Changing view acls to: ***
[2025-05-30T15:38:17.248+0000] {subprocess.py:93} INFO - 25/05/30 15:38:17 INFO SecurityManager: Changing modify acls to: ***
[2025-05-30T15:38:17.250+0000] {subprocess.py:93} INFO - 25/05/30 15:38:17 INFO SecurityManager: Changing view acls groups to:
[2025-05-30T15:38:17.262+0000] {subprocess.py:93} INFO - 25/05/30 15:38:17 INFO SecurityManager: Changing modify acls groups to:
[2025-05-30T15:38:17.262+0000] {subprocess.py:93} INFO - 25/05/30 15:38:17 INFO SecurityManager: SecurityManager: authentication disabled; ui acls disabled; users with view permissions: ***; groups with view permissions: EMPTY; users with modify permissions: ***; groups with modify permissions: EMPTY
[2025-05-30T15:38:19.616+0000] {subprocess.py:93} INFO - 25/05/30 15:38:19 INFO Utils: Successfully started service 'sparkDriver' on port 45807.
[2025-05-30T15:38:19.761+0000] {subprocess.py:93} INFO - 25/05/30 15:38:19 INFO SparkEnv: Registering MapOutputTracker
[2025-05-30T15:38:20.081+0000] {subprocess.py:93} INFO - 25/05/30 15:38:20 INFO SparkEnv: Registering BlockManagerMaster
[2025-05-30T15:38:20.548+0000] {subprocess.py:93} INFO - 25/05/30 15:38:20 INFO BlockManagerMasterEndpoint: Using org.apache.spark.storage.DefaultTopologyMapper for getting topology information
[2025-05-30T15:38:20.549+0000] {subprocess.py:93} INFO - 25/05/30 15:38:20 INFO BlockManagerMasterEndpoint: BlockManagerMasterEndpoint up
[2025-05-30T15:38:20.575+0000] {subprocess.py:93} INFO - 25/05/30 15:38:20 INFO SparkEnv: Registering BlockManagerMasterHeartbeat
[2025-05-30T15:38:20.637+0000] {subprocess.py:93} INFO - 25/05/30 15:38:20 INFO DiskBlockManager: Created local directory at /tmp/blockmgr-9f41adc1-378c-4a28-a73d-33d5b6b87d0d
[2025-05-30T15:38:20.701+0000] {subprocess.py:93} INFO - 25/05/30 15:38:20 INFO MemoryStore: MemoryStore started with capacity 434.4 MiB
[2025-05-30T15:38:20.803+0000] {subprocess.py:93} INFO - 25/05/30 15:38:20 INFO SparkEnv: Registering OutputCommitCoordinator
[2025-05-30T15:38:22.081+0000] {subprocess.py:93} INFO - 25/05/30 15:38:22 INFO JettyUtils: Start Jetty 0.0.0.0:4040 for SparkUI
[2025-05-30T15:38:22.587+0000] {subprocess.py:93} INFO - 25/05/30 15:38:22 INFO Utils: Successfully started service 'SparkUI' on port 4040.
[2025-05-30T15:38:23.924+0000] {subprocess.py:93} INFO - 25/05/30 15:38:23 INFO Executor: Starting executor ID driver on host 72d5b50e128d
[2025-05-30T15:38:23.924+0000] {subprocess.py:93} INFO - 25/05/30 15:38:23 INFO Executor: OS info Linux, 6.6.87.1-microsoft-standard-WSL2, amd64
[2025-05-30T15:38:23.935+0000] {subprocess.py:93} INFO - 25/05/30 15:38:23 INFO Executor: Java version 17.0.15
[2025-05-30T15:38:23.956+0000] {subprocess.py:93} INFO - 25/05/30 15:38:23 INFO Executor: Starting executor with user classpath (userClassPathFirst = false): ''
[2025-05-30T15:38:23.956+0000] {subprocess.py:93} INFO - 25/05/30 15:38:23 INFO Executor: Created or updated repl class loader org.apache.spark.util.MutableURLClassLoader@3b0da300 for default.
[2025-05-30T15:38:24.211+0000] {subprocess.py:93} INFO - 25/05/30 15:38:24 INFO Utils: Successfully started service 'org.apache.spark.network.netty.NettyBlockTransferService' on port 46251.
[2025-05-30T15:38:24.212+0000] {subprocess.py:93} INFO - 25/05/30 15:38:24 INFO NettyBlockTransferService: Server created on 72d5b50e128d:46251
[2025-05-30T15:38:24.230+0000] {subprocess.py:93} INFO - 25/05/30 15:38:24 INFO BlockManager: Using org.apache.spark.storage.RandomBlockReplicationPolicy for block replication policy
[2025-05-30T15:38:24.294+0000] {subprocess.py:93} INFO - 25/05/30 15:38:24 INFO BlockManagerMaster: Registering BlockManager BlockManagerId(driver, 72d5b50e128d, 46251, None)
[2025-05-30T15:38:24.301+0000] {subprocess.py:93} INFO - 25/05/30 15:38:24 INFO BlockManagerMasterEndpoint: Registering block manager 72d5b50e128d:46251 with 434.4 MiB RAM, BlockManagerId(driver, 72d5b50e128d, 46251, None)
[2025-05-30T15:38:24.315+0000] {subprocess.py:93} INFO - 25/05/30 15:38:24 INFO BlockManagerMaster: Registered BlockManager BlockManagerId(driver, 72d5b50e128d, 46251, None)
[2025-05-30T15:38:24.318+0000] {subprocess.py:93} INFO - 25/05/30 15:38:24 INFO BlockManager: Initialized BlockManager: BlockManagerId(driver, 72d5b50e128d, 46251, None)
[2025-05-30T15:38:25.566+0000] {subprocess.py:93} INFO - 25/05/30 15:38:25 INFO SharedState: Setting hive.metastore.warehouse.dir ('null') to the value of spark.sql.warehouse.dir.
[2025-05-30T15:38:25.581+0000] {subprocess.py:93} INFO - 25/05/30 15:38:25 INFO SharedState: Warehouse path is 'file:/tmp/***tmplkkiot7l/spark-warehouse'.
[2025-05-30T15:38:27.451+0000] {subprocess.py:93} INFO - 25/05/30 15:38:27 INFO InMemoryFileIndex: It took 147 ms to list leaf files for 1 paths.
[2025-05-30T15:38:27.611+0000] {subprocess.py:93} INFO - 25/05/30 15:38:27 INFO InMemoryFileIndex: It took 2 ms to list leaf files for 1 paths.
[2025-05-30T15:38:30.654+0000] {subprocess.py:93} INFO - 25/05/30 15:38:30 INFO FileSourceStrategy: Pushed Filters:
[2025-05-30T15:38:30.659+0000] {subprocess.py:93} INFO - 25/05/30 15:38:30 INFO FileSourceStrategy: Post-Scan Filters: (length(trim(value#0, None)) > 0)
[2025-05-30T15:38:31.478+0000] {subprocess.py:93} INFO - 25/05/30 15:38:31 INFO CodeGenerator: Code generated in 312.069186 ms
[2025-05-30T15:38:31.546+0000] {subprocess.py:93} INFO - 25/05/30 15:38:31 INFO MemoryStore: Block broadcast_0 stored as values in memory (estimated size 199.6 KiB, free 434.2 MiB)
[2025-05-30T15:38:31.637+0000] {subprocess.py:93} INFO - 25/05/30 15:38:31 INFO MemoryStore: Block broadcast_0_piece0 stored as bytes in memory (estimated size 34.4 KiB, free 434.2 MiB)
[2025-05-30T15:38:31.643+0000] {subprocess.py:93} INFO - 25/05/30 15:38:31 INFO BlockManagerInfo: Added broadcast_0_piece0 in memory on 72d5b50e128d:46251 (size: 34.4 KiB, free: 434.4 MiB)
[2025-05-30T15:38:31.648+0000] {subprocess.py:93} INFO - 25/05/30 15:38:31 INFO SparkContext: Created broadcast 0 from csv at NativeMethodAccessorImpl.java:0
[2025-05-30T15:38:31.674+0000] {subprocess.py:93} INFO - 25/05/30 15:38:31 INFO FileSourceScanExec: Planning scan with bin packing, max size: 4194304 bytes, open cost is considered as scanning 4194304 bytes.
[2025-05-30T15:38:31.852+0000] {subprocess.py:93} INFO - 25/05/30 15:38:31 INFO SparkContext: Starting job: csv at NativeMethodAccessorImpl.java:0
[2025-05-30T15:38:31.880+0000] {subprocess.py:93} INFO - 25/05/30 15:38:31 INFO DAGScheduler: Got job 0 (csv at NativeMethodAccessorImpl.java:0) with 1 output partitions
[2025-05-30T15:38:31.880+0000] {subprocess.py:93} INFO - 25/05/30 15:38:31 INFO DAGScheduler: Final stage: ResultStage 0 (csv at NativeMethodAccessorImpl.java:0)
[2025-05-30T15:38:31.882+0000] {subprocess.py:93} INFO - 25/05/30 15:38:31 INFO DAGScheduler: Parents of final stage: List()
[2025-05-30T15:38:31.882+0000] {subprocess.py:93} INFO - 25/05/30 15:38:31 INFO DAGScheduler: Missing parents: List()
[2025-05-30T15:38:31.888+0000] {subprocess.py:93} INFO - 25/05/30 15:38:31 INFO DAGScheduler: Submitting ResultStage 0 (MapPartitionsRDD[3] at csv at NativeMethodAccessorImpl.java:0), which has no missing parents
[2025-05-30T15:38:31.996+0000] {subprocess.py:93} INFO - 25/05/30 15:38:31 INFO MemoryStore: Block broadcast_1 stored as values in memory (estimated size 13.5 KiB, free 434.2 MiB)
[2025-05-30T15:38:32.015+0000] {subprocess.py:93} INFO - 25/05/30 15:38:32 INFO MemoryStore: Block broadcast_1_piece0 stored as bytes in memory (estimated size 6.4 KiB, free 434.2 MiB)
[2025-05-30T15:38:32.016+0000] {subprocess.py:93} INFO - 25/05/30 15:38:32 INFO BlockManagerInfo: Added broadcast_1_piece0 in memory on 72d5b50e128d:46251 (size: 6.4 KiB, free: 434.4 MiB)
[2025-05-30T15:38:32.017+0000] {subprocess.py:93} INFO - 25/05/30 15:38:32 INFO SparkContext: Created broadcast 1 from broadcast at DAGScheduler.scala:1585
[2025-05-30T15:38:32.048+0000] {subprocess.py:93} INFO - 25/05/30 15:38:32 INFO DAGScheduler: Submitting 1 missing tasks from ResultStage 0 (MapPartitionsRDD[3] at csv at NativeMethodAccessorImpl.java:0) (first 15 tasks are for partitions Vector(0))
[2025-05-30T15:38:32.049+0000] {subprocess.py:93} INFO - 25/05/30 15:38:32 INFO TaskSchedulerImpl: Adding task set 0.0 with 1 tasks resource profile 0
[2025-05-30T15:38:32.115+0000] {subprocess.py:93} INFO - 25/05/30 15:38:32 INFO TaskSetManager: Starting task 0.0 in stage 0.0 (TID 0) (72d5b50e128d, executor driver, partition 0, PROCESS_LOCAL, 9614 bytes)
[2025-05-30T15:38:32.139+0000] {subprocess.py:93} INFO - 25/05/30 15:38:32 INFO Executor: Running task 0.0 in stage 0.0 (TID 0)
[2025-05-30T15:38:32.289+0000] {subprocess.py:93} INFO - 25/05/30 15:38:32 INFO CodeGenerator: Code generated in 13.240387 ms
[2025-05-30T15:38:32.292+0000] {subprocess.py:93} INFO - 25/05/30 15:38:32 INFO FileScanRDD: Reading File path: file:///opt/***/csv_files/global_street_food.csv, range: 0-555390, partition values: [empty row]
[2025-05-30T15:38:32.310+0000] {subprocess.py:93} INFO - 25/05/30 15:38:32 INFO CodeGenerator: Code generated in 12.719927 ms
[2025-05-30T15:38:32.387+0000] {subprocess.py:93} INFO - 25/05/30 15:38:32 INFO Executor: Finished task 0.0 in stage 0.0 (TID 0). 1759 bytes result sent to driver
[2025-05-30T15:38:32.402+0000] {subprocess.py:93} INFO - 25/05/30 15:38:32 INFO TaskSetManager: Finished task 0.0 in stage 0.0 (TID 0) in 300 ms on 72d5b50e128d (executor driver) (1/1)
[2025-05-30T15:38:32.402+0000] {subprocess.py:93} INFO - 25/05/30 15:38:32 INFO TaskSchedulerImpl: Removed TaskSet 0.0, whose tasks have all completed, from pool
[2025-05-30T15:38:32.410+0000] {subprocess.py:93} INFO - 25/05/30 15:38:32 INFO DAGScheduler: ResultStage 0 (csv at NativeMethodAccessorImpl.java:0) finished in 0.504 s
[2025-05-30T15:38:32.413+0000] {subprocess.py:93} INFO - 25/05/30 15:38:32 INFO DAGScheduler: Job 0 is finished. Cancelling potential speculative or zombie tasks for this job
[2025-05-30T15:38:32.414+0000] {subprocess.py:93} INFO - 25/05/30 15:38:32 INFO TaskSchedulerImpl: Killing all running tasks in stage 0: Stage finished
[2025-05-30T15:38:32.424+0000] {subprocess.py:93} INFO - 25/05/30 15:38:32 INFO DAGScheduler: Job 0 finished: csv at NativeMethodAccessorImpl.java:0, took 0.571313 s
[2025-05-30T15:38:32.451+0000] {subprocess.py:93} INFO - 25/05/30 15:38:32 INFO CodeGenerator: Code generated in 13.526475 ms
[2025-05-30T15:38:32.536+0000] {subprocess.py:93} INFO - 25/05/30 15:38:32 INFO FileSourceStrategy: Pushed Filters:
[2025-05-30T15:38:32.536+0000] {subprocess.py:93} INFO - 25/05/30 15:38:32 INFO FileSourceStrategy: Post-Scan Filters:
[2025-05-30T15:38:32.536+0000] {subprocess.py:93} INFO - 25/05/30 15:38:32 INFO BlockManagerInfo: Removed broadcast_1_piece0 on 72d5b50e128d:46251 in memory (size: 6.4 KiB, free: 434.4 MiB)
[2025-05-30T15:38:32.544+0000] {subprocess.py:93} INFO - 25/05/30 15:38:32 INFO MemoryStore: Block broadcast_2 stored as values in memory (estimated size 199.6 KiB, free 434.0 MiB)
[2025-05-30T15:38:32.555+0000] {subprocess.py:93} INFO - 25/05/30 15:38:32 INFO MemoryStore: Block broadcast_2_piece0 stored as bytes in memory (estimated size 34.4 KiB, free 433.9 MiB)
[2025-05-30T15:38:32.558+0000] {subprocess.py:93} INFO - 25/05/30 15:38:32 INFO BlockManagerInfo: Added broadcast_2_piece0 in memory on 72d5b50e128d:46251 (size: 34.4 KiB, free: 434.3 MiB)
[2025-05-30T15:38:32.560+0000] {subprocess.py:93} INFO - 25/05/30 15:38:32 INFO SparkContext: Created broadcast 2 from csv at NativeMethodAccessorImpl.java:0
[2025-05-30T15:38:32.560+0000] {subprocess.py:93} INFO - 25/05/30 15:38:32 INFO FileSourceScanExec: Planning scan with bin packing, max size: 4194304 bytes, open cost is considered as scanning 4194304 bytes.
[2025-05-30T15:38:32.677+0000] {subprocess.py:93} INFO - 25/05/30 15:38:32 INFO SparkContext: Starting job: csv at NativeMethodAccessorImpl.java:0
[2025-05-30T15:38:32.679+0000] {subprocess.py:93} INFO - 25/05/30 15:38:32 INFO DAGScheduler: Got job 1 (csv at NativeMethodAccessorImpl.java:0) with 1 output partitions
[2025-05-30T15:38:32.679+0000] {subprocess.py:93} INFO - 25/05/30 15:38:32 INFO DAGScheduler: Final stage: ResultStage 1 (csv at NativeMethodAccessorImpl.java:0)
[2025-05-30T15:38:32.680+0000] {subprocess.py:93} INFO - 25/05/30 15:38:32 INFO DAGScheduler: Parents of final stage: List()
[2025-05-30T15:38:32.680+0000] {subprocess.py:93} INFO - 25/05/30 15:38:32 INFO DAGScheduler: Missing parents: List()
[2025-05-30T15:38:32.682+0000] {subprocess.py:93} INFO - 25/05/30 15:38:32 INFO DAGScheduler: Submitting ResultStage 1 (MapPartitionsRDD[9] at csv at NativeMethodAccessorImpl.java:0), which has no missing parents
[2025-05-30T15:38:32.730+0000] {subprocess.py:93} INFO - 25/05/30 15:38:32 INFO MemoryStore: Block broadcast_3 stored as values in memory (estimated size 27.7 KiB, free 433.9 MiB)
[2025-05-30T15:38:32.747+0000] {subprocess.py:93} INFO - 25/05/30 15:38:32 INFO MemoryStore: Block broadcast_3_piece0 stored as bytes in memory (estimated size 12.8 KiB, free 433.9 MiB)
[2025-05-30T15:38:32.747+0000] {subprocess.py:93} INFO - 25/05/30 15:38:32 INFO BlockManagerInfo: Added broadcast_3_piece0 in memory on 72d5b50e128d:46251 (size: 12.8 KiB, free: 434.3 MiB)
[2025-05-30T15:38:32.749+0000] {subprocess.py:93} INFO - 25/05/30 15:38:32 INFO SparkContext: Created broadcast 3 from broadcast at DAGScheduler.scala:1585
[2025-05-30T15:38:32.761+0000] {subprocess.py:93} INFO - 25/05/30 15:38:32 INFO DAGScheduler: Submitting 1 missing tasks from ResultStage 1 (MapPartitionsRDD[9] at csv at NativeMethodAccessorImpl.java:0) (first 15 tasks are for partitions Vector(0))
[2025-05-30T15:38:32.762+0000] {subprocess.py:93} INFO - 25/05/30 15:38:32 INFO TaskSchedulerImpl: Adding task set 1.0 with 1 tasks resource profile 0
[2025-05-30T15:38:32.763+0000] {subprocess.py:93} INFO - 25/05/30 15:38:32 INFO TaskSetManager: Starting task 0.0 in stage 1.0 (TID 1) (72d5b50e128d, executor driver, partition 0, PROCESS_LOCAL, 9614 bytes)
[2025-05-30T15:38:32.783+0000] {subprocess.py:93} INFO - 25/05/30 15:38:32 INFO Executor: Running task 0.0 in stage 1.0 (TID 1)
[2025-05-30T15:38:32.919+0000] {subprocess.py:93} INFO - 25/05/30 15:38:32 INFO BlockManagerInfo: Removed broadcast_0_piece0 on 72d5b50e128d:46251 in memory (size: 34.4 KiB, free: 434.4 MiB)
[2025-05-30T15:38:32.945+0000] {subprocess.py:93} INFO - 25/05/30 15:38:32 INFO CodeGenerator: Code generated in 21.072247 ms
[2025-05-30T15:38:32.959+0000] {subprocess.py:93} INFO - 25/05/30 15:38:32 INFO FileScanRDD: Reading File path: file:///opt/***/csv_files/global_street_food.csv, range: 0-555390, partition values: [empty row]
[2025-05-30T15:38:33.217+0000] {subprocess.py:93} INFO - 25/05/30 15:38:33 INFO Executor: Finished task 0.0 in stage 1.0 (TID 1). 1683 bytes result sent to driver
[2025-05-30T15:38:33.225+0000] {subprocess.py:93} INFO - 25/05/30 15:38:33 INFO TaskSetManager: Finished task 0.0 in stage 1.0 (TID 1) in 462 ms on 72d5b50e128d (executor driver) (1/1)
[2025-05-30T15:38:33.226+0000] {subprocess.py:93} INFO - 25/05/30 15:38:33 INFO TaskSchedulerImpl: Removed TaskSet 1.0, whose tasks have all completed, from pool
[2025-05-30T15:38:33.229+0000] {subprocess.py:93} INFO - 25/05/30 15:38:33 INFO DAGScheduler: ResultStage 1 (csv at NativeMethodAccessorImpl.java:0) finished in 0.545 s
[2025-05-30T15:38:33.230+0000] {subprocess.py:93} INFO - 25/05/30 15:38:33 INFO DAGScheduler: Job 1 is finished. Cancelling potential speculative or zombie tasks for this job
[2025-05-30T15:38:33.230+0000] {subprocess.py:93} INFO - 25/05/30 15:38:33 INFO TaskSchedulerImpl: Killing all running tasks in stage 1: Stage finished
[2025-05-30T15:38:33.232+0000] {subprocess.py:93} INFO - 25/05/30 15:38:33 INFO DAGScheduler: Job 1 finished: csv at NativeMethodAccessorImpl.java:0, took 0.556581 s
[2025-05-30T15:38:33.696+0000] {subprocess.py:93} INFO - 25/05/30 15:38:33 INFO FileSourceStrategy: Pushed Filters:
[2025-05-30T15:38:33.697+0000] {subprocess.py:93} INFO - 25/05/30 15:38:33 INFO FileSourceStrategy: Post-Scan Filters:
[2025-05-30T15:38:33.926+0000] {subprocess.py:93} INFO - 25/05/30 15:38:33 INFO CodeGenerator: Code generated in 74.243337 ms
[2025-05-30T15:38:33.931+0000] {subprocess.py:93} INFO - 25/05/30 15:38:33 INFO MemoryStore: Block broadcast_4 stored as values in memory (estimated size 199.5 KiB, free 433.9 MiB)
[2025-05-30T15:38:33.947+0000] {subprocess.py:93} INFO - 25/05/30 15:38:33 INFO BlockManagerInfo: Removed broadcast_3_piece0 on 72d5b50e128d:46251 in memory (size: 12.8 KiB, free: 434.4 MiB)
[2025-05-30T15:38:33.957+0000] {subprocess.py:93} INFO - 25/05/30 15:38:33 INFO MemoryStore: Block broadcast_4_piece0 stored as bytes in memory (estimated size 34.3 KiB, free 433.9 MiB)
[2025-05-30T15:38:33.958+0000] {subprocess.py:93} INFO - 25/05/30 15:38:33 INFO BlockManagerInfo: Added broadcast_4_piece0 in memory on 72d5b50e128d:46251 (size: 34.3 KiB, free: 434.3 MiB)
[2025-05-30T15:38:33.964+0000] {subprocess.py:93} INFO - 25/05/30 15:38:33 INFO SparkContext: Created broadcast 4 from showString at NativeMethodAccessorImpl.java:0
[2025-05-30T15:38:33.971+0000] {subprocess.py:93} INFO - 25/05/30 15:38:33 INFO FileSourceScanExec: Planning scan with bin packing, max size: 4194304 bytes, open cost is considered as scanning 4194304 bytes.
[2025-05-30T15:38:34.053+0000] {subprocess.py:93} INFO - 25/05/30 15:38:34 INFO DAGScheduler: Registering RDD 13 (showString at NativeMethodAccessorImpl.java:0) as input to shuffle 0
[2025-05-30T15:38:34.058+0000] {subprocess.py:93} INFO - 25/05/30 15:38:34 INFO DAGScheduler: Got map stage job 2 (showString at NativeMethodAccessorImpl.java:0) with 1 output partitions
[2025-05-30T15:38:34.059+0000] {subprocess.py:93} INFO - 25/05/30 15:38:34 INFO DAGScheduler: Final stage: ShuffleMapStage 2 (showString at NativeMethodAccessorImpl.java:0)
[2025-05-30T15:38:34.059+0000] {subprocess.py:93} INFO - 25/05/30 15:38:34 INFO DAGScheduler: Parents of final stage: List()
[2025-05-30T15:38:34.060+0000] {subprocess.py:93} INFO - 25/05/30 15:38:34 INFO DAGScheduler: Missing parents: List()
[2025-05-30T15:38:34.064+0000] {subprocess.py:93} INFO - 25/05/30 15:38:34 INFO DAGScheduler: Submitting ShuffleMapStage 2 (MapPartitionsRDD[13] at showString at NativeMethodAccessorImpl.java:0), which has no missing parents
[2025-05-30T15:38:34.082+0000] {subprocess.py:93} INFO - 25/05/30 15:38:34 INFO MemoryStore: Block broadcast_5 stored as values in memory (estimated size 38.9 KiB, free 433.9 MiB)
[2025-05-30T15:38:34.094+0000] {subprocess.py:93} INFO - 25/05/30 15:38:34 INFO MemoryStore: Block broadcast_5_piece0 stored as bytes in memory (estimated size 18.5 KiB, free 433.9 MiB)
[2025-05-30T15:38:34.096+0000] {subprocess.py:93} INFO - 25/05/30 15:38:34 INFO BlockManagerInfo: Added broadcast_5_piece0 in memory on 72d5b50e128d:46251 (size: 18.5 KiB, free: 434.3 MiB)
[2025-05-30T15:38:34.097+0000] {subprocess.py:93} INFO - 25/05/30 15:38:34 INFO SparkContext: Created broadcast 5 from broadcast at DAGScheduler.scala:1585
[2025-05-30T15:38:34.101+0000] {subprocess.py:93} INFO - 25/05/30 15:38:34 INFO DAGScheduler: Submitting 1 missing tasks from ShuffleMapStage 2 (MapPartitionsRDD[13] at showString at NativeMethodAccessorImpl.java:0) (first 15 tasks are for partitions Vector(0))
[2025-05-30T15:38:34.101+0000] {subprocess.py:93} INFO - 25/05/30 15:38:34 INFO TaskSchedulerImpl: Adding task set 2.0 with 1 tasks resource profile 0
[2025-05-30T15:38:34.107+0000] {subprocess.py:93} INFO - 25/05/30 15:38:34 INFO TaskSetManager: Starting task 0.0 in stage 2.0 (TID 2) (72d5b50e128d, executor driver, partition 0, PROCESS_LOCAL, 9603 bytes)
[2025-05-30T15:38:34.108+0000] {subprocess.py:93} INFO - 25/05/30 15:38:34 INFO Executor: Running task 0.0 in stage 2.0 (TID 2)
[2025-05-30T15:38:34.197+0000] {subprocess.py:93} INFO - 25/05/30 15:38:34 INFO CodeGenerator: Code generated in 48.541713 ms
[2025-05-30T15:38:34.221+0000] {subprocess.py:93} INFO - 25/05/30 15:38:34 INFO CodeGenerator: Code generated in 13.515417 ms
[2025-05-30T15:38:34.240+0000] {subprocess.py:93} INFO - 25/05/30 15:38:34 INFO CodeGenerator: Code generated in 6.390336 ms
[2025-05-30T15:38:34.252+0000] {subprocess.py:93} INFO - 25/05/30 15:38:34 INFO CodeGenerator: Code generated in 6.259799 ms
[2025-05-30T15:38:34.263+0000] {subprocess.py:93} INFO - 25/05/30 15:38:34 INFO FileScanRDD: Reading File path: file:///opt/***/csv_files/global_street_food.csv, range: 0-555390, partition values: [empty row]
[2025-05-30T15:38:34.427+0000] {subprocess.py:93} INFO - 25/05/30 15:38:34 INFO Executor: Finished task 0.0 in stage 2.0 (TID 2). 2808 bytes result sent to driver
[2025-05-30T15:38:34.430+0000] {subprocess.py:93} INFO - 25/05/30 15:38:34 INFO TaskSetManager: Finished task 0.0 in stage 2.0 (TID 2) in 328 ms on 72d5b50e128d (executor driver) (1/1)
[2025-05-30T15:38:34.431+0000] {subprocess.py:93} INFO - 25/05/30 15:38:34 INFO TaskSchedulerImpl: Removed TaskSet 2.0, whose tasks have all completed, from pool
[2025-05-30T15:38:34.433+0000] {subprocess.py:93} INFO - 25/05/30 15:38:34 INFO DAGScheduler: ShuffleMapStage 2 (showString at NativeMethodAccessorImpl.java:0) finished in 0.365 s
[2025-05-30T15:38:34.434+0000] {subprocess.py:93} INFO - 25/05/30 15:38:34 INFO DAGScheduler: looking for newly runnable stages
[2025-05-30T15:38:34.434+0000] {subprocess.py:93} INFO - 25/05/30 15:38:34 INFO DAGScheduler: running: Set()
[2025-05-30T15:38:34.434+0000] {subprocess.py:93} INFO - 25/05/30 15:38:34 INFO DAGScheduler: waiting: Set()
[2025-05-30T15:38:34.435+0000] {subprocess.py:93} INFO - 25/05/30 15:38:34 INFO DAGScheduler: failed: Set()
[2025-05-30T15:38:34.462+0000] {subprocess.py:93} INFO - 25/05/30 15:38:34 INFO ShufflePartitionsUtil: For shuffle(0), advisory target size: 67108864, actual target size 1048576, minimum partition size: 1048576
[2025-05-30T15:38:34.483+0000] {subprocess.py:93} INFO - 25/05/30 15:38:34 INFO HashAggregateExec: spark.sql.codegen.aggregate.map.twolevel.enabled is set to true, but current version of codegened fast hashmap does not support this aggregate.
[2025-05-30T15:38:34.507+0000] {subprocess.py:93} INFO - 25/05/30 15:38:34 INFO CodeGenerator: Code generated in 16.853394 ms
[2025-05-30T15:38:34.541+0000] {subprocess.py:93} INFO - 25/05/30 15:38:34 INFO SparkContext: Starting job: showString at NativeMethodAccessorImpl.java:0
[2025-05-30T15:38:34.543+0000] {subprocess.py:93} INFO - 25/05/30 15:38:34 INFO DAGScheduler: Got job 3 (showString at NativeMethodAccessorImpl.java:0) with 1 output partitions
[2025-05-30T15:38:34.543+0000] {subprocess.py:93} INFO - 25/05/30 15:38:34 INFO DAGScheduler: Final stage: ResultStage 4 (showString at NativeMethodAccessorImpl.java:0)
[2025-05-30T15:38:34.543+0000] {subprocess.py:93} INFO - 25/05/30 15:38:34 INFO DAGScheduler: Parents of final stage: List(ShuffleMapStage 3)
[2025-05-30T15:38:34.543+0000] {subprocess.py:93} INFO - 25/05/30 15:38:34 INFO DAGScheduler: Missing parents: List()
[2025-05-30T15:38:34.546+0000] {subprocess.py:93} INFO - 25/05/30 15:38:34 INFO DAGScheduler: Submitting ResultStage 4 (MapPartitionsRDD[16] at showString at NativeMethodAccessorImpl.java:0), which has no missing parents
[2025-05-30T15:38:34.558+0000] {subprocess.py:93} INFO - 25/05/30 15:38:34 INFO MemoryStore: Block broadcast_6 stored as values in memory (estimated size 41.3 KiB, free 433.8 MiB)
[2025-05-30T15:38:34.560+0000] {subprocess.py:93} INFO - 25/05/30 15:38:34 INFO MemoryStore: Block broadcast_6_piece0 stored as bytes in memory (estimated size 19.6 KiB, free 433.8 MiB)
[2025-05-30T15:38:34.561+0000] {subprocess.py:93} INFO - 25/05/30 15:38:34 INFO BlockManagerInfo: Added broadcast_6_piece0 in memory on 72d5b50e128d:46251 (size: 19.6 KiB, free: 434.3 MiB)
[2025-05-30T15:38:34.562+0000] {subprocess.py:93} INFO - 25/05/30 15:38:34 INFO SparkContext: Created broadcast 6 from broadcast at DAGScheduler.scala:1585
[2025-05-30T15:38:34.563+0000] {subprocess.py:93} INFO - 25/05/30 15:38:34 INFO DAGScheduler: Submitting 1 missing tasks from ResultStage 4 (MapPartitionsRDD[16] at showString at NativeMethodAccessorImpl.java:0) (first 15 tasks are for partitions Vector(0))
[2025-05-30T15:38:34.563+0000] {subprocess.py:93} INFO - 25/05/30 15:38:34 INFO TaskSchedulerImpl: Adding task set 4.0 with 1 tasks resource profile 0
[2025-05-30T15:38:34.569+0000] {subprocess.py:93} INFO - 25/05/30 15:38:34 INFO TaskSetManager: Starting task 0.0 in stage 4.0 (TID 3) (72d5b50e128d, executor driver, partition 0, NODE_LOCAL, 8999 bytes)
[2025-05-30T15:38:34.570+0000] {subprocess.py:93} INFO - 25/05/30 15:38:34 INFO Executor: Running task 0.0 in stage 4.0 (TID 3)
[2025-05-30T15:38:34.609+0000] {subprocess.py:93} INFO - 25/05/30 15:38:34 INFO ShuffleBlockFetcherIterator: Getting 1 (144.0 B) non-empty blocks including 1 (144.0 B) local and 0 (0.0 B) host-local and 0 (0.0 B) push-merged-local and 0 (0.0 B) remote blocks
[2025-05-30T15:38:34.611+0000] {subprocess.py:93} INFO - 25/05/30 15:38:34 INFO ShuffleBlockFetcherIterator: Started 0 remote fetches in 12 ms
[2025-05-30T15:38:34.640+0000] {subprocess.py:93} INFO - 25/05/30 15:38:34 INFO CodeGenerator: Code generated in 23.553146 ms
[2025-05-30T15:38:34.666+0000] {subprocess.py:93} INFO - 25/05/30 15:38:34 INFO Executor: Finished task 0.0 in stage 4.0 (TID 3). 5157 bytes result sent to driver
[2025-05-30T15:38:34.670+0000] {subprocess.py:93} INFO - 25/05/30 15:38:34 INFO TaskSetManager: Finished task 0.0 in stage 4.0 (TID 3) in 103 ms on 72d5b50e128d (executor driver) (1/1)
[2025-05-30T15:38:34.671+0000] {subprocess.py:93} INFO - 25/05/30 15:38:34 INFO TaskSchedulerImpl: Removed TaskSet 4.0, whose tasks have all completed, from pool
[2025-05-30T15:38:34.676+0000] {subprocess.py:93} INFO - 25/05/30 15:38:34 INFO DAGScheduler: ResultStage 4 (showString at NativeMethodAccessorImpl.java:0) finished in 0.117 s
[2025-05-30T15:38:34.676+0000] {subprocess.py:93} INFO - 25/05/30 15:38:34 INFO DAGScheduler: Job 3 is finished. Cancelling potential speculative or zombie tasks for this job
[2025-05-30T15:38:34.676+0000] {subprocess.py:93} INFO - 25/05/30 15:38:34 INFO TaskSchedulerImpl: Killing all running tasks in stage 4: Stage finished
[2025-05-30T15:38:34.677+0000] {subprocess.py:93} INFO - 25/05/30 15:38:34 INFO DAGScheduler: Job 3 finished: showString at NativeMethodAccessorImpl.java:0, took 0.132066 s
[2025-05-30T15:38:34.710+0000] {subprocess.py:93} INFO - 25/05/30 15:38:34 INFO CodeGenerator: Code generated in 25.088647 ms
[2025-05-30T15:38:34.733+0000] {subprocess.py:93} INFO - +----------+-----+
[2025-05-30T15:38:34.734+0000] {subprocess.py:93} INFO - |Vegetarian|count|
[2025-05-30T15:38:34.734+0000] {subprocess.py:93} INFO - +----------+-----+
[2025-05-30T15:38:34.735+0000] {subprocess.py:93} INFO - |        No| 1949|
[2025-05-30T15:38:34.740+0000] {subprocess.py:93} INFO - |       Yes| 2551|
[2025-05-30T15:38:34.741+0000] {subprocess.py:93} INFO - +----------+-----+
[2025-05-30T15:38:34.741+0000] {subprocess.py:93} INFO - 
[2025-05-30T15:38:34.820+0000] {subprocess.py:93} INFO - 25/05/30 15:38:34 INFO FileSourceStrategy: Pushed Filters:
[2025-05-30T15:38:34.820+0000] {subprocess.py:93} INFO - 25/05/30 15:38:34 INFO FileSourceStrategy: Post-Scan Filters:
[2025-05-30T15:38:35.056+0000] {subprocess.py:93} INFO - 25/05/30 15:38:35 INFO CodeGenerator: Code generated in 100.671291 ms
[2025-05-30T15:38:35.073+0000] {subprocess.py:93} INFO - 25/05/30 15:38:35 INFO MemoryStore: Block broadcast_7 stored as values in memory (estimated size 199.5 KiB, free 433.6 MiB)
[2025-05-30T15:38:35.123+0000] {subprocess.py:93} INFO - 25/05/30 15:38:35 INFO MemoryStore: Block broadcast_7_piece0 stored as bytes in memory (estimated size 34.3 KiB, free 433.6 MiB)
[2025-05-30T15:38:35.124+0000] {subprocess.py:93} INFO - 25/05/30 15:38:35 INFO BlockManagerInfo: Added broadcast_7_piece0 in memory on 72d5b50e128d:46251 (size: 34.3 KiB, free: 434.3 MiB)
[2025-05-30T15:38:35.128+0000] {subprocess.py:93} INFO - 25/05/30 15:38:35 INFO SparkContext: Created broadcast 7 from showString at NativeMethodAccessorImpl.java:0
[2025-05-30T15:38:35.131+0000] {subprocess.py:93} INFO - 25/05/30 15:38:35 INFO FileSourceScanExec: Planning scan with bin packing, max size: 4194304 bytes, open cost is considered as scanning 4194304 bytes.
[2025-05-30T15:38:35.135+0000] {subprocess.py:93} INFO - 25/05/30 15:38:35 INFO BlockManagerInfo: Removed broadcast_4_piece0 on 72d5b50e128d:46251 in memory (size: 34.3 KiB, free: 434.3 MiB)
[2025-05-30T15:38:35.164+0000] {subprocess.py:93} INFO - 25/05/30 15:38:35 INFO DAGScheduler: Registering RDD 20 (showString at NativeMethodAccessorImpl.java:0) as input to shuffle 1
[2025-05-30T15:38:35.165+0000] {subprocess.py:93} INFO - 25/05/30 15:38:35 INFO DAGScheduler: Got map stage job 4 (showString at NativeMethodAccessorImpl.java:0) with 1 output partitions
[2025-05-30T15:38:35.165+0000] {subprocess.py:93} INFO - 25/05/30 15:38:35 INFO DAGScheduler: Final stage: ShuffleMapStage 5 (showString at NativeMethodAccessorImpl.java:0)
[2025-05-30T15:38:35.166+0000] {subprocess.py:93} INFO - 25/05/30 15:38:35 INFO DAGScheduler: Parents of final stage: List()
[2025-05-30T15:38:35.173+0000] {subprocess.py:93} INFO - 25/05/30 15:38:35 INFO DAGScheduler: Missing parents: List()
[2025-05-30T15:38:35.174+0000] {subprocess.py:93} INFO - 25/05/30 15:38:35 INFO BlockManagerInfo: Removed broadcast_5_piece0 on 72d5b50e128d:46251 in memory (size: 18.5 KiB, free: 434.3 MiB)
[2025-05-30T15:38:35.174+0000] {subprocess.py:93} INFO - 25/05/30 15:38:35 INFO DAGScheduler: Submitting ShuffleMapStage 5 (MapPartitionsRDD[20] at showString at NativeMethodAccessorImpl.java:0), which has no missing parents
[2025-05-30T15:38:35.178+0000] {subprocess.py:93} INFO - 25/05/30 15:38:35 INFO MemoryStore: Block broadcast_8 stored as values in memory (estimated size 43.6 KiB, free 433.8 MiB)
[2025-05-30T15:38:35.180+0000] {subprocess.py:93} INFO - 25/05/30 15:38:35 INFO MemoryStore: Block broadcast_8_piece0 stored as bytes in memory (estimated size 20.2 KiB, free 433.8 MiB)
[2025-05-30T15:38:35.183+0000] {subprocess.py:93} INFO - 25/05/30 15:38:35 INFO BlockManagerInfo: Added broadcast_8_piece0 in memory on 72d5b50e128d:46251 (size: 20.2 KiB, free: 434.3 MiB)
[2025-05-30T15:38:35.189+0000] {subprocess.py:93} INFO - 25/05/30 15:38:35 INFO SparkContext: Created broadcast 8 from broadcast at DAGScheduler.scala:1585
[2025-05-30T15:38:35.190+0000] {subprocess.py:93} INFO - 25/05/30 15:38:35 INFO DAGScheduler: Submitting 1 missing tasks from ShuffleMapStage 5 (MapPartitionsRDD[20] at showString at NativeMethodAccessorImpl.java:0) (first 15 tasks are for partitions Vector(0))
[2025-05-30T15:38:35.191+0000] {subprocess.py:93} INFO - 25/05/30 15:38:35 INFO TaskSchedulerImpl: Adding task set 5.0 with 1 tasks resource profile 0
[2025-05-30T15:38:35.193+0000] {subprocess.py:93} INFO - 25/05/30 15:38:35 INFO TaskSetManager: Starting task 0.0 in stage 5.0 (TID 4) (72d5b50e128d, executor driver, partition 0, PROCESS_LOCAL, 9603 bytes)
[2025-05-30T15:38:35.194+0000] {subprocess.py:93} INFO - 25/05/30 15:38:35 INFO BlockManagerInfo: Removed broadcast_6_piece0 on 72d5b50e128d:46251 in memory (size: 19.6 KiB, free: 434.3 MiB)
[2025-05-30T15:38:35.197+0000] {subprocess.py:93} INFO - 25/05/30 15:38:35 INFO Executor: Running task 0.0 in stage 5.0 (TID 4)
[2025-05-30T15:38:35.267+0000] {subprocess.py:93} INFO - 25/05/30 15:38:35 INFO CodeGenerator: Code generated in 61.060772 ms
[2025-05-30T15:38:35.291+0000] {subprocess.py:93} INFO - 25/05/30 15:38:35 INFO CodeGenerator: Code generated in 14.118794 ms
[2025-05-30T15:38:35.312+0000] {subprocess.py:93} INFO - 25/05/30 15:38:35 INFO CodeGenerator: Code generated in 15.645192 ms
[2025-05-30T15:38:35.330+0000] {subprocess.py:93} INFO - 25/05/30 15:38:35 INFO FileScanRDD: Reading File path: file:///opt/***/csv_files/global_street_food.csv, range: 0-555390, partition values: [empty row]
[2025-05-30T15:38:35.348+0000] {subprocess.py:93} INFO - 25/05/30 15:38:35 INFO CodeGenerator: Code generated in 14.589783 ms
[2025-05-30T15:38:35.438+0000] {subprocess.py:93} INFO - 25/05/30 15:38:35 INFO Executor: Finished task 0.0 in stage 5.0 (TID 4). 2765 bytes result sent to driver
[2025-05-30T15:38:35.441+0000] {subprocess.py:93} INFO - 25/05/30 15:38:35 INFO TaskSetManager: Finished task 0.0 in stage 5.0 (TID 4) in 249 ms on 72d5b50e128d (executor driver) (1/1)
[2025-05-30T15:38:35.441+0000] {subprocess.py:93} INFO - 25/05/30 15:38:35 INFO TaskSchedulerImpl: Removed TaskSet 5.0, whose tasks have all completed, from pool
[2025-05-30T15:38:35.449+0000] {subprocess.py:93} INFO - 25/05/30 15:38:35 INFO DAGScheduler: ShuffleMapStage 5 (showString at NativeMethodAccessorImpl.java:0) finished in 0.276 s
[2025-05-30T15:38:35.452+0000] {subprocess.py:93} INFO - 25/05/30 15:38:35 INFO DAGScheduler: looking for newly runnable stages
[2025-05-30T15:38:35.455+0000] {subprocess.py:93} INFO - 25/05/30 15:38:35 INFO DAGScheduler: running: Set()
[2025-05-30T15:38:35.455+0000] {subprocess.py:93} INFO - 25/05/30 15:38:35 INFO DAGScheduler: waiting: Set()
[2025-05-30T15:38:35.455+0000] {subprocess.py:93} INFO - 25/05/30 15:38:35 INFO DAGScheduler: failed: Set()
[2025-05-30T15:38:35.463+0000] {subprocess.py:93} INFO - 25/05/30 15:38:35 INFO ShufflePartitionsUtil: For shuffle(1), advisory target size: 67108864, actual target size 1048576, minimum partition size: 1048576
[2025-05-30T15:38:35.476+0000] {subprocess.py:93} INFO - 25/05/30 15:38:35 INFO HashAggregateExec: spark.sql.codegen.aggregate.map.twolevel.enabled is set to true, but current version of codegened fast hashmap does not support this aggregate.
[2025-05-30T15:38:35.514+0000] {subprocess.py:93} INFO - 25/05/30 15:38:35 INFO CodeGenerator: Code generated in 28.077985 ms
[2025-05-30T15:38:35.570+0000] {subprocess.py:93} INFO - 25/05/30 15:38:35 INFO SparkContext: Starting job: showString at NativeMethodAccessorImpl.java:0
[2025-05-30T15:38:35.571+0000] {subprocess.py:93} INFO - 25/05/30 15:38:35 INFO DAGScheduler: Got job 5 (showString at NativeMethodAccessorImpl.java:0) with 1 output partitions
[2025-05-30T15:38:35.571+0000] {subprocess.py:93} INFO - 25/05/30 15:38:35 INFO DAGScheduler: Final stage: ResultStage 7 (showString at NativeMethodAccessorImpl.java:0)
[2025-05-30T15:38:35.571+0000] {subprocess.py:93} INFO - 25/05/30 15:38:35 INFO DAGScheduler: Parents of final stage: List(ShuffleMapStage 6)
[2025-05-30T15:38:35.572+0000] {subprocess.py:93} INFO - 25/05/30 15:38:35 INFO DAGScheduler: Missing parents: List()
[2025-05-30T15:38:35.572+0000] {subprocess.py:93} INFO - 25/05/30 15:38:35 INFO DAGScheduler: Submitting ResultStage 7 (MapPartitionsRDD[23] at showString at NativeMethodAccessorImpl.java:0), which has no missing parents
[2025-05-30T15:38:35.579+0000] {subprocess.py:93} INFO - 25/05/30 15:38:35 INFO MemoryStore: Block broadcast_9 stored as values in memory (estimated size 46.8 KiB, free 433.8 MiB)
[2025-05-30T15:38:35.604+0000] {subprocess.py:93} INFO - 25/05/30 15:38:35 INFO MemoryStore: Block broadcast_9_piece0 stored as bytes in memory (estimated size 21.7 KiB, free 433.8 MiB)
[2025-05-30T15:38:35.609+0000] {subprocess.py:93} INFO - 25/05/30 15:38:35 INFO BlockManagerInfo: Added broadcast_9_piece0 in memory on 72d5b50e128d:46251 (size: 21.7 KiB, free: 434.3 MiB)
[2025-05-30T15:38:35.610+0000] {subprocess.py:93} INFO - 25/05/30 15:38:35 INFO SparkContext: Created broadcast 9 from broadcast at DAGScheduler.scala:1585
[2025-05-30T15:38:35.611+0000] {subprocess.py:93} INFO - 25/05/30 15:38:35 INFO DAGScheduler: Submitting 1 missing tasks from ResultStage 7 (MapPartitionsRDD[23] at showString at NativeMethodAccessorImpl.java:0) (first 15 tasks are for partitions Vector(0))
[2025-05-30T15:38:35.612+0000] {subprocess.py:93} INFO - 25/05/30 15:38:35 INFO TaskSchedulerImpl: Adding task set 7.0 with 1 tasks resource profile 0
[2025-05-30T15:38:35.617+0000] {subprocess.py:93} INFO - 25/05/30 15:38:35 INFO TaskSetManager: Starting task 0.0 in stage 7.0 (TID 5) (72d5b50e128d, executor driver, partition 0, NODE_LOCAL, 8999 bytes)
[2025-05-30T15:38:35.617+0000] {subprocess.py:93} INFO - 25/05/30 15:38:35 INFO BlockManagerInfo: Removed broadcast_8_piece0 on 72d5b50e128d:46251 in memory (size: 20.2 KiB, free: 434.3 MiB)
[2025-05-30T15:38:35.618+0000] {subprocess.py:93} INFO - 25/05/30 15:38:35 INFO Executor: Running task 0.0 in stage 7.0 (TID 5)
[2025-05-30T15:38:35.661+0000] {subprocess.py:93} INFO - 25/05/30 15:38:35 INFO ShuffleBlockFetcherIterator: Getting 1 (936.0 B) non-empty blocks including 1 (936.0 B) local and 0 (0.0 B) host-local and 0 (0.0 B) push-merged-local and 0 (0.0 B) remote blocks
[2025-05-30T15:38:35.662+0000] {subprocess.py:93} INFO - 25/05/30 15:38:35 INFO ShuffleBlockFetcherIterator: Started 0 remote fetches in 1 ms
[2025-05-30T15:38:35.708+0000] {subprocess.py:93} INFO - 25/05/30 15:38:35 INFO CodeGenerator: Code generated in 46.3626 ms
[2025-05-30T15:38:35.728+0000] {subprocess.py:93} INFO - 25/05/30 15:38:35 INFO Executor: Finished task 0.0 in stage 7.0 (TID 5). 5496 bytes result sent to driver
[2025-05-30T15:38:35.734+0000] {subprocess.py:93} INFO - 25/05/30 15:38:35 INFO TaskSetManager: Finished task 0.0 in stage 7.0 (TID 5) in 120 ms on 72d5b50e128d (executor driver) (1/1)
[2025-05-30T15:38:35.734+0000] {subprocess.py:93} INFO - 25/05/30 15:38:35 INFO TaskSchedulerImpl: Removed TaskSet 7.0, whose tasks have all completed, from pool
[2025-05-30T15:38:35.737+0000] {subprocess.py:93} INFO - 25/05/30 15:38:35 INFO DAGScheduler: ResultStage 7 (showString at NativeMethodAccessorImpl.java:0) finished in 0.160 s
[2025-05-30T15:38:35.738+0000] {subprocess.py:93} INFO - 25/05/30 15:38:35 INFO DAGScheduler: Job 5 is finished. Cancelling potential speculative or zombie tasks for this job
[2025-05-30T15:38:35.738+0000] {subprocess.py:93} INFO - 25/05/30 15:38:35 INFO TaskSchedulerImpl: Killing all running tasks in stage 7: Stage finished
[2025-05-30T15:38:35.741+0000] {subprocess.py:93} INFO - 25/05/30 15:38:35 INFO DAGScheduler: Job 5 finished: showString at NativeMethodAccessorImpl.java:0, took 0.171198 s
[2025-05-30T15:38:35.756+0000] {subprocess.py:93} INFO - +------------+------------------+
[2025-05-30T15:38:35.756+0000] {subprocess.py:93} INFO - |     Country| Average_Price_USD|
[2025-05-30T15:38:35.756+0000] {subprocess.py:93} INFO - +------------+------------------+
[2025-05-30T15:38:35.757+0000] {subprocess.py:93} INFO - |      Turkey|2.6218307692307716|
[2025-05-30T15:38:35.757+0000] {subprocess.py:93} INFO - |       India|  2.57108504398827|
[2025-05-30T15:38:35.757+0000] {subprocess.py:93} INFO - |     Nigeria|               2.5|
[2025-05-30T15:38:35.757+0000] {subprocess.py:93} INFO - |    Thailand|2.5553601108033224|
[2025-05-30T15:38:35.757+0000] {subprocess.py:93} INFO - |      Israel|               3.0|
[2025-05-30T15:38:35.758+0000] {subprocess.py:93} INFO - |         USA| 2.578727858293071|
[2025-05-30T15:38:35.758+0000] {subprocess.py:93} INFO - |      Mexico|2.5658939393939377|
[2025-05-30T15:38:35.758+0000] {subprocess.py:93} INFO - |     Lebanon|3.5508474576271185|
[2025-05-30T15:38:35.758+0000] {subprocess.py:93} INFO - |       Japan| 2.770204326923076|
[2025-05-30T15:38:35.758+0000] {subprocess.py:93} INFO - |       Egypt|2.8000000000000007|
[2025-05-30T15:38:35.758+0000] {subprocess.py:93} INFO - |South Africa|               3.5|
[2025-05-30T15:38:35.759+0000] {subprocess.py:93} INFO - +------------+------------------+
[2025-05-30T15:38:35.759+0000] {subprocess.py:93} INFO - 
[2025-05-30T15:38:35.816+0000] {subprocess.py:93} INFO - 25/05/30 15:38:35 INFO FileSourceStrategy: Pushed Filters:
[2025-05-30T15:38:35.816+0000] {subprocess.py:93} INFO - 25/05/30 15:38:35 INFO FileSourceStrategy: Post-Scan Filters:
[2025-05-30T15:38:35.881+0000] {subprocess.py:93} INFO - 25/05/30 15:38:35 INFO MemoryStore: Block broadcast_10 stored as values in memory (estimated size 199.5 KiB, free 433.7 MiB)
[2025-05-30T15:38:35.905+0000] {subprocess.py:93} INFO - 25/05/30 15:38:35 INFO MemoryStore: Block broadcast_10_piece0 stored as bytes in memory (estimated size 34.3 KiB, free 433.6 MiB)
[2025-05-30T15:38:35.905+0000] {subprocess.py:93} INFO - 25/05/30 15:38:35 INFO BlockManagerInfo: Added broadcast_10_piece0 in memory on 72d5b50e128d:46251 (size: 34.3 KiB, free: 434.3 MiB)
[2025-05-30T15:38:35.911+0000] {subprocess.py:93} INFO - 25/05/30 15:38:35 INFO SparkContext: Created broadcast 10 from showString at NativeMethodAccessorImpl.java:0
[2025-05-30T15:38:35.917+0000] {subprocess.py:93} INFO - 25/05/30 15:38:35 INFO FileSourceScanExec: Planning scan with bin packing, max size: 4194304 bytes, open cost is considered as scanning 4194304 bytes.
[2025-05-30T15:38:35.962+0000] {subprocess.py:93} INFO - 25/05/30 15:38:35 INFO DAGScheduler: Registering RDD 27 (showString at NativeMethodAccessorImpl.java:0) as input to shuffle 2
[2025-05-30T15:38:35.964+0000] {subprocess.py:93} INFO - 25/05/30 15:38:35 INFO DAGScheduler: Got map stage job 6 (showString at NativeMethodAccessorImpl.java:0) with 1 output partitions
[2025-05-30T15:38:35.964+0000] {subprocess.py:93} INFO - 25/05/30 15:38:35 INFO DAGScheduler: Final stage: ShuffleMapStage 8 (showString at NativeMethodAccessorImpl.java:0)
[2025-05-30T15:38:35.964+0000] {subprocess.py:93} INFO - 25/05/30 15:38:35 INFO DAGScheduler: Parents of final stage: List()
[2025-05-30T15:38:35.964+0000] {subprocess.py:93} INFO - 25/05/30 15:38:35 INFO DAGScheduler: Missing parents: List()
[2025-05-30T15:38:35.965+0000] {subprocess.py:93} INFO - 25/05/30 15:38:35 INFO DAGScheduler: Submitting ShuffleMapStage 8 (MapPartitionsRDD[27] at showString at NativeMethodAccessorImpl.java:0), which has no missing parents
[2025-05-30T15:38:35.978+0000] {subprocess.py:93} INFO - 25/05/30 15:38:35 INFO MemoryStore: Block broadcast_11 stored as values in memory (estimated size 38.9 KiB, free 433.6 MiB)
[2025-05-30T15:38:35.984+0000] {subprocess.py:93} INFO - 25/05/30 15:38:35 INFO MemoryStore: Block broadcast_11_piece0 stored as bytes in memory (estimated size 18.5 KiB, free 433.6 MiB)
[2025-05-30T15:38:35.985+0000] {subprocess.py:93} INFO - 25/05/30 15:38:35 INFO BlockManagerInfo: Added broadcast_11_piece0 in memory on 72d5b50e128d:46251 (size: 18.5 KiB, free: 434.3 MiB)
[2025-05-30T15:38:35.986+0000] {subprocess.py:93} INFO - 25/05/30 15:38:35 INFO SparkContext: Created broadcast 11 from broadcast at DAGScheduler.scala:1585
[2025-05-30T15:38:35.988+0000] {subprocess.py:93} INFO - 25/05/30 15:38:35 INFO DAGScheduler: Submitting 1 missing tasks from ShuffleMapStage 8 (MapPartitionsRDD[27] at showString at NativeMethodAccessorImpl.java:0) (first 15 tasks are for partitions Vector(0))
[2025-05-30T15:38:35.989+0000] {subprocess.py:93} INFO - 25/05/30 15:38:35 INFO TaskSchedulerImpl: Adding task set 8.0 with 1 tasks resource profile 0
[2025-05-30T15:38:35.990+0000] {subprocess.py:93} INFO - 25/05/30 15:38:35 INFO TaskSetManager: Starting task 0.0 in stage 8.0 (TID 6) (72d5b50e128d, executor driver, partition 0, PROCESS_LOCAL, 9603 bytes)
[2025-05-30T15:38:35.993+0000] {subprocess.py:93} INFO - 25/05/30 15:38:35 INFO Executor: Running task 0.0 in stage 8.0 (TID 6)
[2025-05-30T15:38:36.026+0000] {subprocess.py:93} INFO - 25/05/30 15:38:36 INFO FileScanRDD: Reading File path: file:///opt/***/csv_files/global_street_food.csv, range: 0-555390, partition values: [empty row]
[2025-05-30T15:38:36.156+0000] {subprocess.py:93} INFO - 25/05/30 15:38:36 INFO Executor: Finished task 0.0 in stage 8.0 (TID 6). 2722 bytes result sent to driver
[2025-05-30T15:38:36.163+0000] {subprocess.py:93} INFO - 25/05/30 15:38:36 INFO TaskSetManager: Finished task 0.0 in stage 8.0 (TID 6) in 174 ms on 72d5b50e128d (executor driver) (1/1)
[2025-05-30T15:38:36.164+0000] {subprocess.py:93} INFO - 25/05/30 15:38:36 INFO TaskSchedulerImpl: Removed TaskSet 8.0, whose tasks have all completed, from pool
[2025-05-30T15:38:36.175+0000] {subprocess.py:93} INFO - 25/05/30 15:38:36 INFO DAGScheduler: ShuffleMapStage 8 (showString at NativeMethodAccessorImpl.java:0) finished in 0.201 s
[2025-05-30T15:38:36.175+0000] {subprocess.py:93} INFO - 25/05/30 15:38:36 INFO DAGScheduler: looking for newly runnable stages
[2025-05-30T15:38:36.176+0000] {subprocess.py:93} INFO - 25/05/30 15:38:36 INFO DAGScheduler: running: Set()
[2025-05-30T15:38:36.176+0000] {subprocess.py:93} INFO - 25/05/30 15:38:36 INFO DAGScheduler: waiting: Set()
[2025-05-30T15:38:36.176+0000] {subprocess.py:93} INFO - 25/05/30 15:38:36 INFO DAGScheduler: failed: Set()
[2025-05-30T15:38:36.185+0000] {subprocess.py:93} INFO - 25/05/30 15:38:36 INFO ShufflePartitionsUtil: For shuffle(2), advisory target size: 67108864, actual target size 1048576, minimum partition size: 1048576
[2025-05-30T15:38:36.255+0000] {subprocess.py:93} INFO - 25/05/30 15:38:36 INFO CodeGenerator: Code generated in 40.690256 ms
[2025-05-30T15:38:36.259+0000] {subprocess.py:93} INFO - 25/05/30 15:38:36 INFO HashAggregateExec: spark.sql.codegen.aggregate.map.twolevel.enabled is set to true, but current version of codegened fast hashmap does not support this aggregate.
[2025-05-30T15:38:36.316+0000] {subprocess.py:93} INFO - 25/05/30 15:38:36 INFO CodeGenerator: Code generated in 43.066456 ms
[2025-05-30T15:38:36.407+0000] {subprocess.py:93} INFO - 25/05/30 15:38:36 INFO SparkContext: Starting job: showString at NativeMethodAccessorImpl.java:0
[2025-05-30T15:38:36.409+0000] {subprocess.py:93} INFO - 25/05/30 15:38:36 INFO DAGScheduler: Got job 7 (showString at NativeMethodAccessorImpl.java:0) with 1 output partitions
[2025-05-30T15:38:36.409+0000] {subprocess.py:93} INFO - 25/05/30 15:38:36 INFO DAGScheduler: Final stage: ResultStage 10 (showString at NativeMethodAccessorImpl.java:0)
[2025-05-30T15:38:36.410+0000] {subprocess.py:93} INFO - 25/05/30 15:38:36 INFO DAGScheduler: Parents of final stage: List(ShuffleMapStage 9)
[2025-05-30T15:38:36.410+0000] {subprocess.py:93} INFO - 25/05/30 15:38:36 INFO DAGScheduler: Missing parents: List()
[2025-05-30T15:38:36.410+0000] {subprocess.py:93} INFO - 25/05/30 15:38:36 INFO DAGScheduler: Submitting ResultStage 10 (MapPartitionsRDD[31] at showString at NativeMethodAccessorImpl.java:0), which has no missing parents
[2025-05-30T15:38:36.427+0000] {subprocess.py:93} INFO - 25/05/30 15:38:36 INFO MemoryStore: Block broadcast_12 stored as values in memory (estimated size 42.2 KiB, free 433.6 MiB)
[2025-05-30T15:38:36.430+0000] {subprocess.py:93} INFO - 25/05/30 15:38:36 INFO MemoryStore: Block broadcast_12_piece0 stored as bytes in memory (estimated size 20.0 KiB, free 433.5 MiB)
[2025-05-30T15:38:36.431+0000] {subprocess.py:93} INFO - 25/05/30 15:38:36 INFO BlockManagerInfo: Added broadcast_12_piece0 in memory on 72d5b50e128d:46251 (size: 20.0 KiB, free: 434.2 MiB)
[2025-05-30T15:38:36.432+0000] {subprocess.py:93} INFO - 25/05/30 15:38:36 INFO SparkContext: Created broadcast 12 from broadcast at DAGScheduler.scala:1585
[2025-05-30T15:38:36.433+0000] {subprocess.py:93} INFO - 25/05/30 15:38:36 INFO DAGScheduler: Submitting 1 missing tasks from ResultStage 10 (MapPartitionsRDD[31] at showString at NativeMethodAccessorImpl.java:0) (first 15 tasks are for partitions Vector(0))
[2025-05-30T15:38:36.433+0000] {subprocess.py:93} INFO - 25/05/30 15:38:36 INFO TaskSchedulerImpl: Adding task set 10.0 with 1 tasks resource profile 0
[2025-05-30T15:38:36.434+0000] {subprocess.py:93} INFO - 25/05/30 15:38:36 INFO TaskSetManager: Starting task 0.0 in stage 10.0 (TID 7) (72d5b50e128d, executor driver, partition 0, NODE_LOCAL, 8999 bytes)
[2025-05-30T15:38:36.435+0000] {subprocess.py:93} INFO - 25/05/30 15:38:36 INFO Executor: Running task 0.0 in stage 10.0 (TID 7)
[2025-05-30T15:38:36.475+0000] {subprocess.py:93} INFO - 25/05/30 15:38:36 INFO CodeGenerator: Code generated in 8.211366 ms
[2025-05-30T15:38:36.481+0000] {subprocess.py:93} INFO - 25/05/30 15:38:36 INFO ShuffleBlockFetcherIterator: Getting 1 (704.0 B) non-empty blocks including 1 (704.0 B) local and 0 (0.0 B) host-local and 0 (0.0 B) push-merged-local and 0 (0.0 B) remote blocks
[2025-05-30T15:38:36.482+0000] {subprocess.py:93} INFO - 25/05/30 15:38:36 INFO ShuffleBlockFetcherIterator: Started 0 remote fetches in 1 ms
[2025-05-30T15:38:36.516+0000] {subprocess.py:93} INFO - 25/05/30 15:38:36 INFO CodeGenerator: Code generated in 33.527343 ms
[2025-05-30T15:38:36.542+0000] {subprocess.py:93} INFO - 25/05/30 15:38:36 INFO Executor: Finished task 0.0 in stage 10.0 (TID 7). 5373 bytes result sent to driver
[2025-05-30T15:38:36.545+0000] {subprocess.py:93} INFO - 25/05/30 15:38:36 INFO TaskSetManager: Finished task 0.0 in stage 10.0 (TID 7) in 111 ms on 72d5b50e128d (executor driver) (1/1)
[2025-05-30T15:38:36.547+0000] {subprocess.py:93} INFO - 25/05/30 15:38:36 INFO DAGScheduler: ResultStage 10 (showString at NativeMethodAccessorImpl.java:0) finished in 0.130 s
[2025-05-30T15:38:36.548+0000] {subprocess.py:93} INFO - 25/05/30 15:38:36 INFO DAGScheduler: Job 7 is finished. Cancelling potential speculative or zombie tasks for this job
[2025-05-30T15:38:36.548+0000] {subprocess.py:93} INFO - 25/05/30 15:38:36 INFO TaskSchedulerImpl: Removed TaskSet 10.0, whose tasks have all completed, from pool
[2025-05-30T15:38:36.548+0000] {subprocess.py:93} INFO - 25/05/30 15:38:36 INFO TaskSchedulerImpl: Killing all running tasks in stage 10: Stage finished
[2025-05-30T15:38:36.549+0000] {subprocess.py:93} INFO - 25/05/30 15:38:36 INFO DAGScheduler: Job 7 finished: showString at NativeMethodAccessorImpl.java:0, took 0.140626 s
[2025-05-30T15:38:36.564+0000] {subprocess.py:93} INFO - 25/05/30 15:38:36 INFO CodeGenerator: Code generated in 11.034465 ms
[2025-05-30T15:38:36.576+0000] {subprocess.py:93} INFO - +--------------+-----+
[2025-05-30T15:38:36.577+0000] {subprocess.py:93} INFO - |Cooking Method|count|
[2025-05-30T15:38:36.577+0000] {subprocess.py:93} INFO - +--------------+-----+
[2025-05-30T15:38:36.578+0000] {subprocess.py:93} INFO - |       Grilled| 1852|
[2025-05-30T15:38:36.578+0000] {subprocess.py:93} INFO - |         Fried|  718|
[2025-05-30T15:38:36.578+0000] {subprocess.py:93} INFO - |         Baked|  549|
[2025-05-30T15:38:36.578+0000] {subprocess.py:93} INFO - |    Stir-Fried|  513|
[2025-05-30T15:38:36.579+0000] {subprocess.py:93} INFO - |     Assembled|  480|
[2025-05-30T15:38:36.579+0000] {subprocess.py:93} INFO - +--------------+-----+
[2025-05-30T15:38:36.579+0000] {subprocess.py:93} INFO - 
[2025-05-30T15:38:36.656+0000] {subprocess.py:93} INFO - 25/05/30 15:38:36 INFO FileSourceStrategy: Pushed Filters:
[2025-05-30T15:38:36.657+0000] {subprocess.py:93} INFO - 25/05/30 15:38:36 INFO FileSourceStrategy: Post-Scan Filters:
[2025-05-30T15:38:36.711+0000] {subprocess.py:93} INFO - 25/05/30 15:38:36 INFO CodeGenerator: Code generated in 26.69163 ms
[2025-05-30T15:38:36.738+0000] {subprocess.py:93} INFO - 25/05/30 15:38:36 INFO CodeGenerator: Code generated in 17.90075 ms
[2025-05-30T15:38:36.748+0000] {subprocess.py:93} INFO - 25/05/30 15:38:36 INFO MemoryStore: Block broadcast_13 stored as values in memory (estimated size 199.5 KiB, free 433.3 MiB)
[2025-05-30T15:38:36.776+0000] {subprocess.py:93} INFO - 25/05/30 15:38:36 INFO MemoryStore: Block broadcast_13_piece0 stored as bytes in memory (estimated size 34.3 KiB, free 433.3 MiB)
[2025-05-30T15:38:36.777+0000] {subprocess.py:93} INFO - 25/05/30 15:38:36 INFO BlockManagerInfo: Added broadcast_13_piece0 in memory on 72d5b50e128d:46251 (size: 34.3 KiB, free: 434.2 MiB)
[2025-05-30T15:38:36.781+0000] {subprocess.py:93} INFO - 25/05/30 15:38:36 INFO SparkContext: Created broadcast 13 from showString at NativeMethodAccessorImpl.java:0
[2025-05-30T15:38:36.782+0000] {subprocess.py:93} INFO - 25/05/30 15:38:36 INFO FileSourceScanExec: Planning scan with bin packing, max size: 4194304 bytes, open cost is considered as scanning 4194304 bytes.
[2025-05-30T15:38:36.849+0000] {subprocess.py:93} INFO - 25/05/30 15:38:36 INFO SparkContext: Starting job: showString at NativeMethodAccessorImpl.java:0
[2025-05-30T15:38:36.850+0000] {subprocess.py:93} INFO - 25/05/30 15:38:36 INFO DAGScheduler: Got job 8 (showString at NativeMethodAccessorImpl.java:0) with 1 output partitions
[2025-05-30T15:38:36.851+0000] {subprocess.py:93} INFO - 25/05/30 15:38:36 INFO DAGScheduler: Final stage: ResultStage 11 (showString at NativeMethodAccessorImpl.java:0)
[2025-05-30T15:38:36.851+0000] {subprocess.py:93} INFO - 25/05/30 15:38:36 INFO DAGScheduler: Parents of final stage: List()
[2025-05-30T15:38:36.852+0000] {subprocess.py:93} INFO - 25/05/30 15:38:36 INFO DAGScheduler: Missing parents: List()
[2025-05-30T15:38:36.856+0000] {subprocess.py:93} INFO - 25/05/30 15:38:36 INFO DAGScheduler: Submitting ResultStage 11 (MapPartitionsRDD[36] at showString at NativeMethodAccessorImpl.java:0), which has no missing parents
[2025-05-30T15:38:36.865+0000] {subprocess.py:93} INFO - 25/05/30 15:38:36 INFO MemoryStore: Block broadcast_14 stored as values in memory (estimated size 18.0 KiB, free 433.3 MiB)
[2025-05-30T15:38:36.868+0000] {subprocess.py:93} INFO - 25/05/30 15:38:36 INFO MemoryStore: Block broadcast_14_piece0 stored as bytes in memory (estimated size 8.5 KiB, free 433.3 MiB)
[2025-05-30T15:38:36.870+0000] {subprocess.py:93} INFO - 25/05/30 15:38:36 INFO BlockManagerInfo: Added broadcast_14_piece0 in memory on 72d5b50e128d:46251 (size: 8.5 KiB, free: 434.2 MiB)
[2025-05-30T15:38:36.871+0000] {subprocess.py:93} INFO - 25/05/30 15:38:36 INFO SparkContext: Created broadcast 14 from broadcast at DAGScheduler.scala:1585
[2025-05-30T15:38:36.871+0000] {subprocess.py:93} INFO - 25/05/30 15:38:36 INFO DAGScheduler: Submitting 1 missing tasks from ResultStage 11 (MapPartitionsRDD[36] at showString at NativeMethodAccessorImpl.java:0) (first 15 tasks are for partitions Vector(0))
[2025-05-30T15:38:36.872+0000] {subprocess.py:93} INFO - 25/05/30 15:38:36 INFO TaskSchedulerImpl: Adding task set 11.0 with 1 tasks resource profile 0
[2025-05-30T15:38:36.881+0000] {subprocess.py:93} INFO - 25/05/30 15:38:36 INFO TaskSetManager: Starting task 0.0 in stage 11.0 (TID 8) (72d5b50e128d, executor driver, partition 0, PROCESS_LOCAL, 9614 bytes)
[2025-05-30T15:38:36.887+0000] {subprocess.py:93} INFO - 25/05/30 15:38:36 INFO Executor: Running task 0.0 in stage 11.0 (TID 8)
[2025-05-30T15:38:36.938+0000] {subprocess.py:93} INFO - 25/05/30 15:38:36 INFO CodeGenerator: Code generated in 31.782513 ms
[2025-05-30T15:38:36.975+0000] {subprocess.py:93} INFO - 25/05/30 15:38:36 INFO CodeGenerator: Code generated in 31.326898 ms
[2025-05-30T15:38:36.976+0000] {subprocess.py:93} INFO - 25/05/30 15:38:36 INFO FileScanRDD: Reading File path: file:///opt/***/csv_files/global_street_food.csv, range: 0-555390, partition values: [empty row]
[2025-05-30T15:38:37.001+0000] {subprocess.py:93} INFO - 25/05/30 15:38:37 INFO CodeGenerator: Code generated in 18.335396 ms
[2025-05-30T15:38:37.106+0000] {subprocess.py:93} INFO - 25/05/30 15:38:37 INFO Executor: Finished task 0.0 in stage 11.0 (TID 8). 1835 bytes result sent to driver
[2025-05-30T15:38:37.112+0000] {subprocess.py:93} INFO - 25/05/30 15:38:37 INFO TaskSetManager: Finished task 0.0 in stage 11.0 (TID 8) in 235 ms on 72d5b50e128d (executor driver) (1/1)
[2025-05-30T15:38:37.113+0000] {subprocess.py:93} INFO - 25/05/30 15:38:37 INFO TaskSchedulerImpl: Removed TaskSet 11.0, whose tasks have all completed, from pool
[2025-05-30T15:38:37.113+0000] {subprocess.py:93} INFO - 25/05/30 15:38:37 INFO DAGScheduler: ResultStage 11 (showString at NativeMethodAccessorImpl.java:0) finished in 0.253 s
[2025-05-30T15:38:37.113+0000] {subprocess.py:93} INFO - 25/05/30 15:38:37 INFO DAGScheduler: Job 8 is finished. Cancelling potential speculative or zombie tasks for this job
[2025-05-30T15:38:37.114+0000] {subprocess.py:93} INFO - 25/05/30 15:38:37 INFO TaskSchedulerImpl: Killing all running tasks in stage 11: Stage finished
[2025-05-30T15:38:37.114+0000] {subprocess.py:93} INFO - 25/05/30 15:38:37 INFO DAGScheduler: Job 8 finished: showString at NativeMethodAccessorImpl.java:0, took 0.264211 s
[2025-05-30T15:38:37.138+0000] {subprocess.py:93} INFO - 25/05/30 15:38:37 INFO CodeGenerator: Code generated in 17.359455 ms
[2025-05-30T15:38:37.175+0000] {subprocess.py:93} INFO - 25/05/30 15:38:37 INFO CodeGenerator: Code generated in 19.948603 ms
[2025-05-30T15:38:37.186+0000] {subprocess.py:93} INFO - +-----------+-------+---------+
[2025-05-30T15:38:37.187+0000] {subprocess.py:93} INFO - |  Dish_Name|Country|Price_USD|
[2025-05-30T15:38:37.187+0000] {subprocess.py:93} INFO - +-----------+-------+---------+
[2025-05-30T15:38:37.187+0000] {subprocess.py:93} INFO - |   Vada Pav|  India|      5.0|
[2025-05-30T15:38:37.187+0000] {subprocess.py:93} INFO - |Okonomiyaki|  Japan|      5.0|
[2025-05-30T15:38:37.188+0000] {subprocess.py:93} INFO - |    Taiyaki|  Japan|      5.0|
[2025-05-30T15:38:37.188+0000] {subprocess.py:93} INFO - |      Elote| Mexico|      5.0|
[2025-05-30T15:38:37.188+0000] {subprocess.py:93} INFO - |      Elote| Mexico|      5.0|
[2025-05-30T15:38:37.188+0000] {subprocess.py:93} INFO - +-----------+-------+---------+
[2025-05-30T15:38:37.188+0000] {subprocess.py:93} INFO - 
[2025-05-30T15:38:37.246+0000] {subprocess.py:93} INFO - 25/05/30 15:38:37 INFO FileSourceStrategy: Pushed Filters:
[2025-05-30T15:38:37.246+0000] {subprocess.py:93} INFO - 25/05/30 15:38:37 INFO FileSourceStrategy: Post-Scan Filters:
[2025-05-30T15:38:37.429+0000] {subprocess.py:93} INFO - 25/05/30 15:38:37 INFO CodeGenerator: Code generated in 104.596444 ms
[2025-05-30T15:38:37.436+0000] {subprocess.py:93} INFO - 25/05/30 15:38:37 INFO MemoryStore: Block broadcast_15 stored as values in memory (estimated size 199.5 KiB, free 433.1 MiB)
[2025-05-30T15:38:37.466+0000] {subprocess.py:93} INFO - 25/05/30 15:38:37 INFO MemoryStore: Block broadcast_15_piece0 stored as bytes in memory (estimated size 34.3 KiB, free 433.0 MiB)
[2025-05-30T15:38:37.467+0000] {subprocess.py:93} INFO - 25/05/30 15:38:37 INFO BlockManagerInfo: Added broadcast_15_piece0 in memory on 72d5b50e128d:46251 (size: 34.3 KiB, free: 434.2 MiB)
[2025-05-30T15:38:37.469+0000] {subprocess.py:93} INFO - 25/05/30 15:38:37 INFO SparkContext: Created broadcast 15 from showString at NativeMethodAccessorImpl.java:0
[2025-05-30T15:38:37.471+0000] {subprocess.py:93} INFO - 25/05/30 15:38:37 INFO FileSourceScanExec: Planning scan with bin packing, max size: 4194304 bytes, open cost is considered as scanning 4194304 bytes.
[2025-05-30T15:38:37.489+0000] {subprocess.py:93} INFO - 25/05/30 15:38:37 INFO DAGScheduler: Registering RDD 40 (showString at NativeMethodAccessorImpl.java:0) as input to shuffle 3
[2025-05-30T15:38:37.491+0000] {subprocess.py:93} INFO - 25/05/30 15:38:37 INFO DAGScheduler: Got map stage job 9 (showString at NativeMethodAccessorImpl.java:0) with 1 output partitions
[2025-05-30T15:38:37.491+0000] {subprocess.py:93} INFO - 25/05/30 15:38:37 INFO DAGScheduler: Final stage: ShuffleMapStage 12 (showString at NativeMethodAccessorImpl.java:0)
[2025-05-30T15:38:37.492+0000] {subprocess.py:93} INFO - 25/05/30 15:38:37 INFO DAGScheduler: Parents of final stage: List()
[2025-05-30T15:38:37.492+0000] {subprocess.py:93} INFO - 25/05/30 15:38:37 INFO DAGScheduler: Missing parents: List()
[2025-05-30T15:38:37.492+0000] {subprocess.py:93} INFO - 25/05/30 15:38:37 INFO DAGScheduler: Submitting ShuffleMapStage 12 (MapPartitionsRDD[40] at showString at NativeMethodAccessorImpl.java:0), which has no missing parents
[2025-05-30T15:38:37.500+0000] {subprocess.py:93} INFO - 25/05/30 15:38:37 INFO MemoryStore: Block broadcast_16 stored as values in memory (estimated size 39.7 KiB, free 433.0 MiB)
[2025-05-30T15:38:37.532+0000] {subprocess.py:93} INFO - 25/05/30 15:38:37 INFO MemoryStore: Block broadcast_16_piece0 stored as bytes in memory (estimated size 18.8 KiB, free 433.0 MiB)
[2025-05-30T15:38:37.533+0000] {subprocess.py:93} INFO - 25/05/30 15:38:37 INFO BlockManagerInfo: Added broadcast_16_piece0 in memory on 72d5b50e128d:46251 (size: 18.8 KiB, free: 434.1 MiB)
[2025-05-30T15:38:37.534+0000] {subprocess.py:93} INFO - 25/05/30 15:38:37 INFO SparkContext: Created broadcast 16 from broadcast at DAGScheduler.scala:1585
[2025-05-30T15:38:37.535+0000] {subprocess.py:93} INFO - 25/05/30 15:38:37 INFO DAGScheduler: Submitting 1 missing tasks from ShuffleMapStage 12 (MapPartitionsRDD[40] at showString at NativeMethodAccessorImpl.java:0) (first 15 tasks are for partitions Vector(0))
[2025-05-30T15:38:37.535+0000] {subprocess.py:93} INFO - 25/05/30 15:38:37 INFO TaskSchedulerImpl: Adding task set 12.0 with 1 tasks resource profile 0
[2025-05-30T15:38:37.537+0000] {subprocess.py:93} INFO - 25/05/30 15:38:37 INFO TaskSetManager: Starting task 0.0 in stage 12.0 (TID 9) (72d5b50e128d, executor driver, partition 0, PROCESS_LOCAL, 9603 bytes)
[2025-05-30T15:38:37.540+0000] {subprocess.py:93} INFO - 25/05/30 15:38:37 INFO Executor: Running task 0.0 in stage 12.0 (TID 9)
[2025-05-30T15:38:37.713+0000] {subprocess.py:93} INFO - 25/05/30 15:38:37 INFO CodeGenerator: Code generated in 152.193375 ms
[2025-05-30T15:38:37.760+0000] {subprocess.py:93} INFO - 25/05/30 15:38:37 INFO FileScanRDD: Reading File path: file:///opt/***/csv_files/global_street_food.csv, range: 0-555390, partition values: [empty row]
[2025-05-30T15:38:37.906+0000] {subprocess.py:93} INFO - 25/05/30 15:38:37 INFO Executor: Finished task 0.0 in stage 12.0 (TID 9). 2722 bytes result sent to driver
[2025-05-30T15:38:37.908+0000] {subprocess.py:93} INFO - 25/05/30 15:38:37 INFO TaskSetManager: Finished task 0.0 in stage 12.0 (TID 9) in 372 ms on 72d5b50e128d (executor driver) (1/1)
[2025-05-30T15:38:37.909+0000] {subprocess.py:93} INFO - 25/05/30 15:38:37 INFO TaskSchedulerImpl: Removed TaskSet 12.0, whose tasks have all completed, from pool
[2025-05-30T15:38:37.913+0000] {subprocess.py:93} INFO - 25/05/30 15:38:37 INFO DAGScheduler: ShuffleMapStage 12 (showString at NativeMethodAccessorImpl.java:0) finished in 0.415 s
[2025-05-30T15:38:37.913+0000] {subprocess.py:93} INFO - 25/05/30 15:38:37 INFO DAGScheduler: looking for newly runnable stages
[2025-05-30T15:38:37.914+0000] {subprocess.py:93} INFO - 25/05/30 15:38:37 INFO DAGScheduler: running: Set()
[2025-05-30T15:38:37.914+0000] {subprocess.py:93} INFO - 25/05/30 15:38:37 INFO DAGScheduler: waiting: Set()
[2025-05-30T15:38:37.914+0000] {subprocess.py:93} INFO - 25/05/30 15:38:37 INFO DAGScheduler: failed: Set()
[2025-05-30T15:38:37.919+0000] {subprocess.py:93} INFO - 25/05/30 15:38:37 INFO ShufflePartitionsUtil: For shuffle(3), advisory target size: 67108864, actual target size 1048576, minimum partition size: 1048576
[2025-05-30T15:38:37.931+0000] {subprocess.py:93} INFO - 25/05/30 15:38:37 INFO HashAggregateExec: spark.sql.codegen.aggregate.map.twolevel.enabled is set to true, but current version of codegened fast hashmap does not support this aggregate.
[2025-05-30T15:38:38.010+0000] {subprocess.py:93} INFO - 25/05/30 15:38:38 INFO SparkContext: Starting job: showString at NativeMethodAccessorImpl.java:0
[2025-05-30T15:38:38.014+0000] {subprocess.py:93} INFO - 25/05/30 15:38:38 INFO DAGScheduler: Got job 10 (showString at NativeMethodAccessorImpl.java:0) with 1 output partitions
[2025-05-30T15:38:38.015+0000] {subprocess.py:93} INFO - 25/05/30 15:38:38 INFO DAGScheduler: Final stage: ResultStage 14 (showString at NativeMethodAccessorImpl.java:0)
[2025-05-30T15:38:38.015+0000] {subprocess.py:93} INFO - 25/05/30 15:38:38 INFO DAGScheduler: Parents of final stage: List(ShuffleMapStage 13)
[2025-05-30T15:38:38.015+0000] {subprocess.py:93} INFO - 25/05/30 15:38:38 INFO DAGScheduler: Missing parents: List()
[2025-05-30T15:38:38.015+0000] {subprocess.py:93} INFO - 25/05/30 15:38:38 INFO DAGScheduler: Submitting ResultStage 14 (MapPartitionsRDD[43] at showString at NativeMethodAccessorImpl.java:0), which has no missing parents
[2025-05-30T15:38:38.032+0000] {subprocess.py:93} INFO - 25/05/30 15:38:38 INFO MemoryStore: Block broadcast_17 stored as values in memory (estimated size 41.7 KiB, free 433.0 MiB)
[2025-05-30T15:38:38.036+0000] {subprocess.py:93} INFO - 25/05/30 15:38:38 INFO MemoryStore: Block broadcast_17_piece0 stored as bytes in memory (estimated size 19.9 KiB, free 432.9 MiB)
[2025-05-30T15:38:38.037+0000] {subprocess.py:93} INFO - 25/05/30 15:38:38 INFO BlockManagerInfo: Added broadcast_17_piece0 in memory on 72d5b50e128d:46251 (size: 19.9 KiB, free: 434.1 MiB)
[2025-05-30T15:38:38.037+0000] {subprocess.py:93} INFO - 25/05/30 15:38:38 INFO SparkContext: Created broadcast 17 from broadcast at DAGScheduler.scala:1585
[2025-05-30T15:38:38.039+0000] {subprocess.py:93} INFO - 25/05/30 15:38:38 INFO DAGScheduler: Submitting 1 missing tasks from ResultStage 14 (MapPartitionsRDD[43] at showString at NativeMethodAccessorImpl.java:0) (first 15 tasks are for partitions Vector(0))
[2025-05-30T15:38:38.039+0000] {subprocess.py:93} INFO - 25/05/30 15:38:38 INFO TaskSchedulerImpl: Adding task set 14.0 with 1 tasks resource profile 0
[2025-05-30T15:38:38.044+0000] {subprocess.py:93} INFO - 25/05/30 15:38:38 INFO TaskSetManager: Starting task 0.0 in stage 14.0 (TID 10) (72d5b50e128d, executor driver, partition 0, NODE_LOCAL, 8999 bytes)
[2025-05-30T15:38:38.048+0000] {subprocess.py:93} INFO - 25/05/30 15:38:38 INFO Executor: Running task 0.0 in stage 14.0 (TID 10)
[2025-05-30T15:38:38.067+0000] {subprocess.py:93} INFO - 25/05/30 15:38:38 INFO ShuffleBlockFetcherIterator: Getting 1 (1802.0 B) non-empty blocks including 1 (1802.0 B) local and 0 (0.0 B) host-local and 0 (0.0 B) push-merged-local and 0 (0.0 B) remote blocks
[2025-05-30T15:38:38.068+0000] {subprocess.py:93} INFO - 25/05/30 15:38:38 INFO ShuffleBlockFetcherIterator: Started 0 remote fetches in 1 ms
[2025-05-30T15:38:38.083+0000] {subprocess.py:93} INFO - 25/05/30 15:38:38 INFO Executor: Finished task 0.0 in stage 14.0 (TID 10). 5567 bytes result sent to driver
[2025-05-30T15:38:38.087+0000] {subprocess.py:93} INFO - 25/05/30 15:38:38 INFO TaskSetManager: Finished task 0.0 in stage 14.0 (TID 10) in 45 ms on 72d5b50e128d (executor driver) (1/1)
[2025-05-30T15:38:38.087+0000] {subprocess.py:93} INFO - 25/05/30 15:38:38 INFO TaskSchedulerImpl: Removed TaskSet 14.0, whose tasks have all completed, from pool
[2025-05-30T15:38:38.088+0000] {subprocess.py:93} INFO - 25/05/30 15:38:38 INFO DAGScheduler: ResultStage 14 (showString at NativeMethodAccessorImpl.java:0) finished in 0.065 s
[2025-05-30T15:38:38.088+0000] {subprocess.py:93} INFO - 25/05/30 15:38:38 INFO DAGScheduler: Job 10 is finished. Cancelling potential speculative or zombie tasks for this job
[2025-05-30T15:38:38.089+0000] {subprocess.py:93} INFO - 25/05/30 15:38:38 INFO TaskSchedulerImpl: Killing all running tasks in stage 14: Stage finished
[2025-05-30T15:38:38.091+0000] {subprocess.py:93} INFO - 25/05/30 15:38:38 INFO DAGScheduler: Job 10 finished: showString at NativeMethodAccessorImpl.java:0, took 0.078823 s
[2025-05-30T15:38:38.105+0000] {subprocess.py:93} INFO - +------------+-----+
[2025-05-30T15:38:38.105+0000] {subprocess.py:93} INFO - | Region_City|count|
[2025-05-30T15:38:38.105+0000] {subprocess.py:93} INFO - +------------+-----+
[2025-05-30T15:38:38.106+0000] {subprocess.py:93} INFO - |       Cairo|   57|
[2025-05-30T15:38:38.106+0000] {subprocess.py:93} INFO - |       Kyoto|  217|
[2025-05-30T15:38:38.106+0000] {subprocess.py:93} INFO - |   Ayutthaya|  241|
[2025-05-30T15:38:38.106+0000] {subprocess.py:93} INFO - |  Chiang Mai|  246|
[2025-05-30T15:38:38.106+0000] {subprocess.py:93} INFO - |Philadelphia|  205|
[2025-05-30T15:38:38.106+0000] {subprocess.py:93} INFO - |       Texas|  206|
[2025-05-30T15:38:38.106+0000] {subprocess.py:93} INFO - |      Ankara|  234|
[2025-05-30T15:38:38.106+0000] {subprocess.py:93} INFO - |       Lagos|   51|
[2025-05-30T15:38:38.106+0000] {subprocess.py:93} INFO - |      Mumbai|  230|
[2025-05-30T15:38:38.106+0000] {subprocess.py:93} INFO - |       Tokyo|  278|
[2025-05-30T15:38:38.106+0000] {subprocess.py:93} INFO - |    Tel Aviv|   49|
[2025-05-30T15:38:38.107+0000] {subprocess.py:93} INFO - |      Durban|   58|
[2025-05-30T15:38:38.107+0000] {subprocess.py:93} INFO - | Mexico City|  212|
[2025-05-30T15:38:38.107+0000] {subprocess.py:93} INFO - |     Kolkata|  213|
[2025-05-30T15:38:38.107+0000] {subprocess.py:93} INFO - |    Istanbul|  222|
[2025-05-30T15:38:38.107+0000] {subprocess.py:93} INFO - | Guadalajara|  223|
[2025-05-30T15:38:38.107+0000] {subprocess.py:93} INFO - |      Beirut|   62|
[2025-05-30T15:38:38.107+0000] {subprocess.py:93} INFO - |     Tripoli|   56|
[2025-05-30T15:38:38.107+0000] {subprocess.py:93} INFO - |       Delhi|  239|
[2025-05-30T15:38:38.110+0000] {subprocess.py:93} INFO - |      Puebla|  225|
[2025-05-30T15:38:38.110+0000] {subprocess.py:93} INFO - +------------+-----+
[2025-05-30T15:38:38.111+0000] {subprocess.py:93} INFO - only showing top 20 rows
[2025-05-30T15:38:38.111+0000] {subprocess.py:93} INFO - 
[2025-05-30T15:38:38.111+0000] {subprocess.py:93} INFO - 25/05/30 15:38:38 INFO SparkContext: SparkContext is stopping with exitCode 0.
[2025-05-30T15:38:38.129+0000] {subprocess.py:93} INFO - 25/05/30 15:38:38 INFO SparkUI: Stopped Spark web UI at http://72d5b50e128d:4040
[2025-05-30T15:38:38.155+0000] {subprocess.py:93} INFO - 25/05/30 15:38:38 INFO MapOutputTrackerMasterEndpoint: MapOutputTrackerMasterEndpoint stopped!
[2025-05-30T15:38:38.217+0000] {subprocess.py:93} INFO - 25/05/30 15:38:38 INFO MemoryStore: MemoryStore cleared
[2025-05-30T15:38:38.219+0000] {subprocess.py:93} INFO - 25/05/30 15:38:38 INFO BlockManager: BlockManager stopped
[2025-05-30T15:38:38.235+0000] {subprocess.py:93} INFO - 25/05/30 15:38:38 INFO BlockManagerMaster: BlockManagerMaster stopped
[2025-05-30T15:38:38.242+0000] {subprocess.py:93} INFO - 25/05/30 15:38:38 INFO OutputCommitCoordinator$OutputCommitCoordinatorEndpoint: OutputCommitCoordinator stopped!
[2025-05-30T15:38:38.258+0000] {subprocess.py:93} INFO - 25/05/30 15:38:38 INFO SparkContext: Successfully stopped SparkContext
[2025-05-30T15:38:38.991+0000] {subprocess.py:93} INFO - 25/05/30 15:38:38 INFO ShutdownHookManager: Shutdown hook called
[2025-05-30T15:38:38.992+0000] {subprocess.py:93} INFO - 25/05/30 15:38:38 INFO ShutdownHookManager: Deleting directory /tmp/spark-2ef9edbf-8c44-4501-b18a-e560469118cd
[2025-05-30T15:38:38.998+0000] {subprocess.py:93} INFO - 25/05/30 15:38:38 INFO ShutdownHookManager: Deleting directory /tmp/spark-2ef9edbf-8c44-4501-b18a-e560469118cd/pyspark-5f5dc6a2-de29-42bf-93f1-c6eb0c23e202
[2025-05-30T15:38:39.005+0000] {subprocess.py:93} INFO - 25/05/30 15:38:39 INFO ShutdownHookManager: Deleting directory /tmp/spark-47ec4454-7de0-48a3-95f6-3b43189c1171
[2025-05-30T15:38:39.080+0000] {subprocess.py:97} INFO - Command exited with return code 0
[2025-05-30T15:38:39.591+0000] {taskinstance.py:340} INFO - ::group::Post task execution logs
[2025-05-30T15:38:39.592+0000] {taskinstance.py:352} INFO - Marking task as SUCCESS. dag_id=global_street_food_analysis_dag, task_id=run_street_food_analysis, run_id=manual__2025-05-30T15:38:00.622986+00:00, execution_date=20250530T153800, start_date=20250530T153802, end_date=20250530T153839
[2025-05-30T15:38:40.092+0000] {local_task_job_runner.py:261} INFO - Task exited with return code 0
[2025-05-30T15:38:40.191+0000] {taskinstance.py:3891} INFO - 0 downstream tasks scheduled from follow-on schedule check
[2025-05-30T15:38:40.194+0000] {local_task_job_runner.py:240} INFO - ::endgroup::
