[2025-05-30T16:53:59.663+0000] {manager.py:483} INFO - Processing files using up to 2 processes at a time 
[2025-05-30T16:53:59.683+0000] {manager.py:484} INFO - Process each file at most once every 30 seconds
[2025-05-30T16:53:59.688+0000] {manager.py:485} INFO - Checking for new files in /opt/airflow/dags every 300 seconds
[2025-05-30T16:53:59.699+0000] {manager.py:821} INFO - Searching for files in /opt/airflow/dags
[2025-05-30T16:53:59.724+0000] {manager.py:824} INFO - There are 1 files in /opt/airflow/dags
[2025-05-30T16:54:00.118+0000] {manager.py:997} INFO - 
================================================================================
DAG File Processing Stats

File Path                                  PID  Runtime      # DAGs    # Errors  Last Runtime    Last Run      Last # of DB Queries
---------------------------------------  -----  ---------  --------  ----------  --------------  ----------  ----------------------
/opt/airflow/dags/simple_hello_world.py    180  0.12s             0           0                                                   0
================================================================================
[2025-05-30T16:54:30.289+0000] {manager.py:997} INFO - 
================================================================================
DAG File Processing Stats

File Path                                PID    Runtime      # DAGs    # Errors  Last Runtime    Last Run               Last # of DB Queries
---------------------------------------  -----  ---------  --------  ----------  --------------  -------------------  ----------------------
/opt/airflow/dags/simple_hello_world.py                           1           0  0.53s           2025-05-30T16:54:00                      12
================================================================================
[2025-05-30T16:55:00.335+0000] {manager.py:997} INFO - 
================================================================================
DAG File Processing Stats

File Path                                PID    Runtime      # DAGs    # Errors  Last Runtime    Last Run               Last # of DB Queries
---------------------------------------  -----  ---------  --------  ----------  --------------  -------------------  ----------------------
/opt/airflow/dags/simple_hello_world.py                           1           0  0.45s           2025-05-30T16:54:31                      12
================================================================================
[2025-05-30T16:55:30.386+0000] {manager.py:997} INFO - 
================================================================================
DAG File Processing Stats

File Path                                PID    Runtime      # DAGs    # Errors  Last Runtime    Last Run               Last # of DB Queries
---------------------------------------  -----  ---------  --------  ----------  --------------  -------------------  ----------------------
/opt/airflow/dags/simple_hello_world.py                           1           0  0.73s           2025-05-30T16:55:02                      12
================================================================================
[2025-05-30T16:56:00.570+0000] {manager.py:997} INFO - 
================================================================================
DAG File Processing Stats

File Path                                PID    Runtime      # DAGs    # Errors  Last Runtime    Last Run               Last # of DB Queries
---------------------------------------  -----  ---------  --------  ----------  --------------  -------------------  ----------------------
/opt/airflow/dags/simple_hello_world.py                           1           0  0.12s           2025-05-30T16:55:32                      12
================================================================================
[2025-05-30T16:56:30.895+0000] {manager.py:997} INFO - 
================================================================================
DAG File Processing Stats

File Path                                PID    Runtime      # DAGs    # Errors  Last Runtime    Last Run               Last # of DB Queries
---------------------------------------  -----  ---------  --------  ----------  --------------  -------------------  ----------------------
/opt/airflow/dags/simple_hello_world.py                           1           0  0.17s           2025-05-30T16:56:02                      12
================================================================================
[2025-05-30T16:57:01.132+0000] {manager.py:997} INFO - 
================================================================================
DAG File Processing Stats

File Path                                PID    Runtime      # DAGs    # Errors  Last Runtime    Last Run               Last # of DB Queries
---------------------------------------  -----  ---------  --------  ----------  --------------  -------------------  ----------------------
/opt/airflow/dags/simple_hello_world.py                           1           0  0.10s           2025-05-30T16:56:33                      12
================================================================================
[2025-05-30T16:57:31.375+0000] {manager.py:997} INFO - 
================================================================================
DAG File Processing Stats

File Path                                PID    Runtime      # DAGs    # Errors  Last Runtime    Last Run               Last # of DB Queries
---------------------------------------  -----  ---------  --------  ----------  --------------  -------------------  ----------------------
/opt/airflow/dags/simple_hello_world.py                           1           0  0.15s           2025-05-30T16:57:03                      12
================================================================================
[2025-05-30T16:58:01.642+0000] {manager.py:997} INFO - 
================================================================================
DAG File Processing Stats

File Path                                PID    Runtime      # DAGs    # Errors  Last Runtime    Last Run               Last # of DB Queries
---------------------------------------  -----  ---------  --------  ----------  --------------  -------------------  ----------------------
/opt/airflow/dags/simple_hello_world.py                           1           0  0.14s           2025-05-30T16:57:33                      12
================================================================================
[2025-05-30T16:58:31.901+0000] {manager.py:997} INFO - 
================================================================================
DAG File Processing Stats

File Path                                PID    Runtime      # DAGs    # Errors  Last Runtime    Last Run               Last # of DB Queries
---------------------------------------  -----  ---------  --------  ----------  --------------  -------------------  ----------------------
/opt/airflow/dags/simple_hello_world.py                           1           0  0.16s           2025-05-30T16:58:03                      12
================================================================================
[2025-05-30T16:59:00.168+0000] {manager.py:821} INFO - Searching for files in /opt/airflow/dags
[2025-05-30T16:59:00.174+0000] {manager.py:824} INFO - There are 1 files in /opt/airflow/dags
[2025-05-30T16:59:02.208+0000] {manager.py:997} INFO - 
================================================================================
DAG File Processing Stats

File Path                                PID    Runtime      # DAGs    # Errors  Last Runtime    Last Run               Last # of DB Queries
---------------------------------------  -----  ---------  --------  ----------  --------------  -------------------  ----------------------
/opt/airflow/dags/simple_hello_world.py                           1           0  0.19s           2025-05-30T16:58:34                      12
================================================================================
[2025-05-30T16:59:32.472+0000] {manager.py:997} INFO - 
================================================================================
DAG File Processing Stats

File Path                                PID    Runtime      # DAGs    # Errors  Last Runtime    Last Run               Last # of DB Queries
---------------------------------------  -----  ---------  --------  ----------  --------------  -------------------  ----------------------
/opt/airflow/dags/simple_hello_world.py                           1           0  0.13s           2025-05-30T16:59:04                      12
================================================================================
[2025-05-30T16:59:43.277+0000] {manager.py:465} INFO - Exiting gracefully upon receiving signal 15
[2025-05-30T17:32:49.068+0000] {manager.py:483} INFO - Processing files using up to 2 processes at a time 
[2025-05-30T17:32:49.070+0000] {manager.py:484} INFO - Process each file at most once every 30 seconds
[2025-05-30T17:32:49.071+0000] {manager.py:485} INFO - Checking for new files in /opt/airflow/dags every 300 seconds
[2025-05-30T17:32:49.072+0000] {manager.py:821} INFO - Searching for files in /opt/airflow/dags
[2025-05-30T17:32:49.220+0000] {manager.py:824} INFO - There are 2 files in /opt/airflow/dags
[2025-05-30T17:32:49.684+0000] {manager.py:997} INFO - 
================================================================================
DAG File Processing Stats

File Path                                  PID  Runtime      # DAGs    # Errors  Last Runtime    Last Run      Last # of DB Queries
---------------------------------------  -----  ---------  --------  ----------  --------------  ----------  ----------------------
/opt/airflow/dags/global_food.py           160  0.31s             0           0                                                   0
/opt/airflow/dags/simple_hello_world.py    163  0.13s             0           0                                                   0
================================================================================
[2025-05-30T17:33:20.210+0000] {manager.py:997} INFO - 
================================================================================
DAG File Processing Stats

File Path                                PID    Runtime      # DAGs    # Errors  Last Runtime    Last Run               Last # of DB Queries
---------------------------------------  -----  ---------  --------  ----------  --------------  -------------------  ----------------------
/opt/airflow/dags/global_food.py                                  1           0  1.64s           2025-05-30T17:32:50                      24
/opt/airflow/dags/simple_hello_world.py                           1           0  1.50s           2025-05-30T17:32:51                      26
================================================================================
[2025-05-30T17:33:50.234+0000] {manager.py:997} INFO - 
================================================================================
DAG File Processing Stats

File Path                                PID    Runtime      # DAGs    # Errors  Last Runtime    Last Run               Last # of DB Queries
---------------------------------------  -----  ---------  --------  ----------  --------------  -------------------  ----------------------
/opt/airflow/dags/global_food.py                                  1           0  0.16s           2025-05-30T17:33:21                      10
/opt/airflow/dags/simple_hello_world.py                           1           0  0.16s           2025-05-30T17:33:21                      12
================================================================================
[2025-05-30T17:34:19.792+0000] {manager.py:997} INFO - 
================================================================================
DAG File Processing Stats

File Path                                PID    Runtime      # DAGs    # Errors  Last Runtime    Last Run               Last # of DB Queries
---------------------------------------  -----  ---------  --------  ----------  --------------  -------------------  ----------------------
/opt/airflow/dags/simple_hello_world.py                           1           0  0.28s           2025-05-30T17:33:52                      12
/opt/airflow/dags/global_food.py                                  1           0  0.27s           2025-05-30T17:33:52                      10
================================================================================
[2025-05-30T17:34:50.309+0000] {manager.py:997} INFO - 
================================================================================
DAG File Processing Stats

File Path                                PID    Runtime      # DAGs    # Errors  Last Runtime    Last Run               Last # of DB Queries
---------------------------------------  -----  ---------  --------  ----------  --------------  -------------------  ----------------------
/opt/airflow/dags/global_food.py                                  1           0  0.18s           2025-05-30T17:34:23                      10
/opt/airflow/dags/simple_hello_world.py                           1           0  0.17s           2025-05-30T17:34:23                      12
================================================================================
[2025-05-30T17:35:20.904+0000] {manager.py:997} INFO - 
================================================================================
DAG File Processing Stats

File Path                                PID    Runtime      # DAGs    # Errors  Last Runtime    Last Run               Last # of DB Queries
---------------------------------------  -----  ---------  --------  ----------  --------------  -------------------  ----------------------
/opt/airflow/dags/simple_hello_world.py                           1           0  0.17s           2025-05-30T17:34:53                      12
/opt/airflow/dags/global_food.py                                  1           0  0.15s           2025-05-30T17:34:53                      10
================================================================================
[2025-05-30T17:35:51.686+0000] {manager.py:997} INFO - 
================================================================================
DAG File Processing Stats

File Path                                PID    Runtime      # DAGs    # Errors  Last Runtime    Last Run               Last # of DB Queries
---------------------------------------  -----  ---------  --------  ----------  --------------  -------------------  ----------------------
/opt/airflow/dags/simple_hello_world.py                           1           0  0.45s           2025-05-30T17:35:24                      12
/opt/airflow/dags/global_food.py                                  1           0  0.38s           2025-05-30T17:35:24                      10
================================================================================
[2025-05-30T17:36:22.199+0000] {manager.py:997} INFO - 
================================================================================
DAG File Processing Stats

File Path                                PID    Runtime      # DAGs    # Errors  Last Runtime    Last Run               Last # of DB Queries
---------------------------------------  -----  ---------  --------  ----------  --------------  -------------------  ----------------------
/opt/airflow/dags/simple_hello_world.py                           1           0  0.14s           2025-05-30T17:35:54                      12
/opt/airflow/dags/global_food.py                                  1           0  0.14s           2025-05-30T17:35:54                      10
================================================================================
[2025-05-30T17:36:52.820+0000] {manager.py:997} INFO - 
================================================================================
DAG File Processing Stats

File Path                                PID    Runtime      # DAGs    # Errors  Last Runtime    Last Run               Last # of DB Queries
---------------------------------------  -----  ---------  --------  ----------  --------------  -------------------  ----------------------
/opt/airflow/dags/simple_hello_world.py                           1           0  0.19s           2025-05-30T17:36:25                      12
/opt/airflow/dags/global_food.py                                  1           0  0.18s           2025-05-30T17:36:25                      10
================================================================================
[2025-05-30T17:37:23.321+0000] {manager.py:997} INFO - 
================================================================================
DAG File Processing Stats

File Path                                PID    Runtime      # DAGs    # Errors  Last Runtime    Last Run               Last # of DB Queries
---------------------------------------  -----  ---------  --------  ----------  --------------  -------------------  ----------------------
/opt/airflow/dags/simple_hello_world.py                           1           0  0.14s           2025-05-30T17:36:56                      12
/opt/airflow/dags/global_food.py                                  1           0  0.14s           2025-05-30T17:36:56                      10
================================================================================
[2025-05-30T17:37:49.733+0000] {manager.py:821} INFO - Searching for files in /opt/airflow/dags
[2025-05-30T17:37:49.767+0000] {manager.py:824} INFO - There are 2 files in /opt/airflow/dags
[2025-05-30T17:37:53.823+0000] {manager.py:997} INFO - 
================================================================================
DAG File Processing Stats

File Path                                PID    Runtime      # DAGs    # Errors  Last Runtime    Last Run               Last # of DB Queries
---------------------------------------  -----  ---------  --------  ----------  --------------  -------------------  ----------------------
/opt/airflow/dags/simple_hello_world.py                           1           0  0.14s           2025-05-30T17:37:26                      12
/opt/airflow/dags/global_food.py                                  1           0  0.14s           2025-05-30T17:37:26                      10
================================================================================
[2025-05-30T17:38:24.313+0000] {manager.py:997} INFO - 
================================================================================
DAG File Processing Stats

File Path                                PID    Runtime      # DAGs    # Errors  Last Runtime    Last Run               Last # of DB Queries
---------------------------------------  -----  ---------  --------  ----------  --------------  -------------------  ----------------------
/opt/airflow/dags/global_food.py                                  1           0  0.13s           2025-05-30T17:37:56                      10
/opt/airflow/dags/simple_hello_world.py                           1           0  0.13s           2025-05-30T17:37:57                      12
================================================================================
[2025-05-30T17:38:54.859+0000] {manager.py:997} INFO - 
================================================================================
DAG File Processing Stats

File Path                                PID    Runtime      # DAGs    # Errors  Last Runtime    Last Run               Last # of DB Queries
---------------------------------------  -----  ---------  --------  ----------  --------------  -------------------  ----------------------
/opt/airflow/dags/simple_hello_world.py                           1           0  0.13s           2025-05-30T17:38:27                      12
/opt/airflow/dags/global_food.py                                  1           0  0.13s           2025-05-30T17:38:27                      10
================================================================================
[2025-05-30T17:39:25.430+0000] {manager.py:997} INFO - 
================================================================================
DAG File Processing Stats

File Path                                PID    Runtime      # DAGs    # Errors  Last Runtime    Last Run               Last # of DB Queries
---------------------------------------  -----  ---------  --------  ----------  --------------  -------------------  ----------------------
/opt/airflow/dags/simple_hello_world.py                           1           0  0.41s           2025-05-30T17:38:58                      12
/opt/airflow/dags/global_food.py                                  1           0  0.29s           2025-05-30T17:38:58                      10
================================================================================
[2025-05-30T17:39:56.204+0000] {manager.py:997} INFO - 
================================================================================
DAG File Processing Stats

File Path                                PID    Runtime      # DAGs    # Errors  Last Runtime    Last Run               Last # of DB Queries
---------------------------------------  -----  ---------  --------  ----------  --------------  -------------------  ----------------------
/opt/airflow/dags/global_food.py                                  1           0  0.16s           2025-05-30T17:39:28                      10
/opt/airflow/dags/simple_hello_world.py                           1           0  0.15s           2025-05-30T17:39:28                      12
================================================================================
[2025-05-30T17:40:26.286+0000] {manager.py:997} INFO - 
================================================================================
DAG File Processing Stats

File Path                                PID    Runtime      # DAGs    # Errors  Last Runtime    Last Run               Last # of DB Queries
---------------------------------------  -----  ---------  --------  ----------  --------------  -------------------  ----------------------
/opt/airflow/dags/simple_hello_world.py                           1           0  0.23s           2025-05-30T17:39:59                      12
/opt/airflow/dags/global_food.py                                  1           0  0.20s           2025-05-30T17:39:59                      10
================================================================================
[2025-05-30T17:40:56.514+0000] {manager.py:997} INFO - 
================================================================================
DAG File Processing Stats

File Path                                PID    Runtime      # DAGs    # Errors  Last Runtime    Last Run               Last # of DB Queries
---------------------------------------  -----  ---------  --------  ----------  --------------  -------------------  ----------------------
/opt/airflow/dags/global_food.py                                  1           0  0.32s           2025-05-30T17:40:30                      10
/opt/airflow/dags/simple_hello_world.py                           1           0  0.29s           2025-05-30T17:40:30                      12
================================================================================
[2025-05-30T17:41:27.014+0000] {manager.py:997} INFO - 
================================================================================
DAG File Processing Stats

File Path                                PID    Runtime      # DAGs    # Errors  Last Runtime    Last Run               Last # of DB Queries
---------------------------------------  -----  ---------  --------  ----------  --------------  -------------------  ----------------------
/opt/airflow/dags/simple_hello_world.py                           1           0  0.20s           2025-05-30T17:41:01                      12
/opt/airflow/dags/global_food.py                                  1           0  0.19s           2025-05-30T17:41:01                      10
================================================================================
[2025-05-30T17:41:57.737+0000] {manager.py:997} INFO - 
================================================================================
DAG File Processing Stats

File Path                                PID    Runtime      # DAGs    # Errors  Last Runtime    Last Run               Last # of DB Queries
---------------------------------------  -----  ---------  --------  ----------  --------------  -------------------  ----------------------
/opt/airflow/dags/simple_hello_world.py                           1           0  0.22s           2025-05-30T17:41:32                      12
/opt/airflow/dags/global_food.py                                  1           0  0.20s           2025-05-30T17:41:32                      10
================================================================================
[2025-05-30T17:42:28.253+0000] {manager.py:997} INFO - 
================================================================================
DAG File Processing Stats

File Path                                PID    Runtime      # DAGs    # Errors  Last Runtime    Last Run               Last # of DB Queries
---------------------------------------  -----  ---------  --------  ----------  --------------  -------------------  ----------------------
/opt/airflow/dags/global_food.py                                  1           0  0.19s           2025-05-30T17:42:02                      10
/opt/airflow/dags/simple_hello_world.py                           1           0  0.18s           2025-05-30T17:42:02                      12
================================================================================
[2025-05-30T17:42:49.930+0000] {manager.py:821} INFO - Searching for files in /opt/airflow/dags
[2025-05-30T17:42:49.954+0000] {manager.py:824} INFO - There are 2 files in /opt/airflow/dags
[2025-05-30T17:42:59.045+0000] {manager.py:997} INFO - 
================================================================================
DAG File Processing Stats

File Path                                PID    Runtime      # DAGs    # Errors  Last Runtime    Last Run               Last # of DB Queries
---------------------------------------  -----  ---------  --------  ----------  --------------  -------------------  ----------------------
/opt/airflow/dags/simple_hello_world.py                           1           0  0.27s           2025-05-30T17:42:33                      12
/opt/airflow/dags/global_food.py                                  1           0  0.21s           2025-05-30T17:42:33                      10
================================================================================
[2025-05-30T17:43:29.469+0000] {manager.py:997} INFO - 
================================================================================
DAG File Processing Stats

File Path                                PID    Runtime      # DAGs    # Errors  Last Runtime    Last Run               Last # of DB Queries
---------------------------------------  -----  ---------  --------  ----------  --------------  -------------------  ----------------------
/opt/airflow/dags/simple_hello_world.py                           1           0  0.17s           2025-05-30T17:43:04                      12
/opt/airflow/dags/global_food.py                                  1           0  0.16s           2025-05-30T17:43:04                      10
================================================================================
[2025-05-30T17:43:59.945+0000] {manager.py:997} INFO - 
================================================================================
DAG File Processing Stats

File Path                                PID    Runtime      # DAGs    # Errors  Last Runtime    Last Run               Last # of DB Queries
---------------------------------------  -----  ---------  --------  ----------  --------------  -------------------  ----------------------
/opt/airflow/dags/simple_hello_world.py                           1           0  0.14s           2025-05-30T17:43:34                      12
/opt/airflow/dags/global_food.py                                  1           0  0.13s           2025-05-30T17:43:34                      10
================================================================================
[2025-05-30T17:44:30.382+0000] {manager.py:997} INFO - 
================================================================================
DAG File Processing Stats

File Path                                PID    Runtime      # DAGs    # Errors  Last Runtime    Last Run               Last # of DB Queries
---------------------------------------  -----  ---------  --------  ----------  --------------  -------------------  ----------------------
/opt/airflow/dags/simple_hello_world.py                           1           0  0.15s           2025-05-30T17:44:05                      12
/opt/airflow/dags/global_food.py                                  1           0  0.13s           2025-05-30T17:44:05                      10
================================================================================
[2025-05-30T17:45:00.836+0000] {manager.py:997} INFO - 
================================================================================
DAG File Processing Stats

File Path                                PID    Runtime      # DAGs    # Errors  Last Runtime    Last Run               Last # of DB Queries
---------------------------------------  -----  ---------  --------  ----------  --------------  -------------------  ----------------------
/opt/airflow/dags/simple_hello_world.py                           1           0  0.18s           2025-05-30T17:44:35                      12
/opt/airflow/dags/global_food.py                                  1           0  0.15s           2025-05-30T17:44:35                      10
================================================================================
[2025-05-30T17:45:08.056+0000] {manager.py:465} INFO - Exiting gracefully upon receiving signal 15
[2025-05-30T18:51:30.377+0000] {manager.py:483} INFO - Processing files using up to 2 processes at a time 
[2025-05-30T18:51:30.380+0000] {manager.py:484} INFO - Process each file at most once every 30 seconds
[2025-05-30T18:51:30.382+0000] {manager.py:485} INFO - Checking for new files in /opt/airflow/dags every 300 seconds
[2025-05-30T18:51:30.383+0000] {manager.py:821} INFO - Searching for files in /opt/airflow/dags
[2025-05-30T18:51:30.450+0000] {manager.py:824} INFO - There are 2 files in /opt/airflow/dags
[2025-05-30T18:51:32.058+0000] {manager.py:997} INFO - 
================================================================================
DAG File Processing Stats

File Path                                  PID  Runtime      # DAGs    # Errors  Last Runtime    Last Run      Last # of DB Queries
---------------------------------------  -----  ---------  --------  ----------  --------------  ----------  ----------------------
/opt/airflow/dags/global_food.py           159  1.19s             0           0                                                   0
/opt/airflow/dags/simple_hello_world.py    162  0.76s             0           0                                                   0
================================================================================
[2025-05-30T18:52:02.106+0000] {manager.py:997} INFO - 
================================================================================
DAG File Processing Stats

File Path                                PID    Runtime      # DAGs    # Errors  Last Runtime    Last Run               Last # of DB Queries
---------------------------------------  -----  ---------  --------  ----------  --------------  -------------------  ----------------------
/opt/airflow/dags/global_food.py                                  1           0  2.74s           2025-05-30T18:51:33                      24
/opt/airflow/dags/simple_hello_world.py                           1           0  2.34s           2025-05-30T18:51:33                      26
================================================================================
[2025-05-30T18:52:33.006+0000] {manager.py:997} INFO - 
================================================================================
DAG File Processing Stats

File Path                                PID    Runtime      # DAGs    # Errors  Last Runtime    Last Run               Last # of DB Queries
---------------------------------------  -----  ---------  --------  ----------  --------------  -------------------  ----------------------
/opt/airflow/dags/simple_hello_world.py                           1           0  1.84s           2025-05-30T18:52:06                      12
/opt/airflow/dags/global_food.py                                  1           0  1.83s           2025-05-30T18:52:05                      10
================================================================================
[2025-05-30T18:53:03.226+0000] {manager.py:997} INFO - 
================================================================================
DAG File Processing Stats

File Path                                PID    Runtime      # DAGs    # Errors  Last Runtime    Last Run               Last # of DB Queries
---------------------------------------  -----  ---------  --------  ----------  --------------  -------------------  ----------------------
/opt/airflow/dags/global_food.py                                  1           0  0.91s           2025-05-30T18:52:36                      10
/opt/airflow/dags/simple_hello_world.py                           1           0  0.89s           2025-05-30T18:52:37                      12
================================================================================
[2025-05-30T18:53:34.074+0000] {manager.py:997} INFO - 
================================================================================
DAG File Processing Stats

File Path                                PID    Runtime      # DAGs    # Errors  Last Runtime    Last Run               Last # of DB Queries
---------------------------------------  -----  ---------  --------  ----------  --------------  -------------------  ----------------------
/opt/airflow/dags/simple_hello_world.py                           1           0  0.49s           2025-05-30T18:53:07                      12
/opt/airflow/dags/global_food.py                                  1           0  0.48s           2025-05-30T18:53:07                      10
================================================================================
[2025-05-30T18:54:04.718+0000] {manager.py:997} INFO - 
================================================================================
DAG File Processing Stats

File Path                                PID    Runtime      # DAGs    # Errors  Last Runtime    Last Run               Last # of DB Queries
---------------------------------------  -----  ---------  --------  ----------  --------------  -------------------  ----------------------
/opt/airflow/dags/simple_hello_world.py                           1           0  0.76s           2025-05-30T18:53:38                      12
/opt/airflow/dags/global_food.py                                  1           0  0.64s           2025-05-30T18:53:38                      10
================================================================================
[2025-05-30T18:54:16.417+0000] {manager.py:465} INFO - Exiting gracefully upon receiving signal 15
[2025-05-30T19:08:09.934+0000] {manager.py:483} INFO - Processing files using up to 2 processes at a time 
[2025-05-30T19:08:09.940+0000] {manager.py:484} INFO - Process each file at most once every 30 seconds
[2025-05-30T19:08:09.942+0000] {manager.py:485} INFO - Checking for new files in /opt/airflow/dags every 300 seconds
[2025-05-30T19:08:09.946+0000] {manager.py:821} INFO - Searching for files in /opt/airflow/dags
[2025-05-30T19:08:10.015+0000] {manager.py:824} INFO - There are 2 files in /opt/airflow/dags
[2025-05-30T19:08:10.237+0000] {manager.py:997} INFO - 
================================================================================
DAG File Processing Stats

File Path                                  PID  Runtime      # DAGs    # Errors  Last Runtime    Last Run      Last # of DB Queries
---------------------------------------  -----  ---------  --------  ----------  --------------  ----------  ----------------------
/opt/airflow/dags/global_food.py           159  0.13s             0           0                                                   0
/opt/airflow/dags/simple_hello_world.py    162  0.07s             0           0                                                   0
================================================================================
[2025-05-30T19:08:41.164+0000] {manager.py:997} INFO - 
================================================================================
DAG File Processing Stats

File Path                                  PID  Runtime      # DAGs    # Errors  Last Runtime    Last Run               Last # of DB Queries
---------------------------------------  -----  ---------  --------  ----------  --------------  -------------------  ----------------------
/opt/airflow/dags/global_food.py           169  0.16s             1           0  0.42s           2025-05-30T19:08:10                      10
/opt/airflow/dags/simple_hello_world.py    172  0.01s             1           0  0.39s           2025-05-30T19:08:10                      12
================================================================================
[2025-05-30T19:09:11.637+0000] {manager.py:997} INFO - 
================================================================================
DAG File Processing Stats

File Path                                PID    Runtime      # DAGs    # Errors  Last Runtime    Last Run               Last # of DB Queries
---------------------------------------  -----  ---------  --------  ----------  --------------  -------------------  ----------------------
/opt/airflow/dags/global_food.py                                  1           0  1.24s           2025-05-30T19:08:42                      10
/opt/airflow/dags/simple_hello_world.py                           1           0  1.12s           2025-05-30T19:08:42                      12
================================================================================
[2025-05-30T19:09:41.740+0000] {manager.py:997} INFO - 
================================================================================
DAG File Processing Stats

File Path                                PID    Runtime      # DAGs    # Errors  Last Runtime    Last Run               Last # of DB Queries
---------------------------------------  -----  ---------  --------  ----------  --------------  -------------------  ----------------------
/opt/airflow/dags/simple_hello_world.py                           1           0  0.50s           2025-05-30T19:09:13                      12
/opt/airflow/dags/global_food.py                                  1           0  0.50s           2025-05-30T19:09:13                      10
================================================================================
[2025-05-30T19:10:12.099+0000] {manager.py:997} INFO - 
================================================================================
DAG File Processing Stats

File Path                                PID    Runtime      # DAGs    # Errors  Last Runtime    Last Run               Last # of DB Queries
---------------------------------------  -----  ---------  --------  ----------  --------------  -------------------  ----------------------
/opt/airflow/dags/global_food.py                                  1           0  0.29s           2025-05-30T19:09:44                      10
/opt/airflow/dags/simple_hello_world.py                           1           0  0.25s           2025-05-30T19:09:44                      12
================================================================================
[2025-05-30T19:10:42.421+0000] {manager.py:997} INFO - 
================================================================================
DAG File Processing Stats

File Path                                PID    Runtime      # DAGs    # Errors  Last Runtime    Last Run               Last # of DB Queries
---------------------------------------  -----  ---------  --------  ----------  --------------  -------------------  ----------------------
/opt/airflow/dags/global_food.py                                  1           0  0.21s           2025-05-30T19:10:14                      10
/opt/airflow/dags/simple_hello_world.py                           1           0  0.20s           2025-05-30T19:10:14                      12
================================================================================
[2025-05-30T19:11:13.273+0000] {manager.py:997} INFO - 
================================================================================
DAG File Processing Stats

File Path                                PID    Runtime      # DAGs    # Errors  Last Runtime    Last Run               Last # of DB Queries
---------------------------------------  -----  ---------  --------  ----------  --------------  -------------------  ----------------------
/opt/airflow/dags/global_food.py                                  1           0  0.31s           2025-05-30T19:10:44                      10
/opt/airflow/dags/simple_hello_world.py                           1           0  0.31s           2025-05-30T19:10:44                      12
================================================================================
[2025-05-30T19:11:44.105+0000] {manager.py:997} INFO - 
================================================================================
DAG File Processing Stats

File Path                                PID    Runtime      # DAGs    # Errors  Last Runtime    Last Run               Last # of DB Queries
---------------------------------------  -----  ---------  --------  ----------  --------------  -------------------  ----------------------
/opt/airflow/dags/simple_hello_world.py                           1           0  1.09s           2025-05-30T19:11:16                      12
/opt/airflow/dags/global_food.py                                  1           0  1.08s           2025-05-30T19:11:16                      10
================================================================================
[2025-05-30T19:12:14.792+0000] {manager.py:997} INFO - 
================================================================================
DAG File Processing Stats

File Path                                PID    Runtime      # DAGs    # Errors  Last Runtime    Last Run               Last # of DB Queries
---------------------------------------  -----  ---------  --------  ----------  --------------  -------------------  ----------------------
/opt/airflow/dags/simple_hello_world.py                           1           0  0.28s           2025-05-30T19:11:47                      12
/opt/airflow/dags/global_food.py                                  1           0  0.26s           2025-05-30T19:11:47                      10
================================================================================
[2025-05-30T19:12:45.401+0000] {manager.py:997} INFO - 
================================================================================
DAG File Processing Stats

File Path                                PID    Runtime      # DAGs    # Errors  Last Runtime    Last Run               Last # of DB Queries
---------------------------------------  -----  ---------  --------  ----------  --------------  -------------------  ----------------------
/opt/airflow/dags/simple_hello_world.py                           1           0  0.20s           2025-05-30T19:12:18                      12
/opt/airflow/dags/global_food.py                                  1           0  0.20s           2025-05-30T19:12:18                      10
================================================================================
[2025-05-30T19:13:10.906+0000] {manager.py:821} INFO - Searching for files in /opt/airflow/dags
[2025-05-30T19:13:10.939+0000] {manager.py:824} INFO - There are 2 files in /opt/airflow/dags
[2025-05-30T19:13:16.018+0000] {manager.py:997} INFO - 
================================================================================
DAG File Processing Stats

File Path                                PID    Runtime      # DAGs    # Errors  Last Runtime    Last Run               Last # of DB Queries
---------------------------------------  -----  ---------  --------  ----------  --------------  -------------------  ----------------------
/opt/airflow/dags/simple_hello_world.py                           1           0  0.21s           2025-05-30T19:12:48                      12
/opt/airflow/dags/global_food.py                                  1           0  0.20s           2025-05-30T19:12:48                      10
================================================================================
[2025-05-30T19:13:46.512+0000] {manager.py:997} INFO - 
================================================================================
DAG File Processing Stats

File Path                                PID    Runtime      # DAGs    # Errors  Last Runtime    Last Run               Last # of DB Queries
---------------------------------------  -----  ---------  --------  ----------  --------------  -------------------  ----------------------
/opt/airflow/dags/simple_hello_world.py                           1           0  0.18s           2025-05-30T19:13:19                      12
/opt/airflow/dags/global_food.py                                  1           0  0.18s           2025-05-30T19:13:19                      10
================================================================================
[2025-05-30T19:14:17.069+0000] {manager.py:997} INFO - 
================================================================================
DAG File Processing Stats

File Path                                PID    Runtime      # DAGs    # Errors  Last Runtime    Last Run               Last # of DB Queries
---------------------------------------  -----  ---------  --------  ----------  --------------  -------------------  ----------------------
/opt/airflow/dags/simple_hello_world.py                           1           0  0.23s           2025-05-30T19:13:49                      12
/opt/airflow/dags/global_food.py                                  1           0  0.20s           2025-05-30T19:13:49                      10
================================================================================
[2025-05-30T19:14:47.645+0000] {manager.py:997} INFO - 
================================================================================
DAG File Processing Stats

File Path                                PID    Runtime      # DAGs    # Errors  Last Runtime    Last Run               Last # of DB Queries
---------------------------------------  -----  ---------  --------  ----------  --------------  -------------------  ----------------------
/opt/airflow/dags/simple_hello_world.py                           1           0  0.23s           2025-05-30T19:14:20                      12
/opt/airflow/dags/global_food.py                                  1           0  0.21s           2025-05-30T19:14:20                      10
================================================================================
[2025-05-30T19:15:18.039+0000] {manager.py:997} INFO - 
================================================================================
DAG File Processing Stats

File Path                                PID    Runtime      # DAGs    # Errors  Last Runtime    Last Run               Last # of DB Queries
---------------------------------------  -----  ---------  --------  ----------  --------------  -------------------  ----------------------
/opt/airflow/dags/simple_hello_world.py                           1           0  1.03s           2025-05-30T19:14:51                      12
/opt/airflow/dags/global_food.py                                  1           0  0.93s           2025-05-30T19:14:51                      10
================================================================================
[2025-05-30T19:15:48.402+0000] {manager.py:997} INFO - 
================================================================================
DAG File Processing Stats

File Path                                PID    Runtime      # DAGs    # Errors  Last Runtime    Last Run               Last # of DB Queries
---------------------------------------  -----  ---------  --------  ----------  --------------  -------------------  ----------------------
/opt/airflow/dags/simple_hello_world.py                           1           0  0.34s           2025-05-30T19:15:22                      12
/opt/airflow/dags/global_food.py                                  1           0  0.30s           2025-05-30T19:15:22                      10
================================================================================
[2025-05-30T19:16:19.000+0000] {manager.py:997} INFO - 
================================================================================
DAG File Processing Stats

File Path                                PID    Runtime      # DAGs    # Errors  Last Runtime    Last Run               Last # of DB Queries
---------------------------------------  -----  ---------  --------  ----------  --------------  -------------------  ----------------------
/opt/airflow/dags/simple_hello_world.py                           1           0  0.28s           2025-05-30T19:15:52                      12
/opt/airflow/dags/global_food.py                                  1           0  0.26s           2025-05-30T19:15:52                      10
================================================================================
[2025-05-30T19:16:49.501+0000] {manager.py:997} INFO - 
================================================================================
DAG File Processing Stats

File Path                                PID    Runtime      # DAGs    # Errors  Last Runtime    Last Run               Last # of DB Queries
---------------------------------------  -----  ---------  --------  ----------  --------------  -------------------  ----------------------
/opt/airflow/dags/simple_hello_world.py                           1           0  0.19s           2025-05-30T19:16:23                      12
/opt/airflow/dags/global_food.py                                  1           0  0.18s           2025-05-30T19:16:23                      10
================================================================================
[2025-05-30T19:17:19.996+0000] {manager.py:997} INFO - 
================================================================================
DAG File Processing Stats

File Path                                PID    Runtime      # DAGs    # Errors  Last Runtime    Last Run               Last # of DB Queries
---------------------------------------  -----  ---------  --------  ----------  --------------  -------------------  ----------------------
/opt/airflow/dags/global_food.py                                  1           0  0.18s           2025-05-30T19:16:53                      10
/opt/airflow/dags/simple_hello_world.py                           1           0  0.18s           2025-05-30T19:16:53                      12
================================================================================
[2025-05-30T19:17:50.532+0000] {manager.py:997} INFO - 
================================================================================
DAG File Processing Stats

File Path                                PID    Runtime      # DAGs    # Errors  Last Runtime    Last Run               Last # of DB Queries
---------------------------------------  -----  ---------  --------  ----------  --------------  -------------------  ----------------------
/opt/airflow/dags/simple_hello_world.py                           1           0  0.16s           2025-05-30T19:17:24                      12
/opt/airflow/dags/global_food.py                                  1           0  0.15s           2025-05-30T19:17:24                      10
================================================================================
[2025-05-30T19:18:10.928+0000] {manager.py:821} INFO - Searching for files in /opt/airflow/dags
[2025-05-30T19:18:10.984+0000] {manager.py:824} INFO - There are 2 files in /opt/airflow/dags
[2025-05-30T19:18:21.129+0000] {manager.py:997} INFO - 
================================================================================
DAG File Processing Stats

File Path                                PID    Runtime      # DAGs    # Errors  Last Runtime    Last Run               Last # of DB Queries
---------------------------------------  -----  ---------  --------  ----------  --------------  -------------------  ----------------------
/opt/airflow/dags/simple_hello_world.py                           1           0  0.20s           2025-05-30T19:17:54                      12
/opt/airflow/dags/global_food.py                                  1           0  0.18s           2025-05-30T19:17:54                      10
================================================================================
[2025-05-30T19:18:51.640+0000] {manager.py:997} INFO - 
================================================================================
DAG File Processing Stats

File Path                                PID    Runtime      # DAGs    # Errors  Last Runtime    Last Run               Last # of DB Queries
---------------------------------------  -----  ---------  --------  ----------  --------------  -------------------  ----------------------
/opt/airflow/dags/simple_hello_world.py                           1           0  0.21s           2025-05-30T19:18:25                      12
/opt/airflow/dags/global_food.py                                  1           0  0.18s           2025-05-30T19:18:25                      10
================================================================================
[2025-05-30T19:19:21.681+0000] {manager.py:997} INFO - 
================================================================================
DAG File Processing Stats

File Path                                PID    Runtime      # DAGs    # Errors  Last Runtime    Last Run               Last # of DB Queries
---------------------------------------  -----  ---------  --------  ----------  --------------  -------------------  ----------------------
/opt/airflow/dags/simple_hello_world.py                           1           0  0.33s           2025-05-30T19:18:56                      12
/opt/airflow/dags/global_food.py                                  1           0  0.30s           2025-05-30T19:18:55                      10
================================================================================
[2025-05-30T19:19:52.185+0000] {manager.py:997} INFO - 
================================================================================
DAG File Processing Stats

File Path                                PID    Runtime      # DAGs    # Errors  Last Runtime    Last Run               Last # of DB Queries
---------------------------------------  -----  ---------  --------  ----------  --------------  -------------------  ----------------------
/opt/airflow/dags/simple_hello_world.py                           1           0  0.26s           2025-05-30T19:19:26                      12
/opt/airflow/dags/global_food.py                                  1           0  0.26s           2025-05-30T19:19:26                      10
================================================================================
[2025-05-30T19:20:23.029+0000] {manager.py:997} INFO - 
================================================================================
DAG File Processing Stats

File Path                                PID    Runtime      # DAGs    # Errors  Last Runtime    Last Run               Last # of DB Queries
---------------------------------------  -----  ---------  --------  ----------  --------------  -------------------  ----------------------
/opt/airflow/dags/global_food.py                                  1           0  0.26s           2025-05-30T19:19:57                      10
/opt/airflow/dags/simple_hello_world.py                           1           0  0.26s           2025-05-30T19:19:57                      12
================================================================================
[2025-05-30T19:20:53.041+0000] {manager.py:997} INFO - 
================================================================================
DAG File Processing Stats

File Path                                PID    Runtime      # DAGs    # Errors  Last Runtime    Last Run               Last # of DB Queries
---------------------------------------  -----  ---------  --------  ----------  --------------  -------------------  ----------------------
/opt/airflow/dags/global_food.py                                  1           0  0.19s           2025-05-30T19:20:28                      10
/opt/airflow/dags/simple_hello_world.py                           1           0  0.18s           2025-05-30T19:20:28                      12
================================================================================
[2025-05-30T19:20:53.142+0000] {manager.py:465} INFO - Exiting gracefully upon receiving signal 15
[2025-05-30T19:27:02.825+0000] {manager.py:483} INFO - Processing files using up to 2 processes at a time 
[2025-05-30T19:27:02.846+0000] {manager.py:484} INFO - Process each file at most once every 30 seconds
[2025-05-30T19:27:02.859+0000] {manager.py:485} INFO - Checking for new files in /opt/airflow/dags every 300 seconds
[2025-05-30T19:27:02.864+0000] {manager.py:821} INFO - Searching for files in /opt/airflow/dags
[2025-05-30T19:27:02.973+0000] {manager.py:824} INFO - There are 2 files in /opt/airflow/dags
[2025-05-30T19:27:03.311+0000] {manager.py:997} INFO - 
================================================================================
DAG File Processing Stats

File Path                                  PID  Runtime      # DAGs    # Errors  Last Runtime    Last Run      Last # of DB Queries
---------------------------------------  -----  ---------  --------  ----------  --------------  ----------  ----------------------
/opt/airflow/dags/global_food.py           159  0.17s             0           0                                                   0
/opt/airflow/dags/simple_hello_world.py    162  0.12s             0           0                                                   0
================================================================================
[2025-05-30T19:27:34.202+0000] {manager.py:997} INFO - 
================================================================================
DAG File Processing Stats

File Path                                  PID  Runtime      # DAGs    # Errors  Last Runtime    Last Run               Last # of DB Queries
---------------------------------------  -----  ---------  --------  ----------  --------------  -------------------  ----------------------
/opt/airflow/dags/simple_hello_world.py    172  0.01s             1           0  0.42s           2025-05-30T19:27:03                      12
/opt/airflow/dags/global_food.py           169  0.03s             1           0  0.41s           2025-05-30T19:27:03                      10
================================================================================
[2025-05-30T19:28:04.814+0000] {manager.py:997} INFO - 
================================================================================
DAG File Processing Stats

File Path                                  PID  Runtime      # DAGs    # Errors  Last Runtime    Last Run               Last # of DB Queries
---------------------------------------  -----  ---------  --------  ----------  --------------  -------------------  ----------------------
/opt/airflow/dags/simple_hello_world.py    182  0.01s             1           0  0.25s           2025-05-30T19:27:34                      12
/opt/airflow/dags/global_food.py           179  0.03s             1           0  0.24s           2025-05-30T19:27:34                      10
================================================================================
[2025-05-30T19:28:35.434+0000] {manager.py:997} INFO - 
================================================================================
DAG File Processing Stats

File Path                                  PID  Runtime      # DAGs    # Errors  Last Runtime    Last Run               Last # of DB Queries
---------------------------------------  -----  ---------  --------  ----------  --------------  -------------------  ----------------------
/opt/airflow/dags/simple_hello_world.py    192  0.02s             1           0  0.26s           2025-05-30T19:28:05                      12
/opt/airflow/dags/global_food.py           189  0.05s             1           0  0.25s           2025-05-30T19:28:05                      10
================================================================================
[2025-05-30T19:29:06.174+0000] {manager.py:997} INFO - 
================================================================================
DAG File Processing Stats

File Path                                  PID  Runtime      # DAGs    # Errors  Last Runtime    Last Run               Last # of DB Queries
---------------------------------------  -----  ---------  --------  ----------  --------------  -------------------  ----------------------
/opt/airflow/dags/simple_hello_world.py    202  0.01s             1           0  0.42s           2025-05-30T19:28:35                      12
/opt/airflow/dags/global_food.py           199  0.03s             1           0  0.33s           2025-05-30T19:28:35                      10
================================================================================
[2025-05-30T19:29:36.842+0000] {manager.py:997} INFO - 
================================================================================
DAG File Processing Stats

File Path                                  PID  Runtime      # DAGs    # Errors  Last Runtime    Last Run               Last # of DB Queries
---------------------------------------  -----  ---------  --------  ----------  --------------  -------------------  ----------------------
/opt/airflow/dags/simple_hello_world.py    212  0.01s             1           0  0.38s           2025-05-30T19:29:06                      12
/opt/airflow/dags/global_food.py           209  0.02s             1           0  0.34s           2025-05-30T19:29:06                      10
================================================================================
[2025-05-30T19:30:07.588+0000] {manager.py:997} INFO - 
================================================================================
DAG File Processing Stats

File Path                                  PID  Runtime      # DAGs    # Errors  Last Runtime    Last Run               Last # of DB Queries
---------------------------------------  -----  ---------  --------  ----------  --------------  -------------------  ----------------------
/opt/airflow/dags/simple_hello_world.py    222  0.01s             1           0  0.33s           2025-05-30T19:29:37                      12
/opt/airflow/dags/global_food.py           219  0.05s             1           0  0.33s           2025-05-30T19:29:37                      10
================================================================================
[2025-05-30T19:30:38.624+0000] {manager.py:997} INFO - 
================================================================================
DAG File Processing Stats

File Path                                  PID  Runtime      # DAGs    # Errors  Last Runtime    Last Run               Last # of DB Queries
---------------------------------------  -----  ---------  --------  ----------  --------------  -------------------  ----------------------
/opt/airflow/dags/simple_hello_world.py    235  0.13s             1           0  0.39s           2025-05-30T19:30:07                      12
/opt/airflow/dags/global_food.py           232  0.30s             1           0  0.33s           2025-05-30T19:30:07                      10
================================================================================
[2025-05-30T19:31:09.329+0000] {manager.py:997} INFO - 
================================================================================
DAG File Processing Stats

File Path                                PID    Runtime      # DAGs    # Errors  Last Runtime    Last Run               Last # of DB Queries
---------------------------------------  -----  ---------  --------  ----------  --------------  -------------------  ----------------------
/opt/airflow/dags/global_food.py                                  1           0  2.73s           2025-05-30T19:30:41                      10
/opt/airflow/dags/simple_hello_world.py                           1           0  2.66s           2025-05-30T19:30:41                      12
================================================================================
[2025-05-30T19:31:39.831+0000] {manager.py:997} INFO - 
================================================================================
DAG File Processing Stats

File Path                                PID    Runtime      # DAGs    # Errors  Last Runtime    Last Run               Last # of DB Queries
---------------------------------------  -----  ---------  --------  ----------  --------------  -------------------  ----------------------
/opt/airflow/dags/simple_hello_world.py                           1           0  0.18s           2025-05-30T19:31:11                      12
/opt/airflow/dags/global_food.py                                  1           0  0.18s           2025-05-30T19:31:11                      10
================================================================================
[2025-05-30T19:32:03.417+0000] {manager.py:821} INFO - Searching for files in /opt/airflow/dags
[2025-05-30T19:32:03.461+0000] {manager.py:824} INFO - There are 2 files in /opt/airflow/dags
[2025-05-30T19:32:10.556+0000] {manager.py:997} INFO - 
================================================================================
DAG File Processing Stats

File Path                                PID    Runtime      # DAGs    # Errors  Last Runtime    Last Run               Last # of DB Queries
---------------------------------------  -----  ---------  --------  ----------  --------------  -------------------  ----------------------
/opt/airflow/dags/simple_hello_world.py                           1           0  0.29s           2025-05-30T19:31:42                      12
/opt/airflow/dags/global_food.py                                  1           0  0.27s           2025-05-30T19:31:42                      10
================================================================================
[2025-05-30T19:32:41.261+0000] {manager.py:997} INFO - 
================================================================================
DAG File Processing Stats

File Path                                PID    Runtime      # DAGs    # Errors  Last Runtime    Last Run               Last # of DB Queries
---------------------------------------  -----  ---------  --------  ----------  --------------  -------------------  ----------------------
/opt/airflow/dags/simple_hello_world.py                           1           0  0.24s           2025-05-30T19:32:12                      12
/opt/airflow/dags/global_food.py                                  1           0  0.23s           2025-05-30T19:32:12                      10
================================================================================
[2025-05-30T19:33:11.842+0000] {manager.py:997} INFO - 
================================================================================
DAG File Processing Stats

File Path                                PID    Runtime      # DAGs    # Errors  Last Runtime    Last Run               Last # of DB Queries
---------------------------------------  -----  ---------  --------  ----------  --------------  -------------------  ----------------------
/opt/airflow/dags/simple_hello_world.py                           1           0  0.20s           2025-05-30T19:32:43                      12
/opt/airflow/dags/global_food.py                                  1           0  0.19s           2025-05-30T19:32:43                      10
================================================================================
[2025-05-30T19:33:42.394+0000] {manager.py:997} INFO - 
================================================================================
DAG File Processing Stats

File Path                                PID    Runtime      # DAGs    # Errors  Last Runtime    Last Run               Last # of DB Queries
---------------------------------------  -----  ---------  --------  ----------  --------------  -------------------  ----------------------
/opt/airflow/dags/simple_hello_world.py                           1           0  0.25s           2025-05-30T19:33:14                      12
/opt/airflow/dags/global_food.py                                  1           0  0.24s           2025-05-30T19:33:14                      10
================================================================================
[2025-05-30T19:34:13.031+0000] {manager.py:997} INFO - 
================================================================================
DAG File Processing Stats

File Path                                PID    Runtime      # DAGs    # Errors  Last Runtime    Last Run               Last # of DB Queries
---------------------------------------  -----  ---------  --------  ----------  --------------  -------------------  ----------------------
/opt/airflow/dags/simple_hello_world.py                           1           0  0.28s           2025-05-30T19:33:44                      12
/opt/airflow/dags/global_food.py                                  1           0  0.27s           2025-05-30T19:33:44                      10
================================================================================
[2025-05-30T19:34:26.307+0000] {manager.py:465} INFO - Exiting gracefully upon receiving signal 15
[2025-05-30T19:37:47.865+0000] {manager.py:483} INFO - Processing files using up to 2 processes at a time 
[2025-05-30T19:37:47.876+0000] {manager.py:484} INFO - Process each file at most once every 30 seconds
[2025-05-30T19:37:47.877+0000] {manager.py:485} INFO - Checking for new files in /opt/airflow/dags every 300 seconds
[2025-05-30T19:37:47.880+0000] {manager.py:821} INFO - Searching for files in /opt/airflow/dags
[2025-05-30T19:37:48.030+0000] {manager.py:824} INFO - There are 2 files in /opt/airflow/dags
[2025-05-30T19:37:48.792+0000] {manager.py:997} INFO - 
================================================================================
DAG File Processing Stats

File Path                                  PID  Runtime      # DAGs    # Errors  Last Runtime    Last Run      Last # of DB Queries
---------------------------------------  -----  ---------  --------  ----------  --------------  ----------  ----------------------
/opt/airflow/dags/global_food.py           160  0.47s             0           0                                                   0
/opt/airflow/dags/simple_hello_world.py    163  0.38s             0           0                                                   0
================================================================================
[2025-05-30T19:38:18.926+0000] {manager.py:997} INFO - 
================================================================================
DAG File Processing Stats

File Path                                PID    Runtime      # DAGs    # Errors  Last Runtime    Last Run               Last # of DB Queries
---------------------------------------  -----  ---------  --------  ----------  --------------  -------------------  ----------------------
/opt/airflow/dags/simple_hello_world.py                           1           0  1.18s           2025-05-30T19:37:49                      12
/opt/airflow/dags/global_food.py                                  1           0  1.15s           2025-05-30T19:37:49                      10
================================================================================
[2025-05-30T19:38:49.525+0000] {manager.py:997} INFO - 
================================================================================
DAG File Processing Stats

File Path                                PID    Runtime      # DAGs    # Errors  Last Runtime    Last Run               Last # of DB Queries
---------------------------------------  -----  ---------  --------  ----------  --------------  -------------------  ----------------------
/opt/airflow/dags/simple_hello_world.py                           1           0  0.28s           2025-05-30T19:38:20                      12
/opt/airflow/dags/global_food.py                                  1           0  0.26s           2025-05-30T19:38:20                      10
================================================================================
[2025-05-30T19:39:20.334+0000] {manager.py:997} INFO - 
================================================================================
DAG File Processing Stats

File Path                                PID    Runtime      # DAGs    # Errors  Last Runtime    Last Run               Last # of DB Queries
---------------------------------------  -----  ---------  --------  ----------  --------------  -------------------  ----------------------
/opt/airflow/dags/global_food.py                                  1           0  0.23s           2025-05-30T19:38:50                      10
/opt/airflow/dags/simple_hello_world.py                           1           0  0.23s           2025-05-30T19:38:50                      12
================================================================================
[2025-05-30T19:39:50.604+0000] {manager.py:997} INFO - 
================================================================================
DAG File Processing Stats

File Path                                PID    Runtime      # DAGs    # Errors  Last Runtime    Last Run               Last # of DB Queries
---------------------------------------  -----  ---------  --------  ----------  --------------  -------------------  ----------------------
/opt/airflow/dags/simple_hello_world.py                           1           0  0.21s           2025-05-30T19:39:21                      12
/opt/airflow/dags/global_food.py                                  1           0  0.21s           2025-05-30T19:39:21                      10
================================================================================
[2025-05-30T19:40:05.829+0000] {manager.py:465} INFO - Exiting gracefully upon receiving signal 15
