[2025-05-30T05:08:01.454+0000] {local_task_job_runner.py:123} INFO - ::group::Pre task execution logs
[2025-05-30T05:08:01.535+0000] {taskinstance.py:2603} INFO - Dependencies all met for dep_context=non-requeueable deps ti=<TaskInstance: simple_hello_world.say_hello scheduled__2025-05-29T00:00:00+00:00 [queued]>
[2025-05-30T05:08:01.551+0000] {taskinstance.py:2603} INFO - Dependencies all met for dep_context=requeueable deps ti=<TaskInstance: simple_hello_world.say_hello scheduled__2025-05-29T00:00:00+00:00 [queued]>
[2025-05-30T05:08:01.552+0000] {taskinstance.py:2856} INFO - Starting attempt 1 of 1
[2025-05-30T05:08:01.602+0000] {taskinstance.py:2879} INFO - Executing <Task(PythonOperator): say_hello> on 2025-05-29 00:00:00+00:00
[2025-05-30T05:08:01.627+0000] {standard_task_runner.py:72} INFO - Started process 180 to run task
[2025-05-30T05:08:01.645+0000] {standard_task_runner.py:104} INFO - Running: ['***', 'tasks', 'run', 'simple_hello_world', 'say_hello', 'scheduled__2025-05-29T00:00:00+00:00', '--job-id', '12', '--raw', '--subdir', 'DAGS_FOLDER/simple_hello_world.py', '--cfg-path', '/tmp/tmp8adlzpeg']
[2025-05-30T05:08:01.657+0000] {standard_task_runner.py:105} INFO - Job 12: Subtask say_hello
[2025-05-30T05:08:01.804+0000] {logging_mixin.py:190} WARNING - /home/***/.local/lib/python3.10/site-packages/***/settings.py:209 DeprecationWarning: The sql_alchemy_conn option in [core] has been moved to the sql_alchemy_conn option in [database] - the old setting has been used, but please update your config.
[2025-05-30T05:08:01.953+0000] {task_command.py:467} INFO - Running <TaskInstance: simple_hello_world.say_hello scheduled__2025-05-29T00:00:00+00:00 [running]> on host 1232a4f48263
[2025-05-30T05:08:01.956+0000] {logging_mixin.py:190} WARNING - /home/***/.local/lib/python3.10/site-packages/***/settings.py:449 DeprecationWarning: The sql_alchemy_conn option in [core] has been moved to the sql_alchemy_conn option in [database] - the old setting has been used, but please update your config.
[2025-05-30T05:08:02.230+0000] {taskinstance.py:3122} INFO - Exporting env vars: AIRFLOW_CTX_DAG_OWNER='***' AIRFLOW_CTX_DAG_ID='simple_hello_world' AIRFLOW_CTX_TASK_ID='say_hello' AIRFLOW_CTX_EXECUTION_DATE='2025-05-29T00:00:00+00:00' AIRFLOW_CTX_TRY_NUMBER='1' AIRFLOW_CTX_DAG_RUN_ID='scheduled__2025-05-29T00:00:00+00:00'
[2025-05-30T05:08:02.231+0000] {taskinstance.py:731} INFO - ::endgroup::
[2025-05-30T05:08:02.288+0000] {logging_mixin.py:190} INFO - Hello World from Airflow!
[2025-05-30T05:08:02.288+0000] {python.py:240} INFO - Done. Returned value was: None
[2025-05-30T05:08:02.312+0000] {taskinstance.py:340} INFO - ::group::Post task execution logs
[2025-05-30T05:08:02.313+0000] {taskinstance.py:352} INFO - Marking task as SUCCESS. dag_id=simple_hello_world, task_id=say_hello, run_id=scheduled__2025-05-29T00:00:00+00:00, execution_date=20250529T000000, start_date=20250530T050801, end_date=20250530T050802
[2025-05-30T05:08:02.390+0000] {local_task_job_runner.py:261} INFO - Task exited with return code 0
[2025-05-30T05:08:02.422+0000] {taskinstance.py:3891} INFO - 0 downstream tasks scheduled from follow-on schedule check
[2025-05-30T05:08:02.424+0000] {local_task_job_runner.py:240} INFO - ::endgroup::
[2025-05-30T19:30:36.868+0000] {local_task_job_runner.py:123} INFO - ::group::Pre task execution logs
[2025-05-30T19:30:37.007+0000] {taskinstance.py:2603} INFO - Dependencies all met for dep_context=non-requeueable deps ti=<TaskInstance: simple_hello_world.say_hello scheduled__2025-05-29T00:00:00+00:00 [queued]>
[2025-05-30T19:30:37.046+0000] {taskinstance.py:2603} INFO - Dependencies all met for dep_context=requeueable deps ti=<TaskInstance: simple_hello_world.say_hello scheduled__2025-05-29T00:00:00+00:00 [queued]>
[2025-05-30T19:30:37.047+0000] {taskinstance.py:2856} INFO - Starting attempt 1 of 1
[2025-05-30T19:30:37.107+0000] {taskinstance.py:2879} INFO - Executing <Task(PythonOperator): say_hello> on 2025-05-29 00:00:00+00:00
[2025-05-30T19:30:37.128+0000] {standard_task_runner.py:72} INFO - Started process 230 to run task
[2025-05-30T19:30:37.144+0000] {standard_task_runner.py:104} INFO - Running: ['***', 'tasks', 'run', 'simple_hello_world', 'say_hello', 'scheduled__2025-05-29T00:00:00+00:00', '--job-id', '4', '--raw', '--subdir', 'DAGS_FOLDER/simple_hello_world.py', '--cfg-path', '/tmp/tmp06pjpmry']
[2025-05-30T19:30:37.171+0000] {standard_task_runner.py:105} INFO - Job 4: Subtask say_hello
[2025-05-30T19:30:37.900+0000] {task_command.py:467} INFO - Running <TaskInstance: simple_hello_world.say_hello scheduled__2025-05-29T00:00:00+00:00 [running]> on host 8eab2cf7b14d
[2025-05-30T19:30:38.542+0000] {taskinstance.py:3122} INFO - Exporting env vars: AIRFLOW_CTX_DAG_OWNER='***' AIRFLOW_CTX_DAG_ID='simple_hello_world' AIRFLOW_CTX_TASK_ID='say_hello' AIRFLOW_CTX_EXECUTION_DATE='2025-05-29T00:00:00+00:00' AIRFLOW_CTX_TRY_NUMBER='1' AIRFLOW_CTX_DAG_RUN_ID='scheduled__2025-05-29T00:00:00+00:00'
[2025-05-30T19:30:38.589+0000] {taskinstance.py:731} INFO - ::endgroup::
[2025-05-30T19:30:39.691+0000] {logging_mixin.py:190} INFO - Hello World from Airflow!
[2025-05-30T19:30:39.693+0000] {python.py:240} INFO - Done. Returned value was: None
[2025-05-30T19:30:39.774+0000] {taskinstance.py:340} INFO - ::group::Post task execution logs
[2025-05-30T19:30:39.786+0000] {taskinstance.py:352} INFO - Marking task as SUCCESS. dag_id=simple_hello_world, task_id=say_hello, run_id=scheduled__2025-05-29T00:00:00+00:00, execution_date=20250529T000000, start_date=20250530T193037, end_date=20250530T193039
[2025-05-30T19:30:40.352+0000] {local_task_job_runner.py:261} INFO - Task exited with return code 0
[2025-05-30T19:30:40.569+0000] {taskinstance.py:3891} INFO - 0 downstream tasks scheduled from follow-on schedule check
[2025-05-30T19:30:40.588+0000] {local_task_job_runner.py:240} INFO - ::endgroup::
