[2025-05-30T17:32:49.515+0000] {processor.py:186} INFO - Started process (PID=160) to work on /opt/airflow/dags/global_food.py
[2025-05-30T17:32:49.518+0000] {processor.py:914} INFO - Processing file /opt/airflow/dags/global_food.py for tasks to queue
[2025-05-30T17:32:49.522+0000] {logging_mixin.py:190} INFO - [2025-05-30T17:32:49.521+0000] {dagbag.py:587} INFO - Filling up the DagBag from /opt/airflow/dags/global_food.py
[2025-05-30T17:32:49.749+0000] {processor.py:925} INFO - DAG(s) 'global_street_food_analysis_dag' retrieved from /opt/airflow/dags/global_food.py
[2025-05-30T17:32:50.849+0000] {logging_mixin.py:190} INFO - [2025-05-30T17:32:50.847+0000] {override.py:1858} INFO - Created Permission View: can edit on DAG:global_street_food_analysis_dag
[2025-05-30T17:32:50.875+0000] {logging_mixin.py:190} INFO - [2025-05-30T17:32:50.874+0000] {override.py:1858} INFO - Created Permission View: can delete on DAG:global_street_food_analysis_dag
[2025-05-30T17:32:50.890+0000] {logging_mixin.py:190} INFO - [2025-05-30T17:32:50.890+0000] {override.py:1858} INFO - Created Permission View: can read on DAG:global_street_food_analysis_dag
[2025-05-30T17:32:50.892+0000] {logging_mixin.py:190} INFO - [2025-05-30T17:32:50.891+0000] {dag.py:3211} INFO - Sync 1 DAGs
[2025-05-30T17:32:50.919+0000] {logging_mixin.py:190} INFO - [2025-05-30T17:32:50.918+0000] {dag.py:3234} INFO - Creating ORM DAG for global_street_food_analysis_dag
[2025-05-30T17:32:50.920+0000] {logging_mixin.py:190} INFO - [2025-05-30T17:32:50.920+0000] {dag.py:4138} INFO - Setting next_dagrun for global_street_food_analysis_dag to None, run_after=None
[2025-05-30T17:32:50.962+0000] {processor.py:208} INFO - Processing /opt/airflow/dags/global_food.py took 1.467 seconds
[2025-05-30T17:33:21.261+0000] {processor.py:186} INFO - Started process (PID=170) to work on /opt/airflow/dags/global_food.py
[2025-05-30T17:33:21.265+0000] {processor.py:914} INFO - Processing file /opt/airflow/dags/global_food.py for tasks to queue
[2025-05-30T17:33:21.266+0000] {logging_mixin.py:190} INFO - [2025-05-30T17:33:21.266+0000] {dagbag.py:587} INFO - Filling up the DagBag from /opt/airflow/dags/global_food.py
[2025-05-30T17:33:21.294+0000] {processor.py:925} INFO - DAG(s) 'global_street_food_analysis_dag' retrieved from /opt/airflow/dags/global_food.py
[2025-05-30T17:33:21.341+0000] {logging_mixin.py:190} INFO - [2025-05-30T17:33:21.341+0000] {dag.py:3211} INFO - Sync 1 DAGs
[2025-05-30T17:33:21.355+0000] {logging_mixin.py:190} INFO - [2025-05-30T17:33:21.354+0000] {dag.py:4138} INFO - Setting next_dagrun for global_street_food_analysis_dag to None, run_after=None
[2025-05-30T17:33:21.378+0000] {processor.py:208} INFO - Processing /opt/airflow/dags/global_food.py took 0.128 seconds
[2025-05-30T17:33:52.291+0000] {processor.py:186} INFO - Started process (PID=180) to work on /opt/airflow/dags/global_food.py
[2025-05-30T17:33:52.292+0000] {processor.py:914} INFO - Processing file /opt/airflow/dags/global_food.py for tasks to queue
[2025-05-30T17:33:52.293+0000] {logging_mixin.py:190} INFO - [2025-05-30T17:33:52.293+0000] {dagbag.py:587} INFO - Filling up the DagBag from /opt/airflow/dags/global_food.py
[2025-05-30T17:33:52.324+0000] {processor.py:925} INFO - DAG(s) 'global_street_food_analysis_dag' retrieved from /opt/airflow/dags/global_food.py
[2025-05-30T17:33:52.376+0000] {logging_mixin.py:190} INFO - [2025-05-30T17:33:52.376+0000] {dag.py:3211} INFO - Sync 1 DAGs
[2025-05-30T17:33:52.457+0000] {logging_mixin.py:190} INFO - [2025-05-30T17:33:52.457+0000] {dag.py:4138} INFO - Setting next_dagrun for global_street_food_analysis_dag to None, run_after=None
[2025-05-30T17:33:52.509+0000] {processor.py:208} INFO - Processing /opt/airflow/dags/global_food.py took 0.231 seconds
[2025-05-30T17:34:22.890+0000] {processor.py:186} INFO - Started process (PID=190) to work on /opt/airflow/dags/global_food.py
[2025-05-30T17:34:22.891+0000] {processor.py:914} INFO - Processing file /opt/airflow/dags/global_food.py for tasks to queue
[2025-05-30T17:34:22.897+0000] {logging_mixin.py:190} INFO - [2025-05-30T17:34:22.896+0000] {dagbag.py:587} INFO - Filling up the DagBag from /opt/airflow/dags/global_food.py
[2025-05-30T17:34:22.922+0000] {processor.py:925} INFO - DAG(s) 'global_street_food_analysis_dag' retrieved from /opt/airflow/dags/global_food.py
[2025-05-30T17:34:22.958+0000] {logging_mixin.py:190} INFO - [2025-05-30T17:34:22.957+0000] {dag.py:3211} INFO - Sync 1 DAGs
[2025-05-30T17:34:22.975+0000] {logging_mixin.py:190} INFO - [2025-05-30T17:34:22.974+0000] {dag.py:4138} INFO - Setting next_dagrun for global_street_food_analysis_dag to None, run_after=None
[2025-05-30T17:34:23.005+0000] {processor.py:208} INFO - Processing /opt/airflow/dags/global_food.py took 0.124 seconds
[2025-05-30T17:34:53.408+0000] {processor.py:186} INFO - Started process (PID=200) to work on /opt/airflow/dags/global_food.py
[2025-05-30T17:34:53.409+0000] {processor.py:914} INFO - Processing file /opt/airflow/dags/global_food.py for tasks to queue
[2025-05-30T17:34:53.410+0000] {logging_mixin.py:190} INFO - [2025-05-30T17:34:53.410+0000] {dagbag.py:587} INFO - Filling up the DagBag from /opt/airflow/dags/global_food.py
[2025-05-30T17:34:53.431+0000] {processor.py:925} INFO - DAG(s) 'global_street_food_analysis_dag' retrieved from /opt/airflow/dags/global_food.py
[2025-05-30T17:34:53.461+0000] {logging_mixin.py:190} INFO - [2025-05-30T17:34:53.461+0000] {dag.py:3211} INFO - Sync 1 DAGs
[2025-05-30T17:34:53.475+0000] {logging_mixin.py:190} INFO - [2025-05-30T17:34:53.475+0000] {dag.py:4138} INFO - Setting next_dagrun for global_street_food_analysis_dag to None, run_after=None
[2025-05-30T17:34:53.500+0000] {processor.py:208} INFO - Processing /opt/airflow/dags/global_food.py took 0.099 seconds
[2025-05-30T17:35:23.969+0000] {processor.py:186} INFO - Started process (PID=210) to work on /opt/airflow/dags/global_food.py
[2025-05-30T17:35:23.970+0000] {processor.py:914} INFO - Processing file /opt/airflow/dags/global_food.py for tasks to queue
[2025-05-30T17:35:23.973+0000] {logging_mixin.py:190} INFO - [2025-05-30T17:35:23.972+0000] {dagbag.py:587} INFO - Filling up the DagBag from /opt/airflow/dags/global_food.py
[2025-05-30T17:35:24.011+0000] {processor.py:925} INFO - DAG(s) 'global_street_food_analysis_dag' retrieved from /opt/airflow/dags/global_food.py
[2025-05-30T17:35:24.183+0000] {logging_mixin.py:190} INFO - [2025-05-30T17:35:24.183+0000] {dag.py:3211} INFO - Sync 1 DAGs
[2025-05-30T17:35:24.241+0000] {logging_mixin.py:190} INFO - [2025-05-30T17:35:24.240+0000] {dag.py:4138} INFO - Setting next_dagrun for global_street_food_analysis_dag to None, run_after=None
[2025-05-30T17:35:24.300+0000] {processor.py:208} INFO - Processing /opt/airflow/dags/global_food.py took 0.339 seconds
[2025-05-30T17:35:54.759+0000] {processor.py:186} INFO - Started process (PID=220) to work on /opt/airflow/dags/global_food.py
[2025-05-30T17:35:54.762+0000] {processor.py:914} INFO - Processing file /opt/airflow/dags/global_food.py for tasks to queue
[2025-05-30T17:35:54.764+0000] {logging_mixin.py:190} INFO - [2025-05-30T17:35:54.764+0000] {dagbag.py:587} INFO - Filling up the DagBag from /opt/airflow/dags/global_food.py
[2025-05-30T17:35:54.789+0000] {processor.py:925} INFO - DAG(s) 'global_street_food_analysis_dag' retrieved from /opt/airflow/dags/global_food.py
[2025-05-30T17:35:54.824+0000] {logging_mixin.py:190} INFO - [2025-05-30T17:35:54.824+0000] {dag.py:3211} INFO - Sync 1 DAGs
[2025-05-30T17:35:54.840+0000] {logging_mixin.py:190} INFO - [2025-05-30T17:35:54.840+0000] {dag.py:4138} INFO - Setting next_dagrun for global_street_food_analysis_dag to None, run_after=None
[2025-05-30T17:35:54.859+0000] {processor.py:208} INFO - Processing /opt/airflow/dags/global_food.py took 0.108 seconds
[2025-05-30T17:36:25.272+0000] {processor.py:186} INFO - Started process (PID=230) to work on /opt/airflow/dags/global_food.py
[2025-05-30T17:36:25.273+0000] {processor.py:914} INFO - Processing file /opt/airflow/dags/global_food.py for tasks to queue
[2025-05-30T17:36:25.275+0000] {logging_mixin.py:190} INFO - [2025-05-30T17:36:25.274+0000] {dagbag.py:587} INFO - Filling up the DagBag from /opt/airflow/dags/global_food.py
[2025-05-30T17:36:25.318+0000] {processor.py:925} INFO - DAG(s) 'global_street_food_analysis_dag' retrieved from /opt/airflow/dags/global_food.py
[2025-05-30T17:36:25.363+0000] {logging_mixin.py:190} INFO - [2025-05-30T17:36:25.363+0000] {dag.py:3211} INFO - Sync 1 DAGs
[2025-05-30T17:36:25.387+0000] {logging_mixin.py:190} INFO - [2025-05-30T17:36:25.387+0000] {dag.py:4138} INFO - Setting next_dagrun for global_street_food_analysis_dag to None, run_after=None
[2025-05-30T17:36:25.412+0000] {processor.py:208} INFO - Processing /opt/airflow/dags/global_food.py took 0.150 seconds
[2025-05-30T17:36:55.899+0000] {processor.py:186} INFO - Started process (PID=240) to work on /opt/airflow/dags/global_food.py
[2025-05-30T17:36:55.900+0000] {processor.py:914} INFO - Processing file /opt/airflow/dags/global_food.py for tasks to queue
[2025-05-30T17:36:55.902+0000] {logging_mixin.py:190} INFO - [2025-05-30T17:36:55.901+0000] {dagbag.py:587} INFO - Filling up the DagBag from /opt/airflow/dags/global_food.py
[2025-05-30T17:36:55.928+0000] {processor.py:925} INFO - DAG(s) 'global_street_food_analysis_dag' retrieved from /opt/airflow/dags/global_food.py
[2025-05-30T17:36:55.961+0000] {logging_mixin.py:190} INFO - [2025-05-30T17:36:55.960+0000] {dag.py:3211} INFO - Sync 1 DAGs
[2025-05-30T17:36:55.978+0000] {logging_mixin.py:190} INFO - [2025-05-30T17:36:55.978+0000] {dag.py:4138} INFO - Setting next_dagrun for global_street_food_analysis_dag to None, run_after=None
[2025-05-30T17:36:55.999+0000] {processor.py:208} INFO - Processing /opt/airflow/dags/global_food.py took 0.109 seconds
[2025-05-30T17:37:26.387+0000] {processor.py:186} INFO - Started process (PID=250) to work on /opt/airflow/dags/global_food.py
[2025-05-30T17:37:26.388+0000] {processor.py:914} INFO - Processing file /opt/airflow/dags/global_food.py for tasks to queue
[2025-05-30T17:37:26.390+0000] {logging_mixin.py:190} INFO - [2025-05-30T17:37:26.390+0000] {dagbag.py:587} INFO - Filling up the DagBag from /opt/airflow/dags/global_food.py
[2025-05-30T17:37:26.416+0000] {processor.py:925} INFO - DAG(s) 'global_street_food_analysis_dag' retrieved from /opt/airflow/dags/global_food.py
[2025-05-30T17:37:26.452+0000] {logging_mixin.py:190} INFO - [2025-05-30T17:37:26.452+0000] {dag.py:3211} INFO - Sync 1 DAGs
[2025-05-30T17:37:26.467+0000] {logging_mixin.py:190} INFO - [2025-05-30T17:37:26.467+0000] {dag.py:4138} INFO - Setting next_dagrun for global_street_food_analysis_dag to None, run_after=None
[2025-05-30T17:37:26.491+0000] {processor.py:208} INFO - Processing /opt/airflow/dags/global_food.py took 0.114 seconds
[2025-05-30T17:37:56.888+0000] {processor.py:186} INFO - Started process (PID=260) to work on /opt/airflow/dags/global_food.py
[2025-05-30T17:37:56.889+0000] {processor.py:914} INFO - Processing file /opt/airflow/dags/global_food.py for tasks to queue
[2025-05-30T17:37:56.891+0000] {logging_mixin.py:190} INFO - [2025-05-30T17:37:56.891+0000] {dagbag.py:587} INFO - Filling up the DagBag from /opt/airflow/dags/global_food.py
[2025-05-30T17:37:56.913+0000] {processor.py:925} INFO - DAG(s) 'global_street_food_analysis_dag' retrieved from /opt/airflow/dags/global_food.py
[2025-05-30T17:37:56.946+0000] {logging_mixin.py:190} INFO - [2025-05-30T17:37:56.945+0000] {dag.py:3211} INFO - Sync 1 DAGs
[2025-05-30T17:37:56.962+0000] {logging_mixin.py:190} INFO - [2025-05-30T17:37:56.962+0000] {dag.py:4138} INFO - Setting next_dagrun for global_street_food_analysis_dag to None, run_after=None
[2025-05-30T17:37:56.983+0000] {processor.py:208} INFO - Processing /opt/airflow/dags/global_food.py took 0.105 seconds
[2025-05-30T17:38:27.393+0000] {processor.py:186} INFO - Started process (PID=270) to work on /opt/airflow/dags/global_food.py
[2025-05-30T17:38:27.394+0000] {processor.py:914} INFO - Processing file /opt/airflow/dags/global_food.py for tasks to queue
[2025-05-30T17:38:27.396+0000] {logging_mixin.py:190} INFO - [2025-05-30T17:38:27.396+0000] {dagbag.py:587} INFO - Filling up the DagBag from /opt/airflow/dags/global_food.py
[2025-05-30T17:38:27.417+0000] {processor.py:925} INFO - DAG(s) 'global_street_food_analysis_dag' retrieved from /opt/airflow/dags/global_food.py
[2025-05-30T17:38:27.447+0000] {logging_mixin.py:190} INFO - [2025-05-30T17:38:27.447+0000] {dag.py:3211} INFO - Sync 1 DAGs
[2025-05-30T17:38:27.468+0000] {logging_mixin.py:190} INFO - [2025-05-30T17:38:27.468+0000] {dag.py:4138} INFO - Setting next_dagrun for global_street_food_analysis_dag to None, run_after=None
[2025-05-30T17:38:27.491+0000] {processor.py:208} INFO - Processing /opt/airflow/dags/global_food.py took 0.106 seconds
[2025-05-30T17:38:57.929+0000] {processor.py:186} INFO - Started process (PID=280) to work on /opt/airflow/dags/global_food.py
[2025-05-30T17:38:57.930+0000] {processor.py:914} INFO - Processing file /opt/airflow/dags/global_food.py for tasks to queue
[2025-05-30T17:38:57.933+0000] {logging_mixin.py:190} INFO - [2025-05-30T17:38:57.931+0000] {dagbag.py:587} INFO - Filling up the DagBag from /opt/airflow/dags/global_food.py
[2025-05-30T17:38:57.989+0000] {processor.py:925} INFO - DAG(s) 'global_street_food_analysis_dag' retrieved from /opt/airflow/dags/global_food.py
[2025-05-30T17:38:58.033+0000] {logging_mixin.py:190} INFO - [2025-05-30T17:38:58.033+0000] {dag.py:3211} INFO - Sync 1 DAGs
[2025-05-30T17:38:58.070+0000] {logging_mixin.py:190} INFO - [2025-05-30T17:38:58.070+0000] {dag.py:4138} INFO - Setting next_dagrun for global_street_food_analysis_dag to None, run_after=None
[2025-05-30T17:38:58.148+0000] {processor.py:208} INFO - Processing /opt/airflow/dags/global_food.py took 0.239 seconds
[2025-05-30T17:39:28.515+0000] {processor.py:186} INFO - Started process (PID=290) to work on /opt/airflow/dags/global_food.py
[2025-05-30T17:39:28.516+0000] {processor.py:914} INFO - Processing file /opt/airflow/dags/global_food.py for tasks to queue
[2025-05-30T17:39:28.523+0000] {logging_mixin.py:190} INFO - [2025-05-30T17:39:28.523+0000] {dagbag.py:587} INFO - Filling up the DagBag from /opt/airflow/dags/global_food.py
[2025-05-30T17:39:28.548+0000] {processor.py:925} INFO - DAG(s) 'global_street_food_analysis_dag' retrieved from /opt/airflow/dags/global_food.py
[2025-05-30T17:39:28.584+0000] {logging_mixin.py:190} INFO - [2025-05-30T17:39:28.584+0000] {dag.py:3211} INFO - Sync 1 DAGs
[2025-05-30T17:39:28.597+0000] {logging_mixin.py:190} INFO - [2025-05-30T17:39:28.597+0000] {dag.py:4138} INFO - Setting next_dagrun for global_street_food_analysis_dag to None, run_after=None
[2025-05-30T17:39:28.616+0000] {processor.py:208} INFO - Processing /opt/airflow/dags/global_food.py took 0.111 seconds
[2025-05-30T17:39:59.280+0000] {processor.py:186} INFO - Started process (PID=300) to work on /opt/airflow/dags/global_food.py
[2025-05-30T17:39:59.282+0000] {processor.py:914} INFO - Processing file /opt/airflow/dags/global_food.py for tasks to queue
[2025-05-30T17:39:59.284+0000] {logging_mixin.py:190} INFO - [2025-05-30T17:39:59.284+0000] {dagbag.py:587} INFO - Filling up the DagBag from /opt/airflow/dags/global_food.py
[2025-05-30T17:39:59.310+0000] {processor.py:925} INFO - DAG(s) 'global_street_food_analysis_dag' retrieved from /opt/airflow/dags/global_food.py
[2025-05-30T17:39:59.352+0000] {logging_mixin.py:190} INFO - [2025-05-30T17:39:59.351+0000] {dag.py:3211} INFO - Sync 1 DAGs
[2025-05-30T17:39:59.373+0000] {logging_mixin.py:190} INFO - [2025-05-30T17:39:59.373+0000] {dag.py:4138} INFO - Setting next_dagrun for global_street_food_analysis_dag to None, run_after=None
[2025-05-30T17:39:59.419+0000] {processor.py:208} INFO - Processing /opt/airflow/dags/global_food.py took 0.158 seconds
[2025-05-30T17:40:30.413+0000] {processor.py:186} INFO - Started process (PID=310) to work on /opt/airflow/dags/global_food.py
[2025-05-30T17:40:30.424+0000] {processor.py:914} INFO - Processing file /opt/airflow/dags/global_food.py for tasks to queue
[2025-05-30T17:40:30.430+0000] {logging_mixin.py:190} INFO - [2025-05-30T17:40:30.429+0000] {dagbag.py:587} INFO - Filling up the DagBag from /opt/airflow/dags/global_food.py
[2025-05-30T17:40:30.545+0000] {processor.py:925} INFO - DAG(s) 'global_street_food_analysis_dag' retrieved from /opt/airflow/dags/global_food.py
[2025-05-30T17:40:30.613+0000] {logging_mixin.py:190} INFO - [2025-05-30T17:40:30.613+0000] {dag.py:3211} INFO - Sync 1 DAGs
[2025-05-30T17:40:30.627+0000] {logging_mixin.py:190} INFO - [2025-05-30T17:40:30.627+0000] {dag.py:4138} INFO - Setting next_dagrun for global_street_food_analysis_dag to None, run_after=None
[2025-05-30T17:40:30.647+0000] {processor.py:208} INFO - Processing /opt/airflow/dags/global_food.py took 0.254 seconds
[2025-05-30T17:41:01.609+0000] {processor.py:186} INFO - Started process (PID=320) to work on /opt/airflow/dags/global_food.py
[2025-05-30T17:41:01.611+0000] {processor.py:914} INFO - Processing file /opt/airflow/dags/global_food.py for tasks to queue
[2025-05-30T17:41:01.612+0000] {logging_mixin.py:190} INFO - [2025-05-30T17:41:01.612+0000] {dagbag.py:587} INFO - Filling up the DagBag from /opt/airflow/dags/global_food.py
[2025-05-30T17:41:01.643+0000] {processor.py:925} INFO - DAG(s) 'global_street_food_analysis_dag' retrieved from /opt/airflow/dags/global_food.py
[2025-05-30T17:41:01.695+0000] {logging_mixin.py:190} INFO - [2025-05-30T17:41:01.695+0000] {dag.py:3211} INFO - Sync 1 DAGs
[2025-05-30T17:41:01.715+0000] {logging_mixin.py:190} INFO - [2025-05-30T17:41:01.714+0000] {dag.py:4138} INFO - Setting next_dagrun for global_street_food_analysis_dag to None, run_after=None
[2025-05-30T17:41:01.746+0000] {processor.py:208} INFO - Processing /opt/airflow/dags/global_food.py took 0.150 seconds
[2025-05-30T17:41:32.297+0000] {processor.py:186} INFO - Started process (PID=330) to work on /opt/airflow/dags/global_food.py
[2025-05-30T17:41:32.299+0000] {processor.py:914} INFO - Processing file /opt/airflow/dags/global_food.py for tasks to queue
[2025-05-30T17:41:32.312+0000] {logging_mixin.py:190} INFO - [2025-05-30T17:41:32.306+0000] {dagbag.py:587} INFO - Filling up the DagBag from /opt/airflow/dags/global_food.py
[2025-05-30T17:41:32.348+0000] {processor.py:925} INFO - DAG(s) 'global_street_food_analysis_dag' retrieved from /opt/airflow/dags/global_food.py
[2025-05-30T17:41:32.383+0000] {logging_mixin.py:190} INFO - [2025-05-30T17:41:32.382+0000] {dag.py:3211} INFO - Sync 1 DAGs
[2025-05-30T17:41:32.404+0000] {logging_mixin.py:190} INFO - [2025-05-30T17:41:32.404+0000] {dag.py:4138} INFO - Setting next_dagrun for global_street_food_analysis_dag to None, run_after=None
[2025-05-30T17:41:32.448+0000] {processor.py:208} INFO - Processing /opt/airflow/dags/global_food.py took 0.171 seconds
[2025-05-30T17:42:02.823+0000] {processor.py:186} INFO - Started process (PID=340) to work on /opt/airflow/dags/global_food.py
[2025-05-30T17:42:02.824+0000] {processor.py:914} INFO - Processing file /opt/airflow/dags/global_food.py for tasks to queue
[2025-05-30T17:42:02.827+0000] {logging_mixin.py:190} INFO - [2025-05-30T17:42:02.827+0000] {dagbag.py:587} INFO - Filling up the DagBag from /opt/airflow/dags/global_food.py
[2025-05-30T17:42:02.855+0000] {processor.py:925} INFO - DAG(s) 'global_street_food_analysis_dag' retrieved from /opt/airflow/dags/global_food.py
[2025-05-30T17:42:02.895+0000] {logging_mixin.py:190} INFO - [2025-05-30T17:42:02.894+0000] {dag.py:3211} INFO - Sync 1 DAGs
[2025-05-30T17:42:02.933+0000] {logging_mixin.py:190} INFO - [2025-05-30T17:42:02.933+0000] {dag.py:4138} INFO - Setting next_dagrun for global_street_food_analysis_dag to None, run_after=None
[2025-05-30T17:42:02.963+0000] {processor.py:208} INFO - Processing /opt/airflow/dags/global_food.py took 0.149 seconds
[2025-05-30T17:42:33.352+0000] {processor.py:186} INFO - Started process (PID=350) to work on /opt/airflow/dags/global_food.py
[2025-05-30T17:42:33.353+0000] {processor.py:914} INFO - Processing file /opt/airflow/dags/global_food.py for tasks to queue
[2025-05-30T17:42:33.356+0000] {logging_mixin.py:190} INFO - [2025-05-30T17:42:33.356+0000] {dagbag.py:587} INFO - Filling up the DagBag from /opt/airflow/dags/global_food.py
[2025-05-30T17:42:33.379+0000] {processor.py:925} INFO - DAG(s) 'global_street_food_analysis_dag' retrieved from /opt/airflow/dags/global_food.py
[2025-05-30T17:42:33.411+0000] {logging_mixin.py:190} INFO - [2025-05-30T17:42:33.411+0000] {dag.py:3211} INFO - Sync 1 DAGs
[2025-05-30T17:42:33.438+0000] {logging_mixin.py:190} INFO - [2025-05-30T17:42:33.437+0000] {dag.py:4138} INFO - Setting next_dagrun for global_street_food_analysis_dag to None, run_after=None
[2025-05-30T17:42:33.508+0000] {processor.py:208} INFO - Processing /opt/airflow/dags/global_food.py took 0.168 seconds
[2025-05-30T17:43:04.134+0000] {processor.py:186} INFO - Started process (PID=360) to work on /opt/airflow/dags/global_food.py
[2025-05-30T17:43:04.135+0000] {processor.py:914} INFO - Processing file /opt/airflow/dags/global_food.py for tasks to queue
[2025-05-30T17:43:04.137+0000] {logging_mixin.py:190} INFO - [2025-05-30T17:43:04.137+0000] {dagbag.py:587} INFO - Filling up the DagBag from /opt/airflow/dags/global_food.py
[2025-05-30T17:43:04.163+0000] {processor.py:925} INFO - DAG(s) 'global_street_food_analysis_dag' retrieved from /opt/airflow/dags/global_food.py
[2025-05-30T17:43:04.200+0000] {logging_mixin.py:190} INFO - [2025-05-30T17:43:04.200+0000] {dag.py:3211} INFO - Sync 1 DAGs
[2025-05-30T17:43:04.219+0000] {logging_mixin.py:190} INFO - [2025-05-30T17:43:04.218+0000] {dag.py:4138} INFO - Setting next_dagrun for global_street_food_analysis_dag to None, run_after=None
[2025-05-30T17:43:04.243+0000] {processor.py:208} INFO - Processing /opt/airflow/dags/global_food.py took 0.126 seconds
[2025-05-30T17:43:34.558+0000] {processor.py:186} INFO - Started process (PID=370) to work on /opt/airflow/dags/global_food.py
[2025-05-30T17:43:34.560+0000] {processor.py:914} INFO - Processing file /opt/airflow/dags/global_food.py for tasks to queue
[2025-05-30T17:43:34.562+0000] {logging_mixin.py:190} INFO - [2025-05-30T17:43:34.562+0000] {dagbag.py:587} INFO - Filling up the DagBag from /opt/airflow/dags/global_food.py
[2025-05-30T17:43:34.584+0000] {processor.py:925} INFO - DAG(s) 'global_street_food_analysis_dag' retrieved from /opt/airflow/dags/global_food.py
[2025-05-30T17:43:34.619+0000] {logging_mixin.py:190} INFO - [2025-05-30T17:43:34.618+0000] {dag.py:3211} INFO - Sync 1 DAGs
[2025-05-30T17:43:34.634+0000] {logging_mixin.py:190} INFO - [2025-05-30T17:43:34.634+0000] {dag.py:4138} INFO - Setting next_dagrun for global_street_food_analysis_dag to None, run_after=None
[2025-05-30T17:43:34.654+0000] {processor.py:208} INFO - Processing /opt/airflow/dags/global_food.py took 0.107 seconds
[2025-05-30T17:44:05.035+0000] {processor.py:186} INFO - Started process (PID=380) to work on /opt/airflow/dags/global_food.py
[2025-05-30T17:44:05.036+0000] {processor.py:914} INFO - Processing file /opt/airflow/dags/global_food.py for tasks to queue
[2025-05-30T17:44:05.038+0000] {logging_mixin.py:190} INFO - [2025-05-30T17:44:05.038+0000] {dagbag.py:587} INFO - Filling up the DagBag from /opt/airflow/dags/global_food.py
[2025-05-30T17:44:05.062+0000] {processor.py:925} INFO - DAG(s) 'global_street_food_analysis_dag' retrieved from /opt/airflow/dags/global_food.py
[2025-05-30T17:44:05.095+0000] {logging_mixin.py:190} INFO - [2025-05-30T17:44:05.094+0000] {dag.py:3211} INFO - Sync 1 DAGs
[2025-05-30T17:44:05.110+0000] {logging_mixin.py:190} INFO - [2025-05-30T17:44:05.110+0000] {dag.py:4138} INFO - Setting next_dagrun for global_street_food_analysis_dag to None, run_after=None
[2025-05-30T17:44:05.132+0000] {processor.py:208} INFO - Processing /opt/airflow/dags/global_food.py took 0.106 seconds
[2025-05-30T17:44:35.473+0000] {processor.py:186} INFO - Started process (PID=390) to work on /opt/airflow/dags/global_food.py
[2025-05-30T17:44:35.474+0000] {processor.py:914} INFO - Processing file /opt/airflow/dags/global_food.py for tasks to queue
[2025-05-30T17:44:35.477+0000] {logging_mixin.py:190} INFO - [2025-05-30T17:44:35.477+0000] {dagbag.py:587} INFO - Filling up the DagBag from /opt/airflow/dags/global_food.py
[2025-05-30T17:44:35.500+0000] {processor.py:925} INFO - DAG(s) 'global_street_food_analysis_dag' retrieved from /opt/airflow/dags/global_food.py
[2025-05-30T17:44:35.533+0000] {logging_mixin.py:190} INFO - [2025-05-30T17:44:35.533+0000] {dag.py:3211} INFO - Sync 1 DAGs
[2025-05-30T17:44:35.551+0000] {logging_mixin.py:190} INFO - [2025-05-30T17:44:35.551+0000] {dag.py:4138} INFO - Setting next_dagrun for global_street_food_analysis_dag to None, run_after=None
[2025-05-30T17:44:35.577+0000] {processor.py:208} INFO - Processing /opt/airflow/dags/global_food.py took 0.117 seconds
[2025-05-30T17:45:05.922+0000] {processor.py:186} INFO - Started process (PID=400) to work on /opt/airflow/dags/global_food.py
[2025-05-30T17:45:05.924+0000] {processor.py:914} INFO - Processing file /opt/airflow/dags/global_food.py for tasks to queue
[2025-05-30T17:45:05.926+0000] {logging_mixin.py:190} INFO - [2025-05-30T17:45:05.926+0000] {dagbag.py:587} INFO - Filling up the DagBag from /opt/airflow/dags/global_food.py
[2025-05-30T17:45:05.950+0000] {processor.py:925} INFO - DAG(s) 'global_street_food_analysis_dag' retrieved from /opt/airflow/dags/global_food.py
[2025-05-30T17:45:05.987+0000] {logging_mixin.py:190} INFO - [2025-05-30T17:45:05.987+0000] {dag.py:3211} INFO - Sync 1 DAGs
[2025-05-30T17:45:06.005+0000] {logging_mixin.py:190} INFO - [2025-05-30T17:45:06.005+0000] {dag.py:4138} INFO - Setting next_dagrun for global_street_food_analysis_dag to None, run_after=None
[2025-05-30T17:45:06.030+0000] {processor.py:208} INFO - Processing /opt/airflow/dags/global_food.py took 0.117 seconds
[2025-05-30T18:51:31.139+0000] {processor.py:186} INFO - Started process (PID=159) to work on /opt/airflow/dags/global_food.py
[2025-05-30T18:51:31.144+0000] {processor.py:914} INFO - Processing file /opt/airflow/dags/global_food.py for tasks to queue
[2025-05-30T18:51:31.161+0000] {logging_mixin.py:190} INFO - [2025-05-30T18:51:31.156+0000] {dagbag.py:587} INFO - Filling up the DagBag from /opt/airflow/dags/global_food.py
[2025-05-30T18:51:31.516+0000] {processor.py:925} INFO - DAG(s) 'global_street_food_analysis_dag' retrieved from /opt/airflow/dags/global_food.py
[2025-05-30T18:51:33.248+0000] {logging_mixin.py:190} INFO - [2025-05-30T18:51:33.247+0000] {override.py:1858} INFO - Created Permission View: can edit on DAG:global_street_food_analysis_dag
[2025-05-30T18:51:33.297+0000] {logging_mixin.py:190} INFO - [2025-05-30T18:51:33.296+0000] {override.py:1858} INFO - Created Permission View: can read on DAG:global_street_food_analysis_dag
[2025-05-30T18:51:33.316+0000] {logging_mixin.py:190} INFO - [2025-05-30T18:51:33.316+0000] {override.py:1858} INFO - Created Permission View: can delete on DAG:global_street_food_analysis_dag
[2025-05-30T18:51:33.317+0000] {logging_mixin.py:190} INFO - [2025-05-30T18:51:33.317+0000] {dag.py:3211} INFO - Sync 1 DAGs
[2025-05-30T18:51:33.382+0000] {logging_mixin.py:190} INFO - [2025-05-30T18:51:33.382+0000] {dag.py:3234} INFO - Creating ORM DAG for global_street_food_analysis_dag
[2025-05-30T18:51:33.388+0000] {logging_mixin.py:190} INFO - [2025-05-30T18:51:33.388+0000] {dag.py:4138} INFO - Setting next_dagrun for global_street_food_analysis_dag to None, run_after=None
[2025-05-30T18:51:33.470+0000] {processor.py:208} INFO - Processing /opt/airflow/dags/global_food.py took 2.488 seconds
[2025-05-30T18:52:04.421+0000] {processor.py:186} INFO - Started process (PID=169) to work on /opt/airflow/dags/global_food.py
[2025-05-30T18:52:04.460+0000] {processor.py:914} INFO - Processing file /opt/airflow/dags/global_food.py for tasks to queue
[2025-05-30T18:52:04.472+0000] {logging_mixin.py:190} INFO - [2025-05-30T18:52:04.470+0000] {dagbag.py:587} INFO - Filling up the DagBag from /opt/airflow/dags/global_food.py
[2025-05-30T18:52:04.657+0000] {processor.py:925} INFO - DAG(s) 'global_street_food_analysis_dag' retrieved from /opt/airflow/dags/global_food.py
[2025-05-30T18:52:05.291+0000] {logging_mixin.py:190} INFO - [2025-05-30T18:52:05.289+0000] {dag.py:3211} INFO - Sync 1 DAGs
[2025-05-30T18:52:05.643+0000] {logging_mixin.py:190} INFO - [2025-05-30T18:52:05.643+0000] {dag.py:4138} INFO - Setting next_dagrun for global_street_food_analysis_dag to None, run_after=None
[2025-05-30T18:52:05.865+0000] {processor.py:208} INFO - Processing /opt/airflow/dags/global_food.py took 1.596 seconds
[2025-05-30T18:52:36.161+0000] {processor.py:186} INFO - Started process (PID=179) to work on /opt/airflow/dags/global_food.py
[2025-05-30T18:52:36.164+0000] {processor.py:914} INFO - Processing file /opt/airflow/dags/global_food.py for tasks to queue
[2025-05-30T18:52:36.181+0000] {logging_mixin.py:190} INFO - [2025-05-30T18:52:36.176+0000] {dagbag.py:587} INFO - Filling up the DagBag from /opt/airflow/dags/global_food.py
[2025-05-30T18:52:36.407+0000] {processor.py:925} INFO - DAG(s) 'global_street_food_analysis_dag' retrieved from /opt/airflow/dags/global_food.py
[2025-05-30T18:52:36.740+0000] {logging_mixin.py:190} INFO - [2025-05-30T18:52:36.739+0000] {dag.py:3211} INFO - Sync 1 DAGs
[2025-05-30T18:52:36.887+0000] {logging_mixin.py:190} INFO - [2025-05-30T18:52:36.887+0000] {dag.py:4138} INFO - Setting next_dagrun for global_street_food_analysis_dag to None, run_after=None
[2025-05-30T18:52:36.940+0000] {processor.py:208} INFO - Processing /opt/airflow/dags/global_food.py took 0.835 seconds
[2025-05-30T18:53:07.313+0000] {processor.py:186} INFO - Started process (PID=189) to work on /opt/airflow/dags/global_food.py
[2025-05-30T18:53:07.314+0000] {processor.py:914} INFO - Processing file /opt/airflow/dags/global_food.py for tasks to queue
[2025-05-30T18:53:07.316+0000] {logging_mixin.py:190} INFO - [2025-05-30T18:53:07.315+0000] {dagbag.py:587} INFO - Filling up the DagBag from /opt/airflow/dags/global_food.py
[2025-05-30T18:53:07.386+0000] {processor.py:925} INFO - DAG(s) 'global_street_food_analysis_dag' retrieved from /opt/airflow/dags/global_food.py
[2025-05-30T18:53:07.471+0000] {logging_mixin.py:190} INFO - [2025-05-30T18:53:07.470+0000] {dag.py:3211} INFO - Sync 1 DAGs
[2025-05-30T18:53:07.643+0000] {logging_mixin.py:190} INFO - [2025-05-30T18:53:07.643+0000] {dag.py:4138} INFO - Setting next_dagrun for global_street_food_analysis_dag to None, run_after=None
[2025-05-30T18:53:07.718+0000] {processor.py:208} INFO - Processing /opt/airflow/dags/global_food.py took 0.422 seconds
[2025-05-30T18:53:38.242+0000] {processor.py:186} INFO - Started process (PID=199) to work on /opt/airflow/dags/global_food.py
[2025-05-30T18:53:38.244+0000] {processor.py:914} INFO - Processing file /opt/airflow/dags/global_food.py for tasks to queue
[2025-05-30T18:53:38.246+0000] {logging_mixin.py:190} INFO - [2025-05-30T18:53:38.245+0000] {dagbag.py:587} INFO - Filling up the DagBag from /opt/airflow/dags/global_food.py
[2025-05-30T18:53:38.285+0000] {processor.py:925} INFO - DAG(s) 'global_street_food_analysis_dag' retrieved from /opt/airflow/dags/global_food.py
[2025-05-30T18:53:38.404+0000] {logging_mixin.py:190} INFO - [2025-05-30T18:53:38.403+0000] {dag.py:3211} INFO - Sync 1 DAGs
[2025-05-30T18:53:38.484+0000] {logging_mixin.py:190} INFO - [2025-05-30T18:53:38.484+0000] {dag.py:4138} INFO - Setting next_dagrun for global_street_food_analysis_dag to None, run_after=None
[2025-05-30T18:53:38.692+0000] {processor.py:208} INFO - Processing /opt/airflow/dags/global_food.py took 0.550 seconds
[2025-05-30T18:54:09.663+0000] {processor.py:186} INFO - Started process (PID=209) to work on /opt/airflow/dags/global_food.py
[2025-05-30T18:54:09.666+0000] {processor.py:914} INFO - Processing file /opt/airflow/dags/global_food.py for tasks to queue
[2025-05-30T18:54:09.669+0000] {logging_mixin.py:190} INFO - [2025-05-30T18:54:09.668+0000] {dagbag.py:587} INFO - Filling up the DagBag from /opt/airflow/dags/global_food.py
[2025-05-30T18:54:10.058+0000] {processor.py:925} INFO - DAG(s) 'global_street_food_analysis_dag' retrieved from /opt/airflow/dags/global_food.py
[2025-05-30T18:54:10.223+0000] {logging_mixin.py:190} INFO - [2025-05-30T18:54:10.223+0000] {dag.py:3211} INFO - Sync 1 DAGs
[2025-05-30T18:54:10.289+0000] {logging_mixin.py:190} INFO - [2025-05-30T18:54:10.287+0000] {dag.py:4138} INFO - Setting next_dagrun for global_street_food_analysis_dag to None, run_after=None
[2025-05-30T18:54:10.537+0000] {processor.py:208} INFO - Processing /opt/airflow/dags/global_food.py took 0.894 seconds
[2025-05-30T19:08:10.144+0000] {processor.py:186} INFO - Started process (PID=159) to work on /opt/airflow/dags/global_food.py
[2025-05-30T19:08:10.145+0000] {processor.py:914} INFO - Processing file /opt/airflow/dags/global_food.py for tasks to queue
[2025-05-30T19:08:10.148+0000] {logging_mixin.py:190} INFO - [2025-05-30T19:08:10.147+0000] {dagbag.py:587} INFO - Filling up the DagBag from /opt/airflow/dags/global_food.py
[2025-05-30T19:08:10.266+0000] {processor.py:925} INFO - DAG(s) 'global_street_food_analysis_dag' retrieved from /opt/airflow/dags/global_food.py
[2025-05-30T19:08:10.429+0000] {logging_mixin.py:190} INFO - [2025-05-30T19:08:10.428+0000] {dag.py:3211} INFO - Sync 1 DAGs
[2025-05-30T19:08:10.458+0000] {logging_mixin.py:190} INFO - [2025-05-30T19:08:10.458+0000] {dag.py:4138} INFO - Setting next_dagrun for global_street_food_analysis_dag to None, run_after=None
[2025-05-30T19:08:10.506+0000] {processor.py:208} INFO - Processing /opt/airflow/dags/global_food.py took 0.379 seconds
[2025-05-30T19:08:41.348+0000] {processor.py:186} INFO - Started process (PID=169) to work on /opt/airflow/dags/global_food.py
[2025-05-30T19:08:41.365+0000] {processor.py:914} INFO - Processing file /opt/airflow/dags/global_food.py for tasks to queue
[2025-05-30T19:08:41.376+0000] {logging_mixin.py:190} INFO - [2025-05-30T19:08:41.374+0000] {dagbag.py:587} INFO - Filling up the DagBag from /opt/airflow/dags/global_food.py
[2025-05-30T19:08:41.598+0000] {processor.py:925} INFO - DAG(s) 'global_street_food_analysis_dag' retrieved from /opt/airflow/dags/global_food.py
[2025-05-30T19:08:41.973+0000] {logging_mixin.py:190} INFO - [2025-05-30T19:08:41.973+0000] {dag.py:3211} INFO - Sync 1 DAGs
[2025-05-30T19:08:42.127+0000] {logging_mixin.py:190} INFO - [2025-05-30T19:08:42.126+0000] {dag.py:4138} INFO - Setting next_dagrun for global_street_food_analysis_dag to None, run_after=None
[2025-05-30T19:08:42.198+0000] {processor.py:208} INFO - Processing /opt/airflow/dags/global_food.py took 1.055 seconds
[2025-05-30T19:09:12.778+0000] {processor.py:186} INFO - Started process (PID=179) to work on /opt/airflow/dags/global_food.py
[2025-05-30T19:09:12.790+0000] {processor.py:914} INFO - Processing file /opt/airflow/dags/global_food.py for tasks to queue
[2025-05-30T19:09:12.802+0000] {logging_mixin.py:190} INFO - [2025-05-30T19:09:12.801+0000] {dagbag.py:587} INFO - Filling up the DagBag from /opt/airflow/dags/global_food.py
[2025-05-30T19:09:12.870+0000] {processor.py:925} INFO - DAG(s) 'global_street_food_analysis_dag' retrieved from /opt/airflow/dags/global_food.py
[2025-05-30T19:09:12.942+0000] {logging_mixin.py:190} INFO - [2025-05-30T19:09:12.942+0000] {dag.py:3211} INFO - Sync 1 DAGs
[2025-05-30T19:09:12.973+0000] {logging_mixin.py:190} INFO - [2025-05-30T19:09:12.972+0000] {dag.py:4138} INFO - Setting next_dagrun for global_street_food_analysis_dag to None, run_after=None
[2025-05-30T19:09:13.139+0000] {processor.py:208} INFO - Processing /opt/airflow/dags/global_food.py took 0.399 seconds
[2025-05-30T19:09:43.832+0000] {processor.py:186} INFO - Started process (PID=189) to work on /opt/airflow/dags/global_food.py
[2025-05-30T19:09:43.833+0000] {processor.py:914} INFO - Processing file /opt/airflow/dags/global_food.py for tasks to queue
[2025-05-30T19:09:43.835+0000] {logging_mixin.py:190} INFO - [2025-05-30T19:09:43.835+0000] {dagbag.py:587} INFO - Filling up the DagBag from /opt/airflow/dags/global_food.py
[2025-05-30T19:09:43.928+0000] {processor.py:925} INFO - DAG(s) 'global_street_food_analysis_dag' retrieved from /opt/airflow/dags/global_food.py
[2025-05-30T19:09:43.988+0000] {logging_mixin.py:190} INFO - [2025-05-30T19:09:43.988+0000] {dag.py:3211} INFO - Sync 1 DAGs
[2025-05-30T19:09:44.006+0000] {logging_mixin.py:190} INFO - [2025-05-30T19:09:44.005+0000] {dag.py:4138} INFO - Setting next_dagrun for global_street_food_analysis_dag to None, run_after=None
[2025-05-30T19:09:44.041+0000] {processor.py:208} INFO - Processing /opt/airflow/dags/global_food.py took 0.221 seconds
[2025-05-30T19:10:14.173+0000] {processor.py:186} INFO - Started process (PID=199) to work on /opt/airflow/dags/global_food.py
[2025-05-30T19:10:14.175+0000] {processor.py:914} INFO - Processing file /opt/airflow/dags/global_food.py for tasks to queue
[2025-05-30T19:10:14.177+0000] {logging_mixin.py:190} INFO - [2025-05-30T19:10:14.177+0000] {dagbag.py:587} INFO - Filling up the DagBag from /opt/airflow/dags/global_food.py
[2025-05-30T19:10:14.227+0000] {processor.py:925} INFO - DAG(s) 'global_street_food_analysis_dag' retrieved from /opt/airflow/dags/global_food.py
[2025-05-30T19:10:14.282+0000] {logging_mixin.py:190} INFO - [2025-05-30T19:10:14.281+0000] {dag.py:3211} INFO - Sync 1 DAGs
[2025-05-30T19:10:14.300+0000] {logging_mixin.py:190} INFO - [2025-05-30T19:10:14.299+0000] {dag.py:4138} INFO - Setting next_dagrun for global_street_food_analysis_dag to None, run_after=None
[2025-05-30T19:10:14.328+0000] {processor.py:208} INFO - Processing /opt/airflow/dags/global_food.py took 0.170 seconds
[2025-05-30T19:10:44.512+0000] {processor.py:186} INFO - Started process (PID=209) to work on /opt/airflow/dags/global_food.py
[2025-05-30T19:10:44.515+0000] {processor.py:914} INFO - Processing file /opt/airflow/dags/global_food.py for tasks to queue
[2025-05-30T19:10:44.517+0000] {logging_mixin.py:190} INFO - [2025-05-30T19:10:44.516+0000] {dagbag.py:587} INFO - Filling up the DagBag from /opt/airflow/dags/global_food.py
[2025-05-30T19:10:44.602+0000] {processor.py:925} INFO - DAG(s) 'global_street_food_analysis_dag' retrieved from /opt/airflow/dags/global_food.py
[2025-05-30T19:10:44.691+0000] {logging_mixin.py:190} INFO - [2025-05-30T19:10:44.691+0000] {dag.py:3211} INFO - Sync 1 DAGs
[2025-05-30T19:10:44.719+0000] {logging_mixin.py:190} INFO - [2025-05-30T19:10:44.717+0000] {dag.py:4138} INFO - Setting next_dagrun for global_street_food_analysis_dag to None, run_after=None
[2025-05-30T19:10:44.754+0000] {processor.py:208} INFO - Processing /opt/airflow/dags/global_food.py took 0.259 seconds
[2025-05-30T19:11:15.531+0000] {processor.py:186} INFO - Started process (PID=219) to work on /opt/airflow/dags/global_food.py
[2025-05-30T19:11:15.642+0000] {processor.py:914} INFO - Processing file /opt/airflow/dags/global_food.py for tasks to queue
[2025-05-30T19:11:15.693+0000] {logging_mixin.py:190} INFO - [2025-05-30T19:11:15.689+0000] {dagbag.py:587} INFO - Filling up the DagBag from /opt/airflow/dags/global_food.py
[2025-05-30T19:11:15.853+0000] {processor.py:925} INFO - DAG(s) 'global_street_food_analysis_dag' retrieved from /opt/airflow/dags/global_food.py
[2025-05-30T19:11:16.159+0000] {logging_mixin.py:190} INFO - [2025-05-30T19:11:16.158+0000] {dag.py:3211} INFO - Sync 1 DAGs
[2025-05-30T19:11:16.277+0000] {logging_mixin.py:190} INFO - [2025-05-30T19:11:16.277+0000] {dag.py:4138} INFO - Setting next_dagrun for global_street_food_analysis_dag to None, run_after=None
[2025-05-30T19:11:16.352+0000] {processor.py:208} INFO - Processing /opt/airflow/dags/global_food.py took 1.017 seconds
[2025-05-30T19:11:47.304+0000] {processor.py:186} INFO - Started process (PID=229) to work on /opt/airflow/dags/global_food.py
[2025-05-30T19:11:47.305+0000] {processor.py:914} INFO - Processing file /opt/airflow/dags/global_food.py for tasks to queue
[2025-05-30T19:11:47.307+0000] {logging_mixin.py:190} INFO - [2025-05-30T19:11:47.307+0000] {dagbag.py:587} INFO - Filling up the DagBag from /opt/airflow/dags/global_food.py
[2025-05-30T19:11:47.353+0000] {processor.py:925} INFO - DAG(s) 'global_street_food_analysis_dag' retrieved from /opt/airflow/dags/global_food.py
[2025-05-30T19:11:47.389+0000] {logging_mixin.py:190} INFO - [2025-05-30T19:11:47.389+0000] {dag.py:3211} INFO - Sync 1 DAGs
[2025-05-30T19:11:47.431+0000] {logging_mixin.py:190} INFO - [2025-05-30T19:11:47.430+0000] {dag.py:4138} INFO - Setting next_dagrun for global_street_food_analysis_dag to None, run_after=None
[2025-05-30T19:11:47.455+0000] {processor.py:208} INFO - Processing /opt/airflow/dags/global_food.py took 0.164 seconds
[2025-05-30T19:12:17.889+0000] {processor.py:186} INFO - Started process (PID=239) to work on /opt/airflow/dags/global_food.py
[2025-05-30T19:12:17.891+0000] {processor.py:914} INFO - Processing file /opt/airflow/dags/global_food.py for tasks to queue
[2025-05-30T19:12:17.893+0000] {logging_mixin.py:190} INFO - [2025-05-30T19:12:17.892+0000] {dagbag.py:587} INFO - Filling up the DagBag from /opt/airflow/dags/global_food.py
[2025-05-30T19:12:17.929+0000] {processor.py:925} INFO - DAG(s) 'global_street_food_analysis_dag' retrieved from /opt/airflow/dags/global_food.py
[2025-05-30T19:12:17.980+0000] {logging_mixin.py:190} INFO - [2025-05-30T19:12:17.979+0000] {dag.py:3211} INFO - Sync 1 DAGs
[2025-05-30T19:12:18.000+0000] {logging_mixin.py:190} INFO - [2025-05-30T19:12:18.000+0000] {dag.py:4138} INFO - Setting next_dagrun for global_street_food_analysis_dag to None, run_after=None
[2025-05-30T19:12:18.023+0000] {processor.py:208} INFO - Processing /opt/airflow/dags/global_food.py took 0.147 seconds
[2025-05-30T19:12:48.485+0000] {processor.py:186} INFO - Started process (PID=249) to work on /opt/airflow/dags/global_food.py
[2025-05-30T19:12:48.488+0000] {processor.py:914} INFO - Processing file /opt/airflow/dags/global_food.py for tasks to queue
[2025-05-30T19:12:48.505+0000] {logging_mixin.py:190} INFO - [2025-05-30T19:12:48.505+0000] {dagbag.py:587} INFO - Filling up the DagBag from /opt/airflow/dags/global_food.py
[2025-05-30T19:12:48.537+0000] {processor.py:925} INFO - DAG(s) 'global_street_food_analysis_dag' retrieved from /opt/airflow/dags/global_food.py
[2025-05-30T19:12:48.582+0000] {logging_mixin.py:190} INFO - [2025-05-30T19:12:48.582+0000] {dag.py:3211} INFO - Sync 1 DAGs
[2025-05-30T19:12:48.596+0000] {logging_mixin.py:190} INFO - [2025-05-30T19:12:48.595+0000] {dag.py:4138} INFO - Setting next_dagrun for global_street_food_analysis_dag to None, run_after=None
[2025-05-30T19:12:48.619+0000] {processor.py:208} INFO - Processing /opt/airflow/dags/global_food.py took 0.149 seconds
[2025-05-30T19:13:19.091+0000] {processor.py:186} INFO - Started process (PID=259) to work on /opt/airflow/dags/global_food.py
[2025-05-30T19:13:19.093+0000] {processor.py:914} INFO - Processing file /opt/airflow/dags/global_food.py for tasks to queue
[2025-05-30T19:13:19.097+0000] {logging_mixin.py:190} INFO - [2025-05-30T19:13:19.096+0000] {dagbag.py:587} INFO - Filling up the DagBag from /opt/airflow/dags/global_food.py
[2025-05-30T19:13:19.141+0000] {processor.py:925} INFO - DAG(s) 'global_street_food_analysis_dag' retrieved from /opt/airflow/dags/global_food.py
[2025-05-30T19:13:19.180+0000] {logging_mixin.py:190} INFO - [2025-05-30T19:13:19.180+0000] {dag.py:3211} INFO - Sync 1 DAGs
[2025-05-30T19:13:19.200+0000] {logging_mixin.py:190} INFO - [2025-05-30T19:13:19.200+0000] {dag.py:4138} INFO - Setting next_dagrun for global_street_food_analysis_dag to None, run_after=None
[2025-05-30T19:13:19.221+0000] {processor.py:208} INFO - Processing /opt/airflow/dags/global_food.py took 0.142 seconds
[2025-05-30T19:13:49.584+0000] {processor.py:186} INFO - Started process (PID=269) to work on /opt/airflow/dags/global_food.py
[2025-05-30T19:13:49.586+0000] {processor.py:914} INFO - Processing file /opt/airflow/dags/global_food.py for tasks to queue
[2025-05-30T19:13:49.593+0000] {logging_mixin.py:190} INFO - [2025-05-30T19:13:49.592+0000] {dagbag.py:587} INFO - Filling up the DagBag from /opt/airflow/dags/global_food.py
[2025-05-30T19:13:49.635+0000] {processor.py:925} INFO - DAG(s) 'global_street_food_analysis_dag' retrieved from /opt/airflow/dags/global_food.py
[2025-05-30T19:13:49.692+0000] {logging_mixin.py:190} INFO - [2025-05-30T19:13:49.691+0000] {dag.py:3211} INFO - Sync 1 DAGs
[2025-05-30T19:13:49.709+0000] {logging_mixin.py:190} INFO - [2025-05-30T19:13:49.709+0000] {dag.py:4138} INFO - Setting next_dagrun for global_street_food_analysis_dag to None, run_after=None
[2025-05-30T19:13:49.740+0000] {processor.py:208} INFO - Processing /opt/airflow/dags/global_food.py took 0.164 seconds
[2025-05-30T19:14:20.149+0000] {processor.py:186} INFO - Started process (PID=279) to work on /opt/airflow/dags/global_food.py
[2025-05-30T19:14:20.154+0000] {processor.py:914} INFO - Processing file /opt/airflow/dags/global_food.py for tasks to queue
[2025-05-30T19:14:20.157+0000] {logging_mixin.py:190} INFO - [2025-05-30T19:14:20.157+0000] {dagbag.py:587} INFO - Filling up the DagBag from /opt/airflow/dags/global_food.py
[2025-05-30T19:14:20.217+0000] {processor.py:925} INFO - DAG(s) 'global_street_food_analysis_dag' retrieved from /opt/airflow/dags/global_food.py
[2025-05-30T19:14:20.260+0000] {logging_mixin.py:190} INFO - [2025-05-30T19:14:20.260+0000] {dag.py:3211} INFO - Sync 1 DAGs
[2025-05-30T19:14:20.282+0000] {logging_mixin.py:190} INFO - [2025-05-30T19:14:20.281+0000] {dag.py:4138} INFO - Setting next_dagrun for global_street_food_analysis_dag to None, run_after=None
[2025-05-30T19:14:20.308+0000] {processor.py:208} INFO - Processing /opt/airflow/dags/global_food.py took 0.169 seconds
[2025-05-30T19:14:50.718+0000] {processor.py:186} INFO - Started process (PID=289) to work on /opt/airflow/dags/global_food.py
[2025-05-30T19:14:50.719+0000] {processor.py:914} INFO - Processing file /opt/airflow/dags/global_food.py for tasks to queue
[2025-05-30T19:14:50.721+0000] {logging_mixin.py:190} INFO - [2025-05-30T19:14:50.720+0000] {dagbag.py:587} INFO - Filling up the DagBag from /opt/airflow/dags/global_food.py
[2025-05-30T19:14:50.796+0000] {processor.py:925} INFO - DAG(s) 'global_street_food_analysis_dag' retrieved from /opt/airflow/dags/global_food.py
[2025-05-30T19:14:50.908+0000] {logging_mixin.py:190} INFO - [2025-05-30T19:14:50.907+0000] {dag.py:3211} INFO - Sync 1 DAGs
[2025-05-30T19:14:51.364+0000] {logging_mixin.py:190} INFO - [2025-05-30T19:14:51.364+0000] {dag.py:4138} INFO - Setting next_dagrun for global_street_food_analysis_dag to None, run_after=None
[2025-05-30T19:14:51.580+0000] {processor.py:208} INFO - Processing /opt/airflow/dags/global_food.py took 0.872 seconds
[2025-05-30T19:15:22.149+0000] {processor.py:186} INFO - Started process (PID=299) to work on /opt/airflow/dags/global_food.py
[2025-05-30T19:15:22.152+0000] {processor.py:914} INFO - Processing file /opt/airflow/dags/global_food.py for tasks to queue
[2025-05-30T19:15:22.158+0000] {logging_mixin.py:190} INFO - [2025-05-30T19:15:22.157+0000] {dagbag.py:587} INFO - Filling up the DagBag from /opt/airflow/dags/global_food.py
[2025-05-30T19:15:22.188+0000] {processor.py:925} INFO - DAG(s) 'global_street_food_analysis_dag' retrieved from /opt/airflow/dags/global_food.py
[2025-05-30T19:15:22.235+0000] {logging_mixin.py:190} INFO - [2025-05-30T19:15:22.235+0000] {dag.py:3211} INFO - Sync 1 DAGs
[2025-05-30T19:15:22.265+0000] {logging_mixin.py:190} INFO - [2025-05-30T19:15:22.264+0000] {dag.py:4138} INFO - Setting next_dagrun for global_street_food_analysis_dag to None, run_after=None
[2025-05-30T19:15:22.346+0000] {processor.py:208} INFO - Processing /opt/airflow/dags/global_food.py took 0.242 seconds
[2025-05-30T19:15:52.494+0000] {processor.py:186} INFO - Started process (PID=309) to work on /opt/airflow/dags/global_food.py
[2025-05-30T19:15:52.496+0000] {processor.py:914} INFO - Processing file /opt/airflow/dags/global_food.py for tasks to queue
[2025-05-30T19:15:52.499+0000] {logging_mixin.py:190} INFO - [2025-05-30T19:15:52.498+0000] {dagbag.py:587} INFO - Filling up the DagBag from /opt/airflow/dags/global_food.py
[2025-05-30T19:15:52.544+0000] {processor.py:925} INFO - DAG(s) 'global_street_food_analysis_dag' retrieved from /opt/airflow/dags/global_food.py
[2025-05-30T19:15:52.626+0000] {logging_mixin.py:190} INFO - [2025-05-30T19:15:52.626+0000] {dag.py:3211} INFO - Sync 1 DAGs
[2025-05-30T19:15:52.658+0000] {logging_mixin.py:190} INFO - [2025-05-30T19:15:52.658+0000] {dag.py:4138} INFO - Setting next_dagrun for global_street_food_analysis_dag to None, run_after=None
[2025-05-30T19:15:52.703+0000] {processor.py:208} INFO - Processing /opt/airflow/dags/global_food.py took 0.226 seconds
[2025-05-30T19:16:23.098+0000] {processor.py:186} INFO - Started process (PID=319) to work on /opt/airflow/dags/global_food.py
[2025-05-30T19:16:23.099+0000] {processor.py:914} INFO - Processing file /opt/airflow/dags/global_food.py for tasks to queue
[2025-05-30T19:16:23.101+0000] {logging_mixin.py:190} INFO - [2025-05-30T19:16:23.101+0000] {dagbag.py:587} INFO - Filling up the DagBag from /opt/airflow/dags/global_food.py
[2025-05-30T19:16:23.129+0000] {processor.py:925} INFO - DAG(s) 'global_street_food_analysis_dag' retrieved from /opt/airflow/dags/global_food.py
[2025-05-30T19:16:23.186+0000] {logging_mixin.py:190} INFO - [2025-05-30T19:16:23.185+0000] {dag.py:3211} INFO - Sync 1 DAGs
[2025-05-30T19:16:23.203+0000] {logging_mixin.py:190} INFO - [2025-05-30T19:16:23.202+0000] {dag.py:4138} INFO - Setting next_dagrun for global_street_food_analysis_dag to None, run_after=None
[2025-05-30T19:16:23.230+0000] {processor.py:208} INFO - Processing /opt/airflow/dags/global_food.py took 0.145 seconds
[2025-05-30T19:16:53.588+0000] {processor.py:186} INFO - Started process (PID=329) to work on /opt/airflow/dags/global_food.py
[2025-05-30T19:16:53.589+0000] {processor.py:914} INFO - Processing file /opt/airflow/dags/global_food.py for tasks to queue
[2025-05-30T19:16:53.598+0000] {logging_mixin.py:190} INFO - [2025-05-30T19:16:53.597+0000] {dagbag.py:587} INFO - Filling up the DagBag from /opt/airflow/dags/global_food.py
[2025-05-30T19:16:53.633+0000] {processor.py:925} INFO - DAG(s) 'global_street_food_analysis_dag' retrieved from /opt/airflow/dags/global_food.py
[2025-05-30T19:16:53.669+0000] {logging_mixin.py:190} INFO - [2025-05-30T19:16:53.669+0000] {dag.py:3211} INFO - Sync 1 DAGs
[2025-05-30T19:16:53.688+0000] {logging_mixin.py:190} INFO - [2025-05-30T19:16:53.688+0000] {dag.py:4138} INFO - Setting next_dagrun for global_street_food_analysis_dag to None, run_after=None
[2025-05-30T19:16:53.711+0000] {processor.py:208} INFO - Processing /opt/airflow/dags/global_food.py took 0.138 seconds
[2025-05-30T19:17:24.075+0000] {processor.py:186} INFO - Started process (PID=339) to work on /opt/airflow/dags/global_food.py
[2025-05-30T19:17:24.076+0000] {processor.py:914} INFO - Processing file /opt/airflow/dags/global_food.py for tasks to queue
[2025-05-30T19:17:24.078+0000] {logging_mixin.py:190} INFO - [2025-05-30T19:17:24.077+0000] {dagbag.py:587} INFO - Filling up the DagBag from /opt/airflow/dags/global_food.py
[2025-05-30T19:17:24.104+0000] {processor.py:925} INFO - DAG(s) 'global_street_food_analysis_dag' retrieved from /opt/airflow/dags/global_food.py
[2025-05-30T19:17:24.145+0000] {logging_mixin.py:190} INFO - [2025-05-30T19:17:24.145+0000] {dag.py:3211} INFO - Sync 1 DAGs
[2025-05-30T19:17:24.159+0000] {logging_mixin.py:190} INFO - [2025-05-30T19:17:24.159+0000] {dag.py:4138} INFO - Setting next_dagrun for global_street_food_analysis_dag to None, run_after=None
[2025-05-30T19:17:24.185+0000] {processor.py:208} INFO - Processing /opt/airflow/dags/global_food.py took 0.122 seconds
[2025-05-30T19:17:54.619+0000] {processor.py:186} INFO - Started process (PID=349) to work on /opt/airflow/dags/global_food.py
[2025-05-30T19:17:54.620+0000] {processor.py:914} INFO - Processing file /opt/airflow/dags/global_food.py for tasks to queue
[2025-05-30T19:17:54.624+0000] {logging_mixin.py:190} INFO - [2025-05-30T19:17:54.623+0000] {dagbag.py:587} INFO - Filling up the DagBag from /opt/airflow/dags/global_food.py
[2025-05-30T19:17:54.646+0000] {processor.py:925} INFO - DAG(s) 'global_street_food_analysis_dag' retrieved from /opt/airflow/dags/global_food.py
[2025-05-30T19:17:54.695+0000] {logging_mixin.py:190} INFO - [2025-05-30T19:17:54.695+0000] {dag.py:3211} INFO - Sync 1 DAGs
[2025-05-30T19:17:54.714+0000] {logging_mixin.py:190} INFO - [2025-05-30T19:17:54.714+0000] {dag.py:4138} INFO - Setting next_dagrun for global_street_food_analysis_dag to None, run_after=None
[2025-05-30T19:17:54.744+0000] {processor.py:208} INFO - Processing /opt/airflow/dags/global_food.py took 0.142 seconds
[2025-05-30T19:18:25.209+0000] {processor.py:186} INFO - Started process (PID=359) to work on /opt/airflow/dags/global_food.py
[2025-05-30T19:18:25.211+0000] {processor.py:914} INFO - Processing file /opt/airflow/dags/global_food.py for tasks to queue
[2025-05-30T19:18:25.214+0000] {logging_mixin.py:190} INFO - [2025-05-30T19:18:25.213+0000] {dagbag.py:587} INFO - Filling up the DagBag from /opt/airflow/dags/global_food.py
[2025-05-30T19:18:25.273+0000] {processor.py:925} INFO - DAG(s) 'global_street_food_analysis_dag' retrieved from /opt/airflow/dags/global_food.py
[2025-05-30T19:18:25.307+0000] {logging_mixin.py:190} INFO - [2025-05-30T19:18:25.307+0000] {dag.py:3211} INFO - Sync 1 DAGs
[2025-05-30T19:18:25.325+0000] {logging_mixin.py:190} INFO - [2025-05-30T19:18:25.325+0000] {dag.py:4138} INFO - Setting next_dagrun for global_street_food_analysis_dag to None, run_after=None
[2025-05-30T19:18:25.347+0000] {processor.py:208} INFO - Processing /opt/airflow/dags/global_food.py took 0.148 seconds
[2025-05-30T19:18:55.732+0000] {processor.py:186} INFO - Started process (PID=369) to work on /opt/airflow/dags/global_food.py
[2025-05-30T19:18:55.737+0000] {processor.py:914} INFO - Processing file /opt/airflow/dags/global_food.py for tasks to queue
[2025-05-30T19:18:55.741+0000] {logging_mixin.py:190} INFO - [2025-05-30T19:18:55.740+0000] {dagbag.py:587} INFO - Filling up the DagBag from /opt/airflow/dags/global_food.py
[2025-05-30T19:18:55.819+0000] {processor.py:925} INFO - DAG(s) 'global_street_food_analysis_dag' retrieved from /opt/airflow/dags/global_food.py
[2025-05-30T19:18:55.918+0000] {logging_mixin.py:190} INFO - [2025-05-30T19:18:55.918+0000] {dag.py:3211} INFO - Sync 1 DAGs
[2025-05-30T19:18:55.938+0000] {logging_mixin.py:190} INFO - [2025-05-30T19:18:55.938+0000] {dag.py:4138} INFO - Setting next_dagrun for global_street_food_analysis_dag to None, run_after=None
[2025-05-30T19:18:55.966+0000] {processor.py:208} INFO - Processing /opt/airflow/dags/global_food.py took 0.256 seconds
[2025-05-30T19:19:26.720+0000] {processor.py:186} INFO - Started process (PID=379) to work on /opt/airflow/dags/global_food.py
[2025-05-30T19:19:26.723+0000] {processor.py:914} INFO - Processing file /opt/airflow/dags/global_food.py for tasks to queue
[2025-05-30T19:19:26.729+0000] {logging_mixin.py:190} INFO - [2025-05-30T19:19:26.729+0000] {dagbag.py:587} INFO - Filling up the DagBag from /opt/airflow/dags/global_food.py
[2025-05-30T19:19:26.784+0000] {processor.py:925} INFO - DAG(s) 'global_street_food_analysis_dag' retrieved from /opt/airflow/dags/global_food.py
[2025-05-30T19:19:26.826+0000] {logging_mixin.py:190} INFO - [2025-05-30T19:19:26.824+0000] {dag.py:3211} INFO - Sync 1 DAGs
[2025-05-30T19:19:26.866+0000] {logging_mixin.py:190} INFO - [2025-05-30T19:19:26.866+0000] {dag.py:4138} INFO - Setting next_dagrun for global_street_food_analysis_dag to None, run_after=None
[2025-05-30T19:19:26.896+0000] {processor.py:208} INFO - Processing /opt/airflow/dags/global_food.py took 0.193 seconds
[2025-05-30T19:19:57.577+0000] {processor.py:186} INFO - Started process (PID=389) to work on /opt/airflow/dags/global_food.py
[2025-05-30T19:19:57.578+0000] {processor.py:914} INFO - Processing file /opt/airflow/dags/global_food.py for tasks to queue
[2025-05-30T19:19:57.582+0000] {logging_mixin.py:190} INFO - [2025-05-30T19:19:57.582+0000] {dagbag.py:587} INFO - Filling up the DagBag from /opt/airflow/dags/global_food.py
[2025-05-30T19:19:57.639+0000] {processor.py:925} INFO - DAG(s) 'global_street_food_analysis_dag' retrieved from /opt/airflow/dags/global_food.py
[2025-05-30T19:19:57.692+0000] {logging_mixin.py:190} INFO - [2025-05-30T19:19:57.692+0000] {dag.py:3211} INFO - Sync 1 DAGs
[2025-05-30T19:19:57.715+0000] {logging_mixin.py:190} INFO - [2025-05-30T19:19:57.715+0000] {dag.py:4138} INFO - Setting next_dagrun for global_street_food_analysis_dag to None, run_after=None
[2025-05-30T19:19:57.746+0000] {processor.py:208} INFO - Processing /opt/airflow/dags/global_food.py took 0.195 seconds
[2025-05-30T19:20:28.127+0000] {processor.py:186} INFO - Started process (PID=399) to work on /opt/airflow/dags/global_food.py
[2025-05-30T19:20:28.128+0000] {processor.py:914} INFO - Processing file /opt/airflow/dags/global_food.py for tasks to queue
[2025-05-30T19:20:28.131+0000] {logging_mixin.py:190} INFO - [2025-05-30T19:20:28.131+0000] {dagbag.py:587} INFO - Filling up the DagBag from /opt/airflow/dags/global_food.py
[2025-05-30T19:20:28.164+0000] {processor.py:925} INFO - DAG(s) 'global_street_food_analysis_dag' retrieved from /opt/airflow/dags/global_food.py
[2025-05-30T19:20:28.210+0000] {logging_mixin.py:190} INFO - [2025-05-30T19:20:28.209+0000] {dag.py:3211} INFO - Sync 1 DAGs
[2025-05-30T19:20:28.226+0000] {logging_mixin.py:190} INFO - [2025-05-30T19:20:28.226+0000] {dag.py:4138} INFO - Setting next_dagrun for global_street_food_analysis_dag to None, run_after=None
[2025-05-30T19:20:28.264+0000] {processor.py:208} INFO - Processing /opt/airflow/dags/global_food.py took 0.155 seconds
[2025-05-30T19:27:03.188+0000] {processor.py:186} INFO - Started process (PID=159) to work on /opt/airflow/dags/global_food.py
[2025-05-30T19:27:03.189+0000] {processor.py:914} INFO - Processing file /opt/airflow/dags/global_food.py for tasks to queue
[2025-05-30T19:27:03.194+0000] {logging_mixin.py:190} INFO - [2025-05-30T19:27:03.192+0000] {dagbag.py:587} INFO - Filling up the DagBag from /opt/airflow/dags/global_food.py
[2025-05-30T19:27:03.350+0000] {processor.py:925} INFO - DAG(s) 'global_street_food_analysis_dag' retrieved from /opt/airflow/dags/global_food.py
[2025-05-30T19:27:03.434+0000] {logging_mixin.py:190} INFO - [2025-05-30T19:27:03.434+0000] {dag.py:3211} INFO - Sync 1 DAGs
[2025-05-30T19:27:03.471+0000] {logging_mixin.py:190} INFO - [2025-05-30T19:27:03.471+0000] {dag.py:4138} INFO - Setting next_dagrun for global_street_food_analysis_dag to None, run_after=None
[2025-05-30T19:27:03.513+0000] {processor.py:208} INFO - Processing /opt/airflow/dags/global_food.py took 0.348 seconds
[2025-05-30T19:27:34.218+0000] {processor.py:186} INFO - Started process (PID=169) to work on /opt/airflow/dags/global_food.py
[2025-05-30T19:27:34.220+0000] {processor.py:914} INFO - Processing file /opt/airflow/dags/global_food.py for tasks to queue
[2025-05-30T19:27:34.222+0000] {logging_mixin.py:190} INFO - [2025-05-30T19:27:34.222+0000] {dagbag.py:587} INFO - Filling up the DagBag from /opt/airflow/dags/global_food.py
[2025-05-30T19:27:34.287+0000] {processor.py:925} INFO - DAG(s) 'global_street_food_analysis_dag' retrieved from /opt/airflow/dags/global_food.py
[2025-05-30T19:27:34.340+0000] {logging_mixin.py:190} INFO - [2025-05-30T19:27:34.340+0000] {dag.py:3211} INFO - Sync 1 DAGs
[2025-05-30T19:27:34.370+0000] {logging_mixin.py:190} INFO - [2025-05-30T19:27:34.370+0000] {dag.py:4138} INFO - Setting next_dagrun for global_street_food_analysis_dag to None, run_after=None
[2025-05-30T19:27:34.403+0000] {processor.py:208} INFO - Processing /opt/airflow/dags/global_food.py took 0.198 seconds
[2025-05-30T19:28:04.839+0000] {processor.py:186} INFO - Started process (PID=179) to work on /opt/airflow/dags/global_food.py
[2025-05-30T19:28:04.841+0000] {processor.py:914} INFO - Processing file /opt/airflow/dags/global_food.py for tasks to queue
[2025-05-30T19:28:04.843+0000] {logging_mixin.py:190} INFO - [2025-05-30T19:28:04.843+0000] {dagbag.py:587} INFO - Filling up the DagBag from /opt/airflow/dags/global_food.py
[2025-05-30T19:28:04.874+0000] {processor.py:925} INFO - DAG(s) 'global_street_food_analysis_dag' retrieved from /opt/airflow/dags/global_food.py
[2025-05-30T19:28:04.966+0000] {logging_mixin.py:190} INFO - [2025-05-30T19:28:04.966+0000] {dag.py:3211} INFO - Sync 1 DAGs
[2025-05-30T19:28:04.991+0000] {logging_mixin.py:190} INFO - [2025-05-30T19:28:04.990+0000] {dag.py:4138} INFO - Setting next_dagrun for global_street_food_analysis_dag to None, run_after=None
[2025-05-30T19:28:05.024+0000] {processor.py:208} INFO - Processing /opt/airflow/dags/global_food.py took 0.200 seconds
[2025-05-30T19:28:35.464+0000] {processor.py:186} INFO - Started process (PID=189) to work on /opt/airflow/dags/global_food.py
[2025-05-30T19:28:35.469+0000] {processor.py:914} INFO - Processing file /opt/airflow/dags/global_food.py for tasks to queue
[2025-05-30T19:28:35.493+0000] {logging_mixin.py:190} INFO - [2025-05-30T19:28:35.493+0000] {dagbag.py:587} INFO - Filling up the DagBag from /opt/airflow/dags/global_food.py
[2025-05-30T19:28:35.597+0000] {processor.py:925} INFO - DAG(s) 'global_street_food_analysis_dag' retrieved from /opt/airflow/dags/global_food.py
[2025-05-30T19:28:35.641+0000] {logging_mixin.py:190} INFO - [2025-05-30T19:28:35.641+0000] {dag.py:3211} INFO - Sync 1 DAGs
[2025-05-30T19:28:35.659+0000] {logging_mixin.py:190} INFO - [2025-05-30T19:28:35.659+0000] {dag.py:4138} INFO - Setting next_dagrun for global_street_food_analysis_dag to None, run_after=None
[2025-05-30T19:28:35.683+0000] {processor.py:208} INFO - Processing /opt/airflow/dags/global_food.py took 0.238 seconds
[2025-05-30T19:29:06.192+0000] {processor.py:186} INFO - Started process (PID=199) to work on /opt/airflow/dags/global_food.py
[2025-05-30T19:29:06.198+0000] {processor.py:914} INFO - Processing file /opt/airflow/dags/global_food.py for tasks to queue
[2025-05-30T19:29:06.234+0000] {logging_mixin.py:190} INFO - [2025-05-30T19:29:06.233+0000] {dagbag.py:587} INFO - Filling up the DagBag from /opt/airflow/dags/global_food.py
[2025-05-30T19:29:06.340+0000] {processor.py:925} INFO - DAG(s) 'global_street_food_analysis_dag' retrieved from /opt/airflow/dags/global_food.py
[2025-05-30T19:29:06.425+0000] {logging_mixin.py:190} INFO - [2025-05-30T19:29:06.424+0000] {dag.py:3211} INFO - Sync 1 DAGs
[2025-05-30T19:29:06.446+0000] {logging_mixin.py:190} INFO - [2025-05-30T19:29:06.445+0000] {dag.py:4138} INFO - Setting next_dagrun for global_street_food_analysis_dag to None, run_after=None
[2025-05-30T19:29:06.472+0000] {processor.py:208} INFO - Processing /opt/airflow/dags/global_food.py took 0.293 seconds
[2025-05-30T19:29:36.860+0000] {processor.py:186} INFO - Started process (PID=209) to work on /opt/airflow/dags/global_food.py
[2025-05-30T19:29:36.865+0000] {processor.py:914} INFO - Processing file /opt/airflow/dags/global_food.py for tasks to queue
[2025-05-30T19:29:36.878+0000] {logging_mixin.py:190} INFO - [2025-05-30T19:29:36.878+0000] {dagbag.py:587} INFO - Filling up the DagBag from /opt/airflow/dags/global_food.py
[2025-05-30T19:29:37.008+0000] {processor.py:925} INFO - DAG(s) 'global_street_food_analysis_dag' retrieved from /opt/airflow/dags/global_food.py
[2025-05-30T19:29:37.070+0000] {logging_mixin.py:190} INFO - [2025-05-30T19:29:37.069+0000] {dag.py:3211} INFO - Sync 1 DAGs
[2025-05-30T19:29:37.089+0000] {logging_mixin.py:190} INFO - [2025-05-30T19:29:37.089+0000] {dag.py:4138} INFO - Setting next_dagrun for global_street_food_analysis_dag to None, run_after=None
[2025-05-30T19:29:37.123+0000] {processor.py:208} INFO - Processing /opt/airflow/dags/global_food.py took 0.280 seconds
[2025-05-30T19:30:07.653+0000] {processor.py:186} INFO - Started process (PID=219) to work on /opt/airflow/dags/global_food.py
[2025-05-30T19:30:07.655+0000] {processor.py:914} INFO - Processing file /opt/airflow/dags/global_food.py for tasks to queue
[2025-05-30T19:30:07.672+0000] {logging_mixin.py:190} INFO - [2025-05-30T19:30:07.671+0000] {dagbag.py:587} INFO - Filling up the DagBag from /opt/airflow/dags/global_food.py
[2025-05-30T19:30:07.730+0000] {processor.py:925} INFO - DAG(s) 'global_street_food_analysis_dag' retrieved from /opt/airflow/dags/global_food.py
[2025-05-30T19:30:07.807+0000] {logging_mixin.py:190} INFO - [2025-05-30T19:30:07.807+0000] {dag.py:3211} INFO - Sync 1 DAGs
[2025-05-30T19:30:07.828+0000] {logging_mixin.py:190} INFO - [2025-05-30T19:30:07.828+0000] {dag.py:4138} INFO - Setting next_dagrun for global_street_food_analysis_dag to None, run_after=None
[2025-05-30T19:30:07.856+0000] {processor.py:208} INFO - Processing /opt/airflow/dags/global_food.py took 0.256 seconds
[2025-05-30T19:30:39.274+0000] {processor.py:186} INFO - Started process (PID=232) to work on /opt/airflow/dags/global_food.py
[2025-05-30T19:30:39.304+0000] {processor.py:914} INFO - Processing file /opt/airflow/dags/global_food.py for tasks to queue
[2025-05-30T19:30:39.489+0000] {logging_mixin.py:190} INFO - [2025-05-30T19:30:39.435+0000] {dagbag.py:587} INFO - Filling up the DagBag from /opt/airflow/dags/global_food.py
[2025-05-30T19:30:40.535+0000] {processor.py:925} INFO - DAG(s) 'global_street_food_analysis_dag' retrieved from /opt/airflow/dags/global_food.py
[2025-05-30T19:30:40.771+0000] {logging_mixin.py:190} INFO - [2025-05-30T19:30:40.771+0000] {dag.py:3211} INFO - Sync 1 DAGs
[2025-05-30T19:30:40.893+0000] {logging_mixin.py:190} INFO - [2025-05-30T19:30:40.893+0000] {dag.py:4138} INFO - Setting next_dagrun for global_street_food_analysis_dag to None, run_after=None
[2025-05-30T19:30:40.974+0000] {processor.py:208} INFO - Processing /opt/airflow/dags/global_food.py took 2.218 seconds
[2025-05-30T19:31:11.392+0000] {processor.py:186} INFO - Started process (PID=245) to work on /opt/airflow/dags/global_food.py
[2025-05-30T19:31:11.395+0000] {processor.py:914} INFO - Processing file /opt/airflow/dags/global_food.py for tasks to queue
[2025-05-30T19:31:11.398+0000] {logging_mixin.py:190} INFO - [2025-05-30T19:31:11.398+0000] {dagbag.py:587} INFO - Filling up the DagBag from /opt/airflow/dags/global_food.py
[2025-05-30T19:31:11.449+0000] {processor.py:925} INFO - DAG(s) 'global_street_food_analysis_dag' retrieved from /opt/airflow/dags/global_food.py
[2025-05-30T19:31:11.492+0000] {logging_mixin.py:190} INFO - [2025-05-30T19:31:11.491+0000] {dag.py:3211} INFO - Sync 1 DAGs
[2025-05-30T19:31:11.513+0000] {logging_mixin.py:190} INFO - [2025-05-30T19:31:11.513+0000] {dag.py:4138} INFO - Setting next_dagrun for global_street_food_analysis_dag to None, run_after=None
[2025-05-30T19:31:11.535+0000] {processor.py:208} INFO - Processing /opt/airflow/dags/global_food.py took 0.154 seconds
[2025-05-30T19:31:41.950+0000] {processor.py:186} INFO - Started process (PID=255) to work on /opt/airflow/dags/global_food.py
[2025-05-30T19:31:41.965+0000] {processor.py:914} INFO - Processing file /opt/airflow/dags/global_food.py for tasks to queue
[2025-05-30T19:31:41.974+0000] {logging_mixin.py:190} INFO - [2025-05-30T19:31:41.973+0000] {dagbag.py:587} INFO - Filling up the DagBag from /opt/airflow/dags/global_food.py
[2025-05-30T19:31:42.022+0000] {processor.py:925} INFO - DAG(s) 'global_street_food_analysis_dag' retrieved from /opt/airflow/dags/global_food.py
[2025-05-30T19:31:42.072+0000] {logging_mixin.py:190} INFO - [2025-05-30T19:31:42.071+0000] {dag.py:3211} INFO - Sync 1 DAGs
[2025-05-30T19:31:42.096+0000] {logging_mixin.py:190} INFO - [2025-05-30T19:31:42.096+0000] {dag.py:4138} INFO - Setting next_dagrun for global_street_food_analysis_dag to None, run_after=None
[2025-05-30T19:31:42.137+0000] {processor.py:208} INFO - Processing /opt/airflow/dags/global_food.py took 0.208 seconds
[2025-05-30T19:32:12.628+0000] {processor.py:186} INFO - Started process (PID=265) to work on /opt/airflow/dags/global_food.py
[2025-05-30T19:32:12.629+0000] {processor.py:914} INFO - Processing file /opt/airflow/dags/global_food.py for tasks to queue
[2025-05-30T19:32:12.634+0000] {logging_mixin.py:190} INFO - [2025-05-30T19:32:12.634+0000] {dagbag.py:587} INFO - Filling up the DagBag from /opt/airflow/dags/global_food.py
[2025-05-30T19:32:12.673+0000] {processor.py:925} INFO - DAG(s) 'global_street_food_analysis_dag' retrieved from /opt/airflow/dags/global_food.py
[2025-05-30T19:32:12.719+0000] {logging_mixin.py:190} INFO - [2025-05-30T19:32:12.719+0000] {dag.py:3211} INFO - Sync 1 DAGs
[2025-05-30T19:32:12.741+0000] {logging_mixin.py:190} INFO - [2025-05-30T19:32:12.740+0000] {dag.py:4138} INFO - Setting next_dagrun for global_street_food_analysis_dag to None, run_after=None
[2025-05-30T19:32:12.797+0000] {processor.py:208} INFO - Processing /opt/airflow/dags/global_food.py took 0.193 seconds
[2025-05-30T19:32:43.349+0000] {processor.py:186} INFO - Started process (PID=275) to work on /opt/airflow/dags/global_food.py
[2025-05-30T19:32:43.350+0000] {processor.py:914} INFO - Processing file /opt/airflow/dags/global_food.py for tasks to queue
[2025-05-30T19:32:43.362+0000] {logging_mixin.py:190} INFO - [2025-05-30T19:32:43.362+0000] {dagbag.py:587} INFO - Filling up the DagBag from /opt/airflow/dags/global_food.py
[2025-05-30T19:32:43.398+0000] {processor.py:925} INFO - DAG(s) 'global_street_food_analysis_dag' retrieved from /opt/airflow/dags/global_food.py
[2025-05-30T19:32:43.444+0000] {logging_mixin.py:190} INFO - [2025-05-30T19:32:43.444+0000] {dag.py:3211} INFO - Sync 1 DAGs
[2025-05-30T19:32:43.464+0000] {logging_mixin.py:190} INFO - [2025-05-30T19:32:43.464+0000] {dag.py:4138} INFO - Setting next_dagrun for global_street_food_analysis_dag to None, run_after=None
[2025-05-30T19:32:43.493+0000] {processor.py:208} INFO - Processing /opt/airflow/dags/global_food.py took 0.160 seconds
[2025-05-30T19:33:13.937+0000] {processor.py:186} INFO - Started process (PID=285) to work on /opt/airflow/dags/global_food.py
[2025-05-30T19:33:13.938+0000] {processor.py:914} INFO - Processing file /opt/airflow/dags/global_food.py for tasks to queue
[2025-05-30T19:33:13.941+0000] {logging_mixin.py:190} INFO - [2025-05-30T19:33:13.940+0000] {dagbag.py:587} INFO - Filling up the DagBag from /opt/airflow/dags/global_food.py
[2025-05-30T19:33:14.014+0000] {processor.py:925} INFO - DAG(s) 'global_street_food_analysis_dag' retrieved from /opt/airflow/dags/global_food.py
[2025-05-30T19:33:14.049+0000] {logging_mixin.py:190} INFO - [2025-05-30T19:33:14.049+0000] {dag.py:3211} INFO - Sync 1 DAGs
[2025-05-30T19:33:14.068+0000] {logging_mixin.py:190} INFO - [2025-05-30T19:33:14.068+0000] {dag.py:4138} INFO - Setting next_dagrun for global_street_food_analysis_dag to None, run_after=None
[2025-05-30T19:33:14.112+0000] {processor.py:208} INFO - Processing /opt/airflow/dags/global_food.py took 0.188 seconds
[2025-05-30T19:33:44.516+0000] {processor.py:186} INFO - Started process (PID=295) to work on /opt/airflow/dags/global_food.py
[2025-05-30T19:33:44.519+0000] {processor.py:914} INFO - Processing file /opt/airflow/dags/global_food.py for tasks to queue
[2025-05-30T19:33:44.522+0000] {logging_mixin.py:190} INFO - [2025-05-30T19:33:44.521+0000] {dagbag.py:587} INFO - Filling up the DagBag from /opt/airflow/dags/global_food.py
[2025-05-30T19:33:44.595+0000] {processor.py:925} INFO - DAG(s) 'global_street_food_analysis_dag' retrieved from /opt/airflow/dags/global_food.py
[2025-05-30T19:33:44.653+0000] {logging_mixin.py:190} INFO - [2025-05-30T19:33:44.653+0000] {dag.py:3211} INFO - Sync 1 DAGs
[2025-05-30T19:33:44.676+0000] {logging_mixin.py:190} INFO - [2025-05-30T19:33:44.676+0000] {dag.py:4138} INFO - Setting next_dagrun for global_street_food_analysis_dag to None, run_after=None
[2025-05-30T19:33:44.710+0000] {processor.py:208} INFO - Processing /opt/airflow/dags/global_food.py took 0.205 seconds
[2025-05-30T19:34:15.122+0000] {processor.py:186} INFO - Started process (PID=305) to work on /opt/airflow/dags/global_food.py
[2025-05-30T19:34:15.123+0000] {processor.py:914} INFO - Processing file /opt/airflow/dags/global_food.py for tasks to queue
[2025-05-30T19:34:15.128+0000] {logging_mixin.py:190} INFO - [2025-05-30T19:34:15.126+0000] {dagbag.py:587} INFO - Filling up the DagBag from /opt/airflow/dags/global_food.py
[2025-05-30T19:34:15.178+0000] {processor.py:925} INFO - DAG(s) 'global_street_food_analysis_dag' retrieved from /opt/airflow/dags/global_food.py
[2025-05-30T19:34:15.255+0000] {logging_mixin.py:190} INFO - [2025-05-30T19:34:15.255+0000] {dag.py:3211} INFO - Sync 1 DAGs
[2025-05-30T19:34:15.273+0000] {logging_mixin.py:190} INFO - [2025-05-30T19:34:15.272+0000] {dag.py:4138} INFO - Setting next_dagrun for global_street_food_analysis_dag to None, run_after=None
[2025-05-30T19:34:15.298+0000] {processor.py:208} INFO - Processing /opt/airflow/dags/global_food.py took 0.190 seconds
[2025-05-30T19:37:48.415+0000] {processor.py:186} INFO - Started process (PID=160) to work on /opt/airflow/dags/global_food.py
[2025-05-30T19:37:48.430+0000] {processor.py:914} INFO - Processing file /opt/airflow/dags/global_food.py for tasks to queue
[2025-05-30T19:37:48.462+0000] {logging_mixin.py:190} INFO - [2025-05-30T19:37:48.460+0000] {dagbag.py:587} INFO - Filling up the DagBag from /opt/airflow/dags/global_food.py
[2025-05-30T19:37:48.849+0000] {processor.py:925} INFO - DAG(s) 'global_street_food_analysis_dag' retrieved from /opt/airflow/dags/global_food.py
[2025-05-30T19:37:49.060+0000] {logging_mixin.py:190} INFO - [2025-05-30T19:37:49.059+0000] {dag.py:3211} INFO - Sync 1 DAGs
[2025-05-30T19:37:49.125+0000] {logging_mixin.py:190} INFO - [2025-05-30T19:37:49.125+0000] {dag.py:4138} INFO - Setting next_dagrun for global_street_food_analysis_dag to None, run_after=None
[2025-05-30T19:37:49.312+0000] {processor.py:208} INFO - Processing /opt/airflow/dags/global_food.py took 0.921 seconds
[2025-05-30T19:38:20.030+0000] {processor.py:186} INFO - Started process (PID=170) to work on /opt/airflow/dags/global_food.py
[2025-05-30T19:38:20.032+0000] {processor.py:914} INFO - Processing file /opt/airflow/dags/global_food.py for tasks to queue
[2025-05-30T19:38:20.040+0000] {logging_mixin.py:190} INFO - [2025-05-30T19:38:20.033+0000] {dagbag.py:587} INFO - Filling up the DagBag from /opt/airflow/dags/global_food.py
[2025-05-30T19:38:20.086+0000] {processor.py:925} INFO - DAG(s) 'global_street_food_analysis_dag' retrieved from /opt/airflow/dags/global_food.py
[2025-05-30T19:38:20.153+0000] {logging_mixin.py:190} INFO - [2025-05-30T19:38:20.152+0000] {dag.py:3211} INFO - Sync 1 DAGs
[2025-05-30T19:38:20.180+0000] {logging_mixin.py:190} INFO - [2025-05-30T19:38:20.179+0000] {dag.py:4138} INFO - Setting next_dagrun for global_street_food_analysis_dag to None, run_after=None
[2025-05-30T19:38:20.220+0000] {processor.py:208} INFO - Processing /opt/airflow/dags/global_food.py took 0.213 seconds
[2025-05-30T19:38:50.623+0000] {processor.py:186} INFO - Started process (PID=180) to work on /opt/airflow/dags/global_food.py
[2025-05-30T19:38:50.628+0000] {processor.py:914} INFO - Processing file /opt/airflow/dags/global_food.py for tasks to queue
[2025-05-30T19:38:50.642+0000] {logging_mixin.py:190} INFO - [2025-05-30T19:38:50.642+0000] {dagbag.py:587} INFO - Filling up the DagBag from /opt/airflow/dags/global_food.py
[2025-05-30T19:38:50.682+0000] {processor.py:925} INFO - DAG(s) 'global_street_food_analysis_dag' retrieved from /opt/airflow/dags/global_food.py
[2025-05-30T19:38:50.718+0000] {logging_mixin.py:190} INFO - [2025-05-30T19:38:50.717+0000] {dag.py:3211} INFO - Sync 1 DAGs
[2025-05-30T19:38:50.737+0000] {logging_mixin.py:190} INFO - [2025-05-30T19:38:50.737+0000] {dag.py:4138} INFO - Setting next_dagrun for global_street_food_analysis_dag to None, run_after=None
[2025-05-30T19:38:50.757+0000] {processor.py:208} INFO - Processing /opt/airflow/dags/global_food.py took 0.168 seconds
[2025-05-30T19:39:21.404+0000] {processor.py:186} INFO - Started process (PID=190) to work on /opt/airflow/dags/global_food.py
[2025-05-30T19:39:21.405+0000] {processor.py:914} INFO - Processing file /opt/airflow/dags/global_food.py for tasks to queue
[2025-05-30T19:39:21.407+0000] {logging_mixin.py:190} INFO - [2025-05-30T19:39:21.407+0000] {dagbag.py:587} INFO - Filling up the DagBag from /opt/airflow/dags/global_food.py
[2025-05-30T19:39:21.458+0000] {processor.py:925} INFO - DAG(s) 'global_street_food_analysis_dag' retrieved from /opt/airflow/dags/global_food.py
[2025-05-30T19:39:21.506+0000] {logging_mixin.py:190} INFO - [2025-05-30T19:39:21.505+0000] {dag.py:3211} INFO - Sync 1 DAGs
[2025-05-30T19:39:21.525+0000] {logging_mixin.py:190} INFO - [2025-05-30T19:39:21.525+0000] {dag.py:4138} INFO - Setting next_dagrun for global_street_food_analysis_dag to None, run_after=None
[2025-05-30T19:39:21.545+0000] {processor.py:208} INFO - Processing /opt/airflow/dags/global_food.py took 0.156 seconds
[2025-05-30T19:39:51.663+0000] {processor.py:186} INFO - Started process (PID=200) to work on /opt/airflow/dags/global_food.py
[2025-05-30T19:39:51.665+0000] {processor.py:914} INFO - Processing file /opt/airflow/dags/global_food.py for tasks to queue
[2025-05-30T19:39:51.668+0000] {logging_mixin.py:190} INFO - [2025-05-30T19:39:51.667+0000] {dagbag.py:587} INFO - Filling up the DagBag from /opt/airflow/dags/global_food.py
[2025-05-30T19:39:51.766+0000] {processor.py:925} INFO - DAG(s) 'global_street_food_analysis_dag' retrieved from /opt/airflow/dags/global_food.py
[2025-05-30T19:39:51.812+0000] {logging_mixin.py:190} INFO - [2025-05-30T19:39:51.811+0000] {dag.py:3211} INFO - Sync 1 DAGs
[2025-05-30T19:39:51.829+0000] {logging_mixin.py:190} INFO - [2025-05-30T19:39:51.829+0000] {dag.py:4138} INFO - Setting next_dagrun for global_street_food_analysis_dag to None, run_after=None
[2025-05-30T19:39:51.865+0000] {processor.py:208} INFO - Processing /opt/airflow/dags/global_food.py took 0.213 seconds
