[2025-05-30T16:54:00.069+0000] {processor.py:186} INFO - Started process (PID=180) to work on /opt/airflow/dags/simple_hello_world.py
[2025-05-30T16:54:00.072+0000] {processor.py:914} INFO - Processing file /opt/airflow/dags/simple_hello_world.py for tasks to queue
[2025-05-30T16:54:00.081+0000] {logging_mixin.py:190} INFO - [2025-05-30T16:54:00.080+0000] {dagbag.py:587} INFO - Filling up the DagBag from /opt/airflow/dags/simple_hello_world.py
[2025-05-30T16:54:00.202+0000] {processor.py:925} INFO - DAG(s) 'simple_hello_world' retrieved from /opt/airflow/dags/simple_hello_world.py
[2025-05-30T16:54:00.317+0000] {logging_mixin.py:190} INFO - [2025-05-30T16:54:00.316+0000] {dag.py:3211} INFO - Sync 1 DAGs
[2025-05-30T16:54:00.447+0000] {logging_mixin.py:190} INFO - [2025-05-30T16:54:00.447+0000] {dag.py:4138} INFO - Setting next_dagrun for simple_hello_world to 2025-05-30 00:00:00+00:00, run_after=2025-05-31 00:00:00+00:00
[2025-05-30T16:54:00.489+0000] {processor.py:208} INFO - Processing /opt/airflow/dags/simple_hello_world.py took 0.480 seconds
[2025-05-30T16:54:30.768+0000] {processor.py:186} INFO - Started process (PID=186) to work on /opt/airflow/dags/simple_hello_world.py
[2025-05-30T16:54:30.775+0000] {processor.py:914} INFO - Processing file /opt/airflow/dags/simple_hello_world.py for tasks to queue
[2025-05-30T16:54:30.795+0000] {logging_mixin.py:190} INFO - [2025-05-30T16:54:30.793+0000] {dagbag.py:587} INFO - Filling up the DagBag from /opt/airflow/dags/simple_hello_world.py
[2025-05-30T16:54:30.854+0000] {processor.py:925} INFO - DAG(s) 'simple_hello_world' retrieved from /opt/airflow/dags/simple_hello_world.py
[2025-05-30T16:54:30.969+0000] {logging_mixin.py:190} INFO - [2025-05-30T16:54:30.969+0000] {dag.py:3211} INFO - Sync 1 DAGs
[2025-05-30T16:54:31.064+0000] {logging_mixin.py:190} INFO - [2025-05-30T16:54:31.064+0000] {dag.py:4138} INFO - Setting next_dagrun for simple_hello_world to 2025-05-30 00:00:00+00:00, run_after=2025-05-31 00:00:00+00:00
[2025-05-30T16:54:31.116+0000] {processor.py:208} INFO - Processing /opt/airflow/dags/simple_hello_world.py took 0.406 seconds
[2025-05-30T16:55:01.793+0000] {processor.py:186} INFO - Started process (PID=194) to work on /opt/airflow/dags/simple_hello_world.py
[2025-05-30T16:55:01.804+0000] {processor.py:914} INFO - Processing file /opt/airflow/dags/simple_hello_world.py for tasks to queue
[2025-05-30T16:55:01.811+0000] {logging_mixin.py:190} INFO - [2025-05-30T16:55:01.810+0000] {dagbag.py:587} INFO - Filling up the DagBag from /opt/airflow/dags/simple_hello_world.py
[2025-05-30T16:55:01.897+0000] {processor.py:925} INFO - DAG(s) 'simple_hello_world' retrieved from /opt/airflow/dags/simple_hello_world.py
[2025-05-30T16:55:01.986+0000] {logging_mixin.py:190} INFO - [2025-05-30T16:55:01.985+0000] {dag.py:3211} INFO - Sync 1 DAGs
[2025-05-30T16:55:02.062+0000] {logging_mixin.py:190} INFO - [2025-05-30T16:55:02.062+0000] {dag.py:4138} INFO - Setting next_dagrun for simple_hello_world to 2025-05-30 00:00:00+00:00, run_after=2025-05-31 00:00:00+00:00
[2025-05-30T16:55:02.097+0000] {processor.py:208} INFO - Processing /opt/airflow/dags/simple_hello_world.py took 0.329 seconds
[2025-05-30T16:55:32.419+0000] {processor.py:186} INFO - Started process (PID=199) to work on /opt/airflow/dags/simple_hello_world.py
[2025-05-30T16:55:32.421+0000] {processor.py:914} INFO - Processing file /opt/airflow/dags/simple_hello_world.py for tasks to queue
[2025-05-30T16:55:32.424+0000] {logging_mixin.py:190} INFO - [2025-05-30T16:55:32.424+0000] {dagbag.py:587} INFO - Filling up the DagBag from /opt/airflow/dags/simple_hello_world.py
[2025-05-30T16:55:32.437+0000] {processor.py:925} INFO - DAG(s) 'simple_hello_world' retrieved from /opt/airflow/dags/simple_hello_world.py
[2025-05-30T16:55:32.467+0000] {logging_mixin.py:190} INFO - [2025-05-30T16:55:32.467+0000] {dag.py:3211} INFO - Sync 1 DAGs
[2025-05-30T16:55:32.493+0000] {logging_mixin.py:190} INFO - [2025-05-30T16:55:32.492+0000] {dag.py:4138} INFO - Setting next_dagrun for simple_hello_world to 2025-05-30 00:00:00+00:00, run_after=2025-05-31 00:00:00+00:00
[2025-05-30T16:55:32.512+0000] {processor.py:208} INFO - Processing /opt/airflow/dags/simple_hello_world.py took 0.101 seconds
[2025-05-30T16:56:02.603+0000] {processor.py:186} INFO - Started process (PID=204) to work on /opt/airflow/dags/simple_hello_world.py
[2025-05-30T16:56:02.605+0000] {processor.py:914} INFO - Processing file /opt/airflow/dags/simple_hello_world.py for tasks to queue
[2025-05-30T16:56:02.608+0000] {logging_mixin.py:190} INFO - [2025-05-30T16:56:02.607+0000] {dagbag.py:587} INFO - Filling up the DagBag from /opt/airflow/dags/simple_hello_world.py
[2025-05-30T16:56:02.639+0000] {processor.py:925} INFO - DAG(s) 'simple_hello_world' retrieved from /opt/airflow/dags/simple_hello_world.py
[2025-05-30T16:56:02.685+0000] {logging_mixin.py:190} INFO - [2025-05-30T16:56:02.685+0000] {dag.py:3211} INFO - Sync 1 DAGs
[2025-05-30T16:56:02.723+0000] {logging_mixin.py:190} INFO - [2025-05-30T16:56:02.723+0000] {dag.py:4138} INFO - Setting next_dagrun for simple_hello_world to 2025-05-30 00:00:00+00:00, run_after=2025-05-31 00:00:00+00:00
[2025-05-30T16:56:02.739+0000] {processor.py:208} INFO - Processing /opt/airflow/dags/simple_hello_world.py took 0.145 seconds
[2025-05-30T16:56:32.927+0000] {processor.py:186} INFO - Started process (PID=209) to work on /opt/airflow/dags/simple_hello_world.py
[2025-05-30T16:56:32.929+0000] {processor.py:914} INFO - Processing file /opt/airflow/dags/simple_hello_world.py for tasks to queue
[2025-05-30T16:56:32.932+0000] {logging_mixin.py:190} INFO - [2025-05-30T16:56:32.931+0000] {dagbag.py:587} INFO - Filling up the DagBag from /opt/airflow/dags/simple_hello_world.py
[2025-05-30T16:56:32.942+0000] {processor.py:925} INFO - DAG(s) 'simple_hello_world' retrieved from /opt/airflow/dags/simple_hello_world.py
[2025-05-30T16:56:32.964+0000] {logging_mixin.py:190} INFO - [2025-05-30T16:56:32.963+0000] {dag.py:3211} INFO - Sync 1 DAGs
[2025-05-30T16:56:32.982+0000] {logging_mixin.py:190} INFO - [2025-05-30T16:56:32.982+0000] {dag.py:4138} INFO - Setting next_dagrun for simple_hello_world to 2025-05-30 00:00:00+00:00, run_after=2025-05-31 00:00:00+00:00
[2025-05-30T16:56:33.000+0000] {processor.py:208} INFO - Processing /opt/airflow/dags/simple_hello_world.py took 0.079 seconds
[2025-05-30T16:57:03.174+0000] {processor.py:186} INFO - Started process (PID=214) to work on /opt/airflow/dags/simple_hello_world.py
[2025-05-30T16:57:03.176+0000] {processor.py:914} INFO - Processing file /opt/airflow/dags/simple_hello_world.py for tasks to queue
[2025-05-30T16:57:03.178+0000] {logging_mixin.py:190} INFO - [2025-05-30T16:57:03.178+0000] {dagbag.py:587} INFO - Filling up the DagBag from /opt/airflow/dags/simple_hello_world.py
[2025-05-30T16:57:03.200+0000] {processor.py:925} INFO - DAG(s) 'simple_hello_world' retrieved from /opt/airflow/dags/simple_hello_world.py
[2025-05-30T16:57:03.236+0000] {logging_mixin.py:190} INFO - [2025-05-30T16:57:03.236+0000] {dag.py:3211} INFO - Sync 1 DAGs
[2025-05-30T16:57:03.268+0000] {logging_mixin.py:190} INFO - [2025-05-30T16:57:03.268+0000] {dag.py:4138} INFO - Setting next_dagrun for simple_hello_world to 2025-05-30 00:00:00+00:00, run_after=2025-05-31 00:00:00+00:00
[2025-05-30T16:57:03.293+0000] {processor.py:208} INFO - Processing /opt/airflow/dags/simple_hello_world.py took 0.130 seconds
[2025-05-30T16:57:33.406+0000] {processor.py:186} INFO - Started process (PID=219) to work on /opt/airflow/dags/simple_hello_world.py
[2025-05-30T16:57:33.408+0000] {processor.py:914} INFO - Processing file /opt/airflow/dags/simple_hello_world.py for tasks to queue
[2025-05-30T16:57:33.410+0000] {logging_mixin.py:190} INFO - [2025-05-30T16:57:33.410+0000] {dagbag.py:587} INFO - Filling up the DagBag from /opt/airflow/dags/simple_hello_world.py
[2025-05-30T16:57:33.421+0000] {processor.py:925} INFO - DAG(s) 'simple_hello_world' retrieved from /opt/airflow/dags/simple_hello_world.py
[2025-05-30T16:57:33.466+0000] {logging_mixin.py:190} INFO - [2025-05-30T16:57:33.466+0000] {dag.py:3211} INFO - Sync 1 DAGs
[2025-05-30T16:57:33.502+0000] {logging_mixin.py:190} INFO - [2025-05-30T16:57:33.501+0000] {dag.py:4138} INFO - Setting next_dagrun for simple_hello_world to 2025-05-30 00:00:00+00:00, run_after=2025-05-31 00:00:00+00:00
[2025-05-30T16:57:33.522+0000] {processor.py:208} INFO - Processing /opt/airflow/dags/simple_hello_world.py took 0.123 seconds
[2025-05-30T16:58:03.696+0000] {processor.py:186} INFO - Started process (PID=224) to work on /opt/airflow/dags/simple_hello_world.py
[2025-05-30T16:58:03.697+0000] {processor.py:914} INFO - Processing file /opt/airflow/dags/simple_hello_world.py for tasks to queue
[2025-05-30T16:58:03.701+0000] {logging_mixin.py:190} INFO - [2025-05-30T16:58:03.700+0000] {dagbag.py:587} INFO - Filling up the DagBag from /opt/airflow/dags/simple_hello_world.py
[2025-05-30T16:58:03.713+0000] {processor.py:925} INFO - DAG(s) 'simple_hello_world' retrieved from /opt/airflow/dags/simple_hello_world.py
[2025-05-30T16:58:03.743+0000] {logging_mixin.py:190} INFO - [2025-05-30T16:58:03.743+0000] {dag.py:3211} INFO - Sync 1 DAGs
[2025-05-30T16:58:03.774+0000] {logging_mixin.py:190} INFO - [2025-05-30T16:58:03.774+0000] {dag.py:4138} INFO - Setting next_dagrun for simple_hello_world to 2025-05-30 00:00:00+00:00, run_after=2025-05-31 00:00:00+00:00
[2025-05-30T16:58:03.802+0000] {processor.py:208} INFO - Processing /opt/airflow/dags/simple_hello_world.py took 0.112 seconds
[2025-05-30T16:58:33.945+0000] {processor.py:186} INFO - Started process (PID=229) to work on /opt/airflow/dags/simple_hello_world.py
[2025-05-30T16:58:33.947+0000] {processor.py:914} INFO - Processing file /opt/airflow/dags/simple_hello_world.py for tasks to queue
[2025-05-30T16:58:33.950+0000] {logging_mixin.py:190} INFO - [2025-05-30T16:58:33.949+0000] {dagbag.py:587} INFO - Filling up the DagBag from /opt/airflow/dags/simple_hello_world.py
[2025-05-30T16:58:33.966+0000] {processor.py:925} INFO - DAG(s) 'simple_hello_world' retrieved from /opt/airflow/dags/simple_hello_world.py
[2025-05-30T16:58:34.017+0000] {logging_mixin.py:190} INFO - [2025-05-30T16:58:34.017+0000] {dag.py:3211} INFO - Sync 1 DAGs
[2025-05-30T16:58:34.055+0000] {logging_mixin.py:190} INFO - [2025-05-30T16:58:34.055+0000] {dag.py:4138} INFO - Setting next_dagrun for simple_hello_world to 2025-05-30 00:00:00+00:00, run_after=2025-05-31 00:00:00+00:00
[2025-05-30T16:58:34.083+0000] {processor.py:208} INFO - Processing /opt/airflow/dags/simple_hello_world.py took 0.146 seconds
[2025-05-30T16:59:04.243+0000] {processor.py:186} INFO - Started process (PID=234) to work on /opt/airflow/dags/simple_hello_world.py
[2025-05-30T16:59:04.245+0000] {processor.py:914} INFO - Processing file /opt/airflow/dags/simple_hello_world.py for tasks to queue
[2025-05-30T16:59:04.248+0000] {logging_mixin.py:190} INFO - [2025-05-30T16:59:04.247+0000] {dagbag.py:587} INFO - Filling up the DagBag from /opt/airflow/dags/simple_hello_world.py
[2025-05-30T16:59:04.260+0000] {processor.py:925} INFO - DAG(s) 'simple_hello_world' retrieved from /opt/airflow/dags/simple_hello_world.py
[2025-05-30T16:59:04.290+0000] {logging_mixin.py:190} INFO - [2025-05-30T16:59:04.290+0000] {dag.py:3211} INFO - Sync 1 DAGs
[2025-05-30T16:59:04.321+0000] {logging_mixin.py:190} INFO - [2025-05-30T16:59:04.320+0000] {dag.py:4138} INFO - Setting next_dagrun for simple_hello_world to 2025-05-30 00:00:00+00:00, run_after=2025-05-31 00:00:00+00:00
[2025-05-30T16:59:04.340+0000] {processor.py:208} INFO - Processing /opt/airflow/dags/simple_hello_world.py took 0.105 seconds
[2025-05-30T16:59:34.518+0000] {processor.py:186} INFO - Started process (PID=239) to work on /opt/airflow/dags/simple_hello_world.py
[2025-05-30T16:59:34.520+0000] {processor.py:914} INFO - Processing file /opt/airflow/dags/simple_hello_world.py for tasks to queue
[2025-05-30T16:59:34.523+0000] {logging_mixin.py:190} INFO - [2025-05-30T16:59:34.523+0000] {dagbag.py:587} INFO - Filling up the DagBag from /opt/airflow/dags/simple_hello_world.py
[2025-05-30T16:59:34.538+0000] {processor.py:925} INFO - DAG(s) 'simple_hello_world' retrieved from /opt/airflow/dags/simple_hello_world.py
[2025-05-30T16:59:34.572+0000] {logging_mixin.py:190} INFO - [2025-05-30T16:59:34.571+0000] {dag.py:3211} INFO - Sync 1 DAGs
[2025-05-30T16:59:34.605+0000] {logging_mixin.py:190} INFO - [2025-05-30T16:59:34.605+0000] {dag.py:4138} INFO - Setting next_dagrun for simple_hello_world to 2025-05-30 00:00:00+00:00, run_after=2025-05-31 00:00:00+00:00
[2025-05-30T16:59:34.629+0000] {processor.py:208} INFO - Processing /opt/airflow/dags/simple_hello_world.py took 0.123 seconds
[2025-05-30T17:32:49.643+0000] {processor.py:186} INFO - Started process (PID=163) to work on /opt/airflow/dags/simple_hello_world.py
[2025-05-30T17:32:49.647+0000] {processor.py:914} INFO - Processing file /opt/airflow/dags/simple_hello_world.py for tasks to queue
[2025-05-30T17:32:49.663+0000] {logging_mixin.py:190} INFO - [2025-05-30T17:32:49.662+0000] {dagbag.py:587} INFO - Filling up the DagBag from /opt/airflow/dags/simple_hello_world.py
[2025-05-30T17:32:49.864+0000] {processor.py:925} INFO - DAG(s) 'simple_hello_world' retrieved from /opt/airflow/dags/simple_hello_world.py
[2025-05-30T17:32:50.845+0000] {logging_mixin.py:190} INFO - [2025-05-30T17:32:50.844+0000] {override.py:1858} INFO - Created Permission View: can edit on DAG:simple_hello_world
[2025-05-30T17:32:50.876+0000] {logging_mixin.py:190} INFO - [2025-05-30T17:32:50.876+0000] {override.py:1858} INFO - Created Permission View: can delete on DAG:simple_hello_world
[2025-05-30T17:32:50.889+0000] {logging_mixin.py:190} INFO - [2025-05-30T17:32:50.888+0000] {override.py:1858} INFO - Created Permission View: can read on DAG:simple_hello_world
[2025-05-30T17:32:50.890+0000] {logging_mixin.py:190} INFO - [2025-05-30T17:32:50.890+0000] {dag.py:3211} INFO - Sync 1 DAGs
[2025-05-30T17:32:50.921+0000] {logging_mixin.py:190} INFO - [2025-05-30T17:32:50.921+0000] {dag.py:3234} INFO - Creating ORM DAG for simple_hello_world
[2025-05-30T17:32:50.940+0000] {logging_mixin.py:190} INFO - [2025-05-30T17:32:50.940+0000] {dag.py:4138} INFO - Setting next_dagrun for simple_hello_world to 2025-05-29 00:00:00+00:00, run_after=2025-05-30 00:00:00+00:00
[2025-05-30T17:32:50.981+0000] {processor.py:208} INFO - Processing /opt/airflow/dags/simple_hello_world.py took 1.388 seconds
[2025-05-30T17:33:21.275+0000] {processor.py:186} INFO - Started process (PID=173) to work on /opt/airflow/dags/simple_hello_world.py
[2025-05-30T17:33:21.276+0000] {processor.py:914} INFO - Processing file /opt/airflow/dags/simple_hello_world.py for tasks to queue
[2025-05-30T17:33:21.277+0000] {logging_mixin.py:190} INFO - [2025-05-30T17:33:21.277+0000] {dagbag.py:587} INFO - Filling up the DagBag from /opt/airflow/dags/simple_hello_world.py
[2025-05-30T17:33:21.307+0000] {processor.py:925} INFO - DAG(s) 'simple_hello_world' retrieved from /opt/airflow/dags/simple_hello_world.py
[2025-05-30T17:33:21.341+0000] {logging_mixin.py:190} INFO - [2025-05-30T17:33:21.340+0000] {dag.py:3211} INFO - Sync 1 DAGs
[2025-05-30T17:33:21.367+0000] {logging_mixin.py:190} INFO - [2025-05-30T17:33:21.367+0000] {dag.py:4138} INFO - Setting next_dagrun for simple_hello_world to 2025-05-29 00:00:00+00:00, run_after=2025-05-30 00:00:00+00:00
[2025-05-30T17:33:21.392+0000] {processor.py:208} INFO - Processing /opt/airflow/dags/simple_hello_world.py took 0.128 seconds
[2025-05-30T17:33:52.299+0000] {processor.py:186} INFO - Started process (PID=183) to work on /opt/airflow/dags/simple_hello_world.py
[2025-05-30T17:33:52.300+0000] {processor.py:914} INFO - Processing file /opt/airflow/dags/simple_hello_world.py for tasks to queue
[2025-05-30T17:33:52.302+0000] {logging_mixin.py:190} INFO - [2025-05-30T17:33:52.301+0000] {dagbag.py:587} INFO - Filling up the DagBag from /opt/airflow/dags/simple_hello_world.py
[2025-05-30T17:33:52.334+0000] {processor.py:925} INFO - DAG(s) 'simple_hello_world' retrieved from /opt/airflow/dags/simple_hello_world.py
[2025-05-30T17:33:52.375+0000] {logging_mixin.py:190} INFO - [2025-05-30T17:33:52.375+0000] {dag.py:3211} INFO - Sync 1 DAGs
[2025-05-30T17:33:52.468+0000] {logging_mixin.py:190} INFO - [2025-05-30T17:33:52.468+0000] {dag.py:4138} INFO - Setting next_dagrun for simple_hello_world to 2025-05-29 00:00:00+00:00, run_after=2025-05-30 00:00:00+00:00
[2025-05-30T17:33:52.519+0000] {processor.py:208} INFO - Processing /opt/airflow/dags/simple_hello_world.py took 0.232 seconds
[2025-05-30T17:34:22.921+0000] {processor.py:186} INFO - Started process (PID=193) to work on /opt/airflow/dags/simple_hello_world.py
[2025-05-30T17:34:22.922+0000] {processor.py:914} INFO - Processing file /opt/airflow/dags/simple_hello_world.py for tasks to queue
[2025-05-30T17:34:22.925+0000] {logging_mixin.py:190} INFO - [2025-05-30T17:34:22.924+0000] {dagbag.py:587} INFO - Filling up the DagBag from /opt/airflow/dags/simple_hello_world.py
[2025-05-30T17:34:22.951+0000] {processor.py:925} INFO - DAG(s) 'simple_hello_world' retrieved from /opt/airflow/dags/simple_hello_world.py
[2025-05-30T17:34:22.982+0000] {logging_mixin.py:190} INFO - [2025-05-30T17:34:22.982+0000] {dag.py:3211} INFO - Sync 1 DAGs
[2025-05-30T17:34:23.020+0000] {logging_mixin.py:190} INFO - [2025-05-30T17:34:23.019+0000] {dag.py:4138} INFO - Setting next_dagrun for simple_hello_world to 2025-05-29 00:00:00+00:00, run_after=2025-05-30 00:00:00+00:00
[2025-05-30T17:34:23.047+0000] {processor.py:208} INFO - Processing /opt/airflow/dags/simple_hello_world.py took 0.134 seconds
[2025-05-30T17:34:53.424+0000] {processor.py:186} INFO - Started process (PID=201) to work on /opt/airflow/dags/simple_hello_world.py
[2025-05-30T17:34:53.426+0000] {processor.py:914} INFO - Processing file /opt/airflow/dags/simple_hello_world.py for tasks to queue
[2025-05-30T17:34:53.436+0000] {logging_mixin.py:190} INFO - [2025-05-30T17:34:53.433+0000] {dagbag.py:587} INFO - Filling up the DagBag from /opt/airflow/dags/simple_hello_world.py
[2025-05-30T17:34:53.459+0000] {processor.py:925} INFO - DAG(s) 'simple_hello_world' retrieved from /opt/airflow/dags/simple_hello_world.py
[2025-05-30T17:34:53.486+0000] {logging_mixin.py:190} INFO - [2025-05-30T17:34:53.486+0000] {dag.py:3211} INFO - Sync 1 DAGs
[2025-05-30T17:34:53.512+0000] {logging_mixin.py:190} INFO - [2025-05-30T17:34:53.511+0000] {dag.py:4138} INFO - Setting next_dagrun for simple_hello_world to 2025-05-29 00:00:00+00:00, run_after=2025-05-30 00:00:00+00:00
[2025-05-30T17:34:53.531+0000] {processor.py:208} INFO - Processing /opt/airflow/dags/simple_hello_world.py took 0.130 seconds
[2025-05-30T17:35:23.972+0000] {processor.py:186} INFO - Started process (PID=213) to work on /opt/airflow/dags/simple_hello_world.py
[2025-05-30T17:35:23.973+0000] {processor.py:914} INFO - Processing file /opt/airflow/dags/simple_hello_world.py for tasks to queue
[2025-05-30T17:35:23.976+0000] {logging_mixin.py:190} INFO - [2025-05-30T17:35:23.975+0000] {dagbag.py:587} INFO - Filling up the DagBag from /opt/airflow/dags/simple_hello_world.py
[2025-05-30T17:35:24.103+0000] {processor.py:925} INFO - DAG(s) 'simple_hello_world' retrieved from /opt/airflow/dags/simple_hello_world.py
[2025-05-30T17:35:24.230+0000] {logging_mixin.py:190} INFO - [2025-05-30T17:35:24.230+0000] {dag.py:3211} INFO - Sync 1 DAGs
[2025-05-30T17:35:24.307+0000] {logging_mixin.py:190} INFO - [2025-05-30T17:35:24.302+0000] {dag.py:4138} INFO - Setting next_dagrun for simple_hello_world to 2025-05-29 00:00:00+00:00, run_after=2025-05-30 00:00:00+00:00
[2025-05-30T17:35:24.367+0000] {processor.py:208} INFO - Processing /opt/airflow/dags/simple_hello_world.py took 0.402 seconds
[2025-05-30T17:35:54.770+0000] {processor.py:186} INFO - Started process (PID=223) to work on /opt/airflow/dags/simple_hello_world.py
[2025-05-30T17:35:54.771+0000] {processor.py:914} INFO - Processing file /opt/airflow/dags/simple_hello_world.py for tasks to queue
[2025-05-30T17:35:54.772+0000] {logging_mixin.py:190} INFO - [2025-05-30T17:35:54.772+0000] {dagbag.py:587} INFO - Filling up the DagBag from /opt/airflow/dags/simple_hello_world.py
[2025-05-30T17:35:54.796+0000] {processor.py:925} INFO - DAG(s) 'simple_hello_world' retrieved from /opt/airflow/dags/simple_hello_world.py
[2025-05-30T17:35:54.829+0000] {logging_mixin.py:190} INFO - [2025-05-30T17:35:54.829+0000] {dag.py:3211} INFO - Sync 1 DAGs
[2025-05-30T17:35:54.854+0000] {logging_mixin.py:190} INFO - [2025-05-30T17:35:54.854+0000] {dag.py:4138} INFO - Setting next_dagrun for simple_hello_world to 2025-05-29 00:00:00+00:00, run_after=2025-05-30 00:00:00+00:00
[2025-05-30T17:35:54.875+0000] {processor.py:208} INFO - Processing /opt/airflow/dags/simple_hello_world.py took 0.112 seconds
[2025-05-30T17:36:25.278+0000] {processor.py:186} INFO - Started process (PID=233) to work on /opt/airflow/dags/simple_hello_world.py
[2025-05-30T17:36:25.279+0000] {processor.py:914} INFO - Processing file /opt/airflow/dags/simple_hello_world.py for tasks to queue
[2025-05-30T17:36:25.281+0000] {logging_mixin.py:190} INFO - [2025-05-30T17:36:25.280+0000] {dagbag.py:587} INFO - Filling up the DagBag from /opt/airflow/dags/simple_hello_world.py
[2025-05-30T17:36:25.330+0000] {processor.py:925} INFO - DAG(s) 'simple_hello_world' retrieved from /opt/airflow/dags/simple_hello_world.py
[2025-05-30T17:36:25.372+0000] {logging_mixin.py:190} INFO - [2025-05-30T17:36:25.372+0000] {dag.py:3211} INFO - Sync 1 DAGs
[2025-05-30T17:36:25.405+0000] {logging_mixin.py:190} INFO - [2025-05-30T17:36:25.405+0000] {dag.py:4138} INFO - Setting next_dagrun for simple_hello_world to 2025-05-29 00:00:00+00:00, run_after=2025-05-30 00:00:00+00:00
[2025-05-30T17:36:25.429+0000] {processor.py:208} INFO - Processing /opt/airflow/dags/simple_hello_world.py took 0.158 seconds
[2025-05-30T17:36:55.905+0000] {processor.py:186} INFO - Started process (PID=243) to work on /opt/airflow/dags/simple_hello_world.py
[2025-05-30T17:36:55.906+0000] {processor.py:914} INFO - Processing file /opt/airflow/dags/simple_hello_world.py for tasks to queue
[2025-05-30T17:36:55.910+0000] {logging_mixin.py:190} INFO - [2025-05-30T17:36:55.909+0000] {dagbag.py:587} INFO - Filling up the DagBag from /opt/airflow/dags/simple_hello_world.py
[2025-05-30T17:36:55.936+0000] {processor.py:925} INFO - DAG(s) 'simple_hello_world' retrieved from /opt/airflow/dags/simple_hello_world.py
[2025-05-30T17:36:55.965+0000] {logging_mixin.py:190} INFO - [2025-05-30T17:36:55.965+0000] {dag.py:3211} INFO - Sync 1 DAGs
[2025-05-30T17:36:55.993+0000] {logging_mixin.py:190} INFO - [2025-05-30T17:36:55.992+0000] {dag.py:4138} INFO - Setting next_dagrun for simple_hello_world to 2025-05-29 00:00:00+00:00, run_after=2025-05-30 00:00:00+00:00
[2025-05-30T17:36:56.014+0000] {processor.py:208} INFO - Processing /opt/airflow/dags/simple_hello_world.py took 0.116 seconds
[2025-05-30T17:37:26.393+0000] {processor.py:186} INFO - Started process (PID=253) to work on /opt/airflow/dags/simple_hello_world.py
[2025-05-30T17:37:26.395+0000] {processor.py:914} INFO - Processing file /opt/airflow/dags/simple_hello_world.py for tasks to queue
[2025-05-30T17:37:26.396+0000] {logging_mixin.py:190} INFO - [2025-05-30T17:37:26.396+0000] {dagbag.py:587} INFO - Filling up the DagBag from /opt/airflow/dags/simple_hello_world.py
[2025-05-30T17:37:26.421+0000] {processor.py:925} INFO - DAG(s) 'simple_hello_world' retrieved from /opt/airflow/dags/simple_hello_world.py
[2025-05-30T17:37:26.452+0000] {logging_mixin.py:190} INFO - [2025-05-30T17:37:26.452+0000] {dag.py:3211} INFO - Sync 1 DAGs
[2025-05-30T17:37:26.482+0000] {logging_mixin.py:190} INFO - [2025-05-30T17:37:26.482+0000] {dag.py:4138} INFO - Setting next_dagrun for simple_hello_world to 2025-05-29 00:00:00+00:00, run_after=2025-05-30 00:00:00+00:00
[2025-05-30T17:37:26.506+0000] {processor.py:208} INFO - Processing /opt/airflow/dags/simple_hello_world.py took 0.120 seconds
[2025-05-30T17:37:56.892+0000] {processor.py:186} INFO - Started process (PID=263) to work on /opt/airflow/dags/simple_hello_world.py
[2025-05-30T17:37:56.893+0000] {processor.py:914} INFO - Processing file /opt/airflow/dags/simple_hello_world.py for tasks to queue
[2025-05-30T17:37:56.894+0000] {logging_mixin.py:190} INFO - [2025-05-30T17:37:56.894+0000] {dagbag.py:587} INFO - Filling up the DagBag from /opt/airflow/dags/simple_hello_world.py
[2025-05-30T17:37:56.919+0000] {processor.py:925} INFO - DAG(s) 'simple_hello_world' retrieved from /opt/airflow/dags/simple_hello_world.py
[2025-05-30T17:37:56.948+0000] {logging_mixin.py:190} INFO - [2025-05-30T17:37:56.948+0000] {dag.py:3211} INFO - Sync 1 DAGs
[2025-05-30T17:37:56.974+0000] {logging_mixin.py:190} INFO - [2025-05-30T17:37:56.973+0000] {dag.py:4138} INFO - Setting next_dagrun for simple_hello_world to 2025-05-29 00:00:00+00:00, run_after=2025-05-30 00:00:00+00:00
[2025-05-30T17:37:56.994+0000] {processor.py:208} INFO - Processing /opt/airflow/dags/simple_hello_world.py took 0.109 seconds
[2025-05-30T17:38:27.403+0000] {processor.py:186} INFO - Started process (PID=273) to work on /opt/airflow/dags/simple_hello_world.py
[2025-05-30T17:38:27.404+0000] {processor.py:914} INFO - Processing file /opt/airflow/dags/simple_hello_world.py for tasks to queue
[2025-05-30T17:38:27.405+0000] {logging_mixin.py:190} INFO - [2025-05-30T17:38:27.405+0000] {dagbag.py:587} INFO - Filling up the DagBag from /opt/airflow/dags/simple_hello_world.py
[2025-05-30T17:38:27.427+0000] {processor.py:925} INFO - DAG(s) 'simple_hello_world' retrieved from /opt/airflow/dags/simple_hello_world.py
[2025-05-30T17:38:27.456+0000] {logging_mixin.py:190} INFO - [2025-05-30T17:38:27.455+0000] {dag.py:3211} INFO - Sync 1 DAGs
[2025-05-30T17:38:27.481+0000] {logging_mixin.py:190} INFO - [2025-05-30T17:38:27.481+0000] {dag.py:4138} INFO - Setting next_dagrun for simple_hello_world to 2025-05-29 00:00:00+00:00, run_after=2025-05-30 00:00:00+00:00
[2025-05-30T17:38:27.503+0000] {processor.py:208} INFO - Processing /opt/airflow/dags/simple_hello_world.py took 0.107 seconds
[2025-05-30T17:38:57.935+0000] {processor.py:186} INFO - Started process (PID=283) to work on /opt/airflow/dags/simple_hello_world.py
[2025-05-30T17:38:57.938+0000] {processor.py:914} INFO - Processing file /opt/airflow/dags/simple_hello_world.py for tasks to queue
[2025-05-30T17:38:57.940+0000] {logging_mixin.py:190} INFO - [2025-05-30T17:38:57.939+0000] {dagbag.py:587} INFO - Filling up the DagBag from /opt/airflow/dags/simple_hello_world.py
[2025-05-30T17:38:58.003+0000] {processor.py:925} INFO - DAG(s) 'simple_hello_world' retrieved from /opt/airflow/dags/simple_hello_world.py
[2025-05-30T17:38:58.058+0000] {logging_mixin.py:190} INFO - [2025-05-30T17:38:58.057+0000] {dag.py:3211} INFO - Sync 1 DAGs
[2025-05-30T17:38:58.136+0000] {logging_mixin.py:190} INFO - [2025-05-30T17:38:58.135+0000] {dag.py:4138} INFO - Setting next_dagrun for simple_hello_world to 2025-05-29 00:00:00+00:00, run_after=2025-05-30 00:00:00+00:00
[2025-05-30T17:38:58.293+0000] {processor.py:208} INFO - Processing /opt/airflow/dags/simple_hello_world.py took 0.375 seconds
[2025-05-30T17:39:28.523+0000] {processor.py:186} INFO - Started process (PID=293) to work on /opt/airflow/dags/simple_hello_world.py
[2025-05-30T17:39:28.524+0000] {processor.py:914} INFO - Processing file /opt/airflow/dags/simple_hello_world.py for tasks to queue
[2025-05-30T17:39:28.525+0000] {logging_mixin.py:190} INFO - [2025-05-30T17:39:28.525+0000] {dagbag.py:587} INFO - Filling up the DagBag from /opt/airflow/dags/simple_hello_world.py
[2025-05-30T17:39:28.551+0000] {processor.py:925} INFO - DAG(s) 'simple_hello_world' retrieved from /opt/airflow/dags/simple_hello_world.py
[2025-05-30T17:39:28.583+0000] {logging_mixin.py:190} INFO - [2025-05-30T17:39:28.583+0000] {dag.py:3211} INFO - Sync 1 DAGs
[2025-05-30T17:39:28.606+0000] {logging_mixin.py:190} INFO - [2025-05-30T17:39:28.606+0000] {dag.py:4138} INFO - Setting next_dagrun for simple_hello_world to 2025-05-29 00:00:00+00:00, run_after=2025-05-30 00:00:00+00:00
[2025-05-30T17:39:28.631+0000] {processor.py:208} INFO - Processing /opt/airflow/dags/simple_hello_world.py took 0.121 seconds
[2025-05-30T17:39:59.288+0000] {processor.py:186} INFO - Started process (PID=303) to work on /opt/airflow/dags/simple_hello_world.py
[2025-05-30T17:39:59.290+0000] {processor.py:914} INFO - Processing file /opt/airflow/dags/simple_hello_world.py for tasks to queue
[2025-05-30T17:39:59.292+0000] {logging_mixin.py:190} INFO - [2025-05-30T17:39:59.291+0000] {dagbag.py:587} INFO - Filling up the DagBag from /opt/airflow/dags/simple_hello_world.py
[2025-05-30T17:39:59.317+0000] {processor.py:925} INFO - DAG(s) 'simple_hello_world' retrieved from /opt/airflow/dags/simple_hello_world.py
[2025-05-30T17:39:59.358+0000] {logging_mixin.py:190} INFO - [2025-05-30T17:39:59.358+0000] {dag.py:3211} INFO - Sync 1 DAGs
[2025-05-30T17:39:59.415+0000] {logging_mixin.py:190} INFO - [2025-05-30T17:39:59.414+0000] {dag.py:4138} INFO - Setting next_dagrun for simple_hello_world to 2025-05-29 00:00:00+00:00, run_after=2025-05-30 00:00:00+00:00
[2025-05-30T17:39:59.466+0000] {processor.py:208} INFO - Processing /opt/airflow/dags/simple_hello_world.py took 0.191 seconds
[2025-05-30T17:40:30.434+0000] {processor.py:186} INFO - Started process (PID=313) to work on /opt/airflow/dags/simple_hello_world.py
[2025-05-30T17:40:30.435+0000] {processor.py:914} INFO - Processing file /opt/airflow/dags/simple_hello_world.py for tasks to queue
[2025-05-30T17:40:30.450+0000] {logging_mixin.py:190} INFO - [2025-05-30T17:40:30.449+0000] {dagbag.py:587} INFO - Filling up the DagBag from /opt/airflow/dags/simple_hello_world.py
[2025-05-30T17:40:30.545+0000] {processor.py:925} INFO - DAG(s) 'simple_hello_world' retrieved from /opt/airflow/dags/simple_hello_world.py
[2025-05-30T17:40:30.606+0000] {logging_mixin.py:190} INFO - [2025-05-30T17:40:30.606+0000] {dag.py:3211} INFO - Sync 1 DAGs
[2025-05-30T17:40:30.637+0000] {logging_mixin.py:190} INFO - [2025-05-30T17:40:30.637+0000] {dag.py:4138} INFO - Setting next_dagrun for simple_hello_world to 2025-05-29 00:00:00+00:00, run_after=2025-05-30 00:00:00+00:00
[2025-05-30T17:40:30.659+0000] {processor.py:208} INFO - Processing /opt/airflow/dags/simple_hello_world.py took 0.250 seconds
[2025-05-30T17:41:01.666+0000] {processor.py:186} INFO - Started process (PID=323) to work on /opt/airflow/dags/simple_hello_world.py
[2025-05-30T17:41:01.667+0000] {processor.py:914} INFO - Processing file /opt/airflow/dags/simple_hello_world.py for tasks to queue
[2025-05-30T17:41:01.669+0000] {logging_mixin.py:190} INFO - [2025-05-30T17:41:01.668+0000] {dagbag.py:587} INFO - Filling up the DagBag from /opt/airflow/dags/simple_hello_world.py
[2025-05-30T17:41:01.702+0000] {processor.py:925} INFO - DAG(s) 'simple_hello_world' retrieved from /opt/airflow/dags/simple_hello_world.py
[2025-05-30T17:41:01.746+0000] {logging_mixin.py:190} INFO - [2025-05-30T17:41:01.745+0000] {dag.py:3211} INFO - Sync 1 DAGs
[2025-05-30T17:41:01.783+0000] {logging_mixin.py:190} INFO - [2025-05-30T17:41:01.783+0000] {dag.py:4138} INFO - Setting next_dagrun for simple_hello_world to 2025-05-29 00:00:00+00:00, run_after=2025-05-30 00:00:00+00:00
[2025-05-30T17:41:01.807+0000] {processor.py:208} INFO - Processing /opt/airflow/dags/simple_hello_world.py took 0.154 seconds
[2025-05-30T17:41:32.334+0000] {processor.py:186} INFO - Started process (PID=333) to work on /opt/airflow/dags/simple_hello_world.py
[2025-05-30T17:41:32.335+0000] {processor.py:914} INFO - Processing file /opt/airflow/dags/simple_hello_world.py for tasks to queue
[2025-05-30T17:41:32.336+0000] {logging_mixin.py:190} INFO - [2025-05-30T17:41:32.336+0000] {dagbag.py:587} INFO - Filling up the DagBag from /opt/airflow/dags/simple_hello_world.py
[2025-05-30T17:41:32.364+0000] {processor.py:925} INFO - DAG(s) 'simple_hello_world' retrieved from /opt/airflow/dags/simple_hello_world.py
[2025-05-30T17:41:32.392+0000] {logging_mixin.py:190} INFO - [2025-05-30T17:41:32.391+0000] {dag.py:3211} INFO - Sync 1 DAGs
[2025-05-30T17:41:32.453+0000] {logging_mixin.py:190} INFO - [2025-05-30T17:41:32.453+0000] {dag.py:4138} INFO - Setting next_dagrun for simple_hello_world to 2025-05-29 00:00:00+00:00, run_after=2025-05-30 00:00:00+00:00
[2025-05-30T17:41:32.478+0000] {processor.py:208} INFO - Processing /opt/airflow/dags/simple_hello_world.py took 0.156 seconds
[2025-05-30T17:42:02.827+0000] {processor.py:186} INFO - Started process (PID=343) to work on /opt/airflow/dags/simple_hello_world.py
[2025-05-30T17:42:02.828+0000] {processor.py:914} INFO - Processing file /opt/airflow/dags/simple_hello_world.py for tasks to queue
[2025-05-30T17:42:02.830+0000] {logging_mixin.py:190} INFO - [2025-05-30T17:42:02.830+0000] {dagbag.py:587} INFO - Filling up the DagBag from /opt/airflow/dags/simple_hello_world.py
[2025-05-30T17:42:02.850+0000] {processor.py:925} INFO - DAG(s) 'simple_hello_world' retrieved from /opt/airflow/dags/simple_hello_world.py
[2025-05-30T17:42:02.892+0000] {logging_mixin.py:190} INFO - [2025-05-30T17:42:02.892+0000] {dag.py:3211} INFO - Sync 1 DAGs
[2025-05-30T17:42:02.947+0000] {logging_mixin.py:190} INFO - [2025-05-30T17:42:02.947+0000] {dag.py:4138} INFO - Setting next_dagrun for simple_hello_world to 2025-05-29 00:00:00+00:00, run_after=2025-05-30 00:00:00+00:00
[2025-05-30T17:42:02.976+0000] {processor.py:208} INFO - Processing /opt/airflow/dags/simple_hello_world.py took 0.157 seconds
[2025-05-30T17:42:33.359+0000] {processor.py:186} INFO - Started process (PID=353) to work on /opt/airflow/dags/simple_hello_world.py
[2025-05-30T17:42:33.360+0000] {processor.py:914} INFO - Processing file /opt/airflow/dags/simple_hello_world.py for tasks to queue
[2025-05-30T17:42:33.362+0000] {logging_mixin.py:190} INFO - [2025-05-30T17:42:33.361+0000] {dagbag.py:587} INFO - Filling up the DagBag from /opt/airflow/dags/simple_hello_world.py
[2025-05-30T17:42:33.387+0000] {processor.py:925} INFO - DAG(s) 'simple_hello_world' retrieved from /opt/airflow/dags/simple_hello_world.py
[2025-05-30T17:42:33.420+0000] {logging_mixin.py:190} INFO - [2025-05-30T17:42:33.420+0000] {dag.py:3211} INFO - Sync 1 DAGs
[2025-05-30T17:42:33.510+0000] {logging_mixin.py:190} INFO - [2025-05-30T17:42:33.510+0000] {dag.py:4138} INFO - Setting next_dagrun for simple_hello_world to 2025-05-29 00:00:00+00:00, run_after=2025-05-30 00:00:00+00:00
[2025-05-30T17:42:33.567+0000] {processor.py:208} INFO - Processing /opt/airflow/dags/simple_hello_world.py took 0.216 seconds
[2025-05-30T17:43:04.159+0000] {processor.py:186} INFO - Started process (PID=363) to work on /opt/airflow/dags/simple_hello_world.py
[2025-05-30T17:43:04.160+0000] {processor.py:914} INFO - Processing file /opt/airflow/dags/simple_hello_world.py for tasks to queue
[2025-05-30T17:43:04.163+0000] {logging_mixin.py:190} INFO - [2025-05-30T17:43:04.162+0000] {dagbag.py:587} INFO - Filling up the DagBag from /opt/airflow/dags/simple_hello_world.py
[2025-05-30T17:43:04.197+0000] {processor.py:925} INFO - DAG(s) 'simple_hello_world' retrieved from /opt/airflow/dags/simple_hello_world.py
[2025-05-30T17:43:04.232+0000] {logging_mixin.py:190} INFO - [2025-05-30T17:43:04.231+0000] {dag.py:3211} INFO - Sync 1 DAGs
[2025-05-30T17:43:04.259+0000] {logging_mixin.py:190} INFO - [2025-05-30T17:43:04.259+0000] {dag.py:4138} INFO - Setting next_dagrun for simple_hello_world to 2025-05-29 00:00:00+00:00, run_after=2025-05-30 00:00:00+00:00
[2025-05-30T17:43:04.276+0000] {processor.py:208} INFO - Processing /opt/airflow/dags/simple_hello_world.py took 0.130 seconds
[2025-05-30T17:43:34.566+0000] {processor.py:186} INFO - Started process (PID=373) to work on /opt/airflow/dags/simple_hello_world.py
[2025-05-30T17:43:34.567+0000] {processor.py:914} INFO - Processing file /opt/airflow/dags/simple_hello_world.py for tasks to queue
[2025-05-30T17:43:34.568+0000] {logging_mixin.py:190} INFO - [2025-05-30T17:43:34.568+0000] {dagbag.py:587} INFO - Filling up the DagBag from /opt/airflow/dags/simple_hello_world.py
[2025-05-30T17:43:34.596+0000] {processor.py:925} INFO - DAG(s) 'simple_hello_world' retrieved from /opt/airflow/dags/simple_hello_world.py
[2025-05-30T17:43:34.627+0000] {logging_mixin.py:190} INFO - [2025-05-30T17:43:34.627+0000] {dag.py:3211} INFO - Sync 1 DAGs
[2025-05-30T17:43:34.653+0000] {logging_mixin.py:190} INFO - [2025-05-30T17:43:34.652+0000] {dag.py:4138} INFO - Setting next_dagrun for simple_hello_world to 2025-05-29 00:00:00+00:00, run_after=2025-05-30 00:00:00+00:00
[2025-05-30T17:43:34.674+0000] {processor.py:208} INFO - Processing /opt/airflow/dags/simple_hello_world.py took 0.117 seconds
[2025-05-30T17:44:05.045+0000] {processor.py:186} INFO - Started process (PID=383) to work on /opt/airflow/dags/simple_hello_world.py
[2025-05-30T17:44:05.045+0000] {processor.py:914} INFO - Processing file /opt/airflow/dags/simple_hello_world.py for tasks to queue
[2025-05-30T17:44:05.047+0000] {logging_mixin.py:190} INFO - [2025-05-30T17:44:05.046+0000] {dagbag.py:587} INFO - Filling up the DagBag from /opt/airflow/dags/simple_hello_world.py
[2025-05-30T17:44:05.071+0000] {processor.py:925} INFO - DAG(s) 'simple_hello_world' retrieved from /opt/airflow/dags/simple_hello_world.py
[2025-05-30T17:44:05.101+0000] {logging_mixin.py:190} INFO - [2025-05-30T17:44:05.100+0000] {dag.py:3211} INFO - Sync 1 DAGs
[2025-05-30T17:44:05.128+0000] {logging_mixin.py:190} INFO - [2025-05-30T17:44:05.127+0000] {dag.py:4138} INFO - Setting next_dagrun for simple_hello_world to 2025-05-29 00:00:00+00:00, run_after=2025-05-30 00:00:00+00:00
[2025-05-30T17:44:05.167+0000] {processor.py:208} INFO - Processing /opt/airflow/dags/simple_hello_world.py took 0.129 seconds
[2025-05-30T17:44:35.485+0000] {processor.py:186} INFO - Started process (PID=393) to work on /opt/airflow/dags/simple_hello_world.py
[2025-05-30T17:44:35.486+0000] {processor.py:914} INFO - Processing file /opt/airflow/dags/simple_hello_world.py for tasks to queue
[2025-05-30T17:44:35.487+0000] {logging_mixin.py:190} INFO - [2025-05-30T17:44:35.487+0000] {dagbag.py:587} INFO - Filling up the DagBag from /opt/airflow/dags/simple_hello_world.py
[2025-05-30T17:44:35.512+0000] {processor.py:925} INFO - DAG(s) 'simple_hello_world' retrieved from /opt/airflow/dags/simple_hello_world.py
[2025-05-30T17:44:35.546+0000] {logging_mixin.py:190} INFO - [2025-05-30T17:44:35.545+0000] {dag.py:3211} INFO - Sync 1 DAGs
[2025-05-30T17:44:35.581+0000] {logging_mixin.py:190} INFO - [2025-05-30T17:44:35.580+0000] {dag.py:4138} INFO - Setting next_dagrun for simple_hello_world to 2025-05-29 00:00:00+00:00, run_after=2025-05-30 00:00:00+00:00
[2025-05-30T17:44:35.622+0000] {processor.py:208} INFO - Processing /opt/airflow/dags/simple_hello_world.py took 0.147 seconds
[2025-05-30T17:45:05.930+0000] {processor.py:186} INFO - Started process (PID=403) to work on /opt/airflow/dags/simple_hello_world.py
[2025-05-30T17:45:05.931+0000] {processor.py:914} INFO - Processing file /opt/airflow/dags/simple_hello_world.py for tasks to queue
[2025-05-30T17:45:05.934+0000] {logging_mixin.py:190} INFO - [2025-05-30T17:45:05.933+0000] {dagbag.py:587} INFO - Filling up the DagBag from /opt/airflow/dags/simple_hello_world.py
[2025-05-30T17:45:05.962+0000] {processor.py:925} INFO - DAG(s) 'simple_hello_world' retrieved from /opt/airflow/dags/simple_hello_world.py
[2025-05-30T17:45:05.997+0000] {logging_mixin.py:190} INFO - [2025-05-30T17:45:05.997+0000] {dag.py:3211} INFO - Sync 1 DAGs
[2025-05-30T17:45:06.027+0000] {logging_mixin.py:190} INFO - [2025-05-30T17:45:06.027+0000] {dag.py:4138} INFO - Setting next_dagrun for simple_hello_world to 2025-05-29 00:00:00+00:00, run_after=2025-05-30 00:00:00+00:00
[2025-05-30T17:45:06.060+0000] {processor.py:208} INFO - Processing /opt/airflow/dags/simple_hello_world.py took 0.138 seconds
[2025-05-30T18:51:31.764+0000] {processor.py:186} INFO - Started process (PID=162) to work on /opt/airflow/dags/simple_hello_world.py
[2025-05-30T18:51:31.840+0000] {processor.py:914} INFO - Processing file /opt/airflow/dags/simple_hello_world.py for tasks to queue
[2025-05-30T18:51:31.922+0000] {logging_mixin.py:190} INFO - [2025-05-30T18:51:31.906+0000] {dagbag.py:587} INFO - Filling up the DagBag from /opt/airflow/dags/simple_hello_world.py
[2025-05-30T18:51:32.152+0000] {processor.py:925} INFO - DAG(s) 'simple_hello_world' retrieved from /opt/airflow/dags/simple_hello_world.py
[2025-05-30T18:51:33.226+0000] {logging_mixin.py:190} INFO - [2025-05-30T18:51:33.225+0000] {override.py:1858} INFO - Created Permission View: can edit on DAG:simple_hello_world
[2025-05-30T18:51:33.250+0000] {logging_mixin.py:190} INFO - [2025-05-30T18:51:33.249+0000] {override.py:1858} INFO - Created Permission View: can read on DAG:simple_hello_world
[2025-05-30T18:51:33.268+0000] {logging_mixin.py:190} INFO - [2025-05-30T18:51:33.267+0000] {override.py:1858} INFO - Created Permission View: can delete on DAG:simple_hello_world
[2025-05-30T18:51:33.284+0000] {logging_mixin.py:190} INFO - [2025-05-30T18:51:33.283+0000] {dag.py:3211} INFO - Sync 1 DAGs
[2025-05-30T18:51:33.366+0000] {logging_mixin.py:190} INFO - [2025-05-30T18:51:33.366+0000] {dag.py:3234} INFO - Creating ORM DAG for simple_hello_world
[2025-05-30T18:51:33.435+0000] {logging_mixin.py:190} INFO - [2025-05-30T18:51:33.434+0000] {dag.py:4138} INFO - Setting next_dagrun for simple_hello_world to 2025-05-29 00:00:00+00:00, run_after=2025-05-30 00:00:00+00:00
[2025-05-30T18:51:33.527+0000] {processor.py:208} INFO - Processing /opt/airflow/dags/simple_hello_world.py took 2.066 seconds
[2025-05-30T18:52:04.500+0000] {processor.py:186} INFO - Started process (PID=172) to work on /opt/airflow/dags/simple_hello_world.py
[2025-05-30T18:52:04.503+0000] {processor.py:914} INFO - Processing file /opt/airflow/dags/simple_hello_world.py for tasks to queue
[2025-05-30T18:52:04.508+0000] {logging_mixin.py:190} INFO - [2025-05-30T18:52:04.508+0000] {dagbag.py:587} INFO - Filling up the DagBag from /opt/airflow/dags/simple_hello_world.py
[2025-05-30T18:52:04.657+0000] {processor.py:925} INFO - DAG(s) 'simple_hello_world' retrieved from /opt/airflow/dags/simple_hello_world.py
[2025-05-30T18:52:05.290+0000] {logging_mixin.py:190} INFO - [2025-05-30T18:52:05.288+0000] {dag.py:3211} INFO - Sync 1 DAGs
[2025-05-30T18:52:05.821+0000] {logging_mixin.py:190} INFO - [2025-05-30T18:52:05.819+0000] {dag.py:4138} INFO - Setting next_dagrun for simple_hello_world to 2025-05-29 00:00:00+00:00, run_after=2025-05-30 00:00:00+00:00
[2025-05-30T18:52:05.993+0000] {processor.py:208} INFO - Processing /opt/airflow/dags/simple_hello_world.py took 1.597 seconds
[2025-05-30T18:52:36.576+0000] {processor.py:186} INFO - Started process (PID=182) to work on /opt/airflow/dags/simple_hello_world.py
[2025-05-30T18:52:36.582+0000] {processor.py:914} INFO - Processing file /opt/airflow/dags/simple_hello_world.py for tasks to queue
[2025-05-30T18:52:36.598+0000] {logging_mixin.py:190} INFO - [2025-05-30T18:52:36.597+0000] {dagbag.py:587} INFO - Filling up the DagBag from /opt/airflow/dags/simple_hello_world.py
[2025-05-30T18:52:36.837+0000] {processor.py:925} INFO - DAG(s) 'simple_hello_world' retrieved from /opt/airflow/dags/simple_hello_world.py
[2025-05-30T18:52:36.982+0000] {logging_mixin.py:190} INFO - [2025-05-30T18:52:36.981+0000] {dag.py:3211} INFO - Sync 1 DAGs
[2025-05-30T18:52:37.011+0000] {logging_mixin.py:190} INFO - [2025-05-30T18:52:37.011+0000] {dag.py:4138} INFO - Setting next_dagrun for simple_hello_world to 2025-05-29 00:00:00+00:00, run_after=2025-05-30 00:00:00+00:00
[2025-05-30T18:52:37.035+0000] {processor.py:208} INFO - Processing /opt/airflow/dags/simple_hello_world.py took 0.645 seconds
[2025-05-30T18:53:07.350+0000] {processor.py:186} INFO - Started process (PID=192) to work on /opt/airflow/dags/simple_hello_world.py
[2025-05-30T18:53:07.351+0000] {processor.py:914} INFO - Processing file /opt/airflow/dags/simple_hello_world.py for tasks to queue
[2025-05-30T18:53:07.371+0000] {logging_mixin.py:190} INFO - [2025-05-30T18:53:07.371+0000] {dagbag.py:587} INFO - Filling up the DagBag from /opt/airflow/dags/simple_hello_world.py
[2025-05-30T18:53:07.428+0000] {processor.py:925} INFO - DAG(s) 'simple_hello_world' retrieved from /opt/airflow/dags/simple_hello_world.py
[2025-05-30T18:53:07.620+0000] {logging_mixin.py:190} INFO - [2025-05-30T18:53:07.620+0000] {dag.py:3211} INFO - Sync 1 DAGs
[2025-05-30T18:53:07.747+0000] {logging_mixin.py:190} INFO - [2025-05-30T18:53:07.747+0000] {dag.py:4138} INFO - Setting next_dagrun for simple_hello_world to 2025-05-29 00:00:00+00:00, run_after=2025-05-30 00:00:00+00:00
[2025-05-30T18:53:07.771+0000] {processor.py:208} INFO - Processing /opt/airflow/dags/simple_hello_world.py took 0.449 seconds
[2025-05-30T18:53:38.245+0000] {processor.py:186} INFO - Started process (PID=202) to work on /opt/airflow/dags/simple_hello_world.py
[2025-05-30T18:53:38.250+0000] {processor.py:914} INFO - Processing file /opt/airflow/dags/simple_hello_world.py for tasks to queue
[2025-05-30T18:53:38.256+0000] {logging_mixin.py:190} INFO - [2025-05-30T18:53:38.256+0000] {dagbag.py:587} INFO - Filling up the DagBag from /opt/airflow/dags/simple_hello_world.py
[2025-05-30T18:53:38.292+0000] {processor.py:925} INFO - DAG(s) 'simple_hello_world' retrieved from /opt/airflow/dags/simple_hello_world.py
[2025-05-30T18:53:38.419+0000] {logging_mixin.py:190} INFO - [2025-05-30T18:53:38.419+0000] {dag.py:3211} INFO - Sync 1 DAGs
[2025-05-30T18:53:38.531+0000] {logging_mixin.py:190} INFO - [2025-05-30T18:53:38.529+0000] {dag.py:4138} INFO - Setting next_dagrun for simple_hello_world to 2025-05-29 00:00:00+00:00, run_after=2025-05-30 00:00:00+00:00
[2025-05-30T18:53:38.863+0000] {processor.py:208} INFO - Processing /opt/airflow/dags/simple_hello_world.py took 0.685 seconds
[2025-05-30T18:54:09.724+0000] {processor.py:186} INFO - Started process (PID=212) to work on /opt/airflow/dags/simple_hello_world.py
[2025-05-30T18:54:09.760+0000] {processor.py:914} INFO - Processing file /opt/airflow/dags/simple_hello_world.py for tasks to queue
[2025-05-30T18:54:09.785+0000] {logging_mixin.py:190} INFO - [2025-05-30T18:54:09.785+0000] {dagbag.py:587} INFO - Filling up the DagBag from /opt/airflow/dags/simple_hello_world.py
[2025-05-30T18:54:10.111+0000] {processor.py:925} INFO - DAG(s) 'simple_hello_world' retrieved from /opt/airflow/dags/simple_hello_world.py
[2025-05-30T18:54:10.239+0000] {logging_mixin.py:190} INFO - [2025-05-30T18:54:10.237+0000] {dag.py:3211} INFO - Sync 1 DAGs
[2025-05-30T18:54:10.500+0000] {logging_mixin.py:190} INFO - [2025-05-30T18:54:10.499+0000] {dag.py:4138} INFO - Setting next_dagrun for simple_hello_world to 2025-05-29 00:00:00+00:00, run_after=2025-05-30 00:00:00+00:00
[2025-05-30T18:54:10.581+0000] {processor.py:208} INFO - Processing /opt/airflow/dags/simple_hello_world.py took 0.887 seconds
[2025-05-30T19:08:10.240+0000] {processor.py:186} INFO - Started process (PID=162) to work on /opt/airflow/dags/simple_hello_world.py
[2025-05-30T19:08:10.242+0000] {processor.py:914} INFO - Processing file /opt/airflow/dags/simple_hello_world.py for tasks to queue
[2025-05-30T19:08:10.246+0000] {logging_mixin.py:190} INFO - [2025-05-30T19:08:10.245+0000] {dagbag.py:587} INFO - Filling up the DagBag from /opt/airflow/dags/simple_hello_world.py
[2025-05-30T19:08:10.339+0000] {processor.py:925} INFO - DAG(s) 'simple_hello_world' retrieved from /opt/airflow/dags/simple_hello_world.py
[2025-05-30T19:08:10.427+0000] {logging_mixin.py:190} INFO - [2025-05-30T19:08:10.427+0000] {dag.py:3211} INFO - Sync 1 DAGs
[2025-05-30T19:08:10.488+0000] {logging_mixin.py:190} INFO - [2025-05-30T19:08:10.487+0000] {dag.py:4138} INFO - Setting next_dagrun for simple_hello_world to 2025-05-29 00:00:00+00:00, run_after=2025-05-30 00:00:00+00:00
[2025-05-30T19:08:10.535+0000] {processor.py:208} INFO - Processing /opt/airflow/dags/simple_hello_world.py took 0.308 seconds
[2025-05-30T19:08:41.381+0000] {processor.py:186} INFO - Started process (PID=172) to work on /opt/airflow/dags/simple_hello_world.py
[2025-05-30T19:08:41.383+0000] {processor.py:914} INFO - Processing file /opt/airflow/dags/simple_hello_world.py for tasks to queue
[2025-05-30T19:08:41.393+0000] {logging_mixin.py:190} INFO - [2025-05-30T19:08:41.391+0000] {dagbag.py:587} INFO - Filling up the DagBag from /opt/airflow/dags/simple_hello_world.py
[2025-05-30T19:08:41.604+0000] {processor.py:925} INFO - DAG(s) 'simple_hello_world' retrieved from /opt/airflow/dags/simple_hello_world.py
[2025-05-30T19:08:41.974+0000] {logging_mixin.py:190} INFO - [2025-05-30T19:08:41.974+0000] {dag.py:3211} INFO - Sync 1 DAGs
[2025-05-30T19:08:42.176+0000] {logging_mixin.py:190} INFO - [2025-05-30T19:08:42.176+0000] {dag.py:4138} INFO - Setting next_dagrun for simple_hello_world to 2025-05-29 00:00:00+00:00, run_after=2025-05-30 00:00:00+00:00
[2025-05-30T19:08:42.229+0000] {processor.py:208} INFO - Processing /opt/airflow/dags/simple_hello_world.py took 0.986 seconds
[2025-05-30T19:09:12.776+0000] {processor.py:186} INFO - Started process (PID=182) to work on /opt/airflow/dags/simple_hello_world.py
[2025-05-30T19:09:12.790+0000] {processor.py:914} INFO - Processing file /opt/airflow/dags/simple_hello_world.py for tasks to queue
[2025-05-30T19:09:12.802+0000] {logging_mixin.py:190} INFO - [2025-05-30T19:09:12.801+0000] {dagbag.py:587} INFO - Filling up the DagBag from /opt/airflow/dags/simple_hello_world.py
[2025-05-30T19:09:12.871+0000] {processor.py:925} INFO - DAG(s) 'simple_hello_world' retrieved from /opt/airflow/dags/simple_hello_world.py
[2025-05-30T19:09:12.942+0000] {logging_mixin.py:190} INFO - [2025-05-30T19:09:12.942+0000] {dag.py:3211} INFO - Sync 1 DAGs
[2025-05-30T19:09:13.073+0000] {logging_mixin.py:190} INFO - [2025-05-30T19:09:13.072+0000] {dag.py:4138} INFO - Setting next_dagrun for simple_hello_world to 2025-05-29 00:00:00+00:00, run_after=2025-05-30 00:00:00+00:00
[2025-05-30T19:09:13.199+0000] {processor.py:208} INFO - Processing /opt/airflow/dags/simple_hello_world.py took 0.452 seconds
[2025-05-30T19:09:43.876+0000] {processor.py:186} INFO - Started process (PID=190) to work on /opt/airflow/dags/simple_hello_world.py
[2025-05-30T19:09:43.889+0000] {processor.py:914} INFO - Processing file /opt/airflow/dags/simple_hello_world.py for tasks to queue
[2025-05-30T19:09:43.893+0000] {logging_mixin.py:190} INFO - [2025-05-30T19:09:43.893+0000] {dagbag.py:587} INFO - Filling up the DagBag from /opt/airflow/dags/simple_hello_world.py
[2025-05-30T19:09:43.926+0000] {processor.py:925} INFO - DAG(s) 'simple_hello_world' retrieved from /opt/airflow/dags/simple_hello_world.py
[2025-05-30T19:09:43.961+0000] {logging_mixin.py:190} INFO - [2025-05-30T19:09:43.960+0000] {dag.py:3211} INFO - Sync 1 DAGs
[2025-05-30T19:09:43.996+0000] {logging_mixin.py:190} INFO - [2025-05-30T19:09:43.995+0000] {dag.py:4138} INFO - Setting next_dagrun for simple_hello_world to 2025-05-29 00:00:00+00:00, run_after=2025-05-30 00:00:00+00:00
[2025-05-30T19:09:44.025+0000] {processor.py:208} INFO - Processing /opt/airflow/dags/simple_hello_world.py took 0.192 seconds
[2025-05-30T19:10:14.178+0000] {processor.py:186} INFO - Started process (PID=202) to work on /opt/airflow/dags/simple_hello_world.py
[2025-05-30T19:10:14.180+0000] {processor.py:914} INFO - Processing file /opt/airflow/dags/simple_hello_world.py for tasks to queue
[2025-05-30T19:10:14.184+0000] {logging_mixin.py:190} INFO - [2025-05-30T19:10:14.183+0000] {dagbag.py:587} INFO - Filling up the DagBag from /opt/airflow/dags/simple_hello_world.py
[2025-05-30T19:10:14.229+0000] {processor.py:925} INFO - DAG(s) 'simple_hello_world' retrieved from /opt/airflow/dags/simple_hello_world.py
[2025-05-30T19:10:14.280+0000] {logging_mixin.py:190} INFO - [2025-05-30T19:10:14.280+0000] {dag.py:3211} INFO - Sync 1 DAGs
[2025-05-30T19:10:14.310+0000] {logging_mixin.py:190} INFO - [2025-05-30T19:10:14.310+0000] {dag.py:4138} INFO - Setting next_dagrun for simple_hello_world to 2025-05-29 00:00:00+00:00, run_after=2025-05-30 00:00:00+00:00
[2025-05-30T19:10:14.329+0000] {processor.py:208} INFO - Processing /opt/airflow/dags/simple_hello_world.py took 0.163 seconds
[2025-05-30T19:10:44.542+0000] {processor.py:186} INFO - Started process (PID=212) to work on /opt/airflow/dags/simple_hello_world.py
[2025-05-30T19:10:44.545+0000] {processor.py:914} INFO - Processing file /opt/airflow/dags/simple_hello_world.py for tasks to queue
[2025-05-30T19:10:44.561+0000] {logging_mixin.py:190} INFO - [2025-05-30T19:10:44.561+0000] {dagbag.py:587} INFO - Filling up the DagBag from /opt/airflow/dags/simple_hello_world.py
[2025-05-30T19:10:44.606+0000] {processor.py:925} INFO - DAG(s) 'simple_hello_world' retrieved from /opt/airflow/dags/simple_hello_world.py
[2025-05-30T19:10:44.694+0000] {logging_mixin.py:190} INFO - [2025-05-30T19:10:44.694+0000] {dag.py:3211} INFO - Sync 1 DAGs
[2025-05-30T19:10:44.740+0000] {logging_mixin.py:190} INFO - [2025-05-30T19:10:44.740+0000] {dag.py:4138} INFO - Setting next_dagrun for simple_hello_world to 2025-05-29 00:00:00+00:00, run_after=2025-05-30 00:00:00+00:00
[2025-05-30T19:10:44.784+0000] {processor.py:208} INFO - Processing /opt/airflow/dags/simple_hello_world.py took 0.271 seconds
[2025-05-30T19:11:15.770+0000] {processor.py:186} INFO - Started process (PID=222) to work on /opt/airflow/dags/simple_hello_world.py
[2025-05-30T19:11:15.775+0000] {processor.py:914} INFO - Processing file /opt/airflow/dags/simple_hello_world.py for tasks to queue
[2025-05-30T19:11:15.781+0000] {logging_mixin.py:190} INFO - [2025-05-30T19:11:15.779+0000] {dagbag.py:587} INFO - Filling up the DagBag from /opt/airflow/dags/simple_hello_world.py
[2025-05-30T19:11:15.910+0000] {processor.py:925} INFO - DAG(s) 'simple_hello_world' retrieved from /opt/airflow/dags/simple_hello_world.py
[2025-05-30T19:11:16.160+0000] {logging_mixin.py:190} INFO - [2025-05-30T19:11:16.159+0000] {dag.py:3211} INFO - Sync 1 DAGs
[2025-05-30T19:11:16.329+0000] {logging_mixin.py:190} INFO - [2025-05-30T19:11:16.329+0000] {dag.py:4138} INFO - Setting next_dagrun for simple_hello_world to 2025-05-29 00:00:00+00:00, run_after=2025-05-30 00:00:00+00:00
[2025-05-30T19:11:16.401+0000] {processor.py:208} INFO - Processing /opt/airflow/dags/simple_hello_world.py took 1.028 seconds
[2025-05-30T19:11:47.298+0000] {processor.py:186} INFO - Started process (PID=232) to work on /opt/airflow/dags/simple_hello_world.py
[2025-05-30T19:11:47.302+0000] {processor.py:914} INFO - Processing file /opt/airflow/dags/simple_hello_world.py for tasks to queue
[2025-05-30T19:11:47.306+0000] {logging_mixin.py:190} INFO - [2025-05-30T19:11:47.305+0000] {dagbag.py:587} INFO - Filling up the DagBag from /opt/airflow/dags/simple_hello_world.py
[2025-05-30T19:11:47.364+0000] {processor.py:925} INFO - DAG(s) 'simple_hello_world' retrieved from /opt/airflow/dags/simple_hello_world.py
[2025-05-30T19:11:47.410+0000] {logging_mixin.py:190} INFO - [2025-05-30T19:11:47.410+0000] {dag.py:3211} INFO - Sync 1 DAGs
[2025-05-30T19:11:47.455+0000] {logging_mixin.py:190} INFO - [2025-05-30T19:11:47.455+0000] {dag.py:4138} INFO - Setting next_dagrun for simple_hello_world to 2025-05-29 00:00:00+00:00, run_after=2025-05-30 00:00:00+00:00
[2025-05-30T19:11:47.492+0000] {processor.py:208} INFO - Processing /opt/airflow/dags/simple_hello_world.py took 0.212 seconds
[2025-05-30T19:12:17.901+0000] {processor.py:186} INFO - Started process (PID=242) to work on /opt/airflow/dags/simple_hello_world.py
[2025-05-30T19:12:17.906+0000] {processor.py:914} INFO - Processing file /opt/airflow/dags/simple_hello_world.py for tasks to queue
[2025-05-30T19:12:17.910+0000] {logging_mixin.py:190} INFO - [2025-05-30T19:12:17.908+0000] {dagbag.py:587} INFO - Filling up the DagBag from /opt/airflow/dags/simple_hello_world.py
[2025-05-30T19:12:17.943+0000] {processor.py:925} INFO - DAG(s) 'simple_hello_world' retrieved from /opt/airflow/dags/simple_hello_world.py
[2025-05-30T19:12:17.983+0000] {logging_mixin.py:190} INFO - [2025-05-30T19:12:17.983+0000] {dag.py:3211} INFO - Sync 1 DAGs
[2025-05-30T19:12:18.011+0000] {logging_mixin.py:190} INFO - [2025-05-30T19:12:18.011+0000] {dag.py:4138} INFO - Setting next_dagrun for simple_hello_world to 2025-05-29 00:00:00+00:00, run_after=2025-05-30 00:00:00+00:00
[2025-05-30T19:12:18.049+0000] {processor.py:208} INFO - Processing /opt/airflow/dags/simple_hello_world.py took 0.163 seconds
[2025-05-30T19:12:48.504+0000] {processor.py:186} INFO - Started process (PID=252) to work on /opt/airflow/dags/simple_hello_world.py
[2025-05-30T19:12:48.506+0000] {processor.py:914} INFO - Processing file /opt/airflow/dags/simple_hello_world.py for tasks to queue
[2025-05-30T19:12:48.515+0000] {logging_mixin.py:190} INFO - [2025-05-30T19:12:48.513+0000] {dagbag.py:587} INFO - Filling up the DagBag from /opt/airflow/dags/simple_hello_world.py
[2025-05-30T19:12:48.538+0000] {processor.py:925} INFO - DAG(s) 'simple_hello_world' retrieved from /opt/airflow/dags/simple_hello_world.py
[2025-05-30T19:12:48.582+0000] {logging_mixin.py:190} INFO - [2025-05-30T19:12:48.582+0000] {dag.py:3211} INFO - Sync 1 DAGs
[2025-05-30T19:12:48.608+0000] {logging_mixin.py:190} INFO - [2025-05-30T19:12:48.608+0000] {dag.py:4138} INFO - Setting next_dagrun for simple_hello_world to 2025-05-29 00:00:00+00:00, run_after=2025-05-30 00:00:00+00:00
[2025-05-30T19:12:48.652+0000] {processor.py:208} INFO - Processing /opt/airflow/dags/simple_hello_world.py took 0.169 seconds
[2025-05-30T19:13:19.101+0000] {processor.py:186} INFO - Started process (PID=262) to work on /opt/airflow/dags/simple_hello_world.py
[2025-05-30T19:13:19.105+0000] {processor.py:914} INFO - Processing file /opt/airflow/dags/simple_hello_world.py for tasks to queue
[2025-05-30T19:13:19.107+0000] {logging_mixin.py:190} INFO - [2025-05-30T19:13:19.106+0000] {dagbag.py:587} INFO - Filling up the DagBag from /opt/airflow/dags/simple_hello_world.py
[2025-05-30T19:13:19.147+0000] {processor.py:925} INFO - DAG(s) 'simple_hello_world' retrieved from /opt/airflow/dags/simple_hello_world.py
[2025-05-30T19:13:19.184+0000] {logging_mixin.py:190} INFO - [2025-05-30T19:13:19.184+0000] {dag.py:3211} INFO - Sync 1 DAGs
[2025-05-30T19:13:19.211+0000] {logging_mixin.py:190} INFO - [2025-05-30T19:13:19.211+0000] {dag.py:4138} INFO - Setting next_dagrun for simple_hello_world to 2025-05-29 00:00:00+00:00, run_after=2025-05-30 00:00:00+00:00
[2025-05-30T19:13:19.236+0000] {processor.py:208} INFO - Processing /opt/airflow/dags/simple_hello_world.py took 0.147 seconds
[2025-05-30T19:13:49.626+0000] {processor.py:186} INFO - Started process (PID=272) to work on /opt/airflow/dags/simple_hello_world.py
[2025-05-30T19:13:49.628+0000] {processor.py:914} INFO - Processing file /opt/airflow/dags/simple_hello_world.py for tasks to queue
[2025-05-30T19:13:49.632+0000] {logging_mixin.py:190} INFO - [2025-05-30T19:13:49.632+0000] {dagbag.py:587} INFO - Filling up the DagBag from /opt/airflow/dags/simple_hello_world.py
[2025-05-30T19:13:49.683+0000] {processor.py:925} INFO - DAG(s) 'simple_hello_world' retrieved from /opt/airflow/dags/simple_hello_world.py
[2025-05-30T19:13:49.717+0000] {logging_mixin.py:190} INFO - [2025-05-30T19:13:49.717+0000] {dag.py:3211} INFO - Sync 1 DAGs
[2025-05-30T19:13:49.755+0000] {logging_mixin.py:190} INFO - [2025-05-30T19:13:49.754+0000] {dag.py:4138} INFO - Setting next_dagrun for simple_hello_world to 2025-05-29 00:00:00+00:00, run_after=2025-05-30 00:00:00+00:00
[2025-05-30T19:13:49.780+0000] {processor.py:208} INFO - Processing /opt/airflow/dags/simple_hello_world.py took 0.176 seconds
[2025-05-30T19:14:20.156+0000] {processor.py:186} INFO - Started process (PID=282) to work on /opt/airflow/dags/simple_hello_world.py
[2025-05-30T19:14:20.160+0000] {processor.py:914} INFO - Processing file /opt/airflow/dags/simple_hello_world.py for tasks to queue
[2025-05-30T19:14:20.167+0000] {logging_mixin.py:190} INFO - [2025-05-30T19:14:20.162+0000] {dagbag.py:587} INFO - Filling up the DagBag from /opt/airflow/dags/simple_hello_world.py
[2025-05-30T19:14:20.236+0000] {processor.py:925} INFO - DAG(s) 'simple_hello_world' retrieved from /opt/airflow/dags/simple_hello_world.py
[2025-05-30T19:14:20.272+0000] {logging_mixin.py:190} INFO - [2025-05-30T19:14:20.272+0000] {dag.py:3211} INFO - Sync 1 DAGs
[2025-05-30T19:14:20.306+0000] {logging_mixin.py:190} INFO - [2025-05-30T19:14:20.305+0000] {dag.py:4138} INFO - Setting next_dagrun for simple_hello_world to 2025-05-29 00:00:00+00:00, run_after=2025-05-30 00:00:00+00:00
[2025-05-30T19:14:20.342+0000] {processor.py:208} INFO - Processing /opt/airflow/dags/simple_hello_world.py took 0.195 seconds
[2025-05-30T19:14:50.730+0000] {processor.py:186} INFO - Started process (PID=292) to work on /opt/airflow/dags/simple_hello_world.py
[2025-05-30T19:14:50.732+0000] {processor.py:914} INFO - Processing file /opt/airflow/dags/simple_hello_world.py for tasks to queue
[2025-05-30T19:14:50.739+0000] {logging_mixin.py:190} INFO - [2025-05-30T19:14:50.737+0000] {dagbag.py:587} INFO - Filling up the DagBag from /opt/airflow/dags/simple_hello_world.py
[2025-05-30T19:14:50.908+0000] {processor.py:925} INFO - DAG(s) 'simple_hello_world' retrieved from /opt/airflow/dags/simple_hello_world.py
[2025-05-30T19:14:51.598+0000] {logging_mixin.py:190} INFO - [2025-05-30T19:14:51.597+0000] {dag.py:3211} INFO - Sync 1 DAGs
[2025-05-30T19:14:51.637+0000] {logging_mixin.py:190} INFO - [2025-05-30T19:14:51.637+0000] {dag.py:4138} INFO - Setting next_dagrun for simple_hello_world to 2025-05-29 00:00:00+00:00, run_after=2025-05-30 00:00:00+00:00
[2025-05-30T19:14:51.702+0000] {processor.py:208} INFO - Processing /opt/airflow/dags/simple_hello_world.py took 0.981 seconds
[2025-05-30T19:15:22.126+0000] {processor.py:186} INFO - Started process (PID=302) to work on /opt/airflow/dags/simple_hello_world.py
[2025-05-30T19:15:22.127+0000] {processor.py:914} INFO - Processing file /opt/airflow/dags/simple_hello_world.py for tasks to queue
[2025-05-30T19:15:22.132+0000] {logging_mixin.py:190} INFO - [2025-05-30T19:15:22.129+0000] {dagbag.py:587} INFO - Filling up the DagBag from /opt/airflow/dags/simple_hello_world.py
[2025-05-30T19:15:22.177+0000] {processor.py:925} INFO - DAG(s) 'simple_hello_world' retrieved from /opt/airflow/dags/simple_hello_world.py
[2025-05-30T19:15:22.227+0000] {logging_mixin.py:190} INFO - [2025-05-30T19:15:22.225+0000] {dag.py:3211} INFO - Sync 1 DAGs
[2025-05-30T19:15:22.277+0000] {logging_mixin.py:190} INFO - [2025-05-30T19:15:22.277+0000] {dag.py:4138} INFO - Setting next_dagrun for simple_hello_world to 2025-05-29 00:00:00+00:00, run_after=2025-05-30 00:00:00+00:00
[2025-05-30T19:15:22.370+0000] {processor.py:208} INFO - Processing /opt/airflow/dags/simple_hello_world.py took 0.258 seconds
[2025-05-30T19:15:52.521+0000] {processor.py:186} INFO - Started process (PID=312) to work on /opt/airflow/dags/simple_hello_world.py
[2025-05-30T19:15:52.523+0000] {processor.py:914} INFO - Processing file /opt/airflow/dags/simple_hello_world.py for tasks to queue
[2025-05-30T19:15:52.525+0000] {logging_mixin.py:190} INFO - [2025-05-30T19:15:52.525+0000] {dagbag.py:587} INFO - Filling up the DagBag from /opt/airflow/dags/simple_hello_world.py
[2025-05-30T19:15:52.576+0000] {processor.py:925} INFO - DAG(s) 'simple_hello_world' retrieved from /opt/airflow/dags/simple_hello_world.py
[2025-05-30T19:15:52.639+0000] {logging_mixin.py:190} INFO - [2025-05-30T19:15:52.638+0000] {dag.py:3211} INFO - Sync 1 DAGs
[2025-05-30T19:15:52.701+0000] {logging_mixin.py:190} INFO - [2025-05-30T19:15:52.701+0000] {dag.py:4138} INFO - Setting next_dagrun for simple_hello_world to 2025-05-29 00:00:00+00:00, run_after=2025-05-30 00:00:00+00:00
[2025-05-30T19:15:52.741+0000] {processor.py:208} INFO - Processing /opt/airflow/dags/simple_hello_world.py took 0.253 seconds
[2025-05-30T19:16:23.104+0000] {processor.py:186} INFO - Started process (PID=322) to work on /opt/airflow/dags/simple_hello_world.py
[2025-05-30T19:16:23.105+0000] {processor.py:914} INFO - Processing file /opt/airflow/dags/simple_hello_world.py for tasks to queue
[2025-05-30T19:16:23.107+0000] {logging_mixin.py:190} INFO - [2025-05-30T19:16:23.106+0000] {dagbag.py:587} INFO - Filling up the DagBag from /opt/airflow/dags/simple_hello_world.py
[2025-05-30T19:16:23.142+0000] {processor.py:925} INFO - DAG(s) 'simple_hello_world' retrieved from /opt/airflow/dags/simple_hello_world.py
[2025-05-30T19:16:23.195+0000] {logging_mixin.py:190} INFO - [2025-05-30T19:16:23.194+0000] {dag.py:3211} INFO - Sync 1 DAGs
[2025-05-30T19:16:23.228+0000] {logging_mixin.py:190} INFO - [2025-05-30T19:16:23.228+0000] {dag.py:4138} INFO - Setting next_dagrun for simple_hello_world to 2025-05-29 00:00:00+00:00, run_after=2025-05-30 00:00:00+00:00
[2025-05-30T19:16:23.257+0000] {processor.py:208} INFO - Processing /opt/airflow/dags/simple_hello_world.py took 0.165 seconds
[2025-05-30T19:16:53.600+0000] {processor.py:186} INFO - Started process (PID=332) to work on /opt/airflow/dags/simple_hello_world.py
[2025-05-30T19:16:53.601+0000] {processor.py:914} INFO - Processing file /opt/airflow/dags/simple_hello_world.py for tasks to queue
[2025-05-30T19:16:53.603+0000] {logging_mixin.py:190} INFO - [2025-05-30T19:16:53.602+0000] {dagbag.py:587} INFO - Filling up the DagBag from /opt/airflow/dags/simple_hello_world.py
[2025-05-30T19:16:53.637+0000] {processor.py:925} INFO - DAG(s) 'simple_hello_world' retrieved from /opt/airflow/dags/simple_hello_world.py
[2025-05-30T19:16:53.669+0000] {logging_mixin.py:190} INFO - [2025-05-30T19:16:53.669+0000] {dag.py:3211} INFO - Sync 1 DAGs
[2025-05-30T19:16:53.696+0000] {logging_mixin.py:190} INFO - [2025-05-30T19:16:53.695+0000] {dag.py:4138} INFO - Setting next_dagrun for simple_hello_world to 2025-05-29 00:00:00+00:00, run_after=2025-05-30 00:00:00+00:00
[2025-05-30T19:16:53.728+0000] {processor.py:208} INFO - Processing /opt/airflow/dags/simple_hello_world.py took 0.146 seconds
[2025-05-30T19:17:24.084+0000] {processor.py:186} INFO - Started process (PID=342) to work on /opt/airflow/dags/simple_hello_world.py
[2025-05-30T19:17:24.085+0000] {processor.py:914} INFO - Processing file /opt/airflow/dags/simple_hello_world.py for tasks to queue
[2025-05-30T19:17:24.089+0000] {logging_mixin.py:190} INFO - [2025-05-30T19:17:24.088+0000] {dagbag.py:587} INFO - Filling up the DagBag from /opt/airflow/dags/simple_hello_world.py
[2025-05-30T19:17:24.127+0000] {processor.py:925} INFO - DAG(s) 'simple_hello_world' retrieved from /opt/airflow/dags/simple_hello_world.py
[2025-05-30T19:17:24.157+0000] {logging_mixin.py:190} INFO - [2025-05-30T19:17:24.157+0000] {dag.py:3211} INFO - Sync 1 DAGs
[2025-05-30T19:17:24.183+0000] {logging_mixin.py:190} INFO - [2025-05-30T19:17:24.183+0000] {dag.py:4138} INFO - Setting next_dagrun for simple_hello_world to 2025-05-29 00:00:00+00:00, run_after=2025-05-30 00:00:00+00:00
[2025-05-30T19:17:24.206+0000] {processor.py:208} INFO - Processing /opt/airflow/dags/simple_hello_world.py took 0.132 seconds
[2025-05-30T19:17:54.632+0000] {processor.py:186} INFO - Started process (PID=352) to work on /opt/airflow/dags/simple_hello_world.py
[2025-05-30T19:17:54.633+0000] {processor.py:914} INFO - Processing file /opt/airflow/dags/simple_hello_world.py for tasks to queue
[2025-05-30T19:17:54.635+0000] {logging_mixin.py:190} INFO - [2025-05-30T19:17:54.635+0000] {dagbag.py:587} INFO - Filling up the DagBag from /opt/airflow/dags/simple_hello_world.py
[2025-05-30T19:17:54.683+0000] {processor.py:925} INFO - DAG(s) 'simple_hello_world' retrieved from /opt/airflow/dags/simple_hello_world.py
[2025-05-30T19:17:54.718+0000] {logging_mixin.py:190} INFO - [2025-05-30T19:17:54.717+0000] {dag.py:3211} INFO - Sync 1 DAGs
[2025-05-30T19:17:54.752+0000] {logging_mixin.py:190} INFO - [2025-05-30T19:17:54.752+0000] {dag.py:4138} INFO - Setting next_dagrun for simple_hello_world to 2025-05-29 00:00:00+00:00, run_after=2025-05-30 00:00:00+00:00
[2025-05-30T19:17:54.783+0000] {processor.py:208} INFO - Processing /opt/airflow/dags/simple_hello_world.py took 0.168 seconds
[2025-05-30T19:18:25.222+0000] {processor.py:186} INFO - Started process (PID=362) to work on /opt/airflow/dags/simple_hello_world.py
[2025-05-30T19:18:25.225+0000] {processor.py:914} INFO - Processing file /opt/airflow/dags/simple_hello_world.py for tasks to queue
[2025-05-30T19:18:25.237+0000] {logging_mixin.py:190} INFO - [2025-05-30T19:18:25.235+0000] {dagbag.py:587} INFO - Filling up the DagBag from /opt/airflow/dags/simple_hello_world.py
[2025-05-30T19:18:25.283+0000] {processor.py:925} INFO - DAG(s) 'simple_hello_world' retrieved from /opt/airflow/dags/simple_hello_world.py
[2025-05-30T19:18:25.313+0000] {logging_mixin.py:190} INFO - [2025-05-30T19:18:25.312+0000] {dag.py:3211} INFO - Sync 1 DAGs
[2025-05-30T19:18:25.338+0000] {logging_mixin.py:190} INFO - [2025-05-30T19:18:25.338+0000] {dag.py:4138} INFO - Setting next_dagrun for simple_hello_world to 2025-05-29 00:00:00+00:00, run_after=2025-05-30 00:00:00+00:00
[2025-05-30T19:18:25.377+0000] {processor.py:208} INFO - Processing /opt/airflow/dags/simple_hello_world.py took 0.167 seconds
[2025-05-30T19:18:55.741+0000] {processor.py:186} INFO - Started process (PID=372) to work on /opt/airflow/dags/simple_hello_world.py
[2025-05-30T19:18:55.742+0000] {processor.py:914} INFO - Processing file /opt/airflow/dags/simple_hello_world.py for tasks to queue
[2025-05-30T19:18:55.744+0000] {logging_mixin.py:190} INFO - [2025-05-30T19:18:55.743+0000] {dagbag.py:587} INFO - Filling up the DagBag from /opt/airflow/dags/simple_hello_world.py
[2025-05-30T19:18:55.819+0000] {processor.py:925} INFO - DAG(s) 'simple_hello_world' retrieved from /opt/airflow/dags/simple_hello_world.py
[2025-05-30T19:18:55.921+0000] {logging_mixin.py:190} INFO - [2025-05-30T19:18:55.918+0000] {dag.py:3211} INFO - Sync 1 DAGs
[2025-05-30T19:18:55.954+0000] {logging_mixin.py:190} INFO - [2025-05-30T19:18:55.954+0000] {dag.py:4138} INFO - Setting next_dagrun for simple_hello_world to 2025-05-29 00:00:00+00:00, run_after=2025-05-30 00:00:00+00:00
[2025-05-30T19:18:56.010+0000] {processor.py:208} INFO - Processing /opt/airflow/dags/simple_hello_world.py took 0.285 seconds
[2025-05-30T19:19:26.726+0000] {processor.py:186} INFO - Started process (PID=382) to work on /opt/airflow/dags/simple_hello_world.py
[2025-05-30T19:19:26.728+0000] {processor.py:914} INFO - Processing file /opt/airflow/dags/simple_hello_world.py for tasks to queue
[2025-05-30T19:19:26.730+0000] {logging_mixin.py:190} INFO - [2025-05-30T19:19:26.729+0000] {dagbag.py:587} INFO - Filling up the DagBag from /opt/airflow/dags/simple_hello_world.py
[2025-05-30T19:19:26.782+0000] {processor.py:925} INFO - DAG(s) 'simple_hello_world' retrieved from /opt/airflow/dags/simple_hello_world.py
[2025-05-30T19:19:26.826+0000] {logging_mixin.py:190} INFO - [2025-05-30T19:19:26.825+0000] {dag.py:3211} INFO - Sync 1 DAGs
[2025-05-30T19:19:26.881+0000] {logging_mixin.py:190} INFO - [2025-05-30T19:19:26.880+0000] {dag.py:4138} INFO - Setting next_dagrun for simple_hello_world to 2025-05-29 00:00:00+00:00, run_after=2025-05-30 00:00:00+00:00
[2025-05-30T19:19:26.931+0000] {processor.py:208} INFO - Processing /opt/airflow/dags/simple_hello_world.py took 0.219 seconds
[2025-05-30T19:19:57.587+0000] {processor.py:186} INFO - Started process (PID=392) to work on /opt/airflow/dags/simple_hello_world.py
[2025-05-30T19:19:57.588+0000] {processor.py:914} INFO - Processing file /opt/airflow/dags/simple_hello_world.py for tasks to queue
[2025-05-30T19:19:57.590+0000] {logging_mixin.py:190} INFO - [2025-05-30T19:19:57.589+0000] {dagbag.py:587} INFO - Filling up the DagBag from /opt/airflow/dags/simple_hello_world.py
[2025-05-30T19:19:57.653+0000] {processor.py:925} INFO - DAG(s) 'simple_hello_world' retrieved from /opt/airflow/dags/simple_hello_world.py
[2025-05-30T19:19:57.705+0000] {logging_mixin.py:190} INFO - [2025-05-30T19:19:57.704+0000] {dag.py:3211} INFO - Sync 1 DAGs
[2025-05-30T19:19:57.742+0000] {logging_mixin.py:190} INFO - [2025-05-30T19:19:57.742+0000] {dag.py:4138} INFO - Setting next_dagrun for simple_hello_world to 2025-05-29 00:00:00+00:00, run_after=2025-05-30 00:00:00+00:00
[2025-05-30T19:19:57.770+0000] {processor.py:208} INFO - Processing /opt/airflow/dags/simple_hello_world.py took 0.202 seconds
[2025-05-30T19:20:28.141+0000] {processor.py:186} INFO - Started process (PID=402) to work on /opt/airflow/dags/simple_hello_world.py
[2025-05-30T19:20:28.143+0000] {processor.py:914} INFO - Processing file /opt/airflow/dags/simple_hello_world.py for tasks to queue
[2025-05-30T19:20:28.147+0000] {logging_mixin.py:190} INFO - [2025-05-30T19:20:28.147+0000] {dagbag.py:587} INFO - Filling up the DagBag from /opt/airflow/dags/simple_hello_world.py
[2025-05-30T19:20:28.190+0000] {processor.py:925} INFO - DAG(s) 'simple_hello_world' retrieved from /opt/airflow/dags/simple_hello_world.py
[2025-05-30T19:20:28.226+0000] {logging_mixin.py:190} INFO - [2025-05-30T19:20:28.226+0000] {dag.py:3211} INFO - Sync 1 DAGs
[2025-05-30T19:20:28.248+0000] {logging_mixin.py:190} INFO - [2025-05-30T19:20:28.248+0000] {dag.py:4138} INFO - Setting next_dagrun for simple_hello_world to 2025-05-29 00:00:00+00:00, run_after=2025-05-30 00:00:00+00:00
[2025-05-30T19:20:28.269+0000] {processor.py:208} INFO - Processing /opt/airflow/dags/simple_hello_world.py took 0.139 seconds
[2025-05-30T19:27:03.256+0000] {processor.py:186} INFO - Started process (PID=162) to work on /opt/airflow/dags/simple_hello_world.py
[2025-05-30T19:27:03.277+0000] {processor.py:914} INFO - Processing file /opt/airflow/dags/simple_hello_world.py for tasks to queue
[2025-05-30T19:27:03.281+0000] {logging_mixin.py:190} INFO - [2025-05-30T19:27:03.281+0000] {dagbag.py:587} INFO - Filling up the DagBag from /opt/airflow/dags/simple_hello_world.py
[2025-05-30T19:27:03.358+0000] {processor.py:925} INFO - DAG(s) 'simple_hello_world' retrieved from /opt/airflow/dags/simple_hello_world.py
[2025-05-30T19:27:03.434+0000] {logging_mixin.py:190} INFO - [2025-05-30T19:27:03.434+0000] {dag.py:3211} INFO - Sync 1 DAGs
[2025-05-30T19:27:03.496+0000] {logging_mixin.py:190} INFO - [2025-05-30T19:27:03.496+0000] {dag.py:4138} INFO - Setting next_dagrun for simple_hello_world to 2025-05-29 00:00:00+00:00, run_after=2025-05-30 00:00:00+00:00
[2025-05-30T19:27:03.561+0000] {processor.py:208} INFO - Processing /opt/airflow/dags/simple_hello_world.py took 0.341 seconds
[2025-05-30T19:27:34.239+0000] {processor.py:186} INFO - Started process (PID=172) to work on /opt/airflow/dags/simple_hello_world.py
[2025-05-30T19:27:34.251+0000] {processor.py:914} INFO - Processing file /opt/airflow/dags/simple_hello_world.py for tasks to queue
[2025-05-30T19:27:34.256+0000] {logging_mixin.py:190} INFO - [2025-05-30T19:27:34.255+0000] {dagbag.py:587} INFO - Filling up the DagBag from /opt/airflow/dags/simple_hello_world.py
[2025-05-30T19:27:34.313+0000] {processor.py:925} INFO - DAG(s) 'simple_hello_world' retrieved from /opt/airflow/dags/simple_hello_world.py
[2025-05-30T19:27:34.363+0000] {logging_mixin.py:190} INFO - [2025-05-30T19:27:34.361+0000] {dag.py:3211} INFO - Sync 1 DAGs
[2025-05-30T19:27:34.404+0000] {logging_mixin.py:190} INFO - [2025-05-30T19:27:34.404+0000] {dag.py:4138} INFO - Setting next_dagrun for simple_hello_world to 2025-05-29 00:00:00+00:00, run_after=2025-05-30 00:00:00+00:00
[2025-05-30T19:27:34.433+0000] {processor.py:208} INFO - Processing /opt/airflow/dags/simple_hello_world.py took 0.214 seconds
[2025-05-30T19:28:04.841+0000] {processor.py:186} INFO - Started process (PID=182) to work on /opt/airflow/dags/simple_hello_world.py
[2025-05-30T19:28:04.842+0000] {processor.py:914} INFO - Processing file /opt/airflow/dags/simple_hello_world.py for tasks to queue
[2025-05-30T19:28:04.843+0000] {logging_mixin.py:190} INFO - [2025-05-30T19:28:04.843+0000] {dagbag.py:587} INFO - Filling up the DagBag from /opt/airflow/dags/simple_hello_world.py
[2025-05-30T19:28:04.880+0000] {processor.py:925} INFO - DAG(s) 'simple_hello_world' retrieved from /opt/airflow/dags/simple_hello_world.py
[2025-05-30T19:28:04.966+0000] {logging_mixin.py:190} INFO - [2025-05-30T19:28:04.966+0000] {dag.py:3211} INFO - Sync 1 DAGs
[2025-05-30T19:28:05.009+0000] {logging_mixin.py:190} INFO - [2025-05-30T19:28:05.009+0000] {dag.py:4138} INFO - Setting next_dagrun for simple_hello_world to 2025-05-29 00:00:00+00:00, run_after=2025-05-30 00:00:00+00:00
[2025-05-30T19:28:05.045+0000] {processor.py:208} INFO - Processing /opt/airflow/dags/simple_hello_world.py took 0.219 seconds
[2025-05-30T19:28:35.497+0000] {processor.py:186} INFO - Started process (PID=192) to work on /opt/airflow/dags/simple_hello_world.py
[2025-05-30T19:28:35.499+0000] {processor.py:914} INFO - Processing file /opt/airflow/dags/simple_hello_world.py for tasks to queue
[2025-05-30T19:28:35.512+0000] {logging_mixin.py:190} INFO - [2025-05-30T19:28:35.503+0000] {dagbag.py:587} INFO - Filling up the DagBag from /opt/airflow/dags/simple_hello_world.py
[2025-05-30T19:28:35.602+0000] {processor.py:925} INFO - DAG(s) 'simple_hello_world' retrieved from /opt/airflow/dags/simple_hello_world.py
[2025-05-30T19:28:35.648+0000] {logging_mixin.py:190} INFO - [2025-05-30T19:28:35.647+0000] {dag.py:3211} INFO - Sync 1 DAGs
[2025-05-30T19:28:35.676+0000] {logging_mixin.py:190} INFO - [2025-05-30T19:28:35.676+0000] {dag.py:4138} INFO - Setting next_dagrun for simple_hello_world to 2025-05-29 00:00:00+00:00, run_after=2025-05-30 00:00:00+00:00
[2025-05-30T19:28:35.804+0000] {processor.py:208} INFO - Processing /opt/airflow/dags/simple_hello_world.py took 0.344 seconds
[2025-05-30T19:29:06.306+0000] {processor.py:186} INFO - Started process (PID=202) to work on /opt/airflow/dags/simple_hello_world.py
[2025-05-30T19:29:06.307+0000] {processor.py:914} INFO - Processing file /opt/airflow/dags/simple_hello_world.py for tasks to queue
[2025-05-30T19:29:06.310+0000] {logging_mixin.py:190} INFO - [2025-05-30T19:29:06.309+0000] {dagbag.py:587} INFO - Filling up the DagBag from /opt/airflow/dags/simple_hello_world.py
[2025-05-30T19:29:06.391+0000] {processor.py:925} INFO - DAG(s) 'simple_hello_world' retrieved from /opt/airflow/dags/simple_hello_world.py
[2025-05-30T19:29:06.443+0000] {logging_mixin.py:190} INFO - [2025-05-30T19:29:06.443+0000] {dag.py:3211} INFO - Sync 1 DAGs
[2025-05-30T19:29:06.493+0000] {logging_mixin.py:190} INFO - [2025-05-30T19:29:06.492+0000] {dag.py:4138} INFO - Setting next_dagrun for simple_hello_world to 2025-05-29 00:00:00+00:00, run_after=2025-05-30 00:00:00+00:00
[2025-05-30T19:29:06.526+0000] {processor.py:208} INFO - Processing /opt/airflow/dags/simple_hello_world.py took 0.268 seconds
[2025-05-30T19:29:36.865+0000] {processor.py:186} INFO - Started process (PID=212) to work on /opt/airflow/dags/simple_hello_world.py
[2025-05-30T19:29:36.875+0000] {processor.py:914} INFO - Processing file /opt/airflow/dags/simple_hello_world.py for tasks to queue
[2025-05-30T19:29:36.878+0000] {logging_mixin.py:190} INFO - [2025-05-30T19:29:36.878+0000] {dagbag.py:587} INFO - Filling up the DagBag from /opt/airflow/dags/simple_hello_world.py
[2025-05-30T19:29:37.008+0000] {processor.py:925} INFO - DAG(s) 'simple_hello_world' retrieved from /opt/airflow/dags/simple_hello_world.py
[2025-05-30T19:29:37.067+0000] {logging_mixin.py:190} INFO - [2025-05-30T19:29:37.066+0000] {dag.py:3211} INFO - Sync 1 DAGs
[2025-05-30T19:29:37.104+0000] {logging_mixin.py:190} INFO - [2025-05-30T19:29:37.103+0000] {dag.py:4138} INFO - Setting next_dagrun for simple_hello_world to 2025-05-29 00:00:00+00:00, run_after=2025-05-30 00:00:00+00:00
[2025-05-30T19:29:37.140+0000] {processor.py:208} INFO - Processing /opt/airflow/dags/simple_hello_world.py took 0.283 seconds
[2025-05-30T19:30:07.647+0000] {processor.py:186} INFO - Started process (PID=222) to work on /opt/airflow/dags/simple_hello_world.py
[2025-05-30T19:30:07.654+0000] {processor.py:914} INFO - Processing file /opt/airflow/dags/simple_hello_world.py for tasks to queue
[2025-05-30T19:30:07.656+0000] {logging_mixin.py:190} INFO - [2025-05-30T19:30:07.656+0000] {dagbag.py:587} INFO - Filling up the DagBag from /opt/airflow/dags/simple_hello_world.py
[2025-05-30T19:30:07.729+0000] {processor.py:925} INFO - DAG(s) 'simple_hello_world' retrieved from /opt/airflow/dags/simple_hello_world.py
[2025-05-30T19:30:07.813+0000] {logging_mixin.py:190} INFO - [2025-05-30T19:30:07.812+0000] {dag.py:3211} INFO - Sync 1 DAGs
[2025-05-30T19:30:07.847+0000] {logging_mixin.py:190} INFO - [2025-05-30T19:30:07.846+0000] {dag.py:4138} INFO - Setting next_dagrun for simple_hello_world to 2025-05-29 00:00:00+00:00, run_after=2025-05-30 00:00:00+00:00
[2025-05-30T19:30:07.881+0000] {processor.py:208} INFO - Processing /opt/airflow/dags/simple_hello_world.py took 0.266 seconds
[2025-05-30T19:30:39.439+0000] {processor.py:186} INFO - Started process (PID=235) to work on /opt/airflow/dags/simple_hello_world.py
[2025-05-30T19:30:39.493+0000] {processor.py:914} INFO - Processing file /opt/airflow/dags/simple_hello_world.py for tasks to queue
[2025-05-30T19:30:39.591+0000] {logging_mixin.py:190} INFO - [2025-05-30T19:30:39.586+0000] {dagbag.py:587} INFO - Filling up the DagBag from /opt/airflow/dags/simple_hello_world.py
[2025-05-30T19:30:40.770+0000] {processor.py:925} INFO - DAG(s) 'simple_hello_world' retrieved from /opt/airflow/dags/simple_hello_world.py
[2025-05-30T19:30:40.920+0000] {logging_mixin.py:190} INFO - [2025-05-30T19:30:40.919+0000] {dag.py:3211} INFO - Sync 1 DAGs
[2025-05-30T19:30:41.019+0000] {logging_mixin.py:190} INFO - [2025-05-30T19:30:41.018+0000] {dag.py:4138} INFO - Setting next_dagrun for simple_hello_world to 2025-05-30 00:00:00+00:00, run_after=2025-05-31 00:00:00+00:00
[2025-05-30T19:30:41.076+0000] {processor.py:208} INFO - Processing /opt/airflow/dags/simple_hello_world.py took 2.178 seconds
[2025-05-30T19:31:11.410+0000] {processor.py:186} INFO - Started process (PID=248) to work on /opt/airflow/dags/simple_hello_world.py
[2025-05-30T19:31:11.411+0000] {processor.py:914} INFO - Processing file /opt/airflow/dags/simple_hello_world.py for tasks to queue
[2025-05-30T19:31:11.424+0000] {logging_mixin.py:190} INFO - [2025-05-30T19:31:11.424+0000] {dagbag.py:587} INFO - Filling up the DagBag from /opt/airflow/dags/simple_hello_world.py
[2025-05-30T19:31:11.463+0000] {processor.py:925} INFO - DAG(s) 'simple_hello_world' retrieved from /opt/airflow/dags/simple_hello_world.py
[2025-05-30T19:31:11.495+0000] {logging_mixin.py:190} INFO - [2025-05-30T19:31:11.495+0000] {dag.py:3211} INFO - Sync 1 DAGs
[2025-05-30T19:31:11.524+0000] {logging_mixin.py:190} INFO - [2025-05-30T19:31:11.523+0000] {dag.py:4138} INFO - Setting next_dagrun for simple_hello_world to 2025-05-30 00:00:00+00:00, run_after=2025-05-31 00:00:00+00:00
[2025-05-30T19:31:11.544+0000] {processor.py:208} INFO - Processing /opt/airflow/dags/simple_hello_world.py took 0.153 seconds
[2025-05-30T19:31:41.956+0000] {processor.py:186} INFO - Started process (PID=258) to work on /opt/airflow/dags/simple_hello_world.py
[2025-05-30T19:31:41.961+0000] {processor.py:914} INFO - Processing file /opt/airflow/dags/simple_hello_world.py for tasks to queue
[2025-05-30T19:31:41.965+0000] {logging_mixin.py:190} INFO - [2025-05-30T19:31:41.964+0000] {dagbag.py:587} INFO - Filling up the DagBag from /opt/airflow/dags/simple_hello_world.py
[2025-05-30T19:31:42.021+0000] {processor.py:925} INFO - DAG(s) 'simple_hello_world' retrieved from /opt/airflow/dags/simple_hello_world.py
[2025-05-30T19:31:42.072+0000] {logging_mixin.py:190} INFO - [2025-05-30T19:31:42.072+0000] {dag.py:3211} INFO - Sync 1 DAGs
[2025-05-30T19:31:42.133+0000] {logging_mixin.py:190} INFO - [2025-05-30T19:31:42.132+0000] {dag.py:4138} INFO - Setting next_dagrun for simple_hello_world to 2025-05-30 00:00:00+00:00, run_after=2025-05-31 00:00:00+00:00
[2025-05-30T19:31:42.171+0000] {processor.py:208} INFO - Processing /opt/airflow/dags/simple_hello_world.py took 0.234 seconds
[2025-05-30T19:32:12.639+0000] {processor.py:186} INFO - Started process (PID=268) to work on /opt/airflow/dags/simple_hello_world.py
[2025-05-30T19:32:12.642+0000] {processor.py:914} INFO - Processing file /opt/airflow/dags/simple_hello_world.py for tasks to queue
[2025-05-30T19:32:12.644+0000] {logging_mixin.py:190} INFO - [2025-05-30T19:32:12.644+0000] {dagbag.py:587} INFO - Filling up the DagBag from /opt/airflow/dags/simple_hello_world.py
[2025-05-30T19:32:12.677+0000] {processor.py:925} INFO - DAG(s) 'simple_hello_world' retrieved from /opt/airflow/dags/simple_hello_world.py
[2025-05-30T19:32:12.722+0000] {logging_mixin.py:190} INFO - [2025-05-30T19:32:12.721+0000] {dag.py:3211} INFO - Sync 1 DAGs
[2025-05-30T19:32:12.776+0000] {logging_mixin.py:190} INFO - [2025-05-30T19:32:12.776+0000] {dag.py:4138} INFO - Setting next_dagrun for simple_hello_world to 2025-05-30 00:00:00+00:00, run_after=2025-05-31 00:00:00+00:00
[2025-05-30T19:32:12.822+0000] {processor.py:208} INFO - Processing /opt/airflow/dags/simple_hello_world.py took 0.203 seconds
[2025-05-30T19:32:43.368+0000] {processor.py:186} INFO - Started process (PID=278) to work on /opt/airflow/dags/simple_hello_world.py
[2025-05-30T19:32:43.370+0000] {processor.py:914} INFO - Processing file /opt/airflow/dags/simple_hello_world.py for tasks to queue
[2025-05-30T19:32:43.375+0000] {logging_mixin.py:190} INFO - [2025-05-30T19:32:43.374+0000] {dagbag.py:587} INFO - Filling up the DagBag from /opt/airflow/dags/simple_hello_world.py
[2025-05-30T19:32:43.417+0000] {processor.py:925} INFO - DAG(s) 'simple_hello_world' retrieved from /opt/airflow/dags/simple_hello_world.py
[2025-05-30T19:32:43.458+0000] {logging_mixin.py:190} INFO - [2025-05-30T19:32:43.458+0000] {dag.py:3211} INFO - Sync 1 DAGs
[2025-05-30T19:32:43.492+0000] {logging_mixin.py:190} INFO - [2025-05-30T19:32:43.492+0000] {dag.py:4138} INFO - Setting next_dagrun for simple_hello_world to 2025-05-30 00:00:00+00:00, run_after=2025-05-31 00:00:00+00:00
[2025-05-30T19:32:43.526+0000] {processor.py:208} INFO - Processing /opt/airflow/dags/simple_hello_world.py took 0.175 seconds
[2025-05-30T19:33:13.935+0000] {processor.py:186} INFO - Started process (PID=288) to work on /opt/airflow/dags/simple_hello_world.py
[2025-05-30T19:33:13.936+0000] {processor.py:914} INFO - Processing file /opt/airflow/dags/simple_hello_world.py for tasks to queue
[2025-05-30T19:33:13.939+0000] {logging_mixin.py:190} INFO - [2025-05-30T19:33:13.939+0000] {dagbag.py:587} INFO - Filling up the DagBag from /opt/airflow/dags/simple_hello_world.py
[2025-05-30T19:33:14.013+0000] {processor.py:925} INFO - DAG(s) 'simple_hello_world' retrieved from /opt/airflow/dags/simple_hello_world.py
[2025-05-30T19:33:14.049+0000] {logging_mixin.py:190} INFO - [2025-05-30T19:33:14.049+0000] {dag.py:3211} INFO - Sync 1 DAGs
[2025-05-30T19:33:14.079+0000] {logging_mixin.py:190} INFO - [2025-05-30T19:33:14.079+0000] {dag.py:4138} INFO - Setting next_dagrun for simple_hello_world to 2025-05-30 00:00:00+00:00, run_after=2025-05-31 00:00:00+00:00
[2025-05-30T19:33:14.135+0000] {processor.py:208} INFO - Processing /opt/airflow/dags/simple_hello_world.py took 0.210 seconds
[2025-05-30T19:33:44.521+0000] {processor.py:186} INFO - Started process (PID=298) to work on /opt/airflow/dags/simple_hello_world.py
[2025-05-30T19:33:44.524+0000] {processor.py:914} INFO - Processing file /opt/airflow/dags/simple_hello_world.py for tasks to queue
[2025-05-30T19:33:44.527+0000] {logging_mixin.py:190} INFO - [2025-05-30T19:33:44.526+0000] {dagbag.py:587} INFO - Filling up the DagBag from /opt/airflow/dags/simple_hello_world.py
[2025-05-30T19:33:44.614+0000] {processor.py:925} INFO - DAG(s) 'simple_hello_world' retrieved from /opt/airflow/dags/simple_hello_world.py
[2025-05-30T19:33:44.671+0000] {logging_mixin.py:190} INFO - [2025-05-30T19:33:44.670+0000] {dag.py:3211} INFO - Sync 1 DAGs
[2025-05-30T19:33:44.700+0000] {logging_mixin.py:190} INFO - [2025-05-30T19:33:44.700+0000] {dag.py:4138} INFO - Setting next_dagrun for simple_hello_world to 2025-05-30 00:00:00+00:00, run_after=2025-05-31 00:00:00+00:00
[2025-05-30T19:33:44.737+0000] {processor.py:208} INFO - Processing /opt/airflow/dags/simple_hello_world.py took 0.232 seconds
[2025-05-30T19:34:15.147+0000] {processor.py:186} INFO - Started process (PID=308) to work on /opt/airflow/dags/simple_hello_world.py
[2025-05-30T19:34:15.148+0000] {processor.py:914} INFO - Processing file /opt/airflow/dags/simple_hello_world.py for tasks to queue
[2025-05-30T19:34:15.150+0000] {logging_mixin.py:190} INFO - [2025-05-30T19:34:15.149+0000] {dagbag.py:587} INFO - Filling up the DagBag from /opt/airflow/dags/simple_hello_world.py
[2025-05-30T19:34:15.240+0000] {processor.py:925} INFO - DAG(s) 'simple_hello_world' retrieved from /opt/airflow/dags/simple_hello_world.py
[2025-05-30T19:34:15.274+0000] {logging_mixin.py:190} INFO - [2025-05-30T19:34:15.274+0000] {dag.py:3211} INFO - Sync 1 DAGs
[2025-05-30T19:34:15.308+0000] {logging_mixin.py:190} INFO - [2025-05-30T19:34:15.308+0000] {dag.py:4138} INFO - Setting next_dagrun for simple_hello_world to 2025-05-30 00:00:00+00:00, run_after=2025-05-31 00:00:00+00:00
[2025-05-30T19:34:15.335+0000] {processor.py:208} INFO - Processing /opt/airflow/dags/simple_hello_world.py took 0.208 seconds
[2025-05-30T19:37:48.696+0000] {processor.py:186} INFO - Started process (PID=163) to work on /opt/airflow/dags/simple_hello_world.py
[2025-05-30T19:37:48.707+0000] {processor.py:914} INFO - Processing file /opt/airflow/dags/simple_hello_world.py for tasks to queue
[2025-05-30T19:37:48.746+0000] {logging_mixin.py:190} INFO - [2025-05-30T19:37:48.746+0000] {dagbag.py:587} INFO - Filling up the DagBag from /opt/airflow/dags/simple_hello_world.py
[2025-05-30T19:37:48.943+0000] {processor.py:925} INFO - DAG(s) 'simple_hello_world' retrieved from /opt/airflow/dags/simple_hello_world.py
[2025-05-30T19:37:49.064+0000] {logging_mixin.py:190} INFO - [2025-05-30T19:37:49.064+0000] {dag.py:3211} INFO - Sync 1 DAGs
[2025-05-30T19:37:49.179+0000] {logging_mixin.py:190} INFO - [2025-05-30T19:37:49.179+0000] {dag.py:4138} INFO - Setting next_dagrun for simple_hello_world to 2025-05-30 00:00:00+00:00, run_after=2025-05-31 00:00:00+00:00
[2025-05-30T19:37:49.417+0000] {processor.py:208} INFO - Processing /opt/airflow/dags/simple_hello_world.py took 0.867 seconds
[2025-05-30T19:38:20.043+0000] {processor.py:186} INFO - Started process (PID=173) to work on /opt/airflow/dags/simple_hello_world.py
[2025-05-30T19:38:20.045+0000] {processor.py:914} INFO - Processing file /opt/airflow/dags/simple_hello_world.py for tasks to queue
[2025-05-30T19:38:20.047+0000] {logging_mixin.py:190} INFO - [2025-05-30T19:38:20.047+0000] {dagbag.py:587} INFO - Filling up the DagBag from /opt/airflow/dags/simple_hello_world.py
[2025-05-30T19:38:20.087+0000] {processor.py:925} INFO - DAG(s) 'simple_hello_world' retrieved from /opt/airflow/dags/simple_hello_world.py
[2025-05-30T19:38:20.153+0000] {logging_mixin.py:190} INFO - [2025-05-30T19:38:20.152+0000] {dag.py:3211} INFO - Sync 1 DAGs
[2025-05-30T19:38:20.209+0000] {logging_mixin.py:190} INFO - [2025-05-30T19:38:20.208+0000] {dag.py:4138} INFO - Setting next_dagrun for simple_hello_world to 2025-05-30 00:00:00+00:00, run_after=2025-05-31 00:00:00+00:00
[2025-05-30T19:38:20.234+0000] {processor.py:208} INFO - Processing /opt/airflow/dags/simple_hello_world.py took 0.219 seconds
[2025-05-30T19:38:50.618+0000] {processor.py:186} INFO - Started process (PID=183) to work on /opt/airflow/dags/simple_hello_world.py
[2025-05-30T19:38:50.628+0000] {processor.py:914} INFO - Processing file /opt/airflow/dags/simple_hello_world.py for tasks to queue
[2025-05-30T19:38:50.642+0000] {logging_mixin.py:190} INFO - [2025-05-30T19:38:50.638+0000] {dagbag.py:587} INFO - Filling up the DagBag from /opt/airflow/dags/simple_hello_world.py
[2025-05-30T19:38:50.682+0000] {processor.py:925} INFO - DAG(s) 'simple_hello_world' retrieved from /opt/airflow/dags/simple_hello_world.py
[2025-05-30T19:38:50.718+0000] {logging_mixin.py:190} INFO - [2025-05-30T19:38:50.717+0000] {dag.py:3211} INFO - Sync 1 DAGs
[2025-05-30T19:38:50.749+0000] {logging_mixin.py:190} INFO - [2025-05-30T19:38:50.748+0000] {dag.py:4138} INFO - Setting next_dagrun for simple_hello_world to 2025-05-30 00:00:00+00:00, run_after=2025-05-31 00:00:00+00:00
[2025-05-30T19:38:50.772+0000] {processor.py:208} INFO - Processing /opt/airflow/dags/simple_hello_world.py took 0.184 seconds
[2025-05-30T19:39:21.433+0000] {processor.py:186} INFO - Started process (PID=193) to work on /opt/airflow/dags/simple_hello_world.py
[2025-05-30T19:39:21.436+0000] {processor.py:914} INFO - Processing file /opt/airflow/dags/simple_hello_world.py for tasks to queue
[2025-05-30T19:39:21.440+0000] {logging_mixin.py:190} INFO - [2025-05-30T19:39:21.440+0000] {dagbag.py:587} INFO - Filling up the DagBag from /opt/airflow/dags/simple_hello_world.py
[2025-05-30T19:39:21.478+0000] {processor.py:925} INFO - DAG(s) 'simple_hello_world' retrieved from /opt/airflow/dags/simple_hello_world.py
[2025-05-30T19:39:21.521+0000] {logging_mixin.py:190} INFO - [2025-05-30T19:39:21.521+0000] {dag.py:3211} INFO - Sync 1 DAGs
[2025-05-30T19:39:21.548+0000] {logging_mixin.py:190} INFO - [2025-05-30T19:39:21.547+0000] {dag.py:4138} INFO - Setting next_dagrun for simple_hello_world to 2025-05-30 00:00:00+00:00, run_after=2025-05-31 00:00:00+00:00
[2025-05-30T19:39:21.580+0000] {processor.py:208} INFO - Processing /opt/airflow/dags/simple_hello_world.py took 0.171 seconds
[2025-05-30T19:39:51.705+0000] {processor.py:186} INFO - Started process (PID=203) to work on /opt/airflow/dags/simple_hello_world.py
[2025-05-30T19:39:51.706+0000] {processor.py:914} INFO - Processing file /opt/airflow/dags/simple_hello_world.py for tasks to queue
[2025-05-30T19:39:51.707+0000] {logging_mixin.py:190} INFO - [2025-05-30T19:39:51.707+0000] {dagbag.py:587} INFO - Filling up the DagBag from /opt/airflow/dags/simple_hello_world.py
[2025-05-30T19:39:51.776+0000] {processor.py:925} INFO - DAG(s) 'simple_hello_world' retrieved from /opt/airflow/dags/simple_hello_world.py
[2025-05-30T19:39:51.821+0000] {logging_mixin.py:190} INFO - [2025-05-30T19:39:51.821+0000] {dag.py:3211} INFO - Sync 1 DAGs
[2025-05-30T19:39:51.875+0000] {logging_mixin.py:190} INFO - [2025-05-30T19:39:51.874+0000] {dag.py:4138} INFO - Setting next_dagrun for simple_hello_world to 2025-05-30 00:00:00+00:00, run_after=2025-05-31 00:00:00+00:00
[2025-05-30T19:39:51.896+0000] {processor.py:208} INFO - Processing /opt/airflow/dags/simple_hello_world.py took 0.228 seconds
