[2025-05-28T06:20:41.972+0000] {local_task_job_runner.py:123} INFO - ::group::Pre task execution logs
[2025-05-28T06:20:42.019+0000] {taskinstance.py:2603} INFO - Dependencies all met for dep_context=non-requeueable deps ti=<TaskInstance: global_street_food_analysis_dag.run_street_food_analysis manual__2025-05-28T06:20:40.872169+00:00 [queued]>
[2025-05-28T06:20:42.031+0000] {taskinstance.py:2603} INFO - Dependencies all met for dep_context=requeueable deps ti=<TaskInstance: global_street_food_analysis_dag.run_street_food_analysis manual__2025-05-28T06:20:40.872169+00:00 [queued]>
[2025-05-28T06:20:42.031+0000] {taskinstance.py:2856} INFO - Starting attempt 1 of 2
[2025-05-28T06:20:42.054+0000] {taskinstance.py:2879} INFO - Executing <Task(BashOperator): run_street_food_analysis> on 2025-05-28 06:20:40.872169+00:00
[2025-05-28T06:20:42.069+0000] {standard_task_runner.py:72} INFO - Started process 211 to run task
[2025-05-28T06:20:42.110+0000] {standard_task_runner.py:104} INFO - Running: ['airflow', 'tasks', 'run', 'global_street_food_analysis_dag', 'run_street_food_analysis', 'manual__2025-05-28T06:20:40.872169+00:00', '--job-id', '17', '--raw', '--subdir', 'DAGS_FOLDER/global_food.py', '--cfg-path', '/tmp/tmp2gr834ya']
[2025-05-28T06:20:42.125+0000] {standard_task_runner.py:105} INFO - Job 17: Subtask run_street_food_analysis
[2025-05-28T06:20:42.389+0000] {task_command.py:467} INFO - Running <TaskInstance: global_street_food_analysis_dag.run_street_food_analysis manual__2025-05-28T06:20:40.872169+00:00 [running]> on host a9f1926e731f
[2025-05-28T06:20:42.696+0000] {taskinstance.py:3122} INFO - Exporting env vars: AIRFLOW_CTX_DAG_OWNER='airflow' AIRFLOW_CTX_DAG_ID='global_street_food_analysis_dag' AIRFLOW_CTX_TASK_ID='run_street_food_analysis' AIRFLOW_CTX_EXECUTION_DATE='2025-05-28T06:20:40.872169+00:00' AIRFLOW_CTX_TRY_NUMBER='1' AIRFLOW_CTX_DAG_RUN_ID='manual__2025-05-28T06:20:40.872169+00:00'
[2025-05-28T06:20:42.697+0000] {taskinstance.py:731} INFO - ::endgroup::
[2025-05-28T06:20:42.774+0000] {subprocess.py:63} INFO - Tmp dir root location: /tmp
[2025-05-28T06:20:42.777+0000] {subprocess.py:75} INFO - Running command: ['/usr/bin/bash', '-c', 'spark-submit /opt/airflow/scripts/food.py']
[2025-05-28T06:20:42.828+0000] {subprocess.py:86} INFO - Output:
[2025-05-28T06:20:52.958+0000] {subprocess.py:93} INFO - 25/05/28 06:20:52 INFO SparkContext: Running Spark version 3.5.5
[2025-05-28T06:20:52.964+0000] {subprocess.py:93} INFO - 25/05/28 06:20:52 INFO SparkContext: OS info Linux, 5.15.167.4-microsoft-standard-WSL2, amd64
[2025-05-28T06:20:52.964+0000] {subprocess.py:93} INFO - 25/05/28 06:20:52 INFO SparkContext: Java version 17.0.15
[2025-05-28T06:20:53.168+0000] {subprocess.py:93} INFO - 25/05/28 06:20:53 WARN NativeCodeLoader: Unable to load native-hadoop library for your platform... using builtin-java classes where applicable
[2025-05-28T06:20:53.336+0000] {subprocess.py:93} INFO - 25/05/28 06:20:53 INFO ResourceUtils: ==============================================================
[2025-05-28T06:20:53.336+0000] {subprocess.py:93} INFO - 25/05/28 06:20:53 INFO ResourceUtils: No custom resources configured for spark.driver.
[2025-05-28T06:20:53.337+0000] {subprocess.py:93} INFO - 25/05/28 06:20:53 INFO ResourceUtils: ==============================================================
[2025-05-28T06:20:53.337+0000] {subprocess.py:93} INFO - 25/05/28 06:20:53 INFO SparkContext: Submitted application: GlobalStreetFoodAnalysis
[2025-05-28T06:20:53.366+0000] {subprocess.py:93} INFO - 25/05/28 06:20:53 INFO ResourceProfile: Default ResourceProfile created, executor resources: Map(cores -> name: cores, amount: 1, script: , vendor: , memory -> name: memory, amount: 1024, script: , vendor: , offHeap -> name: offHeap, amount: 0, script: , vendor: ), task resources: Map(cpus -> name: cpus, amount: 1.0)
[2025-05-28T06:20:53.374+0000] {subprocess.py:93} INFO - 25/05/28 06:20:53 INFO ResourceProfile: Limiting resource is cpu
[2025-05-28T06:20:53.375+0000] {subprocess.py:93} INFO - 25/05/28 06:20:53 INFO ResourceProfileManager: Added ResourceProfile id: 0
[2025-05-28T06:20:53.492+0000] {subprocess.py:93} INFO - 25/05/28 06:20:53 INFO SecurityManager: Changing view acls to: airflow
[2025-05-28T06:20:53.493+0000] {subprocess.py:93} INFO - 25/05/28 06:20:53 INFO SecurityManager: Changing modify acls to: airflow
[2025-05-28T06:20:53.493+0000] {subprocess.py:93} INFO - 25/05/28 06:20:53 INFO SecurityManager: Changing view acls groups to:
[2025-05-28T06:20:53.493+0000] {subprocess.py:93} INFO - 25/05/28 06:20:53 INFO SecurityManager: Changing modify acls groups to:
[2025-05-28T06:20:53.498+0000] {subprocess.py:93} INFO - 25/05/28 06:20:53 INFO SecurityManager: SecurityManager: authentication disabled; ui acls disabled; users with view permissions: airflow; groups with view permissions: EMPTY; users with modify permissions: airflow; groups with modify permissions: EMPTY
[2025-05-28T06:20:53.899+0000] {subprocess.py:93} INFO - 25/05/28 06:20:53 INFO Utils: Successfully started service 'sparkDriver' on port 36671.
[2025-05-28T06:20:53.950+0000] {subprocess.py:93} INFO - 25/05/28 06:20:53 INFO SparkEnv: Registering MapOutputTracker
[2025-05-28T06:20:54.024+0000] {subprocess.py:93} INFO - 25/05/28 06:20:54 INFO SparkEnv: Registering BlockManagerMaster
[2025-05-28T06:20:54.054+0000] {subprocess.py:93} INFO - 25/05/28 06:20:54 INFO BlockManagerMasterEndpoint: Using org.apache.spark.storage.DefaultTopologyMapper for getting topology information
[2025-05-28T06:20:54.055+0000] {subprocess.py:93} INFO - 25/05/28 06:20:54 INFO BlockManagerMasterEndpoint: BlockManagerMasterEndpoint up
[2025-05-28T06:20:54.061+0000] {subprocess.py:93} INFO - 25/05/28 06:20:54 INFO SparkEnv: Registering BlockManagerMasterHeartbeat
[2025-05-28T06:20:54.117+0000] {subprocess.py:93} INFO - 25/05/28 06:20:54 INFO DiskBlockManager: Created local directory at /tmp/blockmgr-21dbb62e-0c3a-4035-b841-8c1a20d23495
[2025-05-28T06:20:54.148+0000] {subprocess.py:93} INFO - 25/05/28 06:20:54 INFO MemoryStore: MemoryStore started with capacity 434.4 MiB
[2025-05-28T06:20:54.174+0000] {subprocess.py:93} INFO - 25/05/28 06:20:54 INFO SparkEnv: Registering OutputCommitCoordinator
[2025-05-28T06:20:54.480+0000] {subprocess.py:93} INFO - 25/05/28 06:20:54 INFO JettyUtils: Start Jetty 0.0.0.0:4040 for SparkUI
[2025-05-28T06:20:54.599+0000] {subprocess.py:93} INFO - 25/05/28 06:20:54 INFO Utils: Successfully started service 'SparkUI' on port 4040.
[2025-05-28T06:20:54.859+0000] {subprocess.py:93} INFO - 25/05/28 06:20:54 INFO Executor: Starting executor ID driver on host a9f1926e731f
[2025-05-28T06:20:54.859+0000] {subprocess.py:93} INFO - 25/05/28 06:20:54 INFO Executor: OS info Linux, 5.15.167.4-microsoft-standard-WSL2, amd64
[2025-05-28T06:20:54.860+0000] {subprocess.py:93} INFO - 25/05/28 06:20:54 INFO Executor: Java version 17.0.15
[2025-05-28T06:20:54.872+0000] {subprocess.py:93} INFO - 25/05/28 06:20:54 INFO Executor: Starting executor with user classpath (userClassPathFirst = false): ''
[2025-05-28T06:20:54.872+0000] {subprocess.py:93} INFO - 25/05/28 06:20:54 INFO Executor: Created or updated repl class loader org.apache.spark.util.MutableURLClassLoader@645d1293 for default.
[2025-05-28T06:20:54.901+0000] {subprocess.py:93} INFO - 25/05/28 06:20:54 INFO Utils: Successfully started service 'org.apache.spark.network.netty.NettyBlockTransferService' on port 39843.
[2025-05-28T06:20:54.903+0000] {subprocess.py:93} INFO - 25/05/28 06:20:54 INFO NettyBlockTransferService: Server created on a9f1926e731f:39843
[2025-05-28T06:20:54.906+0000] {subprocess.py:93} INFO - 25/05/28 06:20:54 INFO BlockManager: Using org.apache.spark.storage.RandomBlockReplicationPolicy for block replication policy
[2025-05-28T06:20:54.915+0000] {subprocess.py:93} INFO - 25/05/28 06:20:54 INFO BlockManagerMaster: Registering BlockManager BlockManagerId(driver, a9f1926e731f, 39843, None)
[2025-05-28T06:20:54.920+0000] {subprocess.py:93} INFO - 25/05/28 06:20:54 INFO BlockManagerMasterEndpoint: Registering block manager a9f1926e731f:39843 with 434.4 MiB RAM, BlockManagerId(driver, a9f1926e731f, 39843, None)
[2025-05-28T06:20:54.926+0000] {subprocess.py:93} INFO - 25/05/28 06:20:54 INFO BlockManagerMaster: Registered BlockManager BlockManagerId(driver, a9f1926e731f, 39843, None)
[2025-05-28T06:20:54.928+0000] {subprocess.py:93} INFO - 25/05/28 06:20:54 INFO BlockManager: Initialized BlockManager: BlockManagerId(driver, a9f1926e731f, 39843, None)
[2025-05-28T06:20:55.897+0000] {subprocess.py:93} INFO - 25/05/28 06:20:55 INFO SharedState: Setting hive.metastore.warehouse.dir ('null') to the value of spark.sql.warehouse.dir.
[2025-05-28T06:20:55.905+0000] {subprocess.py:93} INFO - 25/05/28 06:20:55 INFO SharedState: Warehouse path is 'file:/tmp/airflowtmpd67fvkix/spark-warehouse'.
[2025-05-28T06:20:58.298+0000] {subprocess.py:93} INFO - 25/05/28 06:20:58 INFO InMemoryFileIndex: It took 80 ms to list leaf files for 1 paths.
[2025-05-28T06:20:58.406+0000] {subprocess.py:93} INFO - 25/05/28 06:20:58 INFO InMemoryFileIndex: It took 2 ms to list leaf files for 1 paths.
[2025-05-28T06:21:04.287+0000] {subprocess.py:93} INFO - 25/05/28 06:21:04 INFO FileSourceStrategy: Pushed Filters:
[2025-05-28T06:21:04.289+0000] {subprocess.py:93} INFO - 25/05/28 06:21:04 INFO FileSourceStrategy: Post-Scan Filters: (length(trim(value#0, None)) > 0)
[2025-05-28T06:21:05.182+0000] {subprocess.py:93} INFO - 25/05/28 06:21:05 INFO CodeGenerator: Code generated in 516.278187 ms
[2025-05-28T06:21:05.344+0000] {subprocess.py:93} INFO - 25/05/28 06:21:05 INFO MemoryStore: Block broadcast_0 stored as values in memory (estimated size 199.6 KiB, free 434.2 MiB)
[2025-05-28T06:21:05.414+0000] {subprocess.py:93} INFO - 25/05/28 06:21:05 INFO MemoryStore: Block broadcast_0_piece0 stored as bytes in memory (estimated size 34.4 KiB, free 434.2 MiB)
[2025-05-28T06:21:05.419+0000] {subprocess.py:93} INFO - 25/05/28 06:21:05 INFO BlockManagerInfo: Added broadcast_0_piece0 in memory on a9f1926e731f:39843 (size: 34.4 KiB, free: 434.4 MiB)
[2025-05-28T06:21:05.426+0000] {subprocess.py:93} INFO - 25/05/28 06:21:05 INFO SparkContext: Created broadcast 0 from csv at NativeMethodAccessorImpl.java:0
[2025-05-28T06:21:05.438+0000] {subprocess.py:93} INFO - 25/05/28 06:21:05 INFO FileSourceScanExec: Planning scan with bin packing, max size: 4194304 bytes, open cost is considered as scanning 4194304 bytes.
[2025-05-28T06:21:05.627+0000] {subprocess.py:93} INFO - 25/05/28 06:21:05 INFO SparkContext: Starting job: csv at NativeMethodAccessorImpl.java:0
[2025-05-28T06:21:05.650+0000] {subprocess.py:93} INFO - 25/05/28 06:21:05 INFO DAGScheduler: Got job 0 (csv at NativeMethodAccessorImpl.java:0) with 1 output partitions
[2025-05-28T06:21:05.650+0000] {subprocess.py:93} INFO - 25/05/28 06:21:05 INFO DAGScheduler: Final stage: ResultStage 0 (csv at NativeMethodAccessorImpl.java:0)
[2025-05-28T06:21:05.650+0000] {subprocess.py:93} INFO - 25/05/28 06:21:05 INFO DAGScheduler: Parents of final stage: List()
[2025-05-28T06:21:05.651+0000] {subprocess.py:93} INFO - 25/05/28 06:21:05 INFO DAGScheduler: Missing parents: List()
[2025-05-28T06:21:05.659+0000] {subprocess.py:93} INFO - 25/05/28 06:21:05 INFO DAGScheduler: Submitting ResultStage 0 (MapPartitionsRDD[3] at csv at NativeMethodAccessorImpl.java:0), which has no missing parents
[2025-05-28T06:21:05.871+0000] {subprocess.py:93} INFO - 25/05/28 06:21:05 INFO MemoryStore: Block broadcast_1 stored as values in memory (estimated size 13.5 KiB, free 434.2 MiB)
[2025-05-28T06:21:05.898+0000] {subprocess.py:93} INFO - 25/05/28 06:21:05 INFO MemoryStore: Block broadcast_1_piece0 stored as bytes in memory (estimated size 6.4 KiB, free 434.2 MiB)
[2025-05-28T06:21:05.903+0000] {subprocess.py:93} INFO - 25/05/28 06:21:05 INFO BlockManagerInfo: Added broadcast_1_piece0 in memory on a9f1926e731f:39843 (size: 6.4 KiB, free: 434.4 MiB)
[2025-05-28T06:21:05.904+0000] {subprocess.py:93} INFO - 25/05/28 06:21:05 INFO SparkContext: Created broadcast 1 from broadcast at DAGScheduler.scala:1585
[2025-05-28T06:21:05.929+0000] {subprocess.py:93} INFO - 25/05/28 06:21:05 INFO DAGScheduler: Submitting 1 missing tasks from ResultStage 0 (MapPartitionsRDD[3] at csv at NativeMethodAccessorImpl.java:0) (first 15 tasks are for partitions Vector(0))
[2025-05-28T06:21:05.930+0000] {subprocess.py:93} INFO - 25/05/28 06:21:05 INFO TaskSchedulerImpl: Adding task set 0.0 with 1 tasks resource profile 0
[2025-05-28T06:21:05.976+0000] {subprocess.py:93} INFO - 25/05/28 06:21:05 INFO TaskSetManager: Starting task 0.0 in stage 0.0 (TID 0) (a9f1926e731f, executor driver, partition 0, PROCESS_LOCAL, 9614 bytes)
[2025-05-28T06:21:05.994+0000] {subprocess.py:93} INFO - 25/05/28 06:21:05 INFO Executor: Running task 0.0 in stage 0.0 (TID 0)
[2025-05-28T06:21:06.194+0000] {subprocess.py:93} INFO - 25/05/28 06:21:06 INFO CodeGenerator: Code generated in 14.312569 ms
[2025-05-28T06:21:06.198+0000] {subprocess.py:93} INFO - 25/05/28 06:21:06 INFO FileScanRDD: Reading File path: file:///opt/airflow/csv_files/global_street_food.csv, range: 0-555390, partition values: [empty row]
[2025-05-28T06:21:06.218+0000] {subprocess.py:93} INFO - 25/05/28 06:21:06 INFO CodeGenerator: Code generated in 13.728542 ms
[2025-05-28T06:21:06.381+0000] {subprocess.py:93} INFO - 25/05/28 06:21:06 INFO Executor: Finished task 0.0 in stage 0.0 (TID 0). 1759 bytes result sent to driver
[2025-05-28T06:21:06.418+0000] {subprocess.py:93} INFO - 25/05/28 06:21:06 INFO TaskSetManager: Finished task 0.0 in stage 0.0 (TID 0) in 453 ms on a9f1926e731f (executor driver) (1/1)
[2025-05-28T06:21:06.442+0000] {subprocess.py:93} INFO - 25/05/28 06:21:06 INFO TaskSchedulerImpl: Removed TaskSet 0.0, whose tasks have all completed, from pool
[2025-05-28T06:21:06.444+0000] {subprocess.py:93} INFO - 25/05/28 06:21:06 INFO DAGScheduler: ResultStage 0 (csv at NativeMethodAccessorImpl.java:0) finished in 0.742 s
[2025-05-28T06:21:06.449+0000] {subprocess.py:93} INFO - 25/05/28 06:21:06 INFO DAGScheduler: Job 0 is finished. Cancelling potential speculative or zombie tasks for this job
[2025-05-28T06:21:06.450+0000] {subprocess.py:93} INFO - 25/05/28 06:21:06 INFO TaskSchedulerImpl: Killing all running tasks in stage 0: Stage finished
[2025-05-28T06:21:06.453+0000] {subprocess.py:93} INFO - 25/05/28 06:21:06 INFO DAGScheduler: Job 0 finished: csv at NativeMethodAccessorImpl.java:0, took 0.825694 s
[2025-05-28T06:21:06.497+0000] {subprocess.py:93} INFO - 25/05/28 06:21:06 INFO CodeGenerator: Code generated in 18.731363 ms
[2025-05-28T06:21:06.583+0000] {subprocess.py:93} INFO - 25/05/28 06:21:06 INFO BlockManagerInfo: Removed broadcast_1_piece0 on a9f1926e731f:39843 in memory (size: 6.4 KiB, free: 434.4 MiB)
[2025-05-28T06:21:06.596+0000] {subprocess.py:93} INFO - 25/05/28 06:21:06 INFO FileSourceStrategy: Pushed Filters:
[2025-05-28T06:21:06.596+0000] {subprocess.py:93} INFO - 25/05/28 06:21:06 INFO FileSourceStrategy: Post-Scan Filters:
[2025-05-28T06:21:06.610+0000] {subprocess.py:93} INFO - 25/05/28 06:21:06 INFO MemoryStore: Block broadcast_2 stored as values in memory (estimated size 199.6 KiB, free 434.0 MiB)
[2025-05-28T06:21:06.628+0000] {subprocess.py:93} INFO - 25/05/28 06:21:06 INFO MemoryStore: Block broadcast_2_piece0 stored as bytes in memory (estimated size 34.4 KiB, free 433.9 MiB)
[2025-05-28T06:21:06.632+0000] {subprocess.py:93} INFO - 25/05/28 06:21:06 INFO BlockManagerInfo: Added broadcast_2_piece0 in memory on a9f1926e731f:39843 (size: 34.4 KiB, free: 434.3 MiB)
[2025-05-28T06:21:06.632+0000] {subprocess.py:93} INFO - 25/05/28 06:21:06 INFO SparkContext: Created broadcast 2 from csv at NativeMethodAccessorImpl.java:0
[2025-05-28T06:21:06.634+0000] {subprocess.py:93} INFO - 25/05/28 06:21:06 INFO FileSourceScanExec: Planning scan with bin packing, max size: 4194304 bytes, open cost is considered as scanning 4194304 bytes.
[2025-05-28T06:21:06.806+0000] {subprocess.py:93} INFO - 25/05/28 06:21:06 INFO SparkContext: Starting job: csv at NativeMethodAccessorImpl.java:0
[2025-05-28T06:21:06.808+0000] {subprocess.py:93} INFO - 25/05/28 06:21:06 INFO DAGScheduler: Got job 1 (csv at NativeMethodAccessorImpl.java:0) with 1 output partitions
[2025-05-28T06:21:06.808+0000] {subprocess.py:93} INFO - 25/05/28 06:21:06 INFO DAGScheduler: Final stage: ResultStage 1 (csv at NativeMethodAccessorImpl.java:0)
[2025-05-28T06:21:06.809+0000] {subprocess.py:93} INFO - 25/05/28 06:21:06 INFO DAGScheduler: Parents of final stage: List()
[2025-05-28T06:21:06.809+0000] {subprocess.py:93} INFO - 25/05/28 06:21:06 INFO DAGScheduler: Missing parents: List()
[2025-05-28T06:21:06.810+0000] {subprocess.py:93} INFO - 25/05/28 06:21:06 INFO DAGScheduler: Submitting ResultStage 1 (MapPartitionsRDD[9] at csv at NativeMethodAccessorImpl.java:0), which has no missing parents
[2025-05-28T06:21:06.950+0000] {subprocess.py:93} INFO - 25/05/28 06:21:06 INFO MemoryStore: Block broadcast_3 stored as values in memory (estimated size 27.7 KiB, free 433.9 MiB)
[2025-05-28T06:21:06.979+0000] {subprocess.py:93} INFO - 25/05/28 06:21:06 INFO MemoryStore: Block broadcast_3_piece0 stored as bytes in memory (estimated size 12.8 KiB, free 433.9 MiB)
[2025-05-28T06:21:06.982+0000] {subprocess.py:93} INFO - 25/05/28 06:21:06 INFO BlockManagerInfo: Added broadcast_3_piece0 in memory on a9f1926e731f:39843 (size: 12.8 KiB, free: 434.3 MiB)
[2025-05-28T06:21:06.983+0000] {subprocess.py:93} INFO - 25/05/28 06:21:06 INFO SparkContext: Created broadcast 3 from broadcast at DAGScheduler.scala:1585
[2025-05-28T06:21:06.989+0000] {subprocess.py:93} INFO - 25/05/28 06:21:06 INFO DAGScheduler: Submitting 1 missing tasks from ResultStage 1 (MapPartitionsRDD[9] at csv at NativeMethodAccessorImpl.java:0) (first 15 tasks are for partitions Vector(0))
[2025-05-28T06:21:06.989+0000] {subprocess.py:93} INFO - 25/05/28 06:21:06 INFO TaskSchedulerImpl: Adding task set 1.0 with 1 tasks resource profile 0
[2025-05-28T06:21:06.992+0000] {subprocess.py:93} INFO - 25/05/28 06:21:06 INFO TaskSetManager: Starting task 0.0 in stage 1.0 (TID 1) (a9f1926e731f, executor driver, partition 0, PROCESS_LOCAL, 9614 bytes)
[2025-05-28T06:21:06.996+0000] {subprocess.py:93} INFO - 25/05/28 06:21:06 INFO Executor: Running task 0.0 in stage 1.0 (TID 1)
[2025-05-28T06:21:07.090+0000] {subprocess.py:93} INFO - 25/05/28 06:21:07 INFO CodeGenerator: Code generated in 15.107317 ms
[2025-05-28T06:21:07.099+0000] {subprocess.py:93} INFO - 25/05/28 06:21:07 INFO FileScanRDD: Reading File path: file:///opt/airflow/csv_files/global_street_food.csv, range: 0-555390, partition values: [empty row]
[2025-05-28T06:21:07.556+0000] {subprocess.py:93} INFO - 25/05/28 06:21:07 INFO Executor: Finished task 0.0 in stage 1.0 (TID 1). 1640 bytes result sent to driver
[2025-05-28T06:21:07.565+0000] {subprocess.py:93} INFO - 25/05/28 06:21:07 INFO TaskSetManager: Finished task 0.0 in stage 1.0 (TID 1) in 574 ms on a9f1926e731f (executor driver) (1/1)
[2025-05-28T06:21:07.566+0000] {subprocess.py:93} INFO - 25/05/28 06:21:07 INFO TaskSchedulerImpl: Removed TaskSet 1.0, whose tasks have all completed, from pool
[2025-05-28T06:21:07.568+0000] {subprocess.py:93} INFO - 25/05/28 06:21:07 INFO DAGScheduler: ResultStage 1 (csv at NativeMethodAccessorImpl.java:0) finished in 0.746 s
[2025-05-28T06:21:07.569+0000] {subprocess.py:93} INFO - 25/05/28 06:21:07 INFO DAGScheduler: Job 1 is finished. Cancelling potential speculative or zombie tasks for this job
[2025-05-28T06:21:07.569+0000] {subprocess.py:93} INFO - 25/05/28 06:21:07 INFO TaskSchedulerImpl: Killing all running tasks in stage 1: Stage finished
[2025-05-28T06:21:07.575+0000] {subprocess.py:93} INFO - 25/05/28 06:21:07 INFO DAGScheduler: Job 1 finished: csv at NativeMethodAccessorImpl.java:0, took 0.764148 s
[2025-05-28T06:21:08.721+0000] {subprocess.py:93} INFO - 25/05/28 06:21:08 INFO FileSourceStrategy: Pushed Filters:
[2025-05-28T06:21:08.721+0000] {subprocess.py:93} INFO - 25/05/28 06:21:08 INFO FileSourceStrategy: Post-Scan Filters:
[2025-05-28T06:21:09.372+0000] {subprocess.py:93} INFO - 25/05/28 06:21:09 INFO CodeGenerator: Code generated in 242.786282 ms
[2025-05-28T06:21:09.400+0000] {subprocess.py:93} INFO - 25/05/28 06:21:09 INFO MemoryStore: Block broadcast_4 stored as values in memory (estimated size 199.5 KiB, free 433.7 MiB)
[2025-05-28T06:21:09.581+0000] {subprocess.py:93} INFO - 25/05/28 06:21:09 INFO MemoryStore: Block broadcast_4_piece0 stored as bytes in memory (estimated size 34.3 KiB, free 433.7 MiB)
[2025-05-28T06:21:09.584+0000] {subprocess.py:93} INFO - 25/05/28 06:21:09 INFO BlockManagerInfo: Added broadcast_4_piece0 in memory on a9f1926e731f:39843 (size: 34.3 KiB, free: 434.3 MiB)
[2025-05-28T06:21:09.588+0000] {subprocess.py:93} INFO - 25/05/28 06:21:09 INFO SparkContext: Created broadcast 4 from showString at NativeMethodAccessorImpl.java:0
[2025-05-28T06:21:09.613+0000] {subprocess.py:93} INFO - 25/05/28 06:21:09 INFO FileSourceScanExec: Planning scan with bin packing, max size: 4194304 bytes, open cost is considered as scanning 4194304 bytes.
[2025-05-28T06:21:10.179+0000] {subprocess.py:93} INFO - 25/05/28 06:21:10 INFO DAGScheduler: Registering RDD 13 (showString at NativeMethodAccessorImpl.java:0) as input to shuffle 0
[2025-05-28T06:21:10.191+0000] {subprocess.py:93} INFO - 25/05/28 06:21:10 INFO DAGScheduler: Got map stage job 2 (showString at NativeMethodAccessorImpl.java:0) with 1 output partitions
[2025-05-28T06:21:10.196+0000] {subprocess.py:93} INFO - 25/05/28 06:21:10 INFO DAGScheduler: Final stage: ShuffleMapStage 2 (showString at NativeMethodAccessorImpl.java:0)
[2025-05-28T06:21:10.197+0000] {subprocess.py:93} INFO - 25/05/28 06:21:10 INFO DAGScheduler: Parents of final stage: List()
[2025-05-28T06:21:10.198+0000] {subprocess.py:93} INFO - 25/05/28 06:21:10 INFO DAGScheduler: Missing parents: List()
[2025-05-28T06:21:10.202+0000] {subprocess.py:93} INFO - 25/05/28 06:21:10 INFO DAGScheduler: Submitting ShuffleMapStage 2 (MapPartitionsRDD[13] at showString at NativeMethodAccessorImpl.java:0), which has no missing parents
[2025-05-28T06:21:10.237+0000] {subprocess.py:93} INFO - 25/05/28 06:21:10 INFO MemoryStore: Block broadcast_5 stored as values in memory (estimated size 38.9 KiB, free 433.6 MiB)
[2025-05-28T06:21:10.299+0000] {subprocess.py:93} INFO - 25/05/28 06:21:10 INFO MemoryStore: Block broadcast_5_piece0 stored as bytes in memory (estimated size 18.5 KiB, free 433.6 MiB)
[2025-05-28T06:21:10.302+0000] {subprocess.py:93} INFO - 25/05/28 06:21:10 INFO BlockManagerInfo: Added broadcast_5_piece0 in memory on a9f1926e731f:39843 (size: 18.5 KiB, free: 434.3 MiB)
[2025-05-28T06:21:10.303+0000] {subprocess.py:93} INFO - 25/05/28 06:21:10 INFO SparkContext: Created broadcast 5 from broadcast at DAGScheduler.scala:1585
[2025-05-28T06:21:10.312+0000] {subprocess.py:93} INFO - 25/05/28 06:21:10 INFO DAGScheduler: Submitting 1 missing tasks from ShuffleMapStage 2 (MapPartitionsRDD[13] at showString at NativeMethodAccessorImpl.java:0) (first 15 tasks are for partitions Vector(0))
[2025-05-28T06:21:10.312+0000] {subprocess.py:93} INFO - 25/05/28 06:21:10 INFO BlockManagerInfo: Removed broadcast_3_piece0 on a9f1926e731f:39843 in memory (size: 12.8 KiB, free: 434.3 MiB)
[2025-05-28T06:21:10.313+0000] {subprocess.py:93} INFO - 25/05/28 06:21:10 INFO TaskSchedulerImpl: Adding task set 2.0 with 1 tasks resource profile 0
[2025-05-28T06:21:10.324+0000] {subprocess.py:93} INFO - 25/05/28 06:21:10 INFO TaskSetManager: Starting task 0.0 in stage 2.0 (TID 2) (a9f1926e731f, executor driver, partition 0, PROCESS_LOCAL, 9603 bytes)
[2025-05-28T06:21:10.325+0000] {subprocess.py:93} INFO - 25/05/28 06:21:10 INFO Executor: Running task 0.0 in stage 2.0 (TID 2)
[2025-05-28T06:21:10.499+0000] {subprocess.py:93} INFO - 25/05/28 06:21:10 INFO CodeGenerator: Code generated in 56.568529 ms
[2025-05-28T06:21:10.527+0000] {subprocess.py:93} INFO - 25/05/28 06:21:10 INFO CodeGenerator: Code generated in 17.269329 ms
[2025-05-28T06:21:10.555+0000] {subprocess.py:93} INFO - 25/05/28 06:21:10 INFO CodeGenerator: Code generated in 8.984157 ms
[2025-05-28T06:21:10.583+0000] {subprocess.py:93} INFO - 25/05/28 06:21:10 INFO CodeGenerator: Code generated in 14.660884 ms
[2025-05-28T06:21:10.603+0000] {subprocess.py:93} INFO - 25/05/28 06:21:10 INFO FileScanRDD: Reading File path: file:///opt/airflow/csv_files/global_street_food.csv, range: 0-555390, partition values: [empty row]
[2025-05-28T06:21:10.968+0000] {subprocess.py:93} INFO - 25/05/28 06:21:10 INFO Executor: Finished task 0.0 in stage 2.0 (TID 2). 2765 bytes result sent to driver
[2025-05-28T06:21:10.976+0000] {subprocess.py:93} INFO - 25/05/28 06:21:10 INFO TaskSetManager: Finished task 0.0 in stage 2.0 (TID 2) in 659 ms on a9f1926e731f (executor driver) (1/1)
[2025-05-28T06:21:10.978+0000] {subprocess.py:93} INFO - 25/05/28 06:21:10 INFO TaskSchedulerImpl: Removed TaskSet 2.0, whose tasks have all completed, from pool
[2025-05-28T06:21:10.988+0000] {subprocess.py:93} INFO - 25/05/28 06:21:10 INFO DAGScheduler: ShuffleMapStage 2 (showString at NativeMethodAccessorImpl.java:0) finished in 0.771 s
[2025-05-28T06:21:10.993+0000] {subprocess.py:93} INFO - 25/05/28 06:21:10 INFO DAGScheduler: looking for newly runnable stages
[2025-05-28T06:21:10.995+0000] {subprocess.py:93} INFO - 25/05/28 06:21:10 INFO DAGScheduler: running: Set()
[2025-05-28T06:21:10.995+0000] {subprocess.py:93} INFO - 25/05/28 06:21:10 INFO DAGScheduler: waiting: Set()
[2025-05-28T06:21:10.996+0000] {subprocess.py:93} INFO - 25/05/28 06:21:10 INFO DAGScheduler: failed: Set()
[2025-05-28T06:21:11.046+0000] {subprocess.py:93} INFO - 25/05/28 06:21:11 INFO ShufflePartitionsUtil: For shuffle(0), advisory target size: 67108864, actual target size 1048576, minimum partition size: 1048576
[2025-05-28T06:21:11.082+0000] {subprocess.py:93} INFO - 25/05/28 06:21:11 INFO HashAggregateExec: spark.sql.codegen.aggregate.map.twolevel.enabled is set to true, but current version of codegened fast hashmap does not support this aggregate.
[2025-05-28T06:21:11.126+0000] {subprocess.py:93} INFO - 25/05/28 06:21:11 INFO CodeGenerator: Code generated in 24.926686 ms
[2025-05-28T06:21:11.182+0000] {subprocess.py:93} INFO - 25/05/28 06:21:11 INFO SparkContext: Starting job: showString at NativeMethodAccessorImpl.java:0
[2025-05-28T06:21:11.187+0000] {subprocess.py:93} INFO - 25/05/28 06:21:11 INFO DAGScheduler: Got job 3 (showString at NativeMethodAccessorImpl.java:0) with 1 output partitions
[2025-05-28T06:21:11.188+0000] {subprocess.py:93} INFO - 25/05/28 06:21:11 INFO DAGScheduler: Final stage: ResultStage 4 (showString at NativeMethodAccessorImpl.java:0)
[2025-05-28T06:21:11.188+0000] {subprocess.py:93} INFO - 25/05/28 06:21:11 INFO DAGScheduler: Parents of final stage: List(ShuffleMapStage 3)
[2025-05-28T06:21:11.189+0000] {subprocess.py:93} INFO - 25/05/28 06:21:11 INFO DAGScheduler: Missing parents: List()
[2025-05-28T06:21:11.193+0000] {subprocess.py:93} INFO - 25/05/28 06:21:11 INFO DAGScheduler: Submitting ResultStage 4 (MapPartitionsRDD[16] at showString at NativeMethodAccessorImpl.java:0), which has no missing parents
[2025-05-28T06:21:11.214+0000] {subprocess.py:93} INFO - 25/05/28 06:21:11 INFO MemoryStore: Block broadcast_6 stored as values in memory (estimated size 41.3 KiB, free 433.6 MiB)
[2025-05-28T06:21:11.217+0000] {subprocess.py:93} INFO - 25/05/28 06:21:11 INFO MemoryStore: Block broadcast_6_piece0 stored as bytes in memory (estimated size 19.6 KiB, free 433.6 MiB)
[2025-05-28T06:21:11.218+0000] {subprocess.py:93} INFO - 25/05/28 06:21:11 INFO BlockManagerInfo: Added broadcast_6_piece0 in memory on a9f1926e731f:39843 (size: 19.6 KiB, free: 434.3 MiB)
[2025-05-28T06:21:11.219+0000] {subprocess.py:93} INFO - 25/05/28 06:21:11 INFO SparkContext: Created broadcast 6 from broadcast at DAGScheduler.scala:1585
[2025-05-28T06:21:11.219+0000] {subprocess.py:93} INFO - 25/05/28 06:21:11 INFO DAGScheduler: Submitting 1 missing tasks from ResultStage 4 (MapPartitionsRDD[16] at showString at NativeMethodAccessorImpl.java:0) (first 15 tasks are for partitions Vector(0))
[2025-05-28T06:21:11.220+0000] {subprocess.py:93} INFO - 25/05/28 06:21:11 INFO TaskSchedulerImpl: Adding task set 4.0 with 1 tasks resource profile 0
[2025-05-28T06:21:11.231+0000] {subprocess.py:93} INFO - 25/05/28 06:21:11 INFO TaskSetManager: Starting task 0.0 in stage 4.0 (TID 3) (a9f1926e731f, executor driver, partition 0, NODE_LOCAL, 8999 bytes)
[2025-05-28T06:21:11.234+0000] {subprocess.py:93} INFO - 25/05/28 06:21:11 INFO Executor: Running task 0.0 in stage 4.0 (TID 3)
[2025-05-28T06:21:11.286+0000] {subprocess.py:93} INFO - 25/05/28 06:21:11 INFO ShuffleBlockFetcherIterator: Getting 1 (144.0 B) non-empty blocks including 1 (144.0 B) local and 0 (0.0 B) host-local and 0 (0.0 B) push-merged-local and 0 (0.0 B) remote blocks
[2025-05-28T06:21:11.290+0000] {subprocess.py:93} INFO - 25/05/28 06:21:11 INFO ShuffleBlockFetcherIterator: Started 0 remote fetches in 16 ms
[2025-05-28T06:21:11.330+0000] {subprocess.py:93} INFO - 25/05/28 06:21:11 INFO CodeGenerator: Code generated in 30.218676 ms
[2025-05-28T06:21:11.369+0000] {subprocess.py:93} INFO - 25/05/28 06:21:11 INFO Executor: Finished task 0.0 in stage 4.0 (TID 3). 5200 bytes result sent to driver
[2025-05-28T06:21:11.370+0000] {subprocess.py:93} INFO - 25/05/28 06:21:11 INFO BlockManagerInfo: Removed broadcast_5_piece0 on a9f1926e731f:39843 in memory (size: 18.5 KiB, free: 434.3 MiB)
[2025-05-28T06:21:11.380+0000] {subprocess.py:93} INFO - 25/05/28 06:21:11 INFO TaskSetManager: Finished task 0.0 in stage 4.0 (TID 3) in 150 ms on a9f1926e731f (executor driver) (1/1)
[2025-05-28T06:21:11.383+0000] {subprocess.py:93} INFO - 25/05/28 06:21:11 INFO DAGScheduler: ResultStage 4 (showString at NativeMethodAccessorImpl.java:0) finished in 0.173 s
[2025-05-28T06:21:11.383+0000] {subprocess.py:93} INFO - 25/05/28 06:21:11 INFO DAGScheduler: Job 3 is finished. Cancelling potential speculative or zombie tasks for this job
[2025-05-28T06:21:11.384+0000] {subprocess.py:93} INFO - 25/05/28 06:21:11 INFO TaskSchedulerImpl: Removed TaskSet 4.0, whose tasks have all completed, from pool
[2025-05-28T06:21:11.384+0000] {subprocess.py:93} INFO - 25/05/28 06:21:11 INFO TaskSchedulerImpl: Killing all running tasks in stage 4: Stage finished
[2025-05-28T06:21:11.384+0000] {subprocess.py:93} INFO - 25/05/28 06:21:11 INFO DAGScheduler: Job 3 finished: showString at NativeMethodAccessorImpl.java:0, took 0.201090 s
[2025-05-28T06:21:11.412+0000] {subprocess.py:93} INFO - 25/05/28 06:21:11 INFO CodeGenerator: Code generated in 19.573081 ms
[2025-05-28T06:21:11.424+0000] {subprocess.py:93} INFO - +----------+-----+
[2025-05-28T06:21:11.425+0000] {subprocess.py:93} INFO - |Vegetarian|count|
[2025-05-28T06:21:11.425+0000] {subprocess.py:93} INFO - +----------+-----+
[2025-05-28T06:21:11.425+0000] {subprocess.py:93} INFO - |        No| 1949|
[2025-05-28T06:21:11.426+0000] {subprocess.py:93} INFO - |       Yes| 2551|
[2025-05-28T06:21:11.426+0000] {subprocess.py:93} INFO - +----------+-----+
[2025-05-28T06:21:11.426+0000] {subprocess.py:93} INFO - 
[2025-05-28T06:21:11.467+0000] {subprocess.py:93} INFO - 25/05/28 06:21:11 INFO FileSourceStrategy: Pushed Filters:
[2025-05-28T06:21:11.467+0000] {subprocess.py:93} INFO - 25/05/28 06:21:11 INFO FileSourceStrategy: Post-Scan Filters:
[2025-05-28T06:21:11.602+0000] {subprocess.py:93} INFO - 25/05/28 06:21:11 INFO CodeGenerator: Code generated in 51.310324 ms
[2025-05-28T06:21:11.609+0000] {subprocess.py:93} INFO - 25/05/28 06:21:11 INFO MemoryStore: Block broadcast_7 stored as values in memory (estimated size 199.5 KiB, free 433.5 MiB)
[2025-05-28T06:21:11.620+0000] {subprocess.py:93} INFO - 25/05/28 06:21:11 INFO MemoryStore: Block broadcast_7_piece0 stored as bytes in memory (estimated size 34.3 KiB, free 433.4 MiB)
[2025-05-28T06:21:11.621+0000] {subprocess.py:93} INFO - 25/05/28 06:21:11 INFO BlockManagerInfo: Added broadcast_7_piece0 in memory on a9f1926e731f:39843 (size: 34.3 KiB, free: 434.2 MiB)
[2025-05-28T06:21:11.622+0000] {subprocess.py:93} INFO - 25/05/28 06:21:11 INFO SparkContext: Created broadcast 7 from showString at NativeMethodAccessorImpl.java:0
[2025-05-28T06:21:11.625+0000] {subprocess.py:93} INFO - 25/05/28 06:21:11 INFO FileSourceScanExec: Planning scan with bin packing, max size: 4194304 bytes, open cost is considered as scanning 4194304 bytes.
[2025-05-28T06:21:11.651+0000] {subprocess.py:93} INFO - 25/05/28 06:21:11 INFO DAGScheduler: Registering RDD 20 (showString at NativeMethodAccessorImpl.java:0) as input to shuffle 1
[2025-05-28T06:21:11.651+0000] {subprocess.py:93} INFO - 25/05/28 06:21:11 INFO DAGScheduler: Got map stage job 4 (showString at NativeMethodAccessorImpl.java:0) with 1 output partitions
[2025-05-28T06:21:11.652+0000] {subprocess.py:93} INFO - 25/05/28 06:21:11 INFO DAGScheduler: Final stage: ShuffleMapStage 5 (showString at NativeMethodAccessorImpl.java:0)
[2025-05-28T06:21:11.652+0000] {subprocess.py:93} INFO - 25/05/28 06:21:11 INFO DAGScheduler: Parents of final stage: List()
[2025-05-28T06:21:11.652+0000] {subprocess.py:93} INFO - 25/05/28 06:21:11 INFO DAGScheduler: Missing parents: List()
[2025-05-28T06:21:11.652+0000] {subprocess.py:93} INFO - 25/05/28 06:21:11 INFO DAGScheduler: Submitting ShuffleMapStage 5 (MapPartitionsRDD[20] at showString at NativeMethodAccessorImpl.java:0), which has no missing parents
[2025-05-28T06:21:11.660+0000] {subprocess.py:93} INFO - 25/05/28 06:21:11 INFO MemoryStore: Block broadcast_8 stored as values in memory (estimated size 43.6 KiB, free 433.4 MiB)
[2025-05-28T06:21:11.661+0000] {subprocess.py:93} INFO - 25/05/28 06:21:11 INFO MemoryStore: Block broadcast_8_piece0 stored as bytes in memory (estimated size 20.2 KiB, free 433.4 MiB)
[2025-05-28T06:21:11.662+0000] {subprocess.py:93} INFO - 25/05/28 06:21:11 INFO BlockManagerInfo: Added broadcast_8_piece0 in memory on a9f1926e731f:39843 (size: 20.2 KiB, free: 434.2 MiB)
[2025-05-28T06:21:11.664+0000] {subprocess.py:93} INFO - 25/05/28 06:21:11 INFO SparkContext: Created broadcast 8 from broadcast at DAGScheduler.scala:1585
[2025-05-28T06:21:11.664+0000] {subprocess.py:93} INFO - 25/05/28 06:21:11 INFO DAGScheduler: Submitting 1 missing tasks from ShuffleMapStage 5 (MapPartitionsRDD[20] at showString at NativeMethodAccessorImpl.java:0) (first 15 tasks are for partitions Vector(0))
[2025-05-28T06:21:11.665+0000] {subprocess.py:93} INFO - 25/05/28 06:21:11 INFO TaskSchedulerImpl: Adding task set 5.0 with 1 tasks resource profile 0
[2025-05-28T06:21:11.666+0000] {subprocess.py:93} INFO - 25/05/28 06:21:11 INFO TaskSetManager: Starting task 0.0 in stage 5.0 (TID 4) (a9f1926e731f, executor driver, partition 0, PROCESS_LOCAL, 9603 bytes)
[2025-05-28T06:21:11.668+0000] {subprocess.py:93} INFO - 25/05/28 06:21:11 INFO Executor: Running task 0.0 in stage 5.0 (TID 4)
[2025-05-28T06:21:11.722+0000] {subprocess.py:93} INFO - 25/05/28 06:21:11 INFO CodeGenerator: Code generated in 39.73733 ms
[2025-05-28T06:21:11.743+0000] {subprocess.py:93} INFO - 25/05/28 06:21:11 INFO CodeGenerator: Code generated in 11.421278 ms
[2025-05-28T06:21:11.760+0000] {subprocess.py:93} INFO - 25/05/28 06:21:11 INFO CodeGenerator: Code generated in 12.347397 ms
[2025-05-28T06:21:11.771+0000] {subprocess.py:93} INFO - 25/05/28 06:21:11 INFO FileScanRDD: Reading File path: file:///opt/airflow/csv_files/global_street_food.csv, range: 0-555390, partition values: [empty row]
[2025-05-28T06:21:11.783+0000] {subprocess.py:93} INFO - 25/05/28 06:21:11 INFO CodeGenerator: Code generated in 7.959189 ms
[2025-05-28T06:21:11.818+0000] {subprocess.py:93} INFO - 25/05/28 06:21:11 INFO BlockManagerInfo: Removed broadcast_6_piece0 on a9f1926e731f:39843 in memory (size: 19.6 KiB, free: 434.2 MiB)
[2025-05-28T06:21:11.834+0000] {subprocess.py:93} INFO - 25/05/28 06:21:11 INFO BlockManagerInfo: Removed broadcast_4_piece0 on a9f1926e731f:39843 in memory (size: 34.3 KiB, free: 434.3 MiB)
[2025-05-28T06:21:11.948+0000] {subprocess.py:93} INFO - 25/05/28 06:21:11 INFO Executor: Finished task 0.0 in stage 5.0 (TID 4). 2765 bytes result sent to driver
[2025-05-28T06:21:11.951+0000] {subprocess.py:93} INFO - 25/05/28 06:21:11 INFO TaskSetManager: Finished task 0.0 in stage 5.0 (TID 4) in 285 ms on a9f1926e731f (executor driver) (1/1)
[2025-05-28T06:21:11.952+0000] {subprocess.py:93} INFO - 25/05/28 06:21:11 INFO TaskSchedulerImpl: Removed TaskSet 5.0, whose tasks have all completed, from pool
[2025-05-28T06:21:11.955+0000] {subprocess.py:93} INFO - 25/05/28 06:21:11 INFO DAGScheduler: ShuffleMapStage 5 (showString at NativeMethodAccessorImpl.java:0) finished in 0.297 s
[2025-05-28T06:21:11.955+0000] {subprocess.py:93} INFO - 25/05/28 06:21:11 INFO DAGScheduler: looking for newly runnable stages
[2025-05-28T06:21:11.960+0000] {subprocess.py:93} INFO - 25/05/28 06:21:11 INFO DAGScheduler: running: Set()
[2025-05-28T06:21:11.960+0000] {subprocess.py:93} INFO - 25/05/28 06:21:11 INFO DAGScheduler: waiting: Set()
[2025-05-28T06:21:11.960+0000] {subprocess.py:93} INFO - 25/05/28 06:21:11 INFO DAGScheduler: failed: Set()
[2025-05-28T06:21:11.971+0000] {subprocess.py:93} INFO - 25/05/28 06:21:11 INFO ShufflePartitionsUtil: For shuffle(1), advisory target size: 67108864, actual target size 1048576, minimum partition size: 1048576
[2025-05-28T06:21:11.982+0000] {subprocess.py:93} INFO - 25/05/28 06:21:11 INFO HashAggregateExec: spark.sql.codegen.aggregate.map.twolevel.enabled is set to true, but current version of codegened fast hashmap does not support this aggregate.
[2025-05-28T06:21:12.030+0000] {subprocess.py:93} INFO - 25/05/28 06:21:12 INFO CodeGenerator: Code generated in 29.246944 ms
[2025-05-28T06:21:12.094+0000] {subprocess.py:93} INFO - 25/05/28 06:21:12 INFO SparkContext: Starting job: showString at NativeMethodAccessorImpl.java:0
[2025-05-28T06:21:12.096+0000] {subprocess.py:93} INFO - 25/05/28 06:21:12 INFO DAGScheduler: Got job 5 (showString at NativeMethodAccessorImpl.java:0) with 1 output partitions
[2025-05-28T06:21:12.097+0000] {subprocess.py:93} INFO - 25/05/28 06:21:12 INFO DAGScheduler: Final stage: ResultStage 7 (showString at NativeMethodAccessorImpl.java:0)
[2025-05-28T06:21:12.097+0000] {subprocess.py:93} INFO - 25/05/28 06:21:12 INFO DAGScheduler: Parents of final stage: List(ShuffleMapStage 6)
[2025-05-28T06:21:12.097+0000] {subprocess.py:93} INFO - 25/05/28 06:21:12 INFO DAGScheduler: Missing parents: List()
[2025-05-28T06:21:12.097+0000] {subprocess.py:93} INFO - 25/05/28 06:21:12 INFO DAGScheduler: Submitting ResultStage 7 (MapPartitionsRDD[23] at showString at NativeMethodAccessorImpl.java:0), which has no missing parents
[2025-05-28T06:21:12.114+0000] {subprocess.py:93} INFO - 25/05/28 06:21:12 INFO MemoryStore: Block broadcast_9 stored as values in memory (estimated size 46.8 KiB, free 433.6 MiB)
[2025-05-28T06:21:12.115+0000] {subprocess.py:93} INFO - 25/05/28 06:21:12 INFO MemoryStore: Block broadcast_9_piece0 stored as bytes in memory (estimated size 21.7 KiB, free 433.6 MiB)
[2025-05-28T06:21:12.116+0000] {subprocess.py:93} INFO - 25/05/28 06:21:12 INFO BlockManagerInfo: Added broadcast_9_piece0 in memory on a9f1926e731f:39843 (size: 21.7 KiB, free: 434.3 MiB)
[2025-05-28T06:21:12.116+0000] {subprocess.py:93} INFO - 25/05/28 06:21:12 INFO SparkContext: Created broadcast 9 from broadcast at DAGScheduler.scala:1585
[2025-05-28T06:21:12.117+0000] {subprocess.py:93} INFO - 25/05/28 06:21:12 INFO DAGScheduler: Submitting 1 missing tasks from ResultStage 7 (MapPartitionsRDD[23] at showString at NativeMethodAccessorImpl.java:0) (first 15 tasks are for partitions Vector(0))
[2025-05-28T06:21:12.117+0000] {subprocess.py:93} INFO - 25/05/28 06:21:12 INFO TaskSchedulerImpl: Adding task set 7.0 with 1 tasks resource profile 0
[2025-05-28T06:21:12.119+0000] {subprocess.py:93} INFO - 25/05/28 06:21:12 INFO TaskSetManager: Starting task 0.0 in stage 7.0 (TID 5) (a9f1926e731f, executor driver, partition 0, NODE_LOCAL, 8999 bytes)
[2025-05-28T06:21:12.120+0000] {subprocess.py:93} INFO - 25/05/28 06:21:12 INFO Executor: Running task 0.0 in stage 7.0 (TID 5)
[2025-05-28T06:21:12.134+0000] {subprocess.py:93} INFO - 25/05/28 06:21:12 INFO ShuffleBlockFetcherIterator: Getting 1 (936.0 B) non-empty blocks including 1 (936.0 B) local and 0 (0.0 B) host-local and 0 (0.0 B) push-merged-local and 0 (0.0 B) remote blocks
[2025-05-28T06:21:12.134+0000] {subprocess.py:93} INFO - 25/05/28 06:21:12 INFO ShuffleBlockFetcherIterator: Started 0 remote fetches in 1 ms
[2025-05-28T06:21:12.161+0000] {subprocess.py:93} INFO - 25/05/28 06:21:12 INFO CodeGenerator: Code generated in 26.117432 ms
[2025-05-28T06:21:12.179+0000] {subprocess.py:93} INFO - 25/05/28 06:21:12 INFO Executor: Finished task 0.0 in stage 7.0 (TID 5). 5496 bytes result sent to driver
[2025-05-28T06:21:12.182+0000] {subprocess.py:93} INFO - 25/05/28 06:21:12 INFO TaskSetManager: Finished task 0.0 in stage 7.0 (TID 5) in 62 ms on a9f1926e731f (executor driver) (1/1)
[2025-05-28T06:21:12.183+0000] {subprocess.py:93} INFO - 25/05/28 06:21:12 INFO TaskSchedulerImpl: Removed TaskSet 7.0, whose tasks have all completed, from pool
[2025-05-28T06:21:12.183+0000] {subprocess.py:93} INFO - 25/05/28 06:21:12 INFO DAGScheduler: ResultStage 7 (showString at NativeMethodAccessorImpl.java:0) finished in 0.079 s
[2025-05-28T06:21:12.184+0000] {subprocess.py:93} INFO - 25/05/28 06:21:12 INFO DAGScheduler: Job 5 is finished. Cancelling potential speculative or zombie tasks for this job
[2025-05-28T06:21:12.184+0000] {subprocess.py:93} INFO - 25/05/28 06:21:12 INFO TaskSchedulerImpl: Killing all running tasks in stage 7: Stage finished
[2025-05-28T06:21:12.184+0000] {subprocess.py:93} INFO - 25/05/28 06:21:12 INFO DAGScheduler: Job 5 finished: showString at NativeMethodAccessorImpl.java:0, took 0.088277 s
[2025-05-28T06:21:12.197+0000] {subprocess.py:93} INFO - +------------+------------------+
[2025-05-28T06:21:12.198+0000] {subprocess.py:93} INFO - |     Country| Average_Price_USD|
[2025-05-28T06:21:12.198+0000] {subprocess.py:93} INFO - +------------+------------------+
[2025-05-28T06:21:12.198+0000] {subprocess.py:93} INFO - |      Turkey|2.6218307692307716|
[2025-05-28T06:21:12.198+0000] {subprocess.py:93} INFO - |       India|  2.57108504398827|
[2025-05-28T06:21:12.199+0000] {subprocess.py:93} INFO - |     Nigeria|               2.5|
[2025-05-28T06:21:12.199+0000] {subprocess.py:93} INFO - |    Thailand|2.5553601108033224|
[2025-05-28T06:21:12.199+0000] {subprocess.py:93} INFO - |      Israel|               3.0|
[2025-05-28T06:21:12.199+0000] {subprocess.py:93} INFO - |         USA| 2.578727858293071|
[2025-05-28T06:21:12.199+0000] {subprocess.py:93} INFO - |      Mexico|2.5658939393939377|
[2025-05-28T06:21:12.200+0000] {subprocess.py:93} INFO - |     Lebanon|3.5508474576271185|
[2025-05-28T06:21:12.200+0000] {subprocess.py:93} INFO - |       Japan| 2.770204326923076|
[2025-05-28T06:21:12.200+0000] {subprocess.py:93} INFO - |       Egypt|2.8000000000000007|
[2025-05-28T06:21:12.200+0000] {subprocess.py:93} INFO - |South Africa|               3.5|
[2025-05-28T06:21:12.200+0000] {subprocess.py:93} INFO - +------------+------------------+
[2025-05-28T06:21:12.201+0000] {subprocess.py:93} INFO - 
[2025-05-28T06:21:12.243+0000] {subprocess.py:93} INFO - 25/05/28 06:21:12 INFO FileSourceStrategy: Pushed Filters:
[2025-05-28T06:21:12.243+0000] {subprocess.py:93} INFO - 25/05/28 06:21:12 INFO FileSourceStrategy: Post-Scan Filters:
[2025-05-28T06:21:12.293+0000] {subprocess.py:93} INFO - 25/05/28 06:21:12 INFO MemoryStore: Block broadcast_10 stored as values in memory (estimated size 199.5 KiB, free 433.4 MiB)
[2025-05-28T06:21:12.366+0000] {subprocess.py:93} INFO - 25/05/28 06:21:12 INFO MemoryStore: Block broadcast_10_piece0 stored as bytes in memory (estimated size 34.3 KiB, free 433.4 MiB)
[2025-05-28T06:21:12.366+0000] {subprocess.py:93} INFO - 25/05/28 06:21:12 INFO BlockManagerInfo: Added broadcast_10_piece0 in memory on a9f1926e731f:39843 (size: 34.3 KiB, free: 434.2 MiB)
[2025-05-28T06:21:12.367+0000] {subprocess.py:93} INFO - 25/05/28 06:21:12 INFO BlockManagerInfo: Removed broadcast_7_piece0 on a9f1926e731f:39843 in memory (size: 34.3 KiB, free: 434.3 MiB)
[2025-05-28T06:21:12.375+0000] {subprocess.py:93} INFO - 25/05/28 06:21:12 INFO SparkContext: Created broadcast 10 from showString at NativeMethodAccessorImpl.java:0
[2025-05-28T06:21:12.376+0000] {subprocess.py:93} INFO - 25/05/28 06:21:12 INFO FileSourceScanExec: Planning scan with bin packing, max size: 4194304 bytes, open cost is considered as scanning 4194304 bytes.
[2025-05-28T06:21:12.394+0000] {subprocess.py:93} INFO - 25/05/28 06:21:12 INFO DAGScheduler: Registering RDD 27 (showString at NativeMethodAccessorImpl.java:0) as input to shuffle 2
[2025-05-28T06:21:12.395+0000] {subprocess.py:93} INFO - 25/05/28 06:21:12 INFO DAGScheduler: Got map stage job 6 (showString at NativeMethodAccessorImpl.java:0) with 1 output partitions
[2025-05-28T06:21:12.395+0000] {subprocess.py:93} INFO - 25/05/28 06:21:12 INFO DAGScheduler: Final stage: ShuffleMapStage 8 (showString at NativeMethodAccessorImpl.java:0)
[2025-05-28T06:21:12.395+0000] {subprocess.py:93} INFO - 25/05/28 06:21:12 INFO DAGScheduler: Parents of final stage: List()
[2025-05-28T06:21:12.396+0000] {subprocess.py:93} INFO - 25/05/28 06:21:12 INFO DAGScheduler: Missing parents: List()
[2025-05-28T06:21:12.396+0000] {subprocess.py:93} INFO - 25/05/28 06:21:12 INFO DAGScheduler: Submitting ShuffleMapStage 8 (MapPartitionsRDD[27] at showString at NativeMethodAccessorImpl.java:0), which has no missing parents
[2025-05-28T06:21:12.401+0000] {subprocess.py:93} INFO - 25/05/28 06:21:12 INFO MemoryStore: Block broadcast_11 stored as values in memory (estimated size 38.9 KiB, free 433.5 MiB)
[2025-05-28T06:21:12.403+0000] {subprocess.py:93} INFO - 25/05/28 06:21:12 INFO MemoryStore: Block broadcast_11_piece0 stored as bytes in memory (estimated size 18.5 KiB, free 433.5 MiB)
[2025-05-28T06:21:12.404+0000] {subprocess.py:93} INFO - 25/05/28 06:21:12 INFO BlockManagerInfo: Added broadcast_11_piece0 in memory on a9f1926e731f:39843 (size: 18.5 KiB, free: 434.2 MiB)
[2025-05-28T06:21:12.409+0000] {subprocess.py:93} INFO - 25/05/28 06:21:12 INFO SparkContext: Created broadcast 11 from broadcast at DAGScheduler.scala:1585
[2025-05-28T06:21:12.410+0000] {subprocess.py:93} INFO - 25/05/28 06:21:12 INFO DAGScheduler: Submitting 1 missing tasks from ShuffleMapStage 8 (MapPartitionsRDD[27] at showString at NativeMethodAccessorImpl.java:0) (first 15 tasks are for partitions Vector(0))
[2025-05-28T06:21:12.410+0000] {subprocess.py:93} INFO - 25/05/28 06:21:12 INFO TaskSchedulerImpl: Adding task set 8.0 with 1 tasks resource profile 0
[2025-05-28T06:21:12.411+0000] {subprocess.py:93} INFO - 25/05/28 06:21:12 INFO TaskSetManager: Starting task 0.0 in stage 8.0 (TID 6) (a9f1926e731f, executor driver, partition 0, PROCESS_LOCAL, 9603 bytes)
[2025-05-28T06:21:12.412+0000] {subprocess.py:93} INFO - 25/05/28 06:21:12 INFO Executor: Running task 0.0 in stage 8.0 (TID 6)
[2025-05-28T06:21:12.414+0000] {subprocess.py:93} INFO - 25/05/28 06:21:12 INFO BlockManagerInfo: Removed broadcast_8_piece0 on a9f1926e731f:39843 in memory (size: 20.2 KiB, free: 434.3 MiB)
[2025-05-28T06:21:12.443+0000] {subprocess.py:93} INFO - 25/05/28 06:21:12 INFO BlockManagerInfo: Removed broadcast_9_piece0 on a9f1926e731f:39843 in memory (size: 21.7 KiB, free: 434.3 MiB)
[2025-05-28T06:21:12.449+0000] {subprocess.py:93} INFO - 25/05/28 06:21:12 INFO FileScanRDD: Reading File path: file:///opt/airflow/csv_files/global_street_food.csv, range: 0-555390, partition values: [empty row]
[2025-05-28T06:21:12.524+0000] {subprocess.py:93} INFO - 25/05/28 06:21:12 INFO Executor: Finished task 0.0 in stage 8.0 (TID 6). 2765 bytes result sent to driver
[2025-05-28T06:21:12.526+0000] {subprocess.py:93} INFO - 25/05/28 06:21:12 INFO TaskSetManager: Finished task 0.0 in stage 8.0 (TID 6) in 115 ms on a9f1926e731f (executor driver) (1/1)
[2025-05-28T06:21:12.526+0000] {subprocess.py:93} INFO - 25/05/28 06:21:12 INFO TaskSchedulerImpl: Removed TaskSet 8.0, whose tasks have all completed, from pool
[2025-05-28T06:21:12.528+0000] {subprocess.py:93} INFO - 25/05/28 06:21:12 INFO DAGScheduler: ShuffleMapStage 8 (showString at NativeMethodAccessorImpl.java:0) finished in 0.131 s
[2025-05-28T06:21:12.528+0000] {subprocess.py:93} INFO - 25/05/28 06:21:12 INFO DAGScheduler: looking for newly runnable stages
[2025-05-28T06:21:12.528+0000] {subprocess.py:93} INFO - 25/05/28 06:21:12 INFO DAGScheduler: running: Set()
[2025-05-28T06:21:12.528+0000] {subprocess.py:93} INFO - 25/05/28 06:21:12 INFO DAGScheduler: waiting: Set()
[2025-05-28T06:21:12.528+0000] {subprocess.py:93} INFO - 25/05/28 06:21:12 INFO DAGScheduler: failed: Set()
[2025-05-28T06:21:12.538+0000] {subprocess.py:93} INFO - 25/05/28 06:21:12 INFO ShufflePartitionsUtil: For shuffle(2), advisory target size: 67108864, actual target size 1048576, minimum partition size: 1048576
[2025-05-28T06:21:12.567+0000] {subprocess.py:93} INFO - 25/05/28 06:21:12 INFO CodeGenerator: Code generated in 15.267638 ms
[2025-05-28T06:21:12.569+0000] {subprocess.py:93} INFO - 25/05/28 06:21:12 INFO HashAggregateExec: spark.sql.codegen.aggregate.map.twolevel.enabled is set to true, but current version of codegened fast hashmap does not support this aggregate.
[2025-05-28T06:21:12.601+0000] {subprocess.py:93} INFO - 25/05/28 06:21:12 INFO CodeGenerator: Code generated in 18.588716 ms
[2025-05-28T06:21:12.653+0000] {subprocess.py:93} INFO - 25/05/28 06:21:12 INFO SparkContext: Starting job: showString at NativeMethodAccessorImpl.java:0
[2025-05-28T06:21:12.664+0000] {subprocess.py:93} INFO - 25/05/28 06:21:12 INFO DAGScheduler: Got job 7 (showString at NativeMethodAccessorImpl.java:0) with 1 output partitions
[2025-05-28T06:21:12.665+0000] {subprocess.py:93} INFO - 25/05/28 06:21:12 INFO DAGScheduler: Final stage: ResultStage 10 (showString at NativeMethodAccessorImpl.java:0)
[2025-05-28T06:21:12.665+0000] {subprocess.py:93} INFO - 25/05/28 06:21:12 INFO DAGScheduler: Parents of final stage: List(ShuffleMapStage 9)
[2025-05-28T06:21:12.665+0000] {subprocess.py:93} INFO - 25/05/28 06:21:12 INFO DAGScheduler: Missing parents: List()
[2025-05-28T06:21:12.665+0000] {subprocess.py:93} INFO - 25/05/28 06:21:12 INFO DAGScheduler: Submitting ResultStage 10 (MapPartitionsRDD[31] at showString at NativeMethodAccessorImpl.java:0), which has no missing parents
[2025-05-28T06:21:12.666+0000] {subprocess.py:93} INFO - 25/05/28 06:21:12 INFO MemoryStore: Block broadcast_12 stored as values in memory (estimated size 42.2 KiB, free 433.6 MiB)
[2025-05-28T06:21:12.668+0000] {subprocess.py:93} INFO - 25/05/28 06:21:12 INFO MemoryStore: Block broadcast_12_piece0 stored as bytes in memory (estimated size 20.0 KiB, free 433.6 MiB)
[2025-05-28T06:21:12.668+0000] {subprocess.py:93} INFO - 25/05/28 06:21:12 INFO BlockManagerInfo: Added broadcast_12_piece0 in memory on a9f1926e731f:39843 (size: 20.0 KiB, free: 434.3 MiB)
[2025-05-28T06:21:12.669+0000] {subprocess.py:93} INFO - 25/05/28 06:21:12 INFO SparkContext: Created broadcast 12 from broadcast at DAGScheduler.scala:1585
[2025-05-28T06:21:12.670+0000] {subprocess.py:93} INFO - 25/05/28 06:21:12 INFO DAGScheduler: Submitting 1 missing tasks from ResultStage 10 (MapPartitionsRDD[31] at showString at NativeMethodAccessorImpl.java:0) (first 15 tasks are for partitions Vector(0))
[2025-05-28T06:21:12.670+0000] {subprocess.py:93} INFO - 25/05/28 06:21:12 INFO TaskSchedulerImpl: Adding task set 10.0 with 1 tasks resource profile 0
[2025-05-28T06:21:12.676+0000] {subprocess.py:93} INFO - 25/05/28 06:21:12 INFO TaskSetManager: Starting task 0.0 in stage 10.0 (TID 7) (a9f1926e731f, executor driver, partition 0, NODE_LOCAL, 8999 bytes)
[2025-05-28T06:21:12.678+0000] {subprocess.py:93} INFO - 25/05/28 06:21:12 INFO Executor: Running task 0.0 in stage 10.0 (TID 7)
[2025-05-28T06:21:12.710+0000] {subprocess.py:93} INFO - 25/05/28 06:21:12 INFO CodeGenerator: Code generated in 6.824779 ms
[2025-05-28T06:21:12.716+0000] {subprocess.py:93} INFO - 25/05/28 06:21:12 INFO ShuffleBlockFetcherIterator: Getting 1 (704.0 B) non-empty blocks including 1 (704.0 B) local and 0 (0.0 B) host-local and 0 (0.0 B) push-merged-local and 0 (0.0 B) remote blocks
[2025-05-28T06:21:12.717+0000] {subprocess.py:93} INFO - 25/05/28 06:21:12 INFO ShuffleBlockFetcherIterator: Started 0 remote fetches in 1 ms
[2025-05-28T06:21:12.733+0000] {subprocess.py:93} INFO - 25/05/28 06:21:12 INFO CodeGenerator: Code generated in 15.685768 ms
[2025-05-28T06:21:12.783+0000] {subprocess.py:93} INFO - 25/05/28 06:21:12 INFO Executor: Finished task 0.0 in stage 10.0 (TID 7). 5416 bytes result sent to driver
[2025-05-28T06:21:12.796+0000] {subprocess.py:93} INFO - 25/05/28 06:21:12 INFO TaskSetManager: Finished task 0.0 in stage 10.0 (TID 7) in 124 ms on a9f1926e731f (executor driver) (1/1)
[2025-05-28T06:21:12.797+0000] {subprocess.py:93} INFO - 25/05/28 06:21:12 INFO TaskSchedulerImpl: Removed TaskSet 10.0, whose tasks have all completed, from pool
[2025-05-28T06:21:12.798+0000] {subprocess.py:93} INFO - 25/05/28 06:21:12 INFO BlockManagerInfo: Removed broadcast_11_piece0 on a9f1926e731f:39843 in memory (size: 18.5 KiB, free: 434.3 MiB)
[2025-05-28T06:21:12.802+0000] {subprocess.py:93} INFO - 25/05/28 06:21:12 INFO DAGScheduler: ResultStage 10 (showString at NativeMethodAccessorImpl.java:0) finished in 0.137 s
[2025-05-28T06:21:12.803+0000] {subprocess.py:93} INFO - 25/05/28 06:21:12 INFO DAGScheduler: Job 7 is finished. Cancelling potential speculative or zombie tasks for this job
[2025-05-28T06:21:12.804+0000] {subprocess.py:93} INFO - 25/05/28 06:21:12 INFO TaskSchedulerImpl: Killing all running tasks in stage 10: Stage finished
[2025-05-28T06:21:12.804+0000] {subprocess.py:93} INFO - 25/05/28 06:21:12 INFO DAGScheduler: Job 7 finished: showString at NativeMethodAccessorImpl.java:0, took 0.146158 s
[2025-05-28T06:21:12.831+0000] {subprocess.py:93} INFO - 25/05/28 06:21:12 INFO CodeGenerator: Code generated in 18.888476 ms
[2025-05-28T06:21:12.840+0000] {subprocess.py:93} INFO - +--------------+-----+
[2025-05-28T06:21:12.841+0000] {subprocess.py:93} INFO - |Cooking Method|count|
[2025-05-28T06:21:12.841+0000] {subprocess.py:93} INFO - +--------------+-----+
[2025-05-28T06:21:12.841+0000] {subprocess.py:93} INFO - |       Grilled| 1852|
[2025-05-28T06:21:12.841+0000] {subprocess.py:93} INFO - |         Fried|  718|
[2025-05-28T06:21:12.842+0000] {subprocess.py:93} INFO - |         Baked|  549|
[2025-05-28T06:21:12.842+0000] {subprocess.py:93} INFO - |    Stir-Fried|  513|
[2025-05-28T06:21:12.842+0000] {subprocess.py:93} INFO - |     Assembled|  480|
[2025-05-28T06:21:12.842+0000] {subprocess.py:93} INFO - +--------------+-----+
[2025-05-28T06:21:12.842+0000] {subprocess.py:93} INFO - 
[2025-05-28T06:21:12.913+0000] {subprocess.py:93} INFO - 25/05/28 06:21:12 INFO FileSourceStrategy: Pushed Filters:
[2025-05-28T06:21:12.914+0000] {subprocess.py:93} INFO - 25/05/28 06:21:12 INFO FileSourceStrategy: Post-Scan Filters:
[2025-05-28T06:21:12.949+0000] {subprocess.py:93} INFO - 25/05/28 06:21:12 INFO CodeGenerator: Code generated in 16.085519 ms
[2025-05-28T06:21:12.970+0000] {subprocess.py:93} INFO - 25/05/28 06:21:12 INFO CodeGenerator: Code generated in 16.473736 ms
[2025-05-28T06:21:12.983+0000] {subprocess.py:93} INFO - 25/05/28 06:21:12 INFO MemoryStore: Block broadcast_13 stored as values in memory (estimated size 199.5 KiB, free 433.5 MiB)
[2025-05-28T06:21:13.014+0000] {subprocess.py:93} INFO - 25/05/28 06:21:13 INFO MemoryStore: Block broadcast_13_piece0 stored as bytes in memory (estimated size 34.3 KiB, free 433.4 MiB)
[2025-05-28T06:21:13.014+0000] {subprocess.py:93} INFO - 25/05/28 06:21:13 INFO BlockManagerInfo: Added broadcast_13_piece0 in memory on a9f1926e731f:39843 (size: 34.3 KiB, free: 434.2 MiB)
[2025-05-28T06:21:13.017+0000] {subprocess.py:93} INFO - 25/05/28 06:21:13 INFO SparkContext: Created broadcast 13 from showString at NativeMethodAccessorImpl.java:0
[2025-05-28T06:21:13.019+0000] {subprocess.py:93} INFO - 25/05/28 06:21:13 INFO FileSourceScanExec: Planning scan with bin packing, max size: 4194304 bytes, open cost is considered as scanning 4194304 bytes.
[2025-05-28T06:21:13.253+0000] {subprocess.py:93} INFO - 25/05/28 06:21:13 INFO SparkContext: Starting job: showString at NativeMethodAccessorImpl.java:0
[2025-05-28T06:21:13.256+0000] {subprocess.py:93} INFO - 25/05/28 06:21:13 INFO DAGScheduler: Got job 8 (showString at NativeMethodAccessorImpl.java:0) with 1 output partitions
[2025-05-28T06:21:13.258+0000] {subprocess.py:93} INFO - 25/05/28 06:21:13 INFO DAGScheduler: Final stage: ResultStage 11 (showString at NativeMethodAccessorImpl.java:0)
[2025-05-28T06:21:13.258+0000] {subprocess.py:93} INFO - 25/05/28 06:21:13 INFO DAGScheduler: Parents of final stage: List()
[2025-05-28T06:21:13.259+0000] {subprocess.py:93} INFO - 25/05/28 06:21:13 INFO DAGScheduler: Missing parents: List()
[2025-05-28T06:21:13.260+0000] {subprocess.py:93} INFO - 25/05/28 06:21:13 INFO DAGScheduler: Submitting ResultStage 11 (MapPartitionsRDD[36] at showString at NativeMethodAccessorImpl.java:0), which has no missing parents
[2025-05-28T06:21:13.271+0000] {subprocess.py:93} INFO - 25/05/28 06:21:13 INFO MemoryStore: Block broadcast_14 stored as values in memory (estimated size 18.0 KiB, free 433.4 MiB)
[2025-05-28T06:21:13.278+0000] {subprocess.py:93} INFO - 25/05/28 06:21:13 INFO MemoryStore: Block broadcast_14_piece0 stored as bytes in memory (estimated size 8.5 KiB, free 433.4 MiB)
[2025-05-28T06:21:13.279+0000] {subprocess.py:93} INFO - 25/05/28 06:21:13 INFO BlockManagerInfo: Added broadcast_14_piece0 in memory on a9f1926e731f:39843 (size: 8.5 KiB, free: 434.2 MiB)
[2025-05-28T06:21:13.281+0000] {subprocess.py:93} INFO - 25/05/28 06:21:13 INFO SparkContext: Created broadcast 14 from broadcast at DAGScheduler.scala:1585
[2025-05-28T06:21:13.282+0000] {subprocess.py:93} INFO - 25/05/28 06:21:13 INFO DAGScheduler: Submitting 1 missing tasks from ResultStage 11 (MapPartitionsRDD[36] at showString at NativeMethodAccessorImpl.java:0) (first 15 tasks are for partitions Vector(0))
[2025-05-28T06:21:13.283+0000] {subprocess.py:93} INFO - 25/05/28 06:21:13 INFO TaskSchedulerImpl: Adding task set 11.0 with 1 tasks resource profile 0
[2025-05-28T06:21:13.284+0000] {subprocess.py:93} INFO - 25/05/28 06:21:13 INFO TaskSetManager: Starting task 0.0 in stage 11.0 (TID 8) (a9f1926e731f, executor driver, partition 0, PROCESS_LOCAL, 9614 bytes)
[2025-05-28T06:21:13.285+0000] {subprocess.py:93} INFO - 25/05/28 06:21:13 INFO Executor: Running task 0.0 in stage 11.0 (TID 8)
[2025-05-28T06:21:13.687+0000] {subprocess.py:93} INFO - 25/05/28 06:21:13 INFO CodeGenerator: Code generated in 86.052796 ms
[2025-05-28T06:21:13.745+0000] {subprocess.py:93} INFO - 25/05/28 06:21:13 INFO CodeGenerator: Code generated in 52.409854 ms
[2025-05-28T06:21:13.763+0000] {subprocess.py:93} INFO - 25/05/28 06:21:13 INFO FileScanRDD: Reading File path: file:///opt/airflow/csv_files/global_street_food.csv, range: 0-555390, partition values: [empty row]
[2025-05-28T06:21:13.824+0000] {subprocess.py:93} INFO - 25/05/28 06:21:13 INFO CodeGenerator: Code generated in 46.466466 ms
[2025-05-28T06:21:14.112+0000] {subprocess.py:93} INFO - 25/05/28 06:21:14 INFO Executor: Finished task 0.0 in stage 11.0 (TID 8). 1878 bytes result sent to driver
[2025-05-28T06:21:14.115+0000] {subprocess.py:93} INFO - 25/05/28 06:21:14 INFO TaskSetManager: Finished task 0.0 in stage 11.0 (TID 8) in 831 ms on a9f1926e731f (executor driver) (1/1)
[2025-05-28T06:21:14.116+0000] {subprocess.py:93} INFO - 25/05/28 06:21:14 INFO TaskSchedulerImpl: Removed TaskSet 11.0, whose tasks have all completed, from pool
[2025-05-28T06:21:14.117+0000] {subprocess.py:93} INFO - 25/05/28 06:21:14 INFO DAGScheduler: ResultStage 11 (showString at NativeMethodAccessorImpl.java:0) finished in 0.852 s
[2025-05-28T06:21:14.118+0000] {subprocess.py:93} INFO - 25/05/28 06:21:14 INFO DAGScheduler: Job 8 is finished. Cancelling potential speculative or zombie tasks for this job
[2025-05-28T06:21:14.118+0000] {subprocess.py:93} INFO - 25/05/28 06:21:14 INFO TaskSchedulerImpl: Killing all running tasks in stage 11: Stage finished
[2025-05-28T06:21:14.118+0000] {subprocess.py:93} INFO - 25/05/28 06:21:14 INFO DAGScheduler: Job 8 finished: showString at NativeMethodAccessorImpl.java:0, took 0.864830 s
[2025-05-28T06:21:14.183+0000] {subprocess.py:93} INFO - 25/05/28 06:21:14 INFO CodeGenerator: Code generated in 40.931646 ms
[2025-05-28T06:21:14.562+0000] {subprocess.py:93} INFO - 25/05/28 06:21:14 INFO CodeGenerator: Code generated in 359.280481 ms
[2025-05-28T06:21:14.608+0000] {subprocess.py:93} INFO - +-----------+-------+---------+
[2025-05-28T06:21:14.609+0000] {subprocess.py:93} INFO - |  Dish_Name|Country|Price_USD|
[2025-05-28T06:21:14.609+0000] {subprocess.py:93} INFO - +-----------+-------+---------+
[2025-05-28T06:21:14.609+0000] {subprocess.py:93} INFO - |   Vada Pav|  India|      5.0|
[2025-05-28T06:21:14.609+0000] {subprocess.py:93} INFO - |Okonomiyaki|  Japan|      5.0|
[2025-05-28T06:21:14.609+0000] {subprocess.py:93} INFO - |    Taiyaki|  Japan|      5.0|
[2025-05-28T06:21:14.610+0000] {subprocess.py:93} INFO - |      Elote| Mexico|      5.0|
[2025-05-28T06:21:14.610+0000] {subprocess.py:93} INFO - |      Elote| Mexico|      5.0|
[2025-05-28T06:21:14.610+0000] {subprocess.py:93} INFO - +-----------+-------+---------+
[2025-05-28T06:21:14.610+0000] {subprocess.py:93} INFO - 
[2025-05-28T06:21:14.695+0000] {subprocess.py:93} INFO - 25/05/28 06:21:14 INFO FileSourceStrategy: Pushed Filters:
[2025-05-28T06:21:14.695+0000] {subprocess.py:93} INFO - 25/05/28 06:21:14 INFO FileSourceStrategy: Post-Scan Filters:
[2025-05-28T06:21:14.896+0000] {subprocess.py:93} INFO - 25/05/28 06:21:14 INFO CodeGenerator: Code generated in 91.509686 ms
[2025-05-28T06:21:14.908+0000] {subprocess.py:93} INFO - 25/05/28 06:21:14 INFO MemoryStore: Block broadcast_15 stored as values in memory (estimated size 199.5 KiB, free 433.2 MiB)
[2025-05-28T06:21:14.958+0000] {subprocess.py:93} INFO - 25/05/28 06:21:14 INFO MemoryStore: Block broadcast_15_piece0 stored as bytes in memory (estimated size 34.3 KiB, free 433.2 MiB)
[2025-05-28T06:21:14.958+0000] {subprocess.py:93} INFO - 25/05/28 06:21:14 INFO BlockManagerInfo: Added broadcast_15_piece0 in memory on a9f1926e731f:39843 (size: 34.3 KiB, free: 434.2 MiB)
[2025-05-28T06:21:14.958+0000] {subprocess.py:93} INFO - 25/05/28 06:21:14 INFO SparkContext: Created broadcast 15 from showString at NativeMethodAccessorImpl.java:0
[2025-05-28T06:21:14.959+0000] {subprocess.py:93} INFO - 25/05/28 06:21:14 INFO FileSourceScanExec: Planning scan with bin packing, max size: 4194304 bytes, open cost is considered as scanning 4194304 bytes.
[2025-05-28T06:21:15.013+0000] {subprocess.py:93} INFO - 25/05/28 06:21:15 INFO DAGScheduler: Registering RDD 40 (showString at NativeMethodAccessorImpl.java:0) as input to shuffle 3
[2025-05-28T06:21:15.014+0000] {subprocess.py:93} INFO - 25/05/28 06:21:15 INFO DAGScheduler: Got map stage job 9 (showString at NativeMethodAccessorImpl.java:0) with 1 output partitions
[2025-05-28T06:21:15.014+0000] {subprocess.py:93} INFO - 25/05/28 06:21:15 INFO DAGScheduler: Final stage: ShuffleMapStage 12 (showString at NativeMethodAccessorImpl.java:0)
[2025-05-28T06:21:15.014+0000] {subprocess.py:93} INFO - 25/05/28 06:21:15 INFO DAGScheduler: Parents of final stage: List()
[2025-05-28T06:21:15.015+0000] {subprocess.py:93} INFO - 25/05/28 06:21:15 INFO DAGScheduler: Missing parents: List()
[2025-05-28T06:21:15.016+0000] {subprocess.py:93} INFO - 25/05/28 06:21:15 INFO DAGScheduler: Submitting ShuffleMapStage 12 (MapPartitionsRDD[40] at showString at NativeMethodAccessorImpl.java:0), which has no missing parents
[2025-05-28T06:21:15.030+0000] {subprocess.py:93} INFO - 25/05/28 06:21:15 INFO MemoryStore: Block broadcast_16 stored as values in memory (estimated size 39.7 KiB, free 433.1 MiB)
[2025-05-28T06:21:15.032+0000] {subprocess.py:93} INFO - 25/05/28 06:21:15 INFO MemoryStore: Block broadcast_16_piece0 stored as bytes in memory (estimated size 18.8 KiB, free 433.1 MiB)
[2025-05-28T06:21:15.032+0000] {subprocess.py:93} INFO - 25/05/28 06:21:15 INFO BlockManagerInfo: Added broadcast_16_piece0 in memory on a9f1926e731f:39843 (size: 18.8 KiB, free: 434.2 MiB)
[2025-05-28T06:21:15.034+0000] {subprocess.py:93} INFO - 25/05/28 06:21:15 INFO SparkContext: Created broadcast 16 from broadcast at DAGScheduler.scala:1585
[2025-05-28T06:21:15.035+0000] {subprocess.py:93} INFO - 25/05/28 06:21:15 INFO DAGScheduler: Submitting 1 missing tasks from ShuffleMapStage 12 (MapPartitionsRDD[40] at showString at NativeMethodAccessorImpl.java:0) (first 15 tasks are for partitions Vector(0))
[2025-05-28T06:21:15.035+0000] {subprocess.py:93} INFO - 25/05/28 06:21:15 INFO TaskSchedulerImpl: Adding task set 12.0 with 1 tasks resource profile 0
[2025-05-28T06:21:15.037+0000] {subprocess.py:93} INFO - 25/05/28 06:21:15 INFO TaskSetManager: Starting task 0.0 in stage 12.0 (TID 9) (a9f1926e731f, executor driver, partition 0, PROCESS_LOCAL, 9603 bytes)
[2025-05-28T06:21:15.041+0000] {subprocess.py:93} INFO - 25/05/28 06:21:15 INFO Executor: Running task 0.0 in stage 12.0 (TID 9)
[2025-05-28T06:21:15.219+0000] {subprocess.py:93} INFO - 25/05/28 06:21:15 INFO CodeGenerator: Code generated in 154.288644 ms
[2025-05-28T06:21:15.282+0000] {subprocess.py:93} INFO - 25/05/28 06:21:15 INFO FileScanRDD: Reading File path: file:///opt/airflow/csv_files/global_street_food.csv, range: 0-555390, partition values: [empty row]
[2025-05-28T06:21:15.443+0000] {subprocess.py:93} INFO - 25/05/28 06:21:15 INFO Executor: Finished task 0.0 in stage 12.0 (TID 9). 2722 bytes result sent to driver
[2025-05-28T06:21:15.444+0000] {subprocess.py:93} INFO - 25/05/28 06:21:15 INFO TaskSetManager: Finished task 0.0 in stage 12.0 (TID 9) in 407 ms on a9f1926e731f (executor driver) (1/1)
[2025-05-28T06:21:15.445+0000] {subprocess.py:93} INFO - 25/05/28 06:21:15 INFO TaskSchedulerImpl: Removed TaskSet 12.0, whose tasks have all completed, from pool
[2025-05-28T06:21:15.446+0000] {subprocess.py:93} INFO - 25/05/28 06:21:15 INFO DAGScheduler: ShuffleMapStage 12 (showString at NativeMethodAccessorImpl.java:0) finished in 0.427 s
[2025-05-28T06:21:15.446+0000] {subprocess.py:93} INFO - 25/05/28 06:21:15 INFO DAGScheduler: looking for newly runnable stages
[2025-05-28T06:21:15.446+0000] {subprocess.py:93} INFO - 25/05/28 06:21:15 INFO DAGScheduler: running: Set()
[2025-05-28T06:21:15.446+0000] {subprocess.py:93} INFO - 25/05/28 06:21:15 INFO DAGScheduler: waiting: Set()
[2025-05-28T06:21:15.447+0000] {subprocess.py:93} INFO - 25/05/28 06:21:15 INFO DAGScheduler: failed: Set()
[2025-05-28T06:21:15.454+0000] {subprocess.py:93} INFO - 25/05/28 06:21:15 INFO ShufflePartitionsUtil: For shuffle(3), advisory target size: 67108864, actual target size 1048576, minimum partition size: 1048576
[2025-05-28T06:21:15.462+0000] {subprocess.py:93} INFO - 25/05/28 06:21:15 INFO HashAggregateExec: spark.sql.codegen.aggregate.map.twolevel.enabled is set to true, but current version of codegened fast hashmap does not support this aggregate.
[2025-05-28T06:21:15.477+0000] {subprocess.py:93} INFO - 25/05/28 06:21:15 INFO SparkContext: Starting job: showString at NativeMethodAccessorImpl.java:0
[2025-05-28T06:21:15.479+0000] {subprocess.py:93} INFO - 25/05/28 06:21:15 INFO DAGScheduler: Got job 10 (showString at NativeMethodAccessorImpl.java:0) with 1 output partitions
[2025-05-28T06:21:15.479+0000] {subprocess.py:93} INFO - 25/05/28 06:21:15 INFO DAGScheduler: Final stage: ResultStage 14 (showString at NativeMethodAccessorImpl.java:0)
[2025-05-28T06:21:15.479+0000] {subprocess.py:93} INFO - 25/05/28 06:21:15 INFO DAGScheduler: Parents of final stage: List(ShuffleMapStage 13)
[2025-05-28T06:21:15.479+0000] {subprocess.py:93} INFO - 25/05/28 06:21:15 INFO DAGScheduler: Missing parents: List()
[2025-05-28T06:21:15.480+0000] {subprocess.py:93} INFO - 25/05/28 06:21:15 INFO DAGScheduler: Submitting ResultStage 14 (MapPartitionsRDD[43] at showString at NativeMethodAccessorImpl.java:0), which has no missing parents
[2025-05-28T06:21:15.485+0000] {subprocess.py:93} INFO - 25/05/28 06:21:15 INFO MemoryStore: Block broadcast_17 stored as values in memory (estimated size 41.7 KiB, free 433.1 MiB)
[2025-05-28T06:21:15.487+0000] {subprocess.py:93} INFO - 25/05/28 06:21:15 INFO MemoryStore: Block broadcast_17_piece0 stored as bytes in memory (estimated size 19.9 KiB, free 433.1 MiB)
[2025-05-28T06:21:15.487+0000] {subprocess.py:93} INFO - 25/05/28 06:21:15 INFO BlockManagerInfo: Added broadcast_17_piece0 in memory on a9f1926e731f:39843 (size: 19.9 KiB, free: 434.2 MiB)
[2025-05-28T06:21:15.490+0000] {subprocess.py:93} INFO - 25/05/28 06:21:15 INFO SparkContext: Created broadcast 17 from broadcast at DAGScheduler.scala:1585
[2025-05-28T06:21:15.491+0000] {subprocess.py:93} INFO - 25/05/28 06:21:15 INFO DAGScheduler: Submitting 1 missing tasks from ResultStage 14 (MapPartitionsRDD[43] at showString at NativeMethodAccessorImpl.java:0) (first 15 tasks are for partitions Vector(0))
[2025-05-28T06:21:15.491+0000] {subprocess.py:93} INFO - 25/05/28 06:21:15 INFO TaskSchedulerImpl: Adding task set 14.0 with 1 tasks resource profile 0
[2025-05-28T06:21:15.494+0000] {subprocess.py:93} INFO - 25/05/28 06:21:15 INFO TaskSetManager: Starting task 0.0 in stage 14.0 (TID 10) (a9f1926e731f, executor driver, partition 0, NODE_LOCAL, 8999 bytes)
[2025-05-28T06:21:15.496+0000] {subprocess.py:93} INFO - 25/05/28 06:21:15 INFO Executor: Running task 0.0 in stage 14.0 (TID 10)
[2025-05-28T06:21:15.531+0000] {subprocess.py:93} INFO - 25/05/28 06:21:15 INFO ShuffleBlockFetcherIterator: Getting 1 (1802.0 B) non-empty blocks including 1 (1802.0 B) local and 0 (0.0 B) host-local and 0 (0.0 B) push-merged-local and 0 (0.0 B) remote blocks
[2025-05-28T06:21:15.532+0000] {subprocess.py:93} INFO - 25/05/28 06:21:15 INFO ShuffleBlockFetcherIterator: Started 0 remote fetches in 1 ms
[2025-05-28T06:21:15.604+0000] {subprocess.py:93} INFO - 25/05/28 06:21:15 INFO Executor: Finished task 0.0 in stage 14.0 (TID 10). 5653 bytes result sent to driver
[2025-05-28T06:21:15.615+0000] {subprocess.py:93} INFO - 25/05/28 06:21:15 INFO TaskSetManager: Finished task 0.0 in stage 14.0 (TID 10) in 122 ms on a9f1926e731f (executor driver) (1/1)
[2025-05-28T06:21:15.615+0000] {subprocess.py:93} INFO - 25/05/28 06:21:15 INFO BlockManagerInfo: Removed broadcast_13_piece0 on a9f1926e731f:39843 in memory (size: 34.3 KiB, free: 434.2 MiB)
[2025-05-28T06:21:15.617+0000] {subprocess.py:93} INFO - 25/05/28 06:21:15 INFO TaskSchedulerImpl: Removed TaskSet 14.0, whose tasks have all completed, from pool
[2025-05-28T06:21:15.618+0000] {subprocess.py:93} INFO - 25/05/28 06:21:15 INFO DAGScheduler: ResultStage 14 (showString at NativeMethodAccessorImpl.java:0) finished in 0.135 s
[2025-05-28T06:21:15.619+0000] {subprocess.py:93} INFO - 25/05/28 06:21:15 INFO DAGScheduler: Job 10 is finished. Cancelling potential speculative or zombie tasks for this job
[2025-05-28T06:21:15.619+0000] {subprocess.py:93} INFO - 25/05/28 06:21:15 INFO TaskSchedulerImpl: Killing all running tasks in stage 14: Stage finished
[2025-05-28T06:21:15.621+0000] {subprocess.py:93} INFO - 25/05/28 06:21:15 INFO DAGScheduler: Job 10 finished: showString at NativeMethodAccessorImpl.java:0, took 0.142687 s
[2025-05-28T06:21:15.632+0000] {subprocess.py:93} INFO - 25/05/28 06:21:15 INFO SparkContext: SparkContext is stopping with exitCode 0.
[2025-05-28T06:21:15.633+0000] {subprocess.py:93} INFO - +------------+-----+
[2025-05-28T06:21:15.633+0000] {subprocess.py:93} INFO - | Region_City|count|
[2025-05-28T06:21:15.633+0000] {subprocess.py:93} INFO - +------------+-----+
[2025-05-28T06:21:15.634+0000] {subprocess.py:93} INFO - |       Cairo|   57|
[2025-05-28T06:21:15.634+0000] {subprocess.py:93} INFO - |       Kyoto|  217|
[2025-05-28T06:21:15.634+0000] {subprocess.py:93} INFO - |   Ayutthaya|  241|
[2025-05-28T06:21:15.634+0000] {subprocess.py:93} INFO - |  Chiang Mai|  246|
[2025-05-28T06:21:15.634+0000] {subprocess.py:93} INFO - |Philadelphia|  205|
[2025-05-28T06:21:15.635+0000] {subprocess.py:93} INFO - |       Texas|  206|
[2025-05-28T06:21:15.635+0000] {subprocess.py:93} INFO - |      Ankara|  234|
[2025-05-28T06:21:15.635+0000] {subprocess.py:93} INFO - |       Lagos|   51|
[2025-05-28T06:21:15.635+0000] {subprocess.py:93} INFO - |      Mumbai|  230|
[2025-05-28T06:21:15.646+0000] {subprocess.py:93} INFO - |       Tokyo|  278|
[2025-05-28T06:21:15.646+0000] {subprocess.py:93} INFO - |    Tel Aviv|   49|
[2025-05-28T06:21:15.647+0000] {subprocess.py:93} INFO - |      Durban|   58|
[2025-05-28T06:21:15.647+0000] {subprocess.py:93} INFO - | Mexico City|  212|
[2025-05-28T06:21:15.647+0000] {subprocess.py:93} INFO - |     Kolkata|  213|
[2025-05-28T06:21:15.647+0000] {subprocess.py:93} INFO - |    Istanbul|  222|
[2025-05-28T06:21:15.647+0000] {subprocess.py:93} INFO - | Guadalajara|  223|
[2025-05-28T06:21:15.647+0000] {subprocess.py:93} INFO - |      Beirut|   62|
[2025-05-28T06:21:15.647+0000] {subprocess.py:93} INFO - |     Tripoli|   56|
[2025-05-28T06:21:15.648+0000] {subprocess.py:93} INFO - |       Delhi|  239|
[2025-05-28T06:21:15.648+0000] {subprocess.py:93} INFO - |      Puebla|  225|
[2025-05-28T06:21:15.648+0000] {subprocess.py:93} INFO - +------------+-----+
[2025-05-28T06:21:15.648+0000] {subprocess.py:93} INFO - only showing top 20 rows
[2025-05-28T06:21:15.648+0000] {subprocess.py:93} INFO - 
[2025-05-28T06:21:15.672+0000] {subprocess.py:93} INFO - 25/05/28 06:21:15 INFO BlockManagerInfo: Removed broadcast_10_piece0 on a9f1926e731f:39843 in memory (size: 34.3 KiB, free: 434.2 MiB)
[2025-05-28T06:21:15.681+0000] {subprocess.py:93} INFO - 25/05/28 06:21:15 INFO SparkUI: Stopped Spark web UI at http://a9f1926e731f:4040
[2025-05-28T06:21:15.696+0000] {subprocess.py:93} INFO - 25/05/28 06:21:15 INFO MapOutputTrackerMasterEndpoint: MapOutputTrackerMasterEndpoint stopped!
[2025-05-28T06:21:15.724+0000] {subprocess.py:93} INFO - 25/05/28 06:21:15 INFO MemoryStore: MemoryStore cleared
[2025-05-28T06:21:15.724+0000] {subprocess.py:93} INFO - 25/05/28 06:21:15 INFO BlockManager: BlockManager stopped
[2025-05-28T06:21:15.732+0000] {subprocess.py:93} INFO - 25/05/28 06:21:15 INFO BlockManagerMaster: BlockManagerMaster stopped
[2025-05-28T06:21:15.736+0000] {subprocess.py:93} INFO - 25/05/28 06:21:15 INFO OutputCommitCoordinator$OutputCommitCoordinatorEndpoint: OutputCommitCoordinator stopped!
[2025-05-28T06:21:15.750+0000] {subprocess.py:93} INFO - 25/05/28 06:21:15 INFO SparkContext: Successfully stopped SparkContext
[2025-05-28T06:21:16.231+0000] {subprocess.py:93} INFO - 25/05/28 06:21:16 INFO ShutdownHookManager: Shutdown hook called
[2025-05-28T06:21:16.232+0000] {subprocess.py:93} INFO - 25/05/28 06:21:16 INFO ShutdownHookManager: Deleting directory /tmp/spark-d20848c6-250e-4552-9a61-1185169e0401
[2025-05-28T06:21:16.235+0000] {subprocess.py:93} INFO - 25/05/28 06:21:16 INFO ShutdownHookManager: Deleting directory /tmp/spark-fb8bd438-4d26-4cf4-bdbd-93fda24b8ae7/pyspark-7b51a2a3-6ec6-4ceb-ac0f-b7d44aff776f
[2025-05-28T06:21:16.239+0000] {subprocess.py:93} INFO - 25/05/28 06:21:16 INFO ShutdownHookManager: Deleting directory /tmp/spark-fb8bd438-4d26-4cf4-bdbd-93fda24b8ae7
[2025-05-28T06:21:16.296+0000] {subprocess.py:97} INFO - Command exited with return code 0
[2025-05-28T06:21:16.336+0000] {taskinstance.py:340} INFO - ::group::Post task execution logs
[2025-05-28T06:21:16.340+0000] {taskinstance.py:352} INFO - Marking task as SUCCESS. dag_id=global_street_food_analysis_dag, task_id=run_street_food_analysis, run_id=manual__2025-05-28T06:20:40.872169+00:00, execution_date=20250528T062040, start_date=20250528T062042, end_date=20250528T062116
[2025-05-28T06:21:16.389+0000] {local_task_job_runner.py:261} INFO - Task exited with return code 0
[2025-05-28T06:21:16.412+0000] {taskinstance.py:3891} INFO - 0 downstream tasks scheduled from follow-on schedule check
[2025-05-28T06:21:16.414+0000] {local_task_job_runner.py:240} INFO - ::endgroup::
